Log file open, 03/09/22 19:29:19
LogWindows: Failed to load 'aqProf.dll' (GetLastError=126)
LogWindows: File 'aqProf.dll' does not exist
LogWindows: Failed to load 'VtuneApi.dll' (GetLastError=126)
LogWindows: File 'VtuneApi.dll' does not exist
LogWindows: Failed to load 'VtuneApi32e.dll' (GetLastError=126)
LogWindows: File 'VtuneApi32e.dll' does not exist
LogConsoleResponse: Display: Failed to find resolution value strings in scalability ini. Falling back to default.
LogConsoleResponse: Display: Failed to find resolution value strings in scalability ini. Falling back to default.
LogInit: Display: Running engine for game: GeometrySandbox
LogPlatformFile: Not using cached read wrapper
LogTaskGraph: Started task graph with 5 named threads and 23 total threads with 3 sets of task threads.
LogStats: Stats thread started at 0.364892
LogICUInternationalization: ICU TimeZone Detection - Raw Offset: +3:00, Platform Override: ''
LogInit: Display: Loading text-based GConfig....
LogPluginManager: Mounting plugin MeshPainting
LogPluginManager: Mounting plugin XGEController
LogPluginManager: Mounting plugin Paper2D
LogPluginManager: Mounting plugin LiveLink
LogPluginManager: Mounting plugin AssetManagerEditor
LogPluginManager: Mounting plugin CryptoKeys
LogPluginManager: Mounting plugin DataValidation
LogPluginManager: Mounting plugin FacialAnimation
LogPluginManager: Mounting plugin LightPropagationVolume
LogPluginManager: Mounting plugin CurveEditorTools
LogPluginManager: Mounting plugin GeometryMode
LogPluginManager: Mounting plugin MacGraphicsSwitching
LogPluginManager: Mounting plugin PluginBrowser
LogPluginManager: Mounting plugin MobileLauncherProfileWizard
LogPluginManager: Mounting plugin MaterialAnalyzer
LogPluginManager: Mounting plugin SpeedTreeImporter
LogPluginManager: Mounting plugin AnimationSharing
LogPluginManager: Mounting plugin DatasmithContent
LogPluginManager: Mounting plugin GameplayTagsEditor
LogPluginManager: Mounting plugin CLionSourceCodeAccess
LogPluginManager: Mounting plugin CodeLiteSourceCodeAccess
LogPluginManager: Mounting plugin KDevelopSourceCodeAccess
LogPluginManager: Mounting plugin GitSourceControl
LogPluginManager: Mounting plugin NullSourceCodeAccess
LogPluginManager: Mounting plugin PerforceSourceControl
LogPluginManager: Mounting plugin VariantManagerContent
LogPluginManager: Mounting plugin PlasticSourceControl
LogPluginManager: Mounting plugin PropertyAccessNode
LogPluginManager: Mounting plugin PixWinPlugin
LogPluginManager: Mounting plugin RiderSourceCodeAccess
LogPluginManager: Mounting plugin TextureFormatOodle
LogPluginManager: Mounting plugin PluginUtils
LogPluginManager: Mounting plugin SubversionSourceControl
LogPluginManager: Mounting plugin VisualStudioCodeSourceCodeAccess
LogPluginManager: Mounting plugin OodleData
LogPluginManager: Mounting plugin XCodeSourceCodeAccess
LogPluginManager: Mounting plugin VisualStudioSourceCodeAccess
LogPluginManager: Mounting plugin UObjectPlugin
LogPluginManager: Mounting plugin OodleNetwork
LogPluginManager: Mounting plugin AutomationUtils
LogPluginManager: Mounting plugin BackChannel
LogPluginManager: Mounting plugin AlembicImporter
LogPluginManager: Mounting plugin ChaosCloth
LogPluginManager: Mounting plugin ChaosClothEditor
LogPluginManager: Mounting plugin ChaosEditor
LogPluginManager: Mounting plugin ChaosNiagara
LogPluginManager: Mounting plugin ChaosSolverPlugin
LogPluginManager: Mounting plugin CharacterAI
LogPluginManager: Mounting plugin GeometryCache
LogPluginManager: Mounting plugin GeometryCollectionPlugin
LogPluginManager: Mounting plugin Niagara
LogPluginManager: Mounting plugin LuminPlatformFeatures
LogPluginManager: Mounting plugin MagicLeap
LogPluginManager: Mounting plugin MagicLeapLightEstimation
LogPluginManager: Mounting plugin MagicLeapMedia
LogPluginManager: Mounting plugin MagicLeapPassableWorld
LogPluginManager: Mounting plugin MLSDK
LogPluginManager: Mounting plugin GeometryProcessing
LogPluginManager: Mounting plugin MotoSynth
LogPluginManager: Mounting plugin OpenImageDenoise
LogPluginManager: Mounting plugin PlatformCrypto
LogPluginManager: Mounting plugin ProxyLODPlugin
LogPluginManager: Mounting plugin PythonScriptPlugin
LogPluginManager: Mounting plugin PlanarCut
LogPluginManager: Mounting plugin SkeletalReduction
LogPluginManager: Mounting plugin AndroidMedia
LogPluginManager: Mounting plugin AvfMedia
LogPluginManager: Mounting plugin MediaCompositing
LogPluginManager: Mounting plugin ImgMedia
LogPluginManager: Mounting plugin MediaPlayerEditor
LogPluginManager: Mounting plugin WebMMedia
LogPluginManager: Mounting plugin WmfMedia
LogPluginManager: Mounting plugin TcpMessaging
LogPluginManager: Mounting plugin ActorSequence
LogPluginManager: Mounting plugin LevelSequenceEditor
LogPluginManager: Mounting plugin MatineeToLevelSequence
LogPluginManager: Mounting plugin TemplateSequence
LogPluginManager: Mounting plugin OnlineSubsystem
LogPluginManager: Mounting plugin OnlineSubsystemNull
LogPluginManager: Mounting plugin UdpMessaging
LogPluginManager: Mounting plugin OnlineSubsystemUtils
LogPluginManager: Mounting plugin LauncherChunkInstaller
LogPluginManager: Mounting plugin ActorLayerUtilities
LogPluginManager: Mounting plugin AndroidDeviceProfileSelector
LogPluginManager: Mounting plugin AndroidMoviePlayer
LogPluginManager: Mounting plugin AndroidPermission
LogPluginManager: Mounting plugin AppleMoviePlayer
LogPluginManager: Mounting plugin AppleImageUtils
LogPluginManager: Mounting plugin ArchVisCharacter
LogPluginManager: Mounting plugin AssetTags
LogPluginManager: Mounting plugin AudioCapture
LogPluginManager: Mounting plugin AudioSynesthesia
LogPluginManager: Mounting plugin CableComponent
LogPluginManager: Mounting plugin ChunkDownloader
LogPluginManager: Mounting plugin CustomMeshComponent
LogPluginManager: Mounting plugin EditableMesh
LogPluginManager: Mounting plugin ExampleDeviceProfileSelector
LogPluginManager: Mounting plugin GooglePAD
LogPluginManager: Mounting plugin GoogleCloudMessaging
LogPluginManager: Mounting plugin IOSDeviceProfileSelector
LogPluginManager: Mounting plugin LinuxDeviceProfileSelector
LogPluginManager: Mounting plugin MobilePatchingUtils
LogPluginManager: Mounting plugin LocationServicesBPLibrary
LogPluginManager: Mounting plugin OpenXR
LogPluginManager: Mounting plugin OpenXREyeTracker
LogPluginManager: Mounting plugin OpenXRHandTracking
LogPluginManager: Mounting plugin PhysXVehicles
LogPluginManager: Mounting plugin ScreenshotTools
LogPluginManager: Mounting plugin PostSplashScreen
LogPluginManager: Mounting plugin PropertyAccessEditor
LogPluginManager: Mounting plugin RuntimePhysXCooking
LogPluginManager: Mounting plugin ProceduralMeshComponent
LogPluginManager: Mounting plugin SignificanceManager
LogPluginManager: Mounting plugin SoundFields
LogPluginManager: Mounting plugin AISupport
LogPluginManager: Mounting plugin Takes
LogPluginManager: Mounting plugin Synthesis
LogPluginManager: Mounting plugin WebMMoviePlayer
LogPluginManager: Mounting plugin WindowsMoviePlayer
LogPluginManager: Mounting plugin CameraShakePreviewer
LogPluginManager: Mounting plugin EnvironmentQueryEditor
LogPluginManager: Mounting plugin GameplayCameras
LogPluginManager: Mounting plugin ContentBrowserAssetDataSource
LogPluginManager: Mounting plugin ContentBrowserClassDataSource
LogPluginManager: Mounting plugin ContentBrowserFileDataSource
LogPluginManager: Mounting plugin OnlineSubsystemGooglePlay
LogPluginManager: Mounting plugin OnlineSubsystemIOS
LogPluginManager: Mounting plugin OculusVR
LogPluginManager: Mounting plugin SteamVR
PixWinPlugin: PIX capture plugin failed to initialize! Check that the process is launched from PIX.
LogInit: Using libcurl 7.55.1-DEV
LogInit:  - built for x86_64-pc-win32
LogInit:  - supports SSL with OpenSSL/1.1.1
LogInit:  - supports HTTP deflate (compression) using libz 1.2.8
LogInit:  - other features:
LogInit:      CURL_VERSION_SSL
LogInit:      CURL_VERSION_LIBZ
LogInit:      CURL_VERSION_IPV6
LogInit:      CURL_VERSION_ASYNCHDNS
LogInit:      CURL_VERSION_LARGEFILE
LogInit:      CURL_VERSION_IDN
LogInit:  CurlRequestOptions (configurable via config and command line):
LogInit:  - bVerifyPeer = true  - Libcurl will verify peer certificate
LogInit:  - bUseHttpProxy = false  - Libcurl will NOT use HTTP proxy
LogInit:  - bDontReuseConnections = false  - Libcurl will reuse connections
LogInit:  - MaxHostConnections = 16  - Libcurl will limit the number of connections to a host
LogInit:  - LocalHostAddr = Default
LogInit:  - BufferSize = 65536
LogOnline: OSS: Creating online subsystem instance for: NULL
LogInit: WinSock: version 1.1 (2.2), MaxSocks=32767, MaxUdp=65467
LogOnline: OSS: TryLoadSubsystemAndSetDefault: Loaded subsystem for module [NULL]
LogOculusPluginWrapper: OculusPlugin initialized successfully
LogHMD: Failed initializing OVRPlugin 1.59.0
LogInit: Build: ++UE4+Release-4.27-CL-18319896
LogInit: Engine Version: 4.27.2-18319896+++UE4+Release-4.27
LogInit: Compatible Engine Version: 4.27.0-17155196+++UE4+Release-4.27
LogInit: Net CL: 17155196
LogInit: OS: Windows 10 (Release 2004) (), CPU: AMD Ryzen 5 1500X Quad-Core Processor          , GPU: NVIDIA GeForce GTX 1060 6GB
LogInit: Compiled (64-bit): Nov 30 2021 07:12:08
LogInit: Compiled with Visual C++: 19.24.28315.00
LogInit: Build Configuration: Development
LogInit: Branch Name: ++UE4+Release-4.27
LogInit: Command Line:  -skipcompile
LogInit: Base Directory: C:/Games/Epic Games/UE_4.27/Engine/Binaries/Win64/
LogInit: Allocator: TBB
LogInit: Installed Engine Build: 1
LogDevObjectVersion: Number of dev versions registered: 29
LogDevObjectVersion:   Dev-Blueprints (B0D832E4-1F89-4F0D-ACCF-7EB736FD4AA2): 10
LogDevObjectVersion:   Dev-Build (E1C64328-A22C-4D53-A36C-8E866417BD8C): 0
LogDevObjectVersion:   Dev-Core (375EC13C-06E4-48FB-B500-84F0262A717E): 4
LogDevObjectVersion:   Dev-Editor (E4B068ED-F494-42E9-A231-DA0B2E46BB41): 40
LogDevObjectVersion:   Dev-Framework (CFFC743F-43B0-4480-9391-14DF171D2073): 37
LogDevObjectVersion:   Dev-Mobile (B02B49B5-BB20-44E9-A304-32B752E40360): 3
LogDevObjectVersion:   Dev-Networking (A4E4105C-59A1-49B5-A7C5-40C4547EDFEE): 0
LogDevObjectVersion:   Dev-Online (39C831C9-5AE6-47DC-9A44-9C173E1C8E7C): 0
LogDevObjectVersion:   Dev-Physics (78F01B33-EBEA-4F98-B9B4-84EACCB95AA2): 14
LogDevObjectVersion:   Dev-Platform (6631380F-2D4D-43E0-8009-CF276956A95A): 0
LogDevObjectVersion:   Dev-Rendering (12F88B9F-8875-4AFC-A67C-D90C383ABD29): 45
LogDevObjectVersion:   Dev-Sequencer (7B5AE74C-D270-4C10-A958-57980B212A5A): 13
LogDevObjectVersion:   Dev-VR (D7296918-1DD6-4BDD-9DE2-64A83CC13884): 3
LogDevObjectVersion:   Dev-LoadTimes (C2A15278-BFE7-4AFE-6C17-90FF531DF755): 1
LogDevObjectVersion:   Private-Geometry (6EACA3D4-40EC-4CC1-B786-8BED09428FC5): 3
LogDevObjectVersion:   Dev-AnimPhys (29E575DD-E0A3-4627-9D10-D276232CDCEA): 17
LogDevObjectVersion:   Dev-Anim (AF43A65D-7FD3-4947-9873-3E8ED9C1BB05): 15
LogDevObjectVersion:   Dev-ReflectionCapture (6B266CEC-1EC7-4B8F-A30B-E4D90942FC07): 1
LogDevObjectVersion:   Dev-Automation (0DF73D61-A23F-47EA-B727-89E90C41499A): 1
LogDevObjectVersion:   FortniteMain (601D1886-AC64-4F84-AA16-D3DE0DEAC7D6): 47
LogDevObjectVersion:   FortniteRelease (E7086368-6B23-4C58-8439-1B7016265E91): 1
LogDevObjectVersion:   Dev-Enterprise (9DFFBCD6-494F-0158-E221-12823C92A888): 10
LogDevObjectVersion:   Dev-Niagara (F2AED0AC-9AFE-416F-8664-AA7FFA26D6FC): 1
LogDevObjectVersion:   Dev-Destruction (174F1F0B-B4C6-45A5-B13F-2EE8D0FB917D): 10
LogDevObjectVersion:   Dev-Physics-Ext (35F94A83-E258-406C-A318-09F59610247C): 41
LogDevObjectVersion:   Dev-PhysicsMaterial-Chaos (B68FC16E-8B1B-42E2-B453-215C058844FE): 1
LogDevObjectVersion:   Dev-CineCamera (B2E18506-4273-CFC2-A54E-F4BB758BBA07): 1
LogDevObjectVersion:   Dev-VirtualProduction (64F58936-FD1B-42BA-BA96-7289D5D0FA4E): 1
LogDevObjectVersion:   Dev-MediaFramework (6F0ED827-A609-4895-9C91-998D90180EA4): 2
LogInit: Presizing for max 25165824 objects, including 0 objects not considered by GC, pre-allocating 0 bytes for permanent pool.
LogConfig: Applying CVar settings from Section [/Script/Engine.StreamingSettings] File [C:/UnrealEngine_Projects/ue.course/GeometrySandbox/Saved/Config/Windows/Engine.ini]
LogConfig: Setting CVar [[s.MinBulkDataSizeForAsyncLoading:131072]]
LogConfig: Setting CVar [[s.AsyncLoadingThreadEnabled:0]]
LogConfig: Setting CVar [[s.EventDrivenLoaderEnabled:1]]
LogConfig: Setting CVar [[s.WarnIfTimeLimitExceeded:0]]
LogConfig: Setting CVar [[s.TimeLimitExceededMultiplier:1.5]]
LogConfig: Setting CVar [[s.TimeLimitExceededMinTime:0.005]]
LogConfig: Setting CVar [[s.UseBackgroundLevelStreaming:1]]
LogConfig: Setting CVar [[s.PriorityAsyncLoadingExtraTime:15.0]]
LogConfig: Setting CVar [[s.LevelStreamingActorsUpdateTimeLimit:5.0]]
LogConfig: Setting CVar [[s.PriorityLevelStreamingActorsUpdateExtraTime:5.0]]
LogConfig: Setting CVar [[s.LevelStreamingComponentsRegistrationGranularity:10]]
LogConfig: Setting CVar [[s.UnregisterComponentsTimeLimit:1.0]]
LogConfig: Setting CVar [[s.LevelStreamingComponentsUnregistrationGranularity:5]]
LogConfig: Setting CVar [[s.FlushStreamingOnExit:1]]
LogInit: Object subsystem initialized
LogConfig: Setting CVar [[con.DebugEarlyDefault:1]]
LogConfig: Setting CVar [[r.setres:1280x720]]
[2022.03.09-16.29.20:404][  0]LogConfig: Setting CVar [[r.VSync:0]]
[2022.03.09-16.29.20:404][  0]LogConfig: Setting CVar [[r.RHICmdBypass:0]]
[2022.03.09-16.29.20:404][  0]LogConfig: Applying CVar settings from Section [/Script/Engine.RendererSettings] File [C:/UnrealEngine_Projects/ue.course/GeometrySandbox/Saved/Config/Windows/Engine.ini]
[2022.03.09-16.29.20:404][  0]LogConfig: Setting CVar [[r.GPUCrashDebugging:0]]
[2022.03.09-16.29.20:404][  0]LogConfig: Applying CVar settings from Section [/Script/Engine.RendererOverrideSettings] File [C:/UnrealEngine_Projects/ue.course/GeometrySandbox/Saved/Config/Windows/Engine.ini]
[2022.03.09-16.29.20:404][  0]LogConfig: Applying CVar settings from Section [/Script/Engine.StreamingSettings] File [C:/UnrealEngine_Projects/ue.course/GeometrySandbox/Saved/Config/Windows/Engine.ini]
[2022.03.09-16.29.20:404][  0]LogConfig: Setting CVar [[s.MinBulkDataSizeForAsyncLoading:131072]]
[2022.03.09-16.29.20:404][  0]LogConfig: Setting CVar [[s.AsyncLoadingThreadEnabled:0]]
[2022.03.09-16.29.20:405][  0]LogConfig: Setting CVar [[s.EventDrivenLoaderEnabled:1]]
[2022.03.09-16.29.20:405][  0]LogConfig: Setting CVar [[s.WarnIfTimeLimitExceeded:0]]
[2022.03.09-16.29.20:405][  0]LogConfig: Setting CVar [[s.TimeLimitExceededMultiplier:1.5]]
[2022.03.09-16.29.20:405][  0]LogConfig: Setting CVar [[s.TimeLimitExceededMinTime:0.005]]
[2022.03.09-16.29.20:405][  0]LogConfig: Setting CVar [[s.UseBackgroundLevelStreaming:1]]
[2022.03.09-16.29.20:405][  0]LogConfig: Setting CVar [[s.PriorityAsyncLoadingExtraTime:15.0]]
[2022.03.09-16.29.20:405][  0]LogConfig: Setting CVar [[s.LevelStreamingActorsUpdateTimeLimit:5.0]]
[2022.03.09-16.29.20:405][  0]LogConfig: Setting CVar [[s.PriorityLevelStreamingActorsUpdateExtraTime:5.0]]
[2022.03.09-16.29.20:405][  0]LogConfig: Setting CVar [[s.LevelStreamingComponentsRegistrationGranularity:10]]
[2022.03.09-16.29.20:405][  0]LogConfig: Setting CVar [[s.UnregisterComponentsTimeLimit:1.0]]
[2022.03.09-16.29.20:405][  0]LogConfig: Setting CVar [[s.LevelStreamingComponentsUnregistrationGranularity:5]]
[2022.03.09-16.29.20:405][  0]LogConfig: Setting CVar [[s.FlushStreamingOnExit:1]]
[2022.03.09-16.29.20:405][  0]LogConfig: Applying CVar settings from Section [/Script/Engine.GarbageCollectionSettings] File [C:/UnrealEngine_Projects/ue.course/GeometrySandbox/Saved/Config/Windows/Engine.ini]
[2022.03.09-16.29.20:405][  0]LogConfig: Setting CVar [[gc.MaxObjectsNotConsideredByGC:1]]
[2022.03.09-16.29.20:405][  0]LogConfig: Setting CVar [[gc.SizeOfPermanentObjectPool:0]]
[2022.03.09-16.29.20:405][  0]LogConfig: Setting CVar [[gc.FlushStreamingOnGC:0]]
[2022.03.09-16.29.20:405][  0]LogConfig: Setting CVar [[gc.NumRetriesBeforeForcingGC:10]]
[2022.03.09-16.29.20:405][  0]LogConfig: Setting CVar [[gc.AllowParallelGC:1]]
[2022.03.09-16.29.20:406][  0]LogConfig: Setting CVar [[gc.TimeBetweenPurgingPendingKillObjects:61.1]]
[2022.03.09-16.29.20:406][  0]LogConfig: Setting CVar [[gc.MaxObjectsInEditor:25165824]]
[2022.03.09-16.29.20:406][  0]LogConfig: Setting CVar [[gc.IncrementalBeginDestroyEnabled:1]]
[2022.03.09-16.29.20:406][  0]LogConfig: Setting CVar [[gc.CreateGCClusters:1]]
[2022.03.09-16.29.20:406][  0]LogConfig: Setting CVar [[gc.MinGCClusterSize:5]]
[2022.03.09-16.29.20:406][  0]LogConfig: Setting CVar [[gc.ActorClusteringEnabled:0]]
[2022.03.09-16.29.20:406][  0]LogConfig: Setting CVar [[gc.BlueprintClusteringEnabled:0]]
[2022.03.09-16.29.20:406][  0]LogConfig: Setting CVar [[gc.UseDisregardForGCOnDedicatedServers:0]]
[2022.03.09-16.29.20:406][  0]LogConfig: Setting CVar [[gc.MultithreadedDestructionEnabled:1]]
[2022.03.09-16.29.20:406][  0]LogConfig: Applying CVar settings from Section [/Script/Engine.NetworkSettings] File [C:/UnrealEngine_Projects/ue.course/GeometrySandbox/Saved/Config/Windows/Engine.ini]
[2022.03.09-16.29.20:406][  0]LogConfig: Applying CVar settings from Section [/Script/UnrealEd.CookerSettings] File [C:/UnrealEngine_Projects/ue.course/GeometrySandbox/Saved/Config/Windows/Engine.ini]
[2022.03.09-16.29.20:419][  0]LogConfig: Applying CVar settings from Section [ViewDistanceQuality@3] File [C:/UnrealEngine_Projects/ue.course/GeometrySandbox/Saved/Config/Windows/Scalability.ini]
[2022.03.09-16.29.20:419][  0]LogConfig: Setting CVar [[r.SkeletalMeshLODBias:0]]
[2022.03.09-16.29.20:419][  0]LogConfig: Setting CVar [[r.ViewDistanceScale:1.0]]
[2022.03.09-16.29.20:419][  0]LogConfig: Applying CVar settings from Section [AntiAliasingQuality@3] File [C:/UnrealEngine_Projects/ue.course/GeometrySandbox/Saved/Config/Windows/Scalability.ini]
[2022.03.09-16.29.20:419][  0]LogConfig: Setting CVar [[r.PostProcessAAQuality:4]]
[2022.03.09-16.29.20:419][  0]LogConfig: Applying CVar settings from Section [ShadowQuality@3] File [C:/UnrealEngine_Projects/ue.course/GeometrySandbox/Saved/Config/Windows/Scalability.ini]
[2022.03.09-16.29.20:420][  0]LogConfig: Setting CVar [[r.LightFunctionQuality:1]]
[2022.03.09-16.29.20:420][  0]LogConfig: Setting CVar [[r.ShadowQuality:5]]
[2022.03.09-16.29.20:420][  0]LogConfig: Setting CVar [[r.Shadow.CSM.MaxCascades:10]]
[2022.03.09-16.29.20:420][  0]LogConfig: Setting CVar [[r.Shadow.MaxResolution:2048]]
[2022.03.09-16.29.20:420][  0]LogConfig: Setting CVar [[r.Shadow.MaxCSMResolution:2048]]
[2022.03.09-16.29.20:420][  0]LogConfig: Setting CVar [[r.Shadow.RadiusThreshold:0.01]]
[2022.03.09-16.29.20:420][  0]LogConfig: Setting CVar [[r.Shadow.DistanceScale:1.0]]
[2022.03.09-16.29.20:420][  0]LogConfig: Setting CVar [[r.Shadow.CSM.TransitionScale:1.0]]
[2022.03.09-16.29.20:420][  0]LogConfig: Setting CVar [[r.Shadow.PreShadowResolutionFactor:1.0]]
[2022.03.09-16.29.20:420][  0]LogConfig: Setting CVar [[r.DistanceFieldShadowing:1]]
[2022.03.09-16.29.20:420][  0]LogConfig: Setting CVar [[r.DistanceFieldAO:1]]
[2022.03.09-16.29.20:420][  0]LogConfig: Setting CVar [[r.AOQuality:2]]
[2022.03.09-16.29.20:420][  0]LogConfig: Setting CVar [[r.VolumetricFog:1]]
[2022.03.09-16.29.20:420][  0]LogConfig: Setting CVar [[r.VolumetricFog.GridPixelSize:8]]
[2022.03.09-16.29.20:420][  0]LogConfig: Setting CVar [[r.VolumetricFog.GridSizeZ:128]]
[2022.03.09-16.29.20:420][  0]LogConfig: Setting CVar [[r.VolumetricFog.HistoryMissSupersampleCount:4]]
[2022.03.09-16.29.20:420][  0]LogConfig: Setting CVar [[r.LightMaxDrawDistanceScale:1]]
[2022.03.09-16.29.20:420][  0]LogConfig: Setting CVar [[r.CapsuleShadows:1]]
[2022.03.09-16.29.20:420][  0]LogConfig: Applying CVar settings from Section [PostProcessQuality@3] File [C:/UnrealEngine_Projects/ue.course/GeometrySandbox/Saved/Config/Windows/Scalability.ini]
[2022.03.09-16.29.20:421][  0]LogConfig: Setting CVar [[r.MotionBlurQuality:4]]
[2022.03.09-16.29.20:421][  0]LogConfig: Setting CVar [[r.AmbientOcclusionMipLevelFactor:0.4]]
[2022.03.09-16.29.20:421][  0]LogConfig: Setting CVar [[r.AmbientOcclusionMaxQuality:100]]
[2022.03.09-16.29.20:421][  0]LogConfig: Setting CVar [[r.AmbientOcclusionLevels:-1]]
[2022.03.09-16.29.20:421][  0]LogConfig: Setting CVar [[r.AmbientOcclusionRadiusScale:1.0]]
[2022.03.09-16.29.20:421][  0]LogConfig: Setting CVar [[r.DepthOfFieldQuality:2]]
[2022.03.09-16.29.20:421][  0]LogConfig: Setting CVar [[r.RenderTargetPoolMin:400]]
[2022.03.09-16.29.20:421][  0]LogConfig: Setting CVar [[r.LensFlareQuality:2]]
[2022.03.09-16.29.20:421][  0]LogConfig: Setting CVar [[r.SceneColorFringeQuality:1]]
[2022.03.09-16.29.20:421][  0]LogConfig: Setting CVar [[r.EyeAdaptationQuality:2]]
[2022.03.09-16.29.20:421][  0]LogConfig: Setting CVar [[r.BloomQuality:5]]
[2022.03.09-16.29.20:421][  0]LogConfig: Setting CVar [[r.FastBlurThreshold:100]]
[2022.03.09-16.29.20:421][  0]LogConfig: Setting CVar [[r.Upscale.Quality:3]]
[2022.03.09-16.29.20:421][  0]LogConfig: Setting CVar [[r.Tonemapper.GrainQuantization:1]]
[2022.03.09-16.29.20:421][  0]LogConfig: Setting CVar [[r.LightShaftQuality:1]]
[2022.03.09-16.29.20:421][  0]LogConfig: Setting CVar [[r.Filter.SizeScale:1]]
[2022.03.09-16.29.20:421][  0]LogConfig: Setting CVar [[r.Tonemapper.Quality:5]]
[2022.03.09-16.29.20:421][  0]LogConfig: Setting CVar [[r.DOF.Gather.AccumulatorQuality:1        ; higher gathering accumulator quality]]
[2022.03.09-16.29.20:421][  0]LogConfig: Setting CVar [[r.DOF.Gather.PostfilterMethod:1          ; Median3x3 postfilering method]]
[2022.03.09-16.29.20:422][  0]LogConfig: Setting CVar [[r.DOF.Gather.EnableBokehSettings:0       ; no bokeh simulation when gathering]]
[2022.03.09-16.29.20:422][  0]LogConfig: Setting CVar [[r.DOF.Gather.RingCount:4                 ; medium number of samples when gathering]]
[2022.03.09-16.29.20:422][  0]LogConfig: Setting CVar [[r.DOF.Scatter.ForegroundCompositing:1    ; additive foreground scattering]]
[2022.03.09-16.29.20:422][  0]LogConfig: Setting CVar [[r.DOF.Scatter.BackgroundCompositing:2    ; additive background scattering]]
[2022.03.09-16.29.20:422][  0]LogConfig: Setting CVar [[r.DOF.Scatter.EnableBokehSettings:1      ; bokeh simulation when scattering]]
[2022.03.09-16.29.20:422][  0]LogConfig: Setting CVar [[r.DOF.Scatter.MaxSpriteRatio:0.1         ; only a maximum of 10% of scattered bokeh]]
[2022.03.09-16.29.20:422][  0]LogConfig: Setting CVar [[r.DOF.Recombine.Quality:1                ; cheap slight out of focus]]
[2022.03.09-16.29.20:422][  0]LogConfig: Setting CVar [[r.DOF.Recombine.EnableBokehSettings:0    ; no bokeh simulation on slight out of focus]]
[2022.03.09-16.29.20:422][  0]LogConfig: Setting CVar [[r.DOF.TemporalAAQuality:1                ; more stable temporal accumulation]]
[2022.03.09-16.29.20:422][  0]LogConfig: Setting CVar [[r.DOF.Kernel.MaxForegroundRadius:0.025]]
[2022.03.09-16.29.20:422][  0]LogConfig: Setting CVar [[r.DOF.Kernel.MaxBackgroundRadius:0.025]]
[2022.03.09-16.29.20:422][  0]LogConfig: Applying CVar settings from Section [TextureQuality@3] File [C:/UnrealEngine_Projects/ue.course/GeometrySandbox/Saved/Config/Windows/Scalability.ini]
[2022.03.09-16.29.20:422][  0]LogConfig: Setting CVar [[r.Streaming.MipBias:0]]
[2022.03.09-16.29.20:422][  0]LogConfig: Setting CVar [[r.Streaming.AmortizeCPUToGPUCopy:0]]
[2022.03.09-16.29.20:422][  0]LogConfig: Setting CVar [[r.Streaming.MaxNumTexturesToStreamPerFrame:0]]
[2022.03.09-16.29.20:422][  0]LogConfig: Setting CVar [[r.Streaming.Boost:1]]
[2022.03.09-16.29.20:422][  0]LogConfig: Setting CVar [[r.MaxAnisotropy:8]]
[2022.03.09-16.29.20:422][  0]LogConfig: Setting CVar [[r.VT.MaxAnisotropy:8]]
[2022.03.09-16.29.20:423][  0]LogConfig: Setting CVar [[r.Streaming.LimitPoolSizeToVRAM:0]]
[2022.03.09-16.29.20:423][  0]LogConfig: Setting CVar [[r.Streaming.PoolSize:1000]]
[2022.03.09-16.29.20:423][  0]LogConfig: Setting CVar [[r.Streaming.MaxEffectiveScreenSize:0]]
[2022.03.09-16.29.20:423][  0]LogConfig: Applying CVar settings from Section [EffectsQuality@3] File [C:/UnrealEngine_Projects/ue.course/GeometrySandbox/Saved/Config/Windows/Scalability.ini]
[2022.03.09-16.29.20:423][  0]LogConfig: Setting CVar [[r.TranslucencyLightingVolumeDim:64]]
[2022.03.09-16.29.20:423][  0]LogConfig: Setting CVar [[r.RefractionQuality:2]]
[2022.03.09-16.29.20:423][  0]LogConfig: Setting CVar [[r.SSR.Quality:3]]
[2022.03.09-16.29.20:423][  0]LogConfig: Setting CVar [[r.SSR.HalfResSceneColor:0]]
[2022.03.09-16.29.20:423][  0]LogConfig: Setting CVar [[r.SceneColorFormat:4]]
[2022.03.09-16.29.20:423][  0]LogConfig: Setting CVar [[r.DetailMode:2]]
[2022.03.09-16.29.20:423][  0]LogConfig: Setting CVar [[r.TranslucencyVolumeBlur:1]]
[2022.03.09-16.29.20:423][  0]LogConfig: Setting CVar [[r.MaterialQualityLevel:1 ; High quality]]
[2022.03.09-16.29.20:423][  0]LogConfig: Setting CVar [[r.AnisotropicMaterials:1]]
[2022.03.09-16.29.20:423][  0]LogConfig: Setting CVar [[r.SSS.Scale:1]]
[2022.03.09-16.29.20:423][  0]LogConfig: Setting CVar [[r.SSS.SampleSet:2]]
[2022.03.09-16.29.20:423][  0]LogConfig: Setting CVar [[r.SSS.Quality:1]]
[2022.03.09-16.29.20:423][  0]LogConfig: Setting CVar [[r.SSS.HalfRes:0]]
[2022.03.09-16.29.20:423][  0]LogConfig: Setting CVar [[r.SSGI.Quality:3]]
[2022.03.09-16.29.20:423][  0]LogConfig: Setting CVar [[r.EmitterSpawnRateScale:1.0]]
[2022.03.09-16.29.20:423][  0]LogConfig: Setting CVar [[r.ParticleLightQuality:2]]
[2022.03.09-16.29.20:424][  0]LogConfig: Setting CVar [[r.SkyAtmosphere.AerialPerspectiveLUT.FastApplyOnOpaque:1 ; Always have FastSkyLUT 1 in this case to avoid wrong sky]]
[2022.03.09-16.29.20:424][  0]LogConfig: Setting CVar [[r.SkyAtmosphere.AerialPerspectiveLUT.SampleCountMaxPerSlice:4]]
[2022.03.09-16.29.20:424][  0]LogConfig: Setting CVar [[r.SkyAtmosphere.AerialPerspectiveLUT.DepthResolution:16.0]]
[2022.03.09-16.29.20:424][  0]LogConfig: Setting CVar [[r.SkyAtmosphere.FastSkyLUT:1]]
[2022.03.09-16.29.20:424][  0]LogConfig: Setting CVar [[r.SkyAtmosphere.FastSkyLUT.SampleCountMin:4.0]]
[2022.03.09-16.29.20:424][  0]LogConfig: Setting CVar [[r.SkyAtmosphere.FastSkyLUT.SampleCountMax:128.0]]
[2022.03.09-16.29.20:424][  0]LogConfig: Setting CVar [[r.SkyAtmosphere.SampleCountMin:4.0]]
[2022.03.09-16.29.20:424][  0]LogConfig: Setting CVar [[r.SkyAtmosphere.SampleCountMax:128.0]]
[2022.03.09-16.29.20:424][  0]LogConfig: Setting CVar [[r.SkyAtmosphere.TransmittanceLUT.UseSmallFormat:0]]
[2022.03.09-16.29.20:424][  0]LogConfig: Setting CVar [[r.SkyAtmosphere.TransmittanceLUT.SampleCount:10.0]]
[2022.03.09-16.29.20:424][  0]LogConfig: Setting CVar [[r.SkyAtmosphere.MultiScatteringLUT.SampleCount:15.0]]
[2022.03.09-16.29.20:424][  0]LogConfig: Setting CVar [[r.SkyLight.RealTimeReflectionCapture:1]]
[2022.03.09-16.29.20:424][  0]LogConfig: Applying CVar settings from Section [FoliageQuality@3] File [C:/UnrealEngine_Projects/ue.course/GeometrySandbox/Saved/Config/Windows/Scalability.ini]
[2022.03.09-16.29.20:424][  0]LogConfig: Setting CVar [[foliage.DensityScale:1.0]]
[2022.03.09-16.29.20:424][  0]LogConfig: Setting CVar [[grass.DensityScale:1.0]]
[2022.03.09-16.29.20:424][  0]LogConfig: Applying CVar settings from Section [ShadingQuality@3] File [C:/UnrealEngine_Projects/ue.course/GeometrySandbox/Saved/Config/Windows/Scalability.ini]
[2022.03.09-16.29.20:424][  0]LogConfig: Setting CVar [[r.HairStrands.SkyLighting.IntegrationType:2]]
[2022.03.09-16.29.20:424][  0]LogConfig: Setting CVar [[r.HairStrands.SkyAO.SampleCount:4]]
[2022.03.09-16.29.20:424][  0]LogConfig: Setting CVar [[r.HairStrands.Visibility.MSAA.SamplePerPixel:4]]
[2022.03.09-16.29.20:425][  0]LogInit: Selected Device Profile: [Windows]
[2022.03.09-16.29.20:425][  0]LogInit: Applying CVar settings loaded from the selected device profile: [Windows]
[2022.03.09-16.29.20:425][  0]LogHAL: Display: Platform has ~ 24 GB [25697214464 / 34359738368 / 24], which maps to Larger [LargestMinGB=32, LargerMinGB=12, DefaultMinGB=8, SmallerMinGB=6, SmallestMinGB=0)
[2022.03.09-16.29.20:425][  0]LogInit: Going up to parent DeviceProfile []
[2022.03.09-16.29.20:425][  0]LogConfig: Applying CVar settings from Section [ViewDistanceQuality@3] File [C:/UnrealEngine_Projects/ue.course/GeometrySandbox/Saved/Config/Windows/Scalability.ini]
[2022.03.09-16.29.20:425][  0]LogConfig: Setting CVar [[r.SkeletalMeshLODBias:0]]
[2022.03.09-16.29.20:425][  0]LogConfig: Setting CVar [[r.ViewDistanceScale:1.0]]
[2022.03.09-16.29.20:425][  0]LogConfig: Applying CVar settings from Section [AntiAliasingQuality@3] File [C:/UnrealEngine_Projects/ue.course/GeometrySandbox/Saved/Config/Windows/Scalability.ini]
[2022.03.09-16.29.20:425][  0]LogConfig: Setting CVar [[r.PostProcessAAQuality:4]]
[2022.03.09-16.29.20:425][  0]LogConfig: Applying CVar settings from Section [ShadowQuality@3] File [C:/UnrealEngine_Projects/ue.course/GeometrySandbox/Saved/Config/Windows/Scalability.ini]
[2022.03.09-16.29.20:425][  0]LogConfig: Setting CVar [[r.LightFunctionQuality:1]]
[2022.03.09-16.29.20:425][  0]LogConfig: Setting CVar [[r.ShadowQuality:5]]
[2022.03.09-16.29.20:425][  0]LogConfig: Setting CVar [[r.Shadow.CSM.MaxCascades:10]]
[2022.03.09-16.29.20:425][  0]LogConfig: Setting CVar [[r.Shadow.MaxResolution:2048]]
[2022.03.09-16.29.20:425][  0]LogConfig: Setting CVar [[r.Shadow.MaxCSMResolution:2048]]
[2022.03.09-16.29.20:425][  0]LogConfig: Setting CVar [[r.Shadow.RadiusThreshold:0.01]]
[2022.03.09-16.29.20:426][  0]LogConfig: Setting CVar [[r.Shadow.DistanceScale:1.0]]
[2022.03.09-16.29.20:426][  0]LogConfig: Setting CVar [[r.Shadow.CSM.TransitionScale:1.0]]
[2022.03.09-16.29.20:426][  0]LogConfig: Setting CVar [[r.Shadow.PreShadowResolutionFactor:1.0]]
[2022.03.09-16.29.20:426][  0]LogConfig: Setting CVar [[r.DistanceFieldShadowing:1]]
[2022.03.09-16.29.20:426][  0]LogConfig: Setting CVar [[r.DistanceFieldAO:1]]
[2022.03.09-16.29.20:426][  0]LogConfig: Setting CVar [[r.AOQuality:2]]
[2022.03.09-16.29.20:426][  0]LogConfig: Setting CVar [[r.VolumetricFog:1]]
[2022.03.09-16.29.20:426][  0]LogConfig: Setting CVar [[r.VolumetricFog.GridPixelSize:8]]
[2022.03.09-16.29.20:426][  0]LogConfig: Setting CVar [[r.VolumetricFog.GridSizeZ:128]]
[2022.03.09-16.29.20:426][  0]LogConfig: Setting CVar [[r.VolumetricFog.HistoryMissSupersampleCount:4]]
[2022.03.09-16.29.20:426][  0]LogConfig: Setting CVar [[r.LightMaxDrawDistanceScale:1]]
[2022.03.09-16.29.20:426][  0]LogConfig: Setting CVar [[r.CapsuleShadows:1]]
[2022.03.09-16.29.20:426][  0]LogConfig: Applying CVar settings from Section [PostProcessQuality@3] File [C:/UnrealEngine_Projects/ue.course/GeometrySandbox/Saved/Config/Windows/Scalability.ini]
[2022.03.09-16.29.20:426][  0]LogConfig: Setting CVar [[r.MotionBlurQuality:4]]
[2022.03.09-16.29.20:426][  0]LogConfig: Setting CVar [[r.AmbientOcclusionMipLevelFactor:0.4]]
[2022.03.09-16.29.20:426][  0]LogConfig: Setting CVar [[r.AmbientOcclusionMaxQuality:100]]
[2022.03.09-16.29.20:426][  0]LogConfig: Setting CVar [[r.AmbientOcclusionLevels:-1]]
[2022.03.09-16.29.20:426][  0]LogConfig: Setting CVar [[r.AmbientOcclusionRadiusScale:1.0]]
[2022.03.09-16.29.20:427][  0]LogConfig: Setting CVar [[r.DepthOfFieldQuality:2]]
[2022.03.09-16.29.20:427][  0]LogConfig: Setting CVar [[r.RenderTargetPoolMin:400]]
[2022.03.09-16.29.20:427][  0]LogConfig: Setting CVar [[r.LensFlareQuality:2]]
[2022.03.09-16.29.20:427][  0]LogConfig: Setting CVar [[r.SceneColorFringeQuality:1]]
[2022.03.09-16.29.20:427][  0]LogConfig: Setting CVar [[r.EyeAdaptationQuality:2]]
[2022.03.09-16.29.20:427][  0]LogConfig: Setting CVar [[r.BloomQuality:5]]
[2022.03.09-16.29.20:427][  0]LogConfig: Setting CVar [[r.FastBlurThreshold:100]]
[2022.03.09-16.29.20:427][  0]LogConfig: Setting CVar [[r.Upscale.Quality:3]]
[2022.03.09-16.29.20:427][  0]LogConfig: Setting CVar [[r.Tonemapper.GrainQuantization:1]]
[2022.03.09-16.29.20:427][  0]LogConfig: Setting CVar [[r.LightShaftQuality:1]]
[2022.03.09-16.29.20:427][  0]LogConfig: Setting CVar [[r.Filter.SizeScale:1]]
[2022.03.09-16.29.20:427][  0]LogConfig: Setting CVar [[r.Tonemapper.Quality:5]]
[2022.03.09-16.29.20:427][  0]LogConfig: Setting CVar [[r.DOF.Gather.AccumulatorQuality:1        ; higher gathering accumulator quality]]
[2022.03.09-16.29.20:428][  0]LogConfig: Setting CVar [[r.DOF.Gather.PostfilterMethod:1          ; Median3x3 postfilering method]]
[2022.03.09-16.29.20:428][  0]LogConfig: Setting CVar [[r.DOF.Gather.EnableBokehSettings:0       ; no bokeh simulation when gathering]]
[2022.03.09-16.29.20:428][  0]LogConfig: Setting CVar [[r.DOF.Gather.RingCount:4                 ; medium number of samples when gathering]]
[2022.03.09-16.29.20:428][  0]LogConfig: Setting CVar [[r.DOF.Scatter.ForegroundCompositing:1    ; additive foreground scattering]]
[2022.03.09-16.29.20:428][  0]LogConfig: Setting CVar [[r.DOF.Scatter.BackgroundCompositing:2    ; additive background scattering]]
[2022.03.09-16.29.20:428][  0]LogConfig: Setting CVar [[r.DOF.Scatter.EnableBokehSettings:1      ; bokeh simulation when scattering]]
[2022.03.09-16.29.20:428][  0]LogConfig: Setting CVar [[r.DOF.Scatter.MaxSpriteRatio:0.1         ; only a maximum of 10% of scattered bokeh]]
[2022.03.09-16.29.20:428][  0]LogConfig: Setting CVar [[r.DOF.Recombine.Quality:1                ; cheap slight out of focus]]
[2022.03.09-16.29.20:428][  0]LogConfig: Setting CVar [[r.DOF.Recombine.EnableBokehSettings:0    ; no bokeh simulation on slight out of focus]]
[2022.03.09-16.29.20:428][  0]LogConfig: Setting CVar [[r.DOF.TemporalAAQuality:1                ; more stable temporal accumulation]]
[2022.03.09-16.29.20:428][  0]LogConfig: Setting CVar [[r.DOF.Kernel.MaxForegroundRadius:0.025]]
[2022.03.09-16.29.20:428][  0]LogConfig: Setting CVar [[r.DOF.Kernel.MaxBackgroundRadius:0.025]]
[2022.03.09-16.29.20:428][  0]LogConfig: Applying CVar settings from Section [TextureQuality@3] File [C:/UnrealEngine_Projects/ue.course/GeometrySandbox/Saved/Config/Windows/Scalability.ini]
[2022.03.09-16.29.20:428][  0]LogConfig: Setting CVar [[r.Streaming.MipBias:0]]
[2022.03.09-16.29.20:428][  0]LogConfig: Setting CVar [[r.Streaming.AmortizeCPUToGPUCopy:0]]
[2022.03.09-16.29.20:428][  0]LogConfig: Setting CVar [[r.Streaming.MaxNumTexturesToStreamPerFrame:0]]
[2022.03.09-16.29.20:428][  0]LogConfig: Setting CVar [[r.Streaming.Boost:1]]
[2022.03.09-16.29.20:428][  0]LogConfig: Setting CVar [[r.MaxAnisotropy:8]]
[2022.03.09-16.29.20:429][  0]LogConfig: Setting CVar [[r.VT.MaxAnisotropy:8]]
[2022.03.09-16.29.20:429][  0]LogConfig: Setting CVar [[r.Streaming.LimitPoolSizeToVRAM:0]]
[2022.03.09-16.29.20:429][  0]LogConfig: Setting CVar [[r.Streaming.PoolSize:1000]]
[2022.03.09-16.29.20:429][  0]LogConfig: Setting CVar [[r.Streaming.MaxEffectiveScreenSize:0]]
[2022.03.09-16.29.20:429][  0]LogConfig: Applying CVar settings from Section [EffectsQuality@3] File [C:/UnrealEngine_Projects/ue.course/GeometrySandbox/Saved/Config/Windows/Scalability.ini]
[2022.03.09-16.29.20:429][  0]LogConfig: Setting CVar [[r.TranslucencyLightingVolumeDim:64]]
[2022.03.09-16.29.20:429][  0]LogConfig: Setting CVar [[r.RefractionQuality:2]]
[2022.03.09-16.29.20:429][  0]LogConfig: Setting CVar [[r.SSR.Quality:3]]
[2022.03.09-16.29.20:429][  0]LogConfig: Setting CVar [[r.SSR.HalfResSceneColor:0]]
[2022.03.09-16.29.20:429][  0]LogConfig: Setting CVar [[r.SceneColorFormat:4]]
[2022.03.09-16.29.20:429][  0]LogConfig: Setting CVar [[r.DetailMode:2]]
[2022.03.09-16.29.20:429][  0]LogConfig: Setting CVar [[r.TranslucencyVolumeBlur:1]]
[2022.03.09-16.29.20:429][  0]LogConfig: Setting CVar [[r.MaterialQualityLevel:1 ; High quality]]
[2022.03.09-16.29.20:429][  0]LogConfig: Setting CVar [[r.AnisotropicMaterials:1]]
[2022.03.09-16.29.20:429][  0]LogConfig: Setting CVar [[r.SSS.Scale:1]]
[2022.03.09-16.29.20:429][  0]LogConfig: Setting CVar [[r.SSS.SampleSet:2]]
[2022.03.09-16.29.20:429][  0]LogConfig: Setting CVar [[r.SSS.Quality:1]]
[2022.03.09-16.29.20:429][  0]LogConfig: Setting CVar [[r.SSS.HalfRes:0]]
[2022.03.09-16.29.20:430][  0]LogConfig: Setting CVar [[r.SSGI.Quality:3]]
[2022.03.09-16.29.20:430][  0]LogConfig: Setting CVar [[r.EmitterSpawnRateScale:1.0]]
[2022.03.09-16.29.20:430][  0]LogConfig: Setting CVar [[r.ParticleLightQuality:2]]
[2022.03.09-16.29.20:430][  0]LogConfig: Setting CVar [[r.SkyAtmosphere.AerialPerspectiveLUT.FastApplyOnOpaque:1 ; Always have FastSkyLUT 1 in this case to avoid wrong sky]]
[2022.03.09-16.29.20:430][  0]LogConfig: Setting CVar [[r.SkyAtmosphere.AerialPerspectiveLUT.SampleCountMaxPerSlice:4]]
[2022.03.09-16.29.20:430][  0]LogConfig: Setting CVar [[r.SkyAtmosphere.AerialPerspectiveLUT.DepthResolution:16.0]]
[2022.03.09-16.29.20:430][  0]LogConfig: Setting CVar [[r.SkyAtmosphere.FastSkyLUT:1]]
[2022.03.09-16.29.20:430][  0]LogConfig: Setting CVar [[r.SkyAtmosphere.FastSkyLUT.SampleCountMin:4.0]]
[2022.03.09-16.29.20:430][  0]LogConfig: Setting CVar [[r.SkyAtmosphere.FastSkyLUT.SampleCountMax:128.0]]
[2022.03.09-16.29.20:430][  0]LogConfig: Setting CVar [[r.SkyAtmosphere.SampleCountMin:4.0]]
[2022.03.09-16.29.20:430][  0]LogConfig: Setting CVar [[r.SkyAtmosphere.SampleCountMax:128.0]]
[2022.03.09-16.29.20:430][  0]LogConfig: Setting CVar [[r.SkyAtmosphere.TransmittanceLUT.UseSmallFormat:0]]
[2022.03.09-16.29.20:430][  0]LogConfig: Setting CVar [[r.SkyAtmosphere.TransmittanceLUT.SampleCount:10.0]]
[2022.03.09-16.29.20:430][  0]LogConfig: Setting CVar [[r.SkyAtmosphere.MultiScatteringLUT.SampleCount:15.0]]
[2022.03.09-16.29.20:430][  0]LogConfig: Setting CVar [[r.SkyLight.RealTimeReflectionCapture:1]]
[2022.03.09-16.29.20:430][  0]LogConfig: Applying CVar settings from Section [FoliageQuality@3] File [C:/UnrealEngine_Projects/ue.course/GeometrySandbox/Saved/Config/Windows/Scalability.ini]
[2022.03.09-16.29.20:430][  0]LogConfig: Setting CVar [[foliage.DensityScale:1.0]]
[2022.03.09-16.29.20:430][  0]LogConfig: Setting CVar [[grass.DensityScale:1.0]]
[2022.03.09-16.29.20:430][  0]LogConfig: Applying CVar settings from Section [ShadingQuality@3] File [C:/UnrealEngine_Projects/ue.course/GeometrySandbox/Saved/Config/Windows/Scalability.ini]
[2022.03.09-16.29.20:431][  0]LogConfig: Setting CVar [[r.HairStrands.SkyLighting.IntegrationType:2]]
[2022.03.09-16.29.20:431][  0]LogConfig: Setting CVar [[r.HairStrands.SkyAO.SampleCount:4]]
[2022.03.09-16.29.20:431][  0]LogConfig: Setting CVar [[r.HairStrands.Visibility.MSAA.SamplePerPixel:4]]
[2022.03.09-16.29.20:431][  0]LogConfig: Applying CVar settings from Section [Startup] File [../../../Engine/Config/ConsoleVariables.ini]
[2022.03.09-16.29.20:431][  0]LogConfig: Setting CVar [[net.UseAdaptiveNetUpdateFrequency:0]]
[2022.03.09-16.29.20:431][  0]LogConfig: Setting CVar [[p.chaos.AllowCreatePhysxBodies:1]]
[2022.03.09-16.29.20:431][  0]LogConfig: Setting CVar [[fx.SkipVectorVMBackendOptimizations:1]]
[2022.03.09-16.29.20:431][  0]LogConfig: Applying CVar settings from Section [ConsoleVariables] File [C:/UnrealEngine_Projects/ue.course/GeometrySandbox/Saved/Config/Windows/Engine.ini]
[2022.03.09-16.29.20:431][  0]LogConfig: Applying CVar settings from Section [ConsoleVariables] File [C:/UnrealEngine_Projects/ue.course/GeometrySandbox/Saved/Config/Windows/Editor.ini]
[2022.03.09-16.29.20:431][  0]LogInit: Computer: DESKTOP-V7QSN3L
[2022.03.09-16.29.20:431][  0]LogInit: User: PC
[2022.03.09-16.29.20:432][  0]LogInit: CPU Page size=4096, Cores=4
[2022.03.09-16.29.20:432][  0]LogInit: High frequency timer resolution =10.000000 MHz
[2022.03.09-16.29.20:432][  0]LogMemory: Memory total: Physical=23.9GB (24GB approx)
[2022.03.09-16.29.20:432][  0]LogMemory: Platform Memory Stats for Windows
[2022.03.09-16.29.20:432][  0]LogMemory: Process Physical Memory: 142.09 MB used, 142.09 MB peak
[2022.03.09-16.29.20:432][  0]LogMemory: Process Virtual Memory: 114.22 MB used, 114.22 MB peak
[2022.03.09-16.29.20:432][  0]LogMemory: Physical Memory: 10652.39 MB used,  13854.38 MB free, 24506.77 MB total
[2022.03.09-16.29.20:432][  0]LogMemory: Virtual Memory: 134203760.00 MB used,  13969.59 MB free, 134217728.00 MB total
[2022.03.09-16.29.20:447][  0]LogWindows: WindowsPlatformFeatures enabled
[2022.03.09-16.29.20:620][  0]LogInit: Physics initialised using underlying interface: PhysX
[2022.03.09-16.29.20:621][  0]LogInit: Using OS detected language (ru-RU).
[2022.03.09-16.29.20:621][  0]LogInit: Using OS detected locale (ru-RU).
[2022.03.09-16.29.20:625][  0]LogTextLocalizationManager: No specific localization for 'ru-RU' exists, so the 'ru' localization will be used.
[2022.03.09-16.29.20:625][  0]LogTextLocalizationResource: LocRes '../../../Engine/Content/Localization/Editor/ru/Editor.locres' could not be opened for reading!
[2022.03.09-16.29.20:626][  0]LogTextLocalizationResource: LocRes '../../../Engine/Content/Localization/EditorTutorials/ru/EditorTutorials.locres' could not be opened for reading!
[2022.03.09-16.29.20:626][  0]LogTextLocalizationResource: LocRes '../../../Engine/Content/Localization/Keywords/ru/Keywords.locres' could not be opened for reading!
[2022.03.09-16.29.20:626][  0]LogTextLocalizationResource: LocRes '../../../Engine/Content/Localization/Category/ru/Category.locres' could not be opened for reading!
[2022.03.09-16.29.20:626][  0]LogTextLocalizationResource: LocRes '../../../Engine/Content/Localization/ToolTips/ru/ToolTips.locres' could not be opened for reading!
[2022.03.09-16.29.20:627][  0]LogTextLocalizationResource: LocRes '../../../Engine/Content/Localization/PropertyNames/ru/PropertyNames.locres' could not be opened for reading!
[2022.03.09-16.29.20:627][  0]LogTextLocalizationResource: LocRes '../../../Engine/Content/Localization/Engine/ru/Engine.locres' could not be opened for reading!
[2022.03.09-16.29.20:628][  0]LogInit: Setting process to per monitor DPI aware
[2022.03.09-16.29.20:659][  0]LogWindowsTextInputMethodSystem: Display: IME system deactivated.
[2022.03.09-16.29.20:678][  0]LogSlate: New Slate User Created.  User Index 0, Is Virtual User: 0
[2022.03.09-16.29.20:678][  0]LogSlate: Slate User Registered.  User Index 0, Is Virtual User: 0
[2022.03.09-16.29.20:857][  0]LogD3D11RHI: Loaded GFSDK_Aftermath_Lib.x64.dll
[2022.03.09-16.29.20:866][  0]LogHMD: Failed to initialize OpenVR with code 110
[2022.03.09-16.29.20:866][  0]LogD3D11RHI: D3D11 min allowed feature level: 11_0
[2022.03.09-16.29.20:866][  0]LogD3D11RHI: D3D11 max allowed feature level: 11_0
[2022.03.09-16.29.20:866][  0]LogD3D11RHI: D3D11 adapters:
[2022.03.09-16.29.21:008][  0]LogD3D11RHI:    0. 'NVIDIA GeForce GTX 1060 6GB' (Feature Level 11_0)
[2022.03.09-16.29.21:008][  0]LogD3D11RHI:       6052/0/12253 MB DedicatedVideo/DedicatedSystem/SharedSystem, Outputs:1, VendorId:0x10de
[2022.03.09-16.29.21:014][  0]LogD3D11RHI:    1. 'Microsoft Basic Render Driver' (Feature Level 11_0)
[2022.03.09-16.29.21:014][  0]LogD3D11RHI:       0/0/12253 MB DedicatedVideo/DedicatedSystem/SharedSystem, Outputs:0, VendorId:0x1414
[2022.03.09-16.29.21:014][  0]LogD3D11RHI: Chosen D3D11 Adapter:
[2022.03.09-16.29.21:014][  0]LogD3D11RHI:     Description : NVIDIA GeForce GTX 1060 6GB
[2022.03.09-16.29.21:014][  0]LogD3D11RHI:     VendorId    : 10de
[2022.03.09-16.29.21:014][  0]LogD3D11RHI:     DeviceId    : 1c03
[2022.03.09-16.29.21:014][  0]LogD3D11RHI:     SubSysId    : 85b71043
[2022.03.09-16.29.21:014][  0]LogD3D11RHI:     Revision    : 00a1
[2022.03.09-16.29.21:014][  0]LogD3D11RHI:     DedicatedVideoMemory : 6345981952 bytes
[2022.03.09-16.29.21:014][  0]LogD3D11RHI:     DedicatedSystemMemory : 0 bytes
[2022.03.09-16.29.21:014][  0]LogD3D11RHI:     SharedSystemMemory : 12848607232 bytes
[2022.03.09-16.29.21:014][  0]LogD3D11RHI:     AdapterLuid : 0 42378
[2022.03.09-16.29.21:047][  0]LogD3D11RHI: Creating new Direct3DDevice
[2022.03.09-16.29.21:047][  0]LogD3D11RHI:     GPU DeviceId: 0x1c03 (for the marketing name, search the web for "GPU Device Id")
[2022.03.09-16.29.21:047][  0]LogWindows: EnumDisplayDevices:
[2022.03.09-16.29.21:048][  0]LogWindows:    0. 'NVIDIA GeForce GTX 1060 6GB' (P:1 D:1)
[2022.03.09-16.29.21:048][  0]LogWindows:    1. 'NVIDIA GeForce GTX 1060 6GB' (P:0 D:0)
[2022.03.09-16.29.21:048][  0]LogWindows:    2. 'NVIDIA GeForce GTX 1060 6GB' (P:0 D:0)
[2022.03.09-16.29.21:048][  0]LogWindows:    3. 'NVIDIA GeForce GTX 1060 6GB' (P:0 D:0)
[2022.03.09-16.29.21:049][  0]LogWindows: DebugString: FoundDriverCount:4 
[2022.03.09-16.29.21:049][  0]LogD3D11RHI:     Adapter Name: NVIDIA GeForce GTX 1060 6GB
[2022.03.09-16.29.21:049][  0]LogD3D11RHI:   Driver Version: 511.79 (internal:30.0.15.1179, unified:511.79)
[2022.03.09-16.29.21:049][  0]LogD3D11RHI:      Driver Date: 2-10-2022
[2022.03.09-16.29.21:049][  0]LogRHI: Texture pool is 4236 MB (70% of 6052 MB)
[2022.03.09-16.29.21:049][  0]LogD3D11RHI: Creating D3DDevice using adapter:
[2022.03.09-16.29.21:049][  0]LogD3D11RHI:     Description : NVIDIA GeForce GTX 1060 6GB
[2022.03.09-16.29.21:049][  0]LogD3D11RHI:     VendorId    : 10de
[2022.03.09-16.29.21:049][  0]LogD3D11RHI:     DeviceId    : 1c03
[2022.03.09-16.29.21:049][  0]LogD3D11RHI:     SubSysId    : 85b71043
[2022.03.09-16.29.21:049][  0]LogD3D11RHI:     Revision    : 00a1
[2022.03.09-16.29.21:049][  0]LogD3D11RHI:     DedicatedVideoMemory : 6345981952 bytes
[2022.03.09-16.29.21:049][  0]LogD3D11RHI:     DedicatedSystemMemory : 0 bytes
[2022.03.09-16.29.21:049][  0]LogD3D11RHI:     SharedSystemMemory : 12848607232 bytes
[2022.03.09-16.29.21:050][  0]LogD3D11RHI:     AdapterLuid : 0 42378
[2022.03.09-16.29.21:126][  0]LogD3D11RHI: RHI has support for 64 bit atomics
[2022.03.09-16.29.21:126][  0]LogD3D11RHI: Async texture creation enabled
[2022.03.09-16.29.21:126][  0]LogD3D11RHI: Array index from any shader is supported
[2022.03.09-16.29.21:153][  0]LogD3D11RHI: GPU Timing Frequency: 1000.000000 (Debug: 2 1)
[2022.03.09-16.29.21:190][  0]LogRHI: GeForceNow SDK initialized: 1
[2022.03.09-16.29.21:494][  0]LogTargetPlatformManager: Display: Loaded TargetPlatform 'AllDesktop'
[2022.03.09-16.29.21:521][  0]LogTargetPlatformManager: Display: Loaded TargetPlatform 'Android'
[2022.03.09-16.29.21:521][  0]LogTargetPlatformManager: Display: Loaded TargetPlatform 'Android_ASTC'
[2022.03.09-16.29.21:521][  0]LogTargetPlatformManager: Display: Loaded TargetPlatform 'Android_DXT'
[2022.03.09-16.29.21:521][  0]LogTargetPlatformManager: Display: Loaded TargetPlatform 'Android_ETC2'
[2022.03.09-16.29.21:521][  0]LogTargetPlatformManager: Display: Loaded TargetPlatform 'AndroidClient'
[2022.03.09-16.29.21:521][  0]LogTargetPlatformManager: Display: Loaded TargetPlatform 'Android_ASTCClient'
[2022.03.09-16.29.21:521][  0]LogTargetPlatformManager: Display: Loaded TargetPlatform 'Android_DXTClient'
[2022.03.09-16.29.21:521][  0]LogTargetPlatformManager: Display: Loaded TargetPlatform 'Android_ETC2Client'
[2022.03.09-16.29.21:521][  0]LogTargetPlatformManager: Display: Loaded TargetPlatform 'Android_Multi'
[2022.03.09-16.29.21:521][  0]LogTargetPlatformManager: Display: Loaded TargetPlatform 'Android_MultiClient'
[2022.03.09-16.29.21:551][  0]LogTargetPlatformManager: Display: Loaded TargetPlatform 'IOSClient'
[2022.03.09-16.29.21:551][  0]LogTargetPlatformManager: Display: Loaded TargetPlatform 'IOS'
[2022.03.09-16.29.21:565][  0]LogTargetPlatformManager: Display: Loaded TargetPlatform 'Linux'
[2022.03.09-16.29.21:573][  0]LogTargetPlatformManager: Display: Loaded TargetPlatform 'LinuxNoEditor'
[2022.03.09-16.29.21:582][  0]LogTargetPlatformManager: Display: Loaded TargetPlatform 'LinuxClient'
[2022.03.09-16.29.21:591][  0]LogTargetPlatformManager: Display: Loaded TargetPlatform 'LinuxServer'
[2022.03.09-16.29.21:606][  0]LogTargetPlatformManager: Display: Loaded TargetPlatform 'LinuxAArch64NoEditor'
[2022.03.09-16.29.21:614][  0]LogTargetPlatformManager: Display: Loaded TargetPlatform 'LinuxAArch64Client'
[2022.03.09-16.29.21:622][  0]LogTargetPlatformManager: Display: Loaded TargetPlatform 'LinuxAArch64Server'
[2022.03.09-16.29.21:654][  0]LogTargetPlatformManager: Display: Loaded TargetPlatform 'Lumin'
[2022.03.09-16.29.21:655][  0]LogTargetPlatformManager: Display: Loaded TargetPlatform 'LuminClient'
[2022.03.09-16.29.21:668][  0]LogTargetPlatformManager: Display: Loaded TargetPlatform 'MacNoEditor'
[2022.03.09-16.29.21:675][  0]LogTargetPlatformManager: Display: Loaded TargetPlatform 'Mac'
[2022.03.09-16.29.21:683][  0]LogTargetPlatformManager: Display: Loaded TargetPlatform 'MacClient'
[2022.03.09-16.29.21:690][  0]LogTargetPlatformManager: Display: Loaded TargetPlatform 'MacServer'
[2022.03.09-16.29.21:706][  0]LogTargetPlatformManager: Display: Loaded TargetPlatform 'TVOSClient'
[2022.03.09-16.29.21:706][  0]LogTargetPlatformManager: Display: Loaded TargetPlatform 'TVOS'
[2022.03.09-16.29.21:721][  0]LogTargetPlatformManager: Display: Loaded TargetPlatform 'WindowsNoEditor'
[2022.03.09-16.29.21:729][  0]LogTargetPlatformManager: Display: Loaded TargetPlatform 'Windows'
[2022.03.09-16.29.21:736][  0]LogTargetPlatformManager: Display: Loaded TargetPlatform 'WindowsClient'
[2022.03.09-16.29.21:744][  0]LogTargetPlatformManager: Display: Loaded TargetPlatform 'WindowsServer'
[2022.03.09-16.29.21:744][  0]LogTargetPlatformManager: Display: Building Assets For Windows
[2022.03.09-16.29.21:763][  0]LogAudioDebug: Display: Lib vorbis DLL was dynamically loaded.
[2022.03.09-16.29.21:829][  0]LogTextureFormatOodle: Display: Oodle Texture 2.9.0 init RDO Off
[2022.03.09-16.29.21:902][  0]LogRendererCore: Ray tracing is disabled. Reason: r.RayTracing=0.
[2022.03.09-16.29.21:902][  0]LogShaderCompilers: Guid format shader working directory is -24 characters bigger than the processId version (../../../../../../UnrealEngine_Projects/ue.course/GeometrySandbox/Intermediate/Shaders/WorkingDirectory/105020/).
[2022.03.09-16.29.21:903][  0]LogShaderCompilers: Cleaned the shader compiler working directory 'C:/Users/PC/AppData/Local/Temp/UnrealShaderWorkingDir/AB51CB7E4A22E49BAD3D9D8CF81F9D71/'.
[2022.03.09-16.29.21:903][  0]LogXGEController: Cannot use XGE Controller as Incredibuild is not installed on this machine.
[2022.03.09-16.29.21:903][  0]LogShaderCompilers: Cannot use XGE Shader Compiler as Incredibuild is not installed on this machine.
[2022.03.09-16.29.21:903][  0]LogShaderCompilers: Display: Using Local Shader Compiler.
[2022.03.09-16.29.22:812][  0]LogDerivedDataCache: Display: Max Cache Size: 512 MB
[2022.03.09-16.29.22:874][  0]LogDerivedDataCache: Loaded boot cache 0.06s 94MB C:/Users/PC/AppData/Local/UnrealEngine/4.27/DerivedDataCache/Boot.ddc.
[2022.03.09-16.29.22:874][  0]LogDerivedDataCache: Display: Loaded Boot cache: C:/Users/PC/AppData/Local/UnrealEngine/4.27/DerivedDataCache/Boot.ddc
[2022.03.09-16.29.22:874][  0]LogDerivedDataCache: FDerivedDataBackendGraph:  Pak pak cache file ../../../../../../UnrealEngine_Projects/ue.course/GeometrySandbox/DerivedDataCache/DDC.ddp not found, will not use a pak cache.
[2022.03.09-16.29.22:874][  0]LogDerivedDataCache: Unable to find inner node Pak for hierarchical cache Hierarchy.
[2022.03.09-16.29.22:875][  0]LogDerivedDataCache: FDerivedDataBackendGraph:  CompressedPak pak cache file ../../../../../../UnrealEngine_Projects/ue.course/GeometrySandbox/DerivedDataCache/Compressed.ddp not found, will not use a pak cache.
[2022.03.09-16.29.22:875][  0]LogDerivedDataCache: Unable to find inner node CompressedPak for hierarchical cache Hierarchy.
[2022.03.09-16.29.22:895][  0]LogDerivedDataCache: Display: Pak cache opened for reading ../../../Engine/DerivedDataCache/Compressed.ddp.
[2022.03.09-16.29.22:895][  0]LogDerivedDataCache: FDerivedDataBackendGraph:  EnterprisePak pak cache file ../../../Enterprise/DerivedDataCache/Compressed.ddp not found, will not use a pak cache.
[2022.03.09-16.29.22:895][  0]LogDerivedDataCache: Unable to find inner node EnterprisePak for hierarchical cache Hierarchy.
[2022.03.09-16.29.22:904][  0]LogDerivedDataCache: Speed tests for C:/Users/PC/AppData/Local/UnrealEngine/Common/DerivedDataCache took 0.01 seconds
[2022.03.09-16.29.22:905][  0]LogDerivedDataCache: Display: Performance to C:/Users/PC/AppData/Local/UnrealEngine/Common/DerivedDataCache: Latency=0.04ms. RandomReadSpeed=679.45MBs, RandomWriteSpeed=129.84MBs. Assigned SpeedClass 'Local'
[2022.03.09-16.29.22:907][  0]LogDerivedDataCache: Using Local data cache path C:/Users/PC/AppData/Local/UnrealEngine/Common/DerivedDataCache: Writable
[2022.03.09-16.29.22:908][  0]LogDerivedDataCache: Shared data cache path not found in *engine.ini, will not use an Shared cache.
[2022.03.09-16.29.22:908][  0]LogDerivedDataCache: Unable to find inner node Shared for hierarchical cache Hierarchy.
[2022.03.09-16.29.22:960][  0]LogSlate: Using FreeType 2.10.0
[2022.03.09-16.29.22:961][  0]LogSlate: SlateFontServices - WITH_FREETYPE: 1, WITH_HARFBUZZ: 1
[2022.03.09-16.29.22:993][  0]LogAssetRegistry: FAssetRegistry took 0.0050 seconds to start up
[2022.03.09-16.29.23:300][  0]LogInit: Selected Device Profile: [Windows]
[2022.03.09-16.29.23:301][  0]LogInit: Active device profile: [000001788C36E200][000001788AD77180 49] Windows
[2022.03.09-16.29.23:301][  0]LogInit: Profiles: [000001788C36E200][000001788AD77180 49] Windows, [000001788C379F00][0000017882697300 49] WindowsNoEditor, [000001788C36E300][000001788269B480 49] WindowsServer, [000001788C37A100][000001788269F600 49] WindowsClient, [000001788C36DE00][00000178826A3780 49] IOS, [000001788C37BF00][00000178826A7900 49] iPadAir, [000001788C36DA00][00000178826ABA80 49] iPadAir2, [000001788C331900][00000178826B21C0 49] IPadPro, [000001788C331A00][00000178826AE200 49] iPadAir3, [000001788C36D800][00000178826B6380 49] iPadAir4, [000001788C333C00][00000178826BA500 49] iPadMini2, [000001788C36DF00][00000178826BE680 49] iPadMini3, [000001788C330400][000001788AD7A7C0 49] iPadMini4, [000001788C36D500][00000178826C2900 49] iPadMini5, [000001788C351200][00000178826CAB40 49] iPhone6, [000001788C351300][00000178826C6B80 49] iPodTouch6, [000001788C379E00][00000178826D6E40 49] iPhone7, [000001788C37A200][00000178826D2E80 49] iPodTouch7, [000001788C353600][00000178826DB000 49] iPhone5S, [000001788C37AC00][00000178826DF180 49] iPhone6Plus, [000001788C350200][00000178826E3300 49] iPhone6S, [000001788C379300][00000178EAEFD480 49] iPhone6SPlus, [000001788C353A00][00000178EAF01600 49] iPhone7Plus, [000001788C378E00][00000178EAF05780 49] iPhoneSE, [000001788C352B00][00000178825FD900 49] iPhone8, [000001788C37B700][0000017882621A80 49] iPhone8Plus, [000001788C351B00][000001788263DC00 49] iPhoneX, [000001788C378400][0000017882640200 49] iPhoneXS, [000001788C350400][0000017882644380 49] iPhoneXSMax, [000001788C37A800][000001788264C500 49] iPhoneXR, [000001788C350900][0000017882654680 49] iPhone11, [000001788C378A00][0000017882658800 49] iPhone11Pro, [000001788C353C00][00000178826CE940 49] iPhone11ProMax, [000001788C37A600][000001788AA8AA80 49] iPhoneSE2, [000001788C353200][000001788AA9ABC0 49] iPhone12Mini, [000001788C379500][000001788C174D00 49] iPhone12, [000001788C350D00][000001788AB1AE80 49] iPhone12Pro, [000001788C37AD00][000001788AB1F000 49] iPhone12ProMax, [000001788C351D00][000001788AB5D180 49] iPadPro105, [000001788C37B500][000001788AB61300 49] iPadPro129, [000001788C353300][000001788ABDD480 49] iPadPro97, [000001788C37BD00][000001788AC75600 49] iPadPro2_129, [000001788C350300][000001788AC79780 49] iPad5, [000001788C379600][000001788ABE1900 49] iPad6, [000001788C330B00][000001788AA8FA80 49] iPad7, [000001788C405700][000001788ABE5C00 49] iPad8, [000001788C330200][000001788ABE8200 49] iPadPro11, [000001788C405A00][000001788ABEC380 49] iPadPro2_11, [000001788C331400][000001788ABF4500 49] iPadPro3_129, [000001788C404300][000001788D23C680 49] iPadPro4_129, [000001788C37BA00][000001788D240800 49] AppleTV, [000001788C351A00][000001788D250980 49] AppleTV4K, [000001788C333500][000001788D254B00 49] TVOS, [000001788C350100][000001788AB16C40 49] Mac, [000001788C332700][000001788D258D80 49] MacClient, [000001788C353100][000001788C0AAEC0 49] MacNoEditor, [000001788C330600][000001788C0BD040 49] MacServer, [000001788C350B00][000001788C0C11C0 49] Linux, [000001788C37AB00][000001788C0C5340 49] LinuxAArch64, [000001788C352800][000001788C0C94C0 49] LinuxNoEditor, [000001788C37AF00][000001788C0E1640 49] LinuxAArch64NoEditor, [000001788C352600][000001788D9157C0 49] LinuxClient, [000001788C37A300][000001788D919940 49] LinuxAArch64Client, [000001788C351100][000001788D91DAC0 49] LinuxServer, [000001788C378D00][000001788D95E0C0 49] LinuxAArch64Server, [000001788C351400][000001788D98E240 49] Android, [000001788C379D00][000001788D9923C0 49] Android_Low, [000001788C350A00][000001788D996540 49] Android_Mid, [000001788C378800][000001788D99A6C0 49] Android_High, [000001788C351F00][000001788D9A8840 49] Android_Default, [000001788C378C00][000001788D9209C0 49] Android_Adreno4xx, [000001788C351700][000001788D9ACB40 49] Android_Adreno5xx_Low, [000001788C37A000][000001788AB64CC0 49] Android_Adreno5xx, [000001788C352900][000001788C0B8E00 49] Android_Adreno6xx, [000001788C378100][000001788AB68F40 49] Android_Adreno6xx_Vulkan, [000001788C350700][000001788C119080 49] Android_Mali_T6xx, [000001788C37B800][000001788D98B1C0 49] Android_Mali_T7xx, [000001788C351E00][000001788AB71340 49] Android_Mali_T8xx, [000001788C379A00][000001788AB754C0 49] Android_Mali_G71, [000001788C353E00][000001788AB79640 49] Android_Mali_G72, [000001788C37BE00][000001788AB7D7C0 49] Android_Mali_G72_Vulkan, [000001788C353400][000001788AB81940 49] Android_Mali_G76, [000001788C378F00][000001788D925AC0 49] Android_Mali_G76_Vulkan, [000001788C351000][000001788D9280C0 49] Android_Mali_G77, [000001788C37B200][000001788D92C240 49] Android_Mali_G77_Vulkan, [000001788C351900][000001788D9303C0 49] Android_Mali_G78, [000001788C378500][000001788D934540 49] Android_Mali_G78_Vulkan, [000001788C352100][000001788D9386C0 49] Android_Mali_G710, [000001788C379400][000001788D93C840 49] Android_Mali_G710_Vulkan, [000001788C352200][000001788D9409C0 49] Android_Vulkan_SM5, [000001788C37A400][000001788D944B40 49] Android_PowerVR_G6xxx, [000001788C353900][000001788D948CC0 49] Android_PowerVR_GT7xxx, [000001788C37AA00][000001788D94CE40 49] Android_PowerVR_GE8xxx, [000001788C353800][000001788AB6CF80 49] Android_PowerVR_GM9xxx, [000001788C36D400][000001788D9510C0 49] Android_PowerVR_GM9xxx_Vulkan, [000001788C333A00][000001788D955200 49] Android_TegraK1, [000001788C36D600][000001788D959340 49] Android_Unknown_Vulkan, [000001788C333100][000001788ABA54C0 49] Lumin, [000001788C36EC00][000001788ABA9640 49] Lumin_Desktop, [000001788C332200][000001788ABAD7C0 49] HoloLens, 
[2022.03.09-16.29.23:466][  0]LogMeshReduction: Using QuadricMeshReduction for automatic static mesh reduction
[2022.03.09-16.29.23:466][  0]LogMeshReduction: Using SimplygonMeshReduction for automatic skeletal mesh reduction
[2022.03.09-16.29.23:467][  0]LogMeshReduction: Using ProxyLODMeshReduction for automatic mesh merging
[2022.03.09-16.29.23:467][  0]LogMeshReduction: No distributed automatic mesh merging module available
[2022.03.09-16.29.23:467][  0]LogMeshMerging: No distributed automatic mesh merging module available
[2022.03.09-16.29.23:487][  0]LogNetVersion: GeometrySandbox 1.0.0, NetCL: 17155196, EngineNetVer: 17, GameNetVer: 0 (Checksum: 2047942326)
[2022.03.09-16.29.23:917][  0]LogTexture: Default maximum texture size for cubemaps generated from long-lat sources has been changed from 512 to unlimited. In order to preserve old behaiour for '/Engine/MapTemplates/Sky/DaylightAmbientCubemap.DaylightAmbientCubemap', its maximum texture size has been explicitly set to 512.
[2022.03.09-16.29.23:977][  0]LogHMD: PokeAHoleMaterial loaded successfully
[2022.03.09-16.29.23:984][  0]LogUObjectArray: 17178 objects as part of root set at end of initial load.
[2022.03.09-16.29.23:984][  0]LogUObjectAllocator: 4302048 out of 0 bytes used by permanent object pool.
[2022.03.09-16.29.23:984][  0]LogUObjectArray: CloseDisregardForGC: 0/0 objects in disregard for GC pool
[2022.03.09-16.29.24:419][  0]LogNiagaraDebuggerClient: Niagara Debugger Client Initialized | Session: 961AFAD84CC0ACE819AB69A4507C09B4 | Instance: 5DF64D0C4AF16C0004A670ADDFC1B941 (DESKTOP-V7QSN3L-105020).
[2022.03.09-16.29.24:599][  0]LogPython: Using Python 3.7.7
[2022.03.09-16.29.25:203][  0]LogTcpMessaging: Initializing TcpMessaging bridge
[2022.03.09-16.29.25:219][  0]LogUdpMessaging: Initializing bridge on interface 0.0.0.0:0 to multicast group 230.0.0.1:6666.
[2022.03.09-16.29.25:638][  0]SourceControl: Source control is disabled
[2022.03.09-16.29.25:638][  0]SourceControl: Source control is disabled
[2022.03.09-16.29.25:644][  0]SourceControl: Source control is disabled
[2022.03.09-16.29.25:658][  0]SourceControl: Source control is disabled
[2022.03.09-16.29.25:671][  0]SourceControl: Source control is disabled
[2022.03.09-16.29.25:678][  0]LogUProjectInfo: Found projects:
[2022.03.09-16.29.25:958][  0]LogOpenImageDenoise: OIDN starting up
[2022.03.09-16.29.26:013][  0]LogAndroidPermission: UAndroidPermissionCallbackProxy::GetInstance
[2022.03.09-16.29.26:054][  0]LogAudioCaptureCore: Display: No Audio Capture implementations found. Audio input will be silent.
[2022.03.09-16.29.26:054][  0]LogAudioCaptureCore: Display: No Audio Capture implementations found. Audio input will be silent.
[2022.03.09-16.29.26:230][  0]LogCollectionManager: Loaded 0 collections in 0.002184 seconds
[2022.03.09-16.29.26:267][  0]LogFileCache: Scanning file cache for directory 'C:/UnrealEngine_Projects/ue.course/GeometrySandbox/Saved/Collections/' took 0.00s
[2022.03.09-16.29.26:267][  0]LogFileCache: Scanning file cache for directory 'C:/UnrealEngine_Projects/ue.course/GeometrySandbox/Content/Developers/PC/Collections/' took 0.00s
[2022.03.09-16.29.26:267][  0]LogFileCache: Scanning file cache for directory 'C:/UnrealEngine_Projects/ue.course/GeometrySandbox/Content/Collections/' took 0.00s
[2022.03.09-16.29.26:267][  0]LogOcInput: OculusInput pre-init called
[2022.03.09-16.29.26:530][  0]LogEngine: Initializing Engine...
[2022.03.09-16.29.26:534][  0]LogHMD: Failed to enumerate extensions. Please check that you have a valid OpenXR runtime installed.
[2022.03.09-16.29.26:534][  0]LogHMD: Failed to initialize OpenVR with code 110
[2022.03.09-16.29.26:534][  0]LogMagicLeap: Warning: VR disabled because ZI is not enabled.  To enable, in the editor, Edit -> Project Settings -> Plugins -> Magic Leap Plugin -> Enable Zero Iteration
[2022.03.09-16.29.26:536][  0]LogStats: UGameplayTagsManager::InitializeManager -  0.000 s
[2022.03.09-16.29.26:656][  0]LogInit: Initializing FReadOnlyCVARCache
[2022.03.09-16.29.26:667][  0]LogAIModule: Creating AISystem for world Untitled
[2022.03.09-16.29.26:675][  0]LogAudio: Display: Initializing Audio Device Manager...
[2022.03.09-16.29.26:681][  0]LogAudio: Display: Loading Default Audio Settings Objects...
[2022.03.09-16.29.26:682][  0]LogAudio: Display: No default SoundConcurrencyObject specified (or failed to load).
[2022.03.09-16.29.26:683][  0]LogAudio: Display: Audio Device Manager Initialized
[2022.03.09-16.29.26:683][  0]LogAudio: Display: Creating Audio Device:                 Id: 1, Scope: Shared, Realtime: True
[2022.03.09-16.29.26:683][  0]LogAudioMixer: Display: Audio Mixer Platform Settings:
[2022.03.09-16.29.26:683][  0]LogAudioMixer: Display: 	Sample Rate:						  48000
[2022.03.09-16.29.26:683][  0]LogAudioMixer: Display: 	Callback Buffer Frame Size Requested: 1024
[2022.03.09-16.29.26:683][  0]LogAudioMixer: Display: 	Callback Buffer Frame Size To Use:	  1024
[2022.03.09-16.29.26:683][  0]LogAudioMixer: Display: 	Number of buffers to queue:			  2
[2022.03.09-16.29.26:683][  0]LogAudioMixer: Display: 	Max Channels (voices):				  32
[2022.03.09-16.29.26:683][  0]LogAudioMixer: Display: 	Number of Async Source Workers:		  0
[2022.03.09-16.29.26:683][  0]LogAudio: Display: AudioDevice MaxSources: 32
[2022.03.09-16.29.26:684][  0]LogAudio: Display: Audio Spatialization Plugin: None (built-in).
[2022.03.09-16.29.26:684][  0]LogAudio: Display: Audio Reverb Plugin: None (built-in).
[2022.03.09-16.29.26:684][  0]LogAudio: Display: Audio Occlusion Plugin: None (built-in).
[2022.03.09-16.29.26:684][  0]LogAudioMixer: Display: Initializing audio mixer.
[2022.03.09-16.29.26:708][  0]LogAudioMixer: Display: 0: FrontLeft
[2022.03.09-16.29.26:708][  0]LogAudioMixer: Display: 1: FrontRight
[2022.03.09-16.29.26:737][  0]LogAudioMixer: Display: Using Audio Device Динамики (Line 6 UX2)
[2022.03.09-16.29.26:739][  0]LogAudioMixer: Display: Initializing Sound Submixes...
[2022.03.09-16.29.26:742][  0]LogAudioMixer: Display: Creating Master Submix 'MasterSubmixDefault'
[2022.03.09-16.29.26:742][  0]LogAudioMixer: Display: Creating Master Submix 'MasterReverbSubmixDefault'
[2022.03.09-16.29.26:743][  0]LogAudioMixer: Display: Creating Master Submix 'MasterEQSubmixDefault'
[2022.03.09-16.29.26:744][  0]LogAudioMixer: FMixerPlatformXAudio2::StartAudioStream() called
[2022.03.09-16.29.26:744][  0]LogAudioMixer: Display: Output buffers initialized: Frames=1024, Channels=2, Samples=2048
[2022.03.09-16.29.26:747][  0]LogAudioMixer: Display: Starting AudioMixerPlatformInterface::RunInternal()
[2022.03.09-16.29.26:747][  0]LogAudioMixer: Display: FMixerPlatformXAudio2::SubmitBuffer() called for the first time
[2022.03.09-16.29.26:747][  0]LogInit: FAudioDevice initialized.
[2022.03.09-16.29.26:747][  0]LogAudio: Display: Audio Device (ID: 1) registered with world 'Untitled'.
[2022.03.09-16.29.26:747][  0]LogNetVersion: Set ProjectVersion to 1.0.0.0. Version Checksum will be recalculated on next use.
[2022.03.09-16.29.26:843][  0]LogDerivedDataCache: Saved boot cache 0.10s 94MB C:/Users/PC/AppData/Local/UnrealEngine/4.27/DerivedDataCache/Boot.ddc.
[2022.03.09-16.29.26:844][  0]LogInit: Texture streaming: Enabled
[2022.03.09-16.29.26:866][  0]LogAnalytics: Display: [UEEditor.Rocket.Release] APIServer = https://datarouter.ol.epicgames.com/. AppVersion = 4.27.2-18319896+++UE4+Release-4.27
[2022.03.09-16.29.26:873][  0]LogEngineSessionManager: EngineSessionManager initialized
[2022.03.09-16.29.26:873][  0]LogEngineSessionManager: EngineSessionManager sent abnormal shutdown report. Type=Debugger, SessionId={B0FA1812-4CC5-991D-B855-678867511E09}
[2022.03.09-16.29.26:873][  0]LogEditorSessionSummary: Verbose: Initializing EditorSessionSummaryWriter for editor session tracking
[2022.03.09-16.29.26:876][  0]LogEditorSessionSummary: EditorSessionSummaryWriter initialized
[2022.03.09-16.29.26:905][  0]LogInit: Transaction tracking system initialized
[2022.03.09-16.29.26:944][  0]BlueprintLog: New page: Editor Load
[2022.03.09-16.29.27:049][  0]LocalizationService: Localization service is disabled
[2022.03.09-16.29.27:089][  0]TimingProfiler: Initialize
[2022.03.09-16.29.27:089][  0]TimingProfiler: OnSessionChanged
[2022.03.09-16.29.27:089][  0]LoadingProfiler: Initialize
[2022.03.09-16.29.27:090][  0]LoadingProfiler: OnSessionChanged
[2022.03.09-16.29.27:090][  0]NetworkingProfiler: Initialize
[2022.03.09-16.29.27:090][  0]NetworkingProfiler: OnSessionChanged
[2022.03.09-16.29.27:090][  0]MemoryProfiler: Initialize
[2022.03.09-16.29.27:090][  0]MemoryProfiler: OnSessionChanged
[2022.03.09-16.29.27:289][  0]LogCook: Display: CookSettings for Memory: MemoryMaxUsedVirtual 0MiB, MemoryMaxUsedPhysical 16384MiB, MemoryMinFreeVirtual 0MiB, MemoryMinFreePhysical 1024MiB
[2022.03.09-16.29.27:290][  0]LogCook: Display: Mobile HDR setting 1
[2022.03.09-16.29.27:584][  0]LogFileCache: Scanning file cache for directory 'C:/UnrealEngine_Projects/ue.course/GeometrySandbox/Content/' took 0.00s
[2022.03.09-16.29.27:795][  0]LogInit: Display: Engine is initialized. Leaving FEngineLoop::Init()
[2022.03.09-16.29.27:801][  0]SourceControl: Source control is disabled
[2022.03.09-16.29.27:802][  0]LogUnrealEdMisc: Loading editor; pre map load, took 9.341
[2022.03.09-16.29.27:802][  0]Cmd: MAP LOAD FILE="../../../../../../UnrealEngine_Projects/ue.course/GeometrySandbox/Content/SandboxMap.umap" TEMPLATE=0 SHOWPROGRESS=1 FEATURELEVEL=3
[2022.03.09-16.29.27:802][  0]LightingResults: New page: Lighting Build
[2022.03.09-16.29.27:805][  0]LogWorld: UWorld::CleanupWorld for Untitled, bSessionEnded=true, bCleanupResources=true
[2022.03.09-16.29.27:805][  0]LogSlate: InvalidateAllWidgets triggered.  All widgets were invalidated
[2022.03.09-16.29.27:805][  0]MapCheck: New page: Map Check
[2022.03.09-16.29.27:805][  0]LightingResults: New page: Lighting Build
[2022.03.09-16.29.27:814][  0]LogAudio: Display: Audio Device unregistered from world 'None'.
[2022.03.09-16.29.27:818][  0]LogUObjectHash: Compacting FUObjectHashTables data took   1.08ms
[2022.03.09-16.29.27:888][  0]LogAudio: Display: Audio Device (ID: 1) registered with world 'SandboxMap'.
[2022.03.09-16.29.27:891][  0]LogAIModule: Creating AISystem for world SandboxMap
[2022.03.09-16.29.27:896][  0]LogEditorServer: Finished looking for orphan Actors (0.000 secs)
[2022.03.09-16.29.27:909][  0]LogUObjectHash: Compacting FUObjectHashTables data took   0.96ms
[2022.03.09-16.29.27:909][  0]Cmd: MAP CHECKDEP NOCLEARLOG
[2022.03.09-16.29.27:909][  0]MapCheck: Map check complete: 0 Error(s), 0 Warning(s), took 0,224ms to complete.
[2022.03.09-16.29.27:910][  0]LogFileHelpers: Loading map 'SandboxMap' took 0.108
[2022.03.09-16.29.27:912][  0]LogUnrealEdMisc: Total Editor Startup Time, took 9.451
[2022.03.09-16.29.28:063][  0]LogSlate: Updating window title bar state: overlay mode, drag disabled, window buttons hidden, title bar hidden
[2022.03.09-16.29.28:072][  0]LogSlate: Updating window title bar state: overlay mode, drag disabled, window buttons hidden, title bar hidden
[2022.03.09-16.29.28:080][  0]LogSlate: Updating window title bar state: overlay mode, drag disabled, window buttons hidden, title bar hidden
[2022.03.09-16.29.28:087][  0]LogSlate: Updating window title bar state: overlay mode, drag disabled, window buttons hidden, title bar hidden
[2022.03.09-16.29.28:105][  0]LogNativeClassHierarchy: Verbose: Native class hierarchy populated in 0.0123 seconds. Added 3825 classes and 931 folders.
[2022.03.09-16.29.28:110][  0]LogNativeClassHierarchy: Verbose: Native class hierarchy updated for 'WidgetCarousel' in 0.0003 seconds. Added 0 classes and 0 folders.
[2022.03.09-16.29.28:111][  0]LogPakFile: PakFile PrimaryIndexSize=187
[2022.03.09-16.29.28:112][  0]LogPakFile: PakFile PathHashIndexSize=101
[2022.03.09-16.29.28:112][  0]LogPakFile: PakFile FullDirectoryIndexSize=148
[2022.03.09-16.29.28:112][  0]LogShaderLibrary: Display: ShaderCodeLibraryPakFileMountedCallback: PakFile 'C:/Games/Epic Games/UE_4.27/FeaturePacks/FP_FirstPerson.upack' (chunk index -1, root 'root:/') mounted
[2022.03.09-16.29.28:112][  0]LogShaderLibrary: Display: ShaderCodeLibraryPakFileMountedCallback: pending pak file info (ChunkID:-1 Root:root:/ File:C:/Games/Epic Games/UE_4.27/FeaturePacks/FP_FirstPerson.upack)
[2022.03.09-16.29.28:112][  0]LogPakFile: OnPakFileMounted2Time == 0.000207
[2022.03.09-16.29.28:113][  0]LogPakFile: PakFile PrimaryIndexSize=189
[2022.03.09-16.29.28:113][  0]LogPakFile: PakFile PathHashIndexSize=101
[2022.03.09-16.29.28:113][  0]LogPakFile: PakFile FullDirectoryIndexSize=152
[2022.03.09-16.29.28:113][  0]LogShaderLibrary: Display: ShaderCodeLibraryPakFileMountedCallback: PakFile 'C:/Games/Epic Games/UE_4.27/FeaturePacks/FP_FirstPersonBP.upack' (chunk index -1, root 'root:/') mounted
[2022.03.09-16.29.28:113][  0]LogShaderLibrary: Display: ShaderCodeLibraryPakFileMountedCallback: pending pak file info (ChunkID:-1 Root:root:/ File:C:/Games/Epic Games/UE_4.27/FeaturePacks/FP_FirstPersonBP.upack)
[2022.03.09-16.29.28:113][  0]LogPakFile: OnPakFileMounted2Time == 0.000177
[2022.03.09-16.29.28:114][  0]LogPakFile: PakFile PrimaryIndexSize=191
[2022.03.09-16.29.28:114][  0]LogPakFile: PakFile PathHashIndexSize=101
[2022.03.09-16.29.28:114][  0]LogPakFile: PakFile FullDirectoryIndexSize=160
[2022.03.09-16.29.28:114][  0]LogShaderLibrary: Display: ShaderCodeLibraryPakFileMountedCallback: PakFile 'C:/Games/Epic Games/UE_4.27/FeaturePacks/MobileStarterContent.upack' (chunk index -1, root 'root:/') mounted
[2022.03.09-16.29.28:114][  0]LogShaderLibrary: Display: ShaderCodeLibraryPakFileMountedCallback: pending pak file info (ChunkID:-1 Root:root:/ File:C:/Games/Epic Games/UE_4.27/FeaturePacks/MobileStarterContent.upack)
[2022.03.09-16.29.28:114][  0]LogPakFile: OnPakFileMounted2Time == 0.000173
[2022.03.09-16.29.28:115][  0]LogPakFile: PakFile PrimaryIndexSize=185
[2022.03.09-16.29.28:115][  0]LogPakFile: PakFile PathHashIndexSize=101
[2022.03.09-16.29.28:115][  0]LogPakFile: PakFile FullDirectoryIndexSize=148
[2022.03.09-16.29.28:115][  0]LogShaderLibrary: Display: ShaderCodeLibraryPakFileMountedCallback: PakFile 'C:/Games/Epic Games/UE_4.27/FeaturePacks/StarterContent.upack' (chunk index -1, root 'root:/') mounted
[2022.03.09-16.29.28:115][  0]LogShaderLibrary: Display: ShaderCodeLibraryPakFileMountedCallback: pending pak file info (ChunkID:-1 Root:root:/ File:C:/Games/Epic Games/UE_4.27/FeaturePacks/StarterContent.upack)
[2022.03.09-16.29.28:116][  0]LogPakFile: OnPakFileMounted2Time == 0.000177
[2022.03.09-16.29.28:116][  0]LogPakFile: PakFile PrimaryIndexSize=190
[2022.03.09-16.29.28:116][  0]LogPakFile: PakFile PathHashIndexSize=101
[2022.03.09-16.29.28:116][  0]LogPakFile: PakFile FullDirectoryIndexSize=154
[2022.03.09-16.29.28:116][  0]LogShaderLibrary: Display: ShaderCodeLibraryPakFileMountedCallback: PakFile 'C:/Games/Epic Games/UE_4.27/FeaturePacks/TP_2DSideScroller.upack' (chunk index -1, root 'root:/') mounted
[2022.03.09-16.29.28:117][  0]LogShaderLibrary: Display: ShaderCodeLibraryPakFileMountedCallback: pending pak file info (ChunkID:-1 Root:root:/ File:C:/Games/Epic Games/UE_4.27/FeaturePacks/TP_2DSideScroller.upack)
[2022.03.09-16.29.28:117][  0]LogPakFile: OnPakFileMounted2Time == 0.000169
[2022.03.09-16.29.28:117][  0]LogPakFile: PakFile PrimaryIndexSize=192
[2022.03.09-16.29.28:117][  0]LogPakFile: PakFile PathHashIndexSize=101
[2022.03.09-16.29.28:117][  0]LogPakFile: PakFile FullDirectoryIndexSize=158
[2022.03.09-16.29.28:118][  0]LogShaderLibrary: Display: ShaderCodeLibraryPakFileMountedCallback: PakFile 'C:/Games/Epic Games/UE_4.27/FeaturePacks/TP_2DSideScrollerBP.upack' (chunk index -1, root 'root:/') mounted
[2022.03.09-16.29.28:118][  0]LogShaderLibrary: Display: ShaderCodeLibraryPakFileMountedCallback: pending pak file info (ChunkID:-1 Root:root:/ File:C:/Games/Epic Games/UE_4.27/FeaturePacks/TP_2DSideScrollerBP.upack)
[2022.03.09-16.29.28:118][  0]LogPakFile: OnPakFileMounted2Time == 0.000162
[2022.03.09-16.29.28:118][  0]LogPakFile: PakFile PrimaryIndexSize=182
[2022.03.09-16.29.28:118][  0]LogPakFile: PakFile PathHashIndexSize=101
[2022.03.09-16.29.28:119][  0]LogPakFile: PakFile FullDirectoryIndexSize=138
[2022.03.09-16.29.28:119][  0]LogShaderLibrary: Display: ShaderCodeLibraryPakFileMountedCallback: PakFile 'C:/Games/Epic Games/UE_4.27/FeaturePacks/TP_Flying.upack' (chunk index -1, root 'root:/') mounted
[2022.03.09-16.29.28:119][  0]LogShaderLibrary: Display: ShaderCodeLibraryPakFileMountedCallback: pending pak file info (ChunkID:-1 Root:root:/ File:C:/Games/Epic Games/UE_4.27/FeaturePacks/TP_Flying.upack)
[2022.03.09-16.29.28:119][  0]LogPakFile: OnPakFileMounted2Time == 0.000168
[2022.03.09-16.29.28:120][  0]LogPakFile: PakFile PrimaryIndexSize=184
[2022.03.09-16.29.28:120][  0]LogPakFile: PakFile PathHashIndexSize=101
[2022.03.09-16.29.28:120][  0]LogPakFile: PakFile FullDirectoryIndexSize=142
[2022.03.09-16.29.28:120][  0]LogShaderLibrary: Display: ShaderCodeLibraryPakFileMountedCallback: PakFile 'C:/Games/Epic Games/UE_4.27/FeaturePacks/TP_FlyingBP.upack' (chunk index -1, root 'root:/') mounted
[2022.03.09-16.29.28:120][  0]LogShaderLibrary: Display: ShaderCodeLibraryPakFileMountedCallback: pending pak file info (ChunkID:-1 Root:root:/ File:C:/Games/Epic Games/UE_4.27/FeaturePacks/TP_FlyingBP.upack)
[2022.03.09-16.29.28:120][  0]LogPakFile: OnPakFileMounted2Time == 0.000165
[2022.03.09-16.29.28:121][  0]LogPakFile: PakFile PrimaryIndexSize=188
[2022.03.09-16.29.28:121][  0]LogPakFile: PakFile PathHashIndexSize=101
[2022.03.09-16.29.28:121][  0]LogPakFile: PakFile FullDirectoryIndexSize=150
[2022.03.09-16.29.28:121][  0]LogShaderLibrary: Display: ShaderCodeLibraryPakFileMountedCallback: PakFile 'C:/Games/Epic Games/UE_4.27/FeaturePacks/TP_HandheldARBP.upack' (chunk index -1, root 'root:/') mounted
[2022.03.09-16.29.28:121][  0]LogShaderLibrary: Display: ShaderCodeLibraryPakFileMountedCallback: pending pak file info (ChunkID:-1 Root:root:/ File:C:/Games/Epic Games/UE_4.27/FeaturePacks/TP_HandheldARBP.upack)
[2022.03.09-16.29.28:121][  0]LogPakFile: OnPakFileMounted2Time == 0.000157
[2022.03.09-16.29.28:122][  0]LogPakFile: PakFile PrimaryIndexSize=182
[2022.03.09-16.29.28:122][  0]LogPakFile: PakFile PathHashIndexSize=101
[2022.03.09-16.29.28:122][  0]LogPakFile: PakFile FullDirectoryIndexSize=138
[2022.03.09-16.29.28:122][  0]LogShaderLibrary: Display: ShaderCodeLibraryPakFileMountedCallback: PakFile 'C:/Games/Epic Games/UE_4.27/FeaturePacks/TP_Puzzle.upack' (chunk index -1, root 'root:/') mounted
[2022.03.09-16.29.28:122][  0]LogShaderLibrary: Display: ShaderCodeLibraryPakFileMountedCallback: pending pak file info (ChunkID:-1 Root:root:/ File:C:/Games/Epic Games/UE_4.27/FeaturePacks/TP_Puzzle.upack)
[2022.03.09-16.29.28:122][  0]LogPakFile: OnPakFileMounted2Time == 0.000158
[2022.03.09-16.29.28:123][  0]LogPakFile: PakFile PrimaryIndexSize=184
[2022.03.09-16.29.28:123][  0]LogPakFile: PakFile PathHashIndexSize=101
[2022.03.09-16.29.28:123][  0]LogPakFile: PakFile FullDirectoryIndexSize=142
[2022.03.09-16.29.28:123][  0]LogShaderLibrary: Display: ShaderCodeLibraryPakFileMountedCallback: PakFile 'C:/Games/Epic Games/UE_4.27/FeaturePacks/TP_PuzzleBP.upack' (chunk index -1, root 'root:/') mounted
[2022.03.09-16.29.28:123][  0]LogShaderLibrary: Display: ShaderCodeLibraryPakFileMountedCallback: pending pak file info (ChunkID:-1 Root:root:/ File:C:/Games/Epic Games/UE_4.27/FeaturePacks/TP_PuzzleBP.upack)
[2022.03.09-16.29.28:123][  0]LogPakFile: OnPakFileMounted2Time == 0.000134
[2022.03.09-16.29.28:124][  0]LogPakFile: PakFile PrimaryIndexSize=183
[2022.03.09-16.29.28:124][  0]LogPakFile: PakFile PathHashIndexSize=101
[2022.03.09-16.29.28:124][  0]LogPakFile: PakFile FullDirectoryIndexSize=140
[2022.03.09-16.29.28:124][  0]LogShaderLibrary: Display: ShaderCodeLibraryPakFileMountedCallback: PakFile 'C:/Games/Epic Games/UE_4.27/FeaturePacks/TP_Rolling.upack' (chunk index -1, root 'root:/') mounted
[2022.03.09-16.29.28:124][  0]LogShaderLibrary: Display: ShaderCodeLibraryPakFileMountedCallback: pending pak file info (ChunkID:-1 Root:root:/ File:C:/Games/Epic Games/UE_4.27/FeaturePacks/TP_Rolling.upack)
[2022.03.09-16.29.28:124][  0]LogPakFile: OnPakFileMounted2Time == 0.000168
[2022.03.09-16.29.28:125][  0]LogPakFile: PakFile PrimaryIndexSize=185
[2022.03.09-16.29.28:125][  0]LogPakFile: PakFile PathHashIndexSize=101
[2022.03.09-16.29.28:125][  0]LogPakFile: PakFile FullDirectoryIndexSize=144
[2022.03.09-16.29.28:125][  0]LogShaderLibrary: Display: ShaderCodeLibraryPakFileMountedCallback: PakFile 'C:/Games/Epic Games/UE_4.27/FeaturePacks/TP_RollingBP.upack' (chunk index -1, root 'root:/') mounted
[2022.03.09-16.29.28:126][  0]LogShaderLibrary: Display: ShaderCodeLibraryPakFileMountedCallback: pending pak file info (ChunkID:-1 Root:root:/ File:C:/Games/Epic Games/UE_4.27/FeaturePacks/TP_RollingBP.upack)
[2022.03.09-16.29.28:126][  0]LogPakFile: OnPakFileMounted2Time == 0.000158
[2022.03.09-16.29.28:126][  0]LogPakFile: PakFile PrimaryIndexSize=188
[2022.03.09-16.29.28:126][  0]LogPakFile: PakFile PathHashIndexSize=101
[2022.03.09-16.29.28:126][  0]LogPakFile: PakFile FullDirectoryIndexSize=150
[2022.03.09-16.29.28:127][  0]LogShaderLibrary: Display: ShaderCodeLibraryPakFileMountedCallback: PakFile 'C:/Games/Epic Games/UE_4.27/FeaturePacks/TP_SideScroller.upack' (chunk index -1, root 'root:/') mounted
[2022.03.09-16.29.28:127][  0]LogShaderLibrary: Display: ShaderCodeLibraryPakFileMountedCallback: pending pak file info (ChunkID:-1 Root:root:/ File:C:/Games/Epic Games/UE_4.27/FeaturePacks/TP_SideScroller.upack)
[2022.03.09-16.29.28:127][  0]LogPakFile: OnPakFileMounted2Time == 0.000165
[2022.03.09-16.29.28:127][  0]LogPakFile: PakFile PrimaryIndexSize=190
[2022.03.09-16.29.28:128][  0]LogPakFile: PakFile PathHashIndexSize=101
[2022.03.09-16.29.28:128][  0]LogPakFile: PakFile FullDirectoryIndexSize=154
[2022.03.09-16.29.28:128][  0]LogShaderLibrary: Display: ShaderCodeLibraryPakFileMountedCallback: PakFile 'C:/Games/Epic Games/UE_4.27/FeaturePacks/TP_SideScrollerBP.upack' (chunk index -1, root 'root:/') mounted
[2022.03.09-16.29.28:128][  0]LogShaderLibrary: Display: ShaderCodeLibraryPakFileMountedCallback: pending pak file info (ChunkID:-1 Root:root:/ File:C:/Games/Epic Games/UE_4.27/FeaturePacks/TP_SideScrollerBP.upack)
[2022.03.09-16.29.28:128][  0]LogPakFile: OnPakFileMounted2Time == 0.000171
[2022.03.09-16.29.28:129][  0]LogPakFile: PakFile PrimaryIndexSize=187
[2022.03.09-16.29.28:129][  0]LogPakFile: PakFile PathHashIndexSize=101
[2022.03.09-16.29.28:129][  0]LogPakFile: PakFile FullDirectoryIndexSize=148
[2022.03.09-16.29.28:129][  0]LogShaderLibrary: Display: ShaderCodeLibraryPakFileMountedCallback: PakFile 'C:/Games/Epic Games/UE_4.27/FeaturePacks/TP_ThirdPerson.upack' (chunk index -1, root 'root:/') mounted
[2022.03.09-16.29.28:129][  0]LogShaderLibrary: Display: ShaderCodeLibraryPakFileMountedCallback: pending pak file info (ChunkID:-1 Root:root:/ File:C:/Games/Epic Games/UE_4.27/FeaturePacks/TP_ThirdPerson.upack)
[2022.03.09-16.29.28:129][  0]LogPakFile: OnPakFileMounted2Time == 0.000181
[2022.03.09-16.29.28:130][  0]LogPakFile: PakFile PrimaryIndexSize=189
[2022.03.09-16.29.28:130][  0]LogPakFile: PakFile PathHashIndexSize=101
[2022.03.09-16.29.28:130][  0]LogPakFile: PakFile FullDirectoryIndexSize=152
[2022.03.09-16.29.28:130][  0]LogShaderLibrary: Display: ShaderCodeLibraryPakFileMountedCallback: PakFile 'C:/Games/Epic Games/UE_4.27/FeaturePacks/TP_ThirdPersonBP.upack' (chunk index -1, root 'root:/') mounted
[2022.03.09-16.29.28:130][  0]LogShaderLibrary: Display: ShaderCodeLibraryPakFileMountedCallback: pending pak file info (ChunkID:-1 Root:root:/ File:C:/Games/Epic Games/UE_4.27/FeaturePacks/TP_ThirdPersonBP.upack)
[2022.03.09-16.29.28:130][  0]LogPakFile: OnPakFileMounted2Time == 0.000166
[2022.03.09-16.29.28:131][  0]LogPakFile: PakFile PrimaryIndexSize=183
[2022.03.09-16.29.28:131][  0]LogPakFile: PakFile PathHashIndexSize=101
[2022.03.09-16.29.28:131][  0]LogPakFile: PakFile FullDirectoryIndexSize=140
[2022.03.09-16.29.28:131][  0]LogShaderLibrary: Display: ShaderCodeLibraryPakFileMountedCallback: PakFile 'C:/Games/Epic Games/UE_4.27/FeaturePacks/TP_TopDown.upack' (chunk index -1, root 'root:/') mounted
[2022.03.09-16.29.28:131][  0]LogShaderLibrary: Display: ShaderCodeLibraryPakFileMountedCallback: pending pak file info (ChunkID:-1 Root:root:/ File:C:/Games/Epic Games/UE_4.27/FeaturePacks/TP_TopDown.upack)
[2022.03.09-16.29.28:131][  0]LogPakFile: OnPakFileMounted2Time == 0.000179
[2022.03.09-16.29.28:132][  0]LogPakFile: PakFile PrimaryIndexSize=185
[2022.03.09-16.29.28:132][  0]LogPakFile: PakFile PathHashIndexSize=101
[2022.03.09-16.29.28:132][  0]LogPakFile: PakFile FullDirectoryIndexSize=144
[2022.03.09-16.29.28:132][  0]LogShaderLibrary: Display: ShaderCodeLibraryPakFileMountedCallback: PakFile 'C:/Games/Epic Games/UE_4.27/FeaturePacks/TP_TopDownBP.upack' (chunk index -1, root 'root:/') mounted
[2022.03.09-16.29.28:132][  0]LogShaderLibrary: Display: ShaderCodeLibraryPakFileMountedCallback: pending pak file info (ChunkID:-1 Root:root:/ File:C:/Games/Epic Games/UE_4.27/FeaturePacks/TP_TopDownBP.upack)
[2022.03.09-16.29.28:132][  0]LogPakFile: OnPakFileMounted2Time == 0.000170
[2022.03.09-16.29.28:133][  0]LogPakFile: PakFile PrimaryIndexSize=185
[2022.03.09-16.29.28:133][  0]LogPakFile: PakFile PathHashIndexSize=101
[2022.03.09-16.29.28:133][  0]LogPakFile: PakFile FullDirectoryIndexSize=144
[2022.03.09-16.29.28:133][  0]LogShaderLibrary: Display: ShaderCodeLibraryPakFileMountedCallback: PakFile 'C:/Games/Epic Games/UE_4.27/FeaturePacks/TP_TwinStick.upack' (chunk index -1, root 'root:/') mounted
[2022.03.09-16.29.28:133][  0]LogShaderLibrary: Display: ShaderCodeLibraryPakFileMountedCallback: pending pak file info (ChunkID:-1 Root:root:/ File:C:/Games/Epic Games/UE_4.27/FeaturePacks/TP_TwinStick.upack)
[2022.03.09-16.29.28:134][  0]LogPakFile: OnPakFileMounted2Time == 0.000149
[2022.03.09-16.29.28:134][  0]LogPakFile: PakFile PrimaryIndexSize=187
[2022.03.09-16.29.28:134][  0]LogPakFile: PakFile PathHashIndexSize=101
[2022.03.09-16.29.28:134][  0]LogPakFile: PakFile FullDirectoryIndexSize=148
[2022.03.09-16.29.28:135][  0]LogShaderLibrary: Display: ShaderCodeLibraryPakFileMountedCallback: PakFile 'C:/Games/Epic Games/UE_4.27/FeaturePacks/TP_TwinStickBP.upack' (chunk index -1, root 'root:/') mounted
[2022.03.09-16.29.28:135][  0]LogShaderLibrary: Display: ShaderCodeLibraryPakFileMountedCallback: pending pak file info (ChunkID:-1 Root:root:/ File:C:/Games/Epic Games/UE_4.27/FeaturePacks/TP_TwinStickBP.upack)
[2022.03.09-16.29.28:135][  0]LogPakFile: OnPakFileMounted2Time == 0.000127
[2022.03.09-16.29.28:135][  0]LogPakFile: PakFile PrimaryIndexSize=183
[2022.03.09-16.29.28:135][  0]LogPakFile: PakFile PathHashIndexSize=101
[2022.03.09-16.29.28:136][  0]LogPakFile: PakFile FullDirectoryIndexSize=140
[2022.03.09-16.29.28:136][  0]LogShaderLibrary: Display: ShaderCodeLibraryPakFileMountedCallback: PakFile 'C:/Games/Epic Games/UE_4.27/FeaturePacks/TP_Vehicle.upack' (chunk index -1, root 'root:/') mounted
[2022.03.09-16.29.28:136][  0]LogShaderLibrary: Display: ShaderCodeLibraryPakFileMountedCallback: pending pak file info (ChunkID:-1 Root:root:/ File:C:/Games/Epic Games/UE_4.27/FeaturePacks/TP_Vehicle.upack)
[2022.03.09-16.29.28:136][  0]LogPakFile: OnPakFileMounted2Time == 0.000169
[2022.03.09-16.29.28:137][  0]LogPakFile: PakFile PrimaryIndexSize=186
[2022.03.09-16.29.28:137][  0]LogPakFile: PakFile PathHashIndexSize=101
[2022.03.09-16.29.28:137][  0]LogPakFile: PakFile FullDirectoryIndexSize=146
[2022.03.09-16.29.28:137][  0]LogShaderLibrary: Display: ShaderCodeLibraryPakFileMountedCallback: PakFile 'C:/Games/Epic Games/UE_4.27/FeaturePacks/TP_VehicleAdv.upack' (chunk index -1, root 'root:/') mounted
[2022.03.09-16.29.28:137][  0]LogShaderLibrary: Display: ShaderCodeLibraryPakFileMountedCallback: pending pak file info (ChunkID:-1 Root:root:/ File:C:/Games/Epic Games/UE_4.27/FeaturePacks/TP_VehicleAdv.upack)
[2022.03.09-16.29.28:137][  0]LogPakFile: OnPakFileMounted2Time == 0.000172
[2022.03.09-16.29.28:138][  0]LogPakFile: PakFile PrimaryIndexSize=188
[2022.03.09-16.29.28:138][  0]LogPakFile: PakFile PathHashIndexSize=101
[2022.03.09-16.29.28:138][  0]LogPakFile: PakFile FullDirectoryIndexSize=150
[2022.03.09-16.29.28:138][  0]LogShaderLibrary: Display: ShaderCodeLibraryPakFileMountedCallback: PakFile 'C:/Games/Epic Games/UE_4.27/FeaturePacks/TP_VehicleAdvBP.upack' (chunk index -1, root 'root:/') mounted
[2022.03.09-16.29.28:138][  0]LogShaderLibrary: Display: ShaderCodeLibraryPakFileMountedCallback: pending pak file info (ChunkID:-1 Root:root:/ File:C:/Games/Epic Games/UE_4.27/FeaturePacks/TP_VehicleAdvBP.upack)
[2022.03.09-16.29.28:138][  0]LogPakFile: OnPakFileMounted2Time == 0.000272
[2022.03.09-16.29.28:139][  0]LogPakFile: PakFile PrimaryIndexSize=185
[2022.03.09-16.29.28:139][  0]LogPakFile: PakFile PathHashIndexSize=101
[2022.03.09-16.29.28:139][  0]LogPakFile: PakFile FullDirectoryIndexSize=144
[2022.03.09-16.29.28:139][  0]LogShaderLibrary: Display: ShaderCodeLibraryPakFileMountedCallback: PakFile 'C:/Games/Epic Games/UE_4.27/FeaturePacks/TP_VehicleBP.upack' (chunk index -1, root 'root:/') mounted
[2022.03.09-16.29.28:139][  0]LogShaderLibrary: Display: ShaderCodeLibraryPakFileMountedCallback: pending pak file info (ChunkID:-1 Root:root:/ File:C:/Games/Epic Games/UE_4.27/FeaturePacks/TP_VehicleBP.upack)
[2022.03.09-16.29.28:139][  0]LogPakFile: OnPakFileMounted2Time == 0.000149
[2022.03.09-16.29.28:140][  0]LogPakFile: PakFile PrimaryIndexSize=192
[2022.03.09-16.29.28:140][  0]LogPakFile: PakFile PathHashIndexSize=101
[2022.03.09-16.29.28:140][  0]LogPakFile: PakFile FullDirectoryIndexSize=158
[2022.03.09-16.29.28:140][  0]LogShaderLibrary: Display: ShaderCodeLibraryPakFileMountedCallback: PakFile 'C:/Games/Epic Games/UE_4.27/FeaturePacks/TP_VirtualRealityBP.upack' (chunk index -1, root 'root:/') mounted
[2022.03.09-16.29.28:140][  0]LogShaderLibrary: Display: ShaderCodeLibraryPakFileMountedCallback: pending pak file info (ChunkID:-1 Root:root:/ File:C:/Games/Epic Games/UE_4.27/FeaturePacks/TP_VirtualRealityBP.upack)
[2022.03.09-16.29.28:140][  0]LogPakFile: OnPakFileMounted2Time == 0.000139
[2022.03.09-16.29.28:211][  0]LogNativeClassHierarchy: Verbose: Native class hierarchy updated for 'AddContentDialog' in 0.0004 seconds. Added 0 classes and 0 folders.
[2022.03.09-16.29.28:212][  0]LogNativeClassHierarchy: Verbose: Native class hierarchy updated for 'SceneOutliner' in 0.0003 seconds. Added 2 classes and 0 folders.
[2022.03.09-16.29.28:244][  0]LogSlate: Took 0.000258 seconds to synchronously load lazily loaded font '../../../Engine/Content/Slate/Fonts/Roboto-Regular.ttf' (155K)
[2022.03.09-16.29.28:246][  0]LogSlate: Took 0.000179 seconds to synchronously load lazily loaded font '../../../Engine/Content/Editor/Slate/Fonts/FontAwesome.ttf' (139K)
[2022.03.09-16.29.28:247][  0]LogSlate: Took 0.000226 seconds to synchronously load lazily loaded font '../../../Engine/Content/Slate/Fonts/Roboto-Bold.ttf' (160K)
[2022.03.09-16.29.28:339][  0]LogRenderer: Reallocating scene render targets to support 1208x572 Format 10 NumSamples 1 (Frame:1).
[2022.03.09-16.29.28:388][  0]LogSlate: Took 0.000218 seconds to synchronously load lazily loaded font '../../../Engine/Content/Slate/Fonts/Roboto-Light.ttf' (167K)
[2022.03.09-16.29.28:441][  0]LogNativeClassHierarchy: Verbose: Native class hierarchy updated for 'HierarchicalLODOutliner' in 0.0003 seconds. Added 0 classes and 0 folders.
[2022.03.09-16.29.28:441][  0]LogLoad: (Engine Initialization) Total time: 9.98 seconds
[2022.03.09-16.29.28:441][  0]LogLoad: (Engine Initialization) Total Blueprint compile time: 0.00 seconds
[2022.03.09-16.29.28:530][  0]LogAssetRegistry: Asset discovery search completed in 5.5412 seconds
[2022.03.09-16.29.28:537][  0]LogCollectionManager: Fixed up redirectors for 0 collections in 0.000003 seconds (updated 0 objects)
[2022.03.09-16.29.28:539][  0]LogContentStreaming: Texture pool size now 1000 MB
[2022.03.09-16.29.48:824][378]LogSlate: Took 0.007216 seconds to synchronously load lazily loaded font '../../../Engine/Content/Slate/Fonts/DroidSansMono.ttf' (77K)
