Log file open, 02/25/22 10:42:27
LogWindows: Failed to load 'aqProf.dll' (GetLastError=126)
LogWindows: File 'aqProf.dll' does not exist
LogWindows: Failed to load 'VtuneApi.dll' (GetLastError=126)
LogWindows: File 'VtuneApi.dll' does not exist
LogWindows: Failed to load 'VtuneApi32e.dll' (GetLastError=126)
LogWindows: File 'VtuneApi32e.dll' does not exist
LogConsoleResponse: Display: Failed to find resolution value strings in scalability ini. Falling back to default.
LogConsoleResponse: Display: Failed to find resolution value strings in scalability ini. Falling back to default.
LogInit: Display: Running engine for game: GeometrySandbox
LogPlatformFile: Not using cached read wrapper
LogTaskGraph: Started task graph with 5 named threads and 23 total threads with 3 sets of task threads.
LogStats: Stats thread started at 1.150236
LogICUInternationalization: ICU TimeZone Detection - Raw Offset: +3:00, Platform Override: ''
LogInit: Display: Loading text-based GConfig....
LogPluginManager: Mounting plugin MeshPainting
LogPluginManager: Mounting plugin XGEController
LogPluginManager: Mounting plugin AISupport
LogPluginManager: Mounting plugin EnvironmentQueryEditor
LogPluginManager: Mounting plugin Paper2D
LogPluginManager: Mounting plugin LightPropagationVolume
LogPluginManager: Mounting plugin CameraShakePreviewer
LogPluginManager: Mounting plugin LiveLink
LogPluginManager: Mounting plugin AnimationSharing
LogPluginManager: Mounting plugin OodleData
LogPluginManager: Mounting plugin CLionSourceCodeAccess
LogPluginManager: Mounting plugin OodleNetwork
LogPluginManager: Mounting plugin GitSourceControl
LogPluginManager: Mounting plugin CodeLiteSourceCodeAccess
LogPluginManager: Mounting plugin NullSourceCodeAccess
LogPluginManager: Mounting plugin KDevelopSourceCodeAccess
LogPluginManager: Mounting plugin PerforceSourceControl
LogPluginManager: Mounting plugin PixWinPlugin
LogPluginManager: Mounting plugin PluginUtils
LogPluginManager: Mounting plugin PlasticSourceControl
LogPluginManager: Mounting plugin PropertyAccessNode
LogPluginManager: Mounting plugin RiderSourceCodeAccess
LogPluginManager: Mounting plugin SubversionSourceControl
LogPluginManager: Mounting plugin TextureFormatOodle
LogPluginManager: Mounting plugin UObjectPlugin
LogPluginManager: Mounting plugin XCodeSourceCodeAccess
LogPluginManager: Mounting plugin VisualStudioSourceCodeAccess
LogPluginManager: Mounting plugin VisualStudioCodeSourceCodeAccess
LogPluginManager: Mounting plugin AssetManagerEditor
LogPluginManager: Mounting plugin DatasmithContent
LogPluginManager: Mounting plugin VariantManagerContent
LogPluginManager: Mounting plugin CryptoKeys
LogPluginManager: Mounting plugin CurveEditorTools
LogPluginManager: Mounting plugin DataValidation
LogPluginManager: Mounting plugin FacialAnimation
LogPluginManager: Mounting plugin GameplayTagsEditor
LogPluginManager: Mounting plugin GeometryMode
LogPluginManager: Mounting plugin MacGraphicsSwitching
LogPluginManager: Mounting plugin MaterialAnalyzer
LogPluginManager: Mounting plugin PluginBrowser
LogPluginManager: Mounting plugin MobileLauncherProfileWizard
LogPluginManager: Mounting plugin SpeedTreeImporter
LogPluginManager: Mounting plugin Niagara
LogPluginManager: Mounting plugin AlembicImporter
LogPluginManager: Mounting plugin BackChannel
LogPluginManager: Mounting plugin AutomationUtils
LogPluginManager: Mounting plugin ChaosCloth
LogPluginManager: Mounting plugin ChaosEditor
LogPluginManager: Mounting plugin ChaosClothEditor
LogPluginManager: Mounting plugin ChaosNiagara
LogPluginManager: Mounting plugin ChaosSolverPlugin
LogPluginManager: Mounting plugin CharacterAI
LogPluginManager: Mounting plugin GeometryCache
LogPluginManager: Mounting plugin GeometryProcessing
LogPluginManager: Mounting plugin GeometryCollectionPlugin
LogPluginManager: Mounting plugin MotoSynth
LogPluginManager: Mounting plugin OpenImageDenoise
LogPluginManager: Mounting plugin PlatformCrypto
LogPluginManager: Mounting plugin PlanarCut
LogPluginManager: Mounting plugin PythonScriptPlugin
LogPluginManager: Mounting plugin ProxyLODPlugin
LogPluginManager: Mounting plugin SkeletalReduction
LogPluginManager: Mounting plugin AndroidMedia
LogPluginManager: Mounting plugin AvfMedia
LogPluginManager: Mounting plugin ImgMedia
LogPluginManager: Mounting plugin MediaCompositing
LogPluginManager: Mounting plugin MediaPlayerEditor
LogPluginManager: Mounting plugin WmfMedia
LogPluginManager: Mounting plugin WebMMedia
LogPluginManager: Mounting plugin TcpMessaging
LogPluginManager: Mounting plugin ActorSequence
LogPluginManager: Mounting plugin UdpMessaging
LogPluginManager: Mounting plugin LevelSequenceEditor
LogPluginManager: Mounting plugin MatineeToLevelSequence
LogPluginManager: Mounting plugin TemplateSequence
LogPluginManager: Mounting plugin LuminPlatformFeatures
LogPluginManager: Mounting plugin MagicLeap
LogPluginManager: Mounting plugin MagicLeapLightEstimation
LogPluginManager: Mounting plugin MagicLeapMedia
LogPluginManager: Mounting plugin MagicLeapPassableWorld
LogPluginManager: Mounting plugin MLSDK
LogPluginManager: Mounting plugin OnlineSubsystem
LogPluginManager: Mounting plugin OnlineSubsystemNull
LogPluginManager: Mounting plugin OnlineSubsystemUtils
LogPluginManager: Mounting plugin LauncherChunkInstaller
LogPluginManager: Mounting plugin ActorLayerUtilities
LogPluginManager: Mounting plugin AndroidDeviceProfileSelector
LogPluginManager: Mounting plugin AndroidMoviePlayer
LogPluginManager: Mounting plugin ScreenshotTools
LogPluginManager: Mounting plugin AndroidPermission
LogPluginManager: Mounting plugin AppleImageUtils
LogPluginManager: Mounting plugin AppleMoviePlayer
LogPluginManager: Mounting plugin ArchVisCharacter
LogPluginManager: Mounting plugin AssetTags
LogPluginManager: Mounting plugin AudioCapture
LogPluginManager: Mounting plugin AudioSynesthesia
LogPluginManager: Mounting plugin CustomMeshComponent
LogPluginManager: Mounting plugin CableComponent
LogPluginManager: Mounting plugin ChunkDownloader
LogPluginManager: Mounting plugin EditableMesh
LogPluginManager: Mounting plugin ExampleDeviceProfileSelector
LogPluginManager: Mounting plugin GoogleCloudMessaging
LogPluginManager: Mounting plugin GooglePAD
LogPluginManager: Mounting plugin IOSDeviceProfileSelector
LogPluginManager: Mounting plugin LinuxDeviceProfileSelector
LogPluginManager: Mounting plugin LocationServicesBPLibrary
LogPluginManager: Mounting plugin MobilePatchingUtils
LogPluginManager: Mounting plugin OpenXR
LogPluginManager: Mounting plugin OpenXREyeTracker
LogPluginManager: Mounting plugin OpenXRHandTracking
LogPluginManager: Mounting plugin PhysXVehicles
LogPluginManager: Mounting plugin Takes
LogPluginManager: Mounting plugin ProceduralMeshComponent
LogPluginManager: Mounting plugin SignificanceManager
LogPluginManager: Mounting plugin RuntimePhysXCooking
LogPluginManager: Mounting plugin PostSplashScreen
LogPluginManager: Mounting plugin SoundFields
LogPluginManager: Mounting plugin PropertyAccessEditor
LogPluginManager: Mounting plugin Synthesis
LogPluginManager: Mounting plugin WebMMoviePlayer
LogPluginManager: Mounting plugin GameplayCameras
LogPluginManager: Mounting plugin WindowsMoviePlayer
LogPluginManager: Mounting plugin ContentBrowserAssetDataSource
LogPluginManager: Mounting plugin ContentBrowserFileDataSource
LogPluginManager: Mounting plugin ContentBrowserClassDataSource
LogPluginManager: Mounting plugin OnlineSubsystemGooglePlay
LogPluginManager: Mounting plugin OnlineSubsystemIOS
LogPluginManager: Mounting plugin OculusVR
LogPluginManager: Mounting plugin SteamVR
PixWinPlugin: PIX capture plugin failed to initialize! Check that the process is launched from PIX.
LogInit: Using libcurl 7.55.1-DEV
LogInit:  - built for x86_64-pc-win32
LogInit:  - supports SSL with OpenSSL/1.1.1
LogInit:  - supports HTTP deflate (compression) using libz 1.2.8
LogInit:  - other features:
LogInit:      CURL_VERSION_SSL
LogInit:      CURL_VERSION_LIBZ
LogInit:      CURL_VERSION_IPV6
LogInit:      CURL_VERSION_ASYNCHDNS
LogInit:      CURL_VERSION_LARGEFILE
LogInit:      CURL_VERSION_IDN
LogInit:  CurlRequestOptions (configurable via config and command line):
LogInit:  - bVerifyPeer = true  - Libcurl will verify peer certificate
LogInit:  - bUseHttpProxy = false  - Libcurl will NOT use HTTP proxy
LogInit:  - bDontReuseConnections = false  - Libcurl will reuse connections
LogInit:  - MaxHostConnections = 16  - Libcurl will limit the number of connections to a host
LogInit:  - LocalHostAddr = Default
LogInit:  - BufferSize = 65536
LogOnline: OSS: Creating online subsystem instance for: NULL
LogInit: WinSock: version 1.1 (2.2), MaxSocks=32767, MaxUdp=65467
LogOnline: OSS: TryLoadSubsystemAndSetDefault: Loaded subsystem for module [NULL]
LogOculusPluginWrapper: OculusPlugin initialized successfully
LogHMD: Failed initializing OVRPlugin 1.59.0
LogInit: Build: ++UE4+Release-4.27-CL-18319896
LogInit: Engine Version: 4.27.2-18319896+++UE4+Release-4.27
LogInit: Compatible Engine Version: 4.27.0-17155196+++UE4+Release-4.27
LogInit: Net CL: 17155196
LogInit: OS: Windows 10 (Release 2004) (), CPU: AMD Ryzen 5 1500X Quad-Core Processor          , GPU: NVIDIA GeForce GTX 1060 6GB
LogInit: Compiled (64-bit): Nov 30 2021 07:12:08
LogInit: Compiled with Visual C++: 19.24.28315.00
LogInit: Build Configuration: Development
LogInit: Branch Name: ++UE4+Release-4.27
LogInit: Command Line:  -skipcompile
LogInit: Base Directory: C:/Games/Epic Games/UE_4.27/Engine/Binaries/Win64/
LogInit: Allocator: TBB
LogInit: Installed Engine Build: 1
LogDevObjectVersion: Number of dev versions registered: 29
LogDevObjectVersion:   Dev-Blueprints (B0D832E4-1F89-4F0D-ACCF-7EB736FD4AA2): 10
LogDevObjectVersion:   Dev-Build (E1C64328-A22C-4D53-A36C-8E866417BD8C): 0
LogDevObjectVersion:   Dev-Core (375EC13C-06E4-48FB-B500-84F0262A717E): 4
LogDevObjectVersion:   Dev-Editor (E4B068ED-F494-42E9-A231-DA0B2E46BB41): 40
LogDevObjectVersion:   Dev-Framework (CFFC743F-43B0-4480-9391-14DF171D2073): 37
LogDevObjectVersion:   Dev-Mobile (B02B49B5-BB20-44E9-A304-32B752E40360): 3
LogDevObjectVersion:   Dev-Networking (A4E4105C-59A1-49B5-A7C5-40C4547EDFEE): 0
LogDevObjectVersion:   Dev-Online (39C831C9-5AE6-47DC-9A44-9C173E1C8E7C): 0
LogDevObjectVersion:   Dev-Physics (78F01B33-EBEA-4F98-B9B4-84EACCB95AA2): 14
LogDevObjectVersion:   Dev-Platform (6631380F-2D4D-43E0-8009-CF276956A95A): 0
LogDevObjectVersion:   Dev-Rendering (12F88B9F-8875-4AFC-A67C-D90C383ABD29): 45
LogDevObjectVersion:   Dev-Sequencer (7B5AE74C-D270-4C10-A958-57980B212A5A): 13
LogDevObjectVersion:   Dev-VR (D7296918-1DD6-4BDD-9DE2-64A83CC13884): 3
LogDevObjectVersion:   Dev-LoadTimes (C2A15278-BFE7-4AFE-6C17-90FF531DF755): 1
LogDevObjectVersion:   Private-Geometry (6EACA3D4-40EC-4CC1-B786-8BED09428FC5): 3
LogDevObjectVersion:   Dev-AnimPhys (29E575DD-E0A3-4627-9D10-D276232CDCEA): 17
LogDevObjectVersion:   Dev-Anim (AF43A65D-7FD3-4947-9873-3E8ED9C1BB05): 15
LogDevObjectVersion:   Dev-ReflectionCapture (6B266CEC-1EC7-4B8F-A30B-E4D90942FC07): 1
LogDevObjectVersion:   Dev-Automation (0DF73D61-A23F-47EA-B727-89E90C41499A): 1
LogDevObjectVersion:   FortniteMain (601D1886-AC64-4F84-AA16-D3DE0DEAC7D6): 47
LogDevObjectVersion:   FortniteRelease (E7086368-6B23-4C58-8439-1B7016265E91): 1
LogDevObjectVersion:   Dev-Enterprise (9DFFBCD6-494F-0158-E221-12823C92A888): 10
LogDevObjectVersion:   Dev-Niagara (F2AED0AC-9AFE-416F-8664-AA7FFA26D6FC): 1
LogDevObjectVersion:   Dev-Destruction (174F1F0B-B4C6-45A5-B13F-2EE8D0FB917D): 10
LogDevObjectVersion:   Dev-Physics-Ext (35F94A83-E258-406C-A318-09F59610247C): 41
LogDevObjectVersion:   Dev-PhysicsMaterial-Chaos (B68FC16E-8B1B-42E2-B453-215C058844FE): 1
LogDevObjectVersion:   Dev-CineCamera (B2E18506-4273-CFC2-A54E-F4BB758BBA07): 1
LogDevObjectVersion:   Dev-VirtualProduction (64F58936-FD1B-42BA-BA96-7289D5D0FA4E): 1
LogDevObjectVersion:   Dev-MediaFramework (6F0ED827-A609-4895-9C91-998D90180EA4): 2
LogInit: Presizing for max 25165824 objects, including 0 objects not considered by GC, pre-allocating 0 bytes for permanent pool.
LogConfig: Applying CVar settings from Section [/Script/Engine.StreamingSettings] File [C:/UnrealEngine_Projects/ue.course/GeometrySandbox/Saved/Config/Windows/Engine.ini]
LogConfig: Setting CVar [[s.MinBulkDataSizeForAsyncLoading:131072]]
LogConfig: Setting CVar [[s.AsyncLoadingThreadEnabled:0]]
LogConfig: Setting CVar [[s.EventDrivenLoaderEnabled:1]]
LogConfig: Setting CVar [[s.WarnIfTimeLimitExceeded:0]]
LogConfig: Setting CVar [[s.TimeLimitExceededMultiplier:1.5]]
LogConfig: Setting CVar [[s.TimeLimitExceededMinTime:0.005]]
LogConfig: Setting CVar [[s.UseBackgroundLevelStreaming:1]]
LogConfig: Setting CVar [[s.PriorityAsyncLoadingExtraTime:15.0]]
LogConfig: Setting CVar [[s.LevelStreamingActorsUpdateTimeLimit:5.0]]
LogConfig: Setting CVar [[s.PriorityLevelStreamingActorsUpdateExtraTime:5.0]]
LogConfig: Setting CVar [[s.LevelStreamingComponentsRegistrationGranularity:10]]
LogConfig: Setting CVar [[s.UnregisterComponentsTimeLimit:1.0]]
LogConfig: Setting CVar [[s.LevelStreamingComponentsUnregistrationGranularity:5]]
LogConfig: Setting CVar [[s.FlushStreamingOnExit:1]]
LogInit: Object subsystem initialized
LogConfig: Setting CVar [[con.DebugEarlyDefault:1]]
LogConfig: Setting CVar [[r.setres:1280x720]]
[2022.02.25-07.42.30:214][  0]LogConfig: Setting CVar [[r.VSync:0]]
[2022.02.25-07.42.30:214][  0]LogConfig: Setting CVar [[r.RHICmdBypass:0]]
[2022.02.25-07.42.30:214][  0]LogConfig: Applying CVar settings from Section [/Script/Engine.RendererSettings] File [C:/UnrealEngine_Projects/ue.course/GeometrySandbox/Saved/Config/Windows/Engine.ini]
[2022.02.25-07.42.30:214][  0]LogConfig: Setting CVar [[r.GPUCrashDebugging:0]]
[2022.02.25-07.42.30:214][  0]LogConfig: Applying CVar settings from Section [/Script/Engine.RendererOverrideSettings] File [C:/UnrealEngine_Projects/ue.course/GeometrySandbox/Saved/Config/Windows/Engine.ini]
[2022.02.25-07.42.30:214][  0]LogConfig: Applying CVar settings from Section [/Script/Engine.StreamingSettings] File [C:/UnrealEngine_Projects/ue.course/GeometrySandbox/Saved/Config/Windows/Engine.ini]
[2022.02.25-07.42.30:214][  0]LogConfig: Setting CVar [[s.MinBulkDataSizeForAsyncLoading:131072]]
[2022.02.25-07.42.30:214][  0]LogConfig: Setting CVar [[s.AsyncLoadingThreadEnabled:0]]
[2022.02.25-07.42.30:214][  0]LogConfig: Setting CVar [[s.EventDrivenLoaderEnabled:1]]
[2022.02.25-07.42.30:215][  0]LogConfig: Setting CVar [[s.WarnIfTimeLimitExceeded:0]]
[2022.02.25-07.42.30:215][  0]LogConfig: Setting CVar [[s.TimeLimitExceededMultiplier:1.5]]
[2022.02.25-07.42.30:215][  0]LogConfig: Setting CVar [[s.TimeLimitExceededMinTime:0.005]]
[2022.02.25-07.42.30:215][  0]LogConfig: Setting CVar [[s.UseBackgroundLevelStreaming:1]]
[2022.02.25-07.42.30:215][  0]LogConfig: Setting CVar [[s.PriorityAsyncLoadingExtraTime:15.0]]
[2022.02.25-07.42.30:215][  0]LogConfig: Setting CVar [[s.LevelStreamingActorsUpdateTimeLimit:5.0]]
[2022.02.25-07.42.30:215][  0]LogConfig: Setting CVar [[s.PriorityLevelStreamingActorsUpdateExtraTime:5.0]]
[2022.02.25-07.42.30:215][  0]LogConfig: Setting CVar [[s.LevelStreamingComponentsRegistrationGranularity:10]]
[2022.02.25-07.42.30:215][  0]LogConfig: Setting CVar [[s.UnregisterComponentsTimeLimit:1.0]]
[2022.02.25-07.42.30:215][  0]LogConfig: Setting CVar [[s.LevelStreamingComponentsUnregistrationGranularity:5]]
[2022.02.25-07.42.30:215][  0]LogConfig: Setting CVar [[s.FlushStreamingOnExit:1]]
[2022.02.25-07.42.30:215][  0]LogConfig: Applying CVar settings from Section [/Script/Engine.GarbageCollectionSettings] File [C:/UnrealEngine_Projects/ue.course/GeometrySandbox/Saved/Config/Windows/Engine.ini]
[2022.02.25-07.42.30:215][  0]LogConfig: Setting CVar [[gc.MaxObjectsNotConsideredByGC:1]]
[2022.02.25-07.42.30:215][  0]LogConfig: Setting CVar [[gc.SizeOfPermanentObjectPool:0]]
[2022.02.25-07.42.30:215][  0]LogConfig: Setting CVar [[gc.FlushStreamingOnGC:0]]
[2022.02.25-07.42.30:216][  0]LogConfig: Setting CVar [[gc.NumRetriesBeforeForcingGC:10]]
[2022.02.25-07.42.30:216][  0]LogConfig: Setting CVar [[gc.AllowParallelGC:1]]
[2022.02.25-07.42.30:216][  0]LogConfig: Setting CVar [[gc.TimeBetweenPurgingPendingKillObjects:61.1]]
[2022.02.25-07.42.30:216][  0]LogConfig: Setting CVar [[gc.MaxObjectsInEditor:25165824]]
[2022.02.25-07.42.30:216][  0]LogConfig: Setting CVar [[gc.IncrementalBeginDestroyEnabled:1]]
[2022.02.25-07.42.30:216][  0]LogConfig: Setting CVar [[gc.CreateGCClusters:1]]
[2022.02.25-07.42.30:217][  0]LogConfig: Setting CVar [[gc.MinGCClusterSize:5]]
[2022.02.25-07.42.30:217][  0]LogConfig: Setting CVar [[gc.ActorClusteringEnabled:0]]
[2022.02.25-07.42.30:217][  0]LogConfig: Setting CVar [[gc.BlueprintClusteringEnabled:0]]
[2022.02.25-07.42.30:218][  0]LogConfig: Setting CVar [[gc.UseDisregardForGCOnDedicatedServers:0]]
[2022.02.25-07.42.30:218][  0]LogConfig: Setting CVar [[gc.MultithreadedDestructionEnabled:1]]
[2022.02.25-07.42.30:218][  0]LogConfig: Applying CVar settings from Section [/Script/Engine.NetworkSettings] File [C:/UnrealEngine_Projects/ue.course/GeometrySandbox/Saved/Config/Windows/Engine.ini]
[2022.02.25-07.42.30:218][  0]LogConfig: Applying CVar settings from Section [/Script/UnrealEd.CookerSettings] File [C:/UnrealEngine_Projects/ue.course/GeometrySandbox/Saved/Config/Windows/Engine.ini]
[2022.02.25-07.42.30:236][  0]LogConfig: Applying CVar settings from Section [ViewDistanceQuality@3] File [C:/UnrealEngine_Projects/ue.course/GeometrySandbox/Saved/Config/Windows/Scalability.ini]
[2022.02.25-07.42.30:237][  0]LogConfig: Setting CVar [[r.SkeletalMeshLODBias:0]]
[2022.02.25-07.42.30:237][  0]LogConfig: Setting CVar [[r.ViewDistanceScale:1.0]]
[2022.02.25-07.42.30:237][  0]LogConfig: Applying CVar settings from Section [AntiAliasingQuality@3] File [C:/UnrealEngine_Projects/ue.course/GeometrySandbox/Saved/Config/Windows/Scalability.ini]
[2022.02.25-07.42.30:237][  0]LogConfig: Setting CVar [[r.PostProcessAAQuality:4]]
[2022.02.25-07.42.30:237][  0]LogConfig: Applying CVar settings from Section [ShadowQuality@3] File [C:/UnrealEngine_Projects/ue.course/GeometrySandbox/Saved/Config/Windows/Scalability.ini]
[2022.02.25-07.42.30:237][  0]LogConfig: Setting CVar [[r.LightFunctionQuality:1]]
[2022.02.25-07.42.30:237][  0]LogConfig: Setting CVar [[r.ShadowQuality:5]]
[2022.02.25-07.42.30:237][  0]LogConfig: Setting CVar [[r.Shadow.CSM.MaxCascades:10]]
[2022.02.25-07.42.30:237][  0]LogConfig: Setting CVar [[r.Shadow.MaxResolution:2048]]
[2022.02.25-07.42.30:237][  0]LogConfig: Setting CVar [[r.Shadow.MaxCSMResolution:2048]]
[2022.02.25-07.42.30:237][  0]LogConfig: Setting CVar [[r.Shadow.RadiusThreshold:0.01]]
[2022.02.25-07.42.30:237][  0]LogConfig: Setting CVar [[r.Shadow.DistanceScale:1.0]]
[2022.02.25-07.42.30:237][  0]LogConfig: Setting CVar [[r.Shadow.CSM.TransitionScale:1.0]]
[2022.02.25-07.42.30:238][  0]LogConfig: Setting CVar [[r.Shadow.PreShadowResolutionFactor:1.0]]
[2022.02.25-07.42.30:238][  0]LogConfig: Setting CVar [[r.DistanceFieldShadowing:1]]
[2022.02.25-07.42.30:238][  0]LogConfig: Setting CVar [[r.DistanceFieldAO:1]]
[2022.02.25-07.42.30:238][  0]LogConfig: Setting CVar [[r.AOQuality:2]]
[2022.02.25-07.42.30:238][  0]LogConfig: Setting CVar [[r.VolumetricFog:1]]
[2022.02.25-07.42.30:238][  0]LogConfig: Setting CVar [[r.VolumetricFog.GridPixelSize:8]]
[2022.02.25-07.42.30:238][  0]LogConfig: Setting CVar [[r.VolumetricFog.GridSizeZ:128]]
[2022.02.25-07.42.30:238][  0]LogConfig: Setting CVar [[r.VolumetricFog.HistoryMissSupersampleCount:4]]
[2022.02.25-07.42.30:238][  0]LogConfig: Setting CVar [[r.LightMaxDrawDistanceScale:1]]
[2022.02.25-07.42.30:238][  0]LogConfig: Setting CVar [[r.CapsuleShadows:1]]
[2022.02.25-07.42.30:238][  0]LogConfig: Applying CVar settings from Section [PostProcessQuality@3] File [C:/UnrealEngine_Projects/ue.course/GeometrySandbox/Saved/Config/Windows/Scalability.ini]
[2022.02.25-07.42.30:238][  0]LogConfig: Setting CVar [[r.MotionBlurQuality:4]]
[2022.02.25-07.42.30:238][  0]LogConfig: Setting CVar [[r.AmbientOcclusionMipLevelFactor:0.4]]
[2022.02.25-07.42.30:238][  0]LogConfig: Setting CVar [[r.AmbientOcclusionMaxQuality:100]]
[2022.02.25-07.42.30:238][  0]LogConfig: Setting CVar [[r.AmbientOcclusionLevels:-1]]
[2022.02.25-07.42.30:238][  0]LogConfig: Setting CVar [[r.AmbientOcclusionRadiusScale:1.0]]
[2022.02.25-07.42.30:238][  0]LogConfig: Setting CVar [[r.DepthOfFieldQuality:2]]
[2022.02.25-07.42.30:239][  0]LogConfig: Setting CVar [[r.RenderTargetPoolMin:400]]
[2022.02.25-07.42.30:239][  0]LogConfig: Setting CVar [[r.LensFlareQuality:2]]
[2022.02.25-07.42.30:239][  0]LogConfig: Setting CVar [[r.SceneColorFringeQuality:1]]
[2022.02.25-07.42.30:239][  0]LogConfig: Setting CVar [[r.EyeAdaptationQuality:2]]
[2022.02.25-07.42.30:239][  0]LogConfig: Setting CVar [[r.BloomQuality:5]]
[2022.02.25-07.42.30:239][  0]LogConfig: Setting CVar [[r.FastBlurThreshold:100]]
[2022.02.25-07.42.30:239][  0]LogConfig: Setting CVar [[r.Upscale.Quality:3]]
[2022.02.25-07.42.30:239][  0]LogConfig: Setting CVar [[r.Tonemapper.GrainQuantization:1]]
[2022.02.25-07.42.30:239][  0]LogConfig: Setting CVar [[r.LightShaftQuality:1]]
[2022.02.25-07.42.30:239][  0]LogConfig: Setting CVar [[r.Filter.SizeScale:1]]
[2022.02.25-07.42.30:239][  0]LogConfig: Setting CVar [[r.Tonemapper.Quality:5]]
[2022.02.25-07.42.30:239][  0]LogConfig: Setting CVar [[r.DOF.Gather.AccumulatorQuality:1        ; higher gathering accumulator quality]]
[2022.02.25-07.42.30:239][  0]LogConfig: Setting CVar [[r.DOF.Gather.PostfilterMethod:1          ; Median3x3 postfilering method]]
[2022.02.25-07.42.30:239][  0]LogConfig: Setting CVar [[r.DOF.Gather.EnableBokehSettings:0       ; no bokeh simulation when gathering]]
[2022.02.25-07.42.30:239][  0]LogConfig: Setting CVar [[r.DOF.Gather.RingCount:4                 ; medium number of samples when gathering]]
[2022.02.25-07.42.30:239][  0]LogConfig: Setting CVar [[r.DOF.Scatter.ForegroundCompositing:1    ; additive foreground scattering]]
[2022.02.25-07.42.30:239][  0]LogConfig: Setting CVar [[r.DOF.Scatter.BackgroundCompositing:2    ; additive background scattering]]
[2022.02.25-07.42.30:240][  0]LogConfig: Setting CVar [[r.DOF.Scatter.EnableBokehSettings:1      ; bokeh simulation when scattering]]
[2022.02.25-07.42.30:240][  0]LogConfig: Setting CVar [[r.DOF.Scatter.MaxSpriteRatio:0.1         ; only a maximum of 10% of scattered bokeh]]
[2022.02.25-07.42.30:240][  0]LogConfig: Setting CVar [[r.DOF.Recombine.Quality:1                ; cheap slight out of focus]]
[2022.02.25-07.42.30:240][  0]LogConfig: Setting CVar [[r.DOF.Recombine.EnableBokehSettings:0    ; no bokeh simulation on slight out of focus]]
[2022.02.25-07.42.30:240][  0]LogConfig: Setting CVar [[r.DOF.TemporalAAQuality:1                ; more stable temporal accumulation]]
[2022.02.25-07.42.30:240][  0]LogConfig: Setting CVar [[r.DOF.Kernel.MaxForegroundRadius:0.025]]
[2022.02.25-07.42.30:240][  0]LogConfig: Setting CVar [[r.DOF.Kernel.MaxBackgroundRadius:0.025]]
[2022.02.25-07.42.30:240][  0]LogConfig: Applying CVar settings from Section [TextureQuality@3] File [C:/UnrealEngine_Projects/ue.course/GeometrySandbox/Saved/Config/Windows/Scalability.ini]
[2022.02.25-07.42.30:240][  0]LogConfig: Setting CVar [[r.Streaming.MipBias:0]]
[2022.02.25-07.42.30:240][  0]LogConfig: Setting CVar [[r.Streaming.AmortizeCPUToGPUCopy:0]]
[2022.02.25-07.42.30:240][  0]LogConfig: Setting CVar [[r.Streaming.MaxNumTexturesToStreamPerFrame:0]]
[2022.02.25-07.42.30:240][  0]LogConfig: Setting CVar [[r.Streaming.Boost:1]]
[2022.02.25-07.42.30:240][  0]LogConfig: Setting CVar [[r.MaxAnisotropy:8]]
[2022.02.25-07.42.30:240][  0]LogConfig: Setting CVar [[r.VT.MaxAnisotropy:8]]
[2022.02.25-07.42.30:240][  0]LogConfig: Setting CVar [[r.Streaming.LimitPoolSizeToVRAM:0]]
[2022.02.25-07.42.30:240][  0]LogConfig: Setting CVar [[r.Streaming.PoolSize:1000]]
[2022.02.25-07.42.30:241][  0]LogConfig: Setting CVar [[r.Streaming.MaxEffectiveScreenSize:0]]
[2022.02.25-07.42.30:241][  0]LogConfig: Applying CVar settings from Section [EffectsQuality@3] File [C:/UnrealEngine_Projects/ue.course/GeometrySandbox/Saved/Config/Windows/Scalability.ini]
[2022.02.25-07.42.30:241][  0]LogConfig: Setting CVar [[r.TranslucencyLightingVolumeDim:64]]
[2022.02.25-07.42.30:241][  0]LogConfig: Setting CVar [[r.RefractionQuality:2]]
[2022.02.25-07.42.30:241][  0]LogConfig: Setting CVar [[r.SSR.Quality:3]]
[2022.02.25-07.42.30:241][  0]LogConfig: Setting CVar [[r.SSR.HalfResSceneColor:0]]
[2022.02.25-07.42.30:241][  0]LogConfig: Setting CVar [[r.SceneColorFormat:4]]
[2022.02.25-07.42.30:241][  0]LogConfig: Setting CVar [[r.DetailMode:2]]
[2022.02.25-07.42.30:241][  0]LogConfig: Setting CVar [[r.TranslucencyVolumeBlur:1]]
[2022.02.25-07.42.30:241][  0]LogConfig: Setting CVar [[r.MaterialQualityLevel:1 ; High quality]]
[2022.02.25-07.42.30:241][  0]LogConfig: Setting CVar [[r.AnisotropicMaterials:1]]
[2022.02.25-07.42.30:241][  0]LogConfig: Setting CVar [[r.SSS.Scale:1]]
[2022.02.25-07.42.30:241][  0]LogConfig: Setting CVar [[r.SSS.SampleSet:2]]
[2022.02.25-07.42.30:241][  0]LogConfig: Setting CVar [[r.SSS.Quality:1]]
[2022.02.25-07.42.30:241][  0]LogConfig: Setting CVar [[r.SSS.HalfRes:0]]
[2022.02.25-07.42.30:241][  0]LogConfig: Setting CVar [[r.SSGI.Quality:3]]
[2022.02.25-07.42.30:241][  0]LogConfig: Setting CVar [[r.EmitterSpawnRateScale:1.0]]
[2022.02.25-07.42.30:241][  0]LogConfig: Setting CVar [[r.ParticleLightQuality:2]]
[2022.02.25-07.42.30:242][  0]LogConfig: Setting CVar [[r.SkyAtmosphere.AerialPerspectiveLUT.FastApplyOnOpaque:1 ; Always have FastSkyLUT 1 in this case to avoid wrong sky]]
[2022.02.25-07.42.30:242][  0]LogConfig: Setting CVar [[r.SkyAtmosphere.AerialPerspectiveLUT.SampleCountMaxPerSlice:4]]
[2022.02.25-07.42.30:242][  0]LogConfig: Setting CVar [[r.SkyAtmosphere.AerialPerspectiveLUT.DepthResolution:16.0]]
[2022.02.25-07.42.30:242][  0]LogConfig: Setting CVar [[r.SkyAtmosphere.FastSkyLUT:1]]
[2022.02.25-07.42.30:242][  0]LogConfig: Setting CVar [[r.SkyAtmosphere.FastSkyLUT.SampleCountMin:4.0]]
[2022.02.25-07.42.30:242][  0]LogConfig: Setting CVar [[r.SkyAtmosphere.FastSkyLUT.SampleCountMax:128.0]]
[2022.02.25-07.42.30:242][  0]LogConfig: Setting CVar [[r.SkyAtmosphere.SampleCountMin:4.0]]
[2022.02.25-07.42.30:242][  0]LogConfig: Setting CVar [[r.SkyAtmosphere.SampleCountMax:128.0]]
[2022.02.25-07.42.30:242][  0]LogConfig: Setting CVar [[r.SkyAtmosphere.TransmittanceLUT.UseSmallFormat:0]]
[2022.02.25-07.42.30:242][  0]LogConfig: Setting CVar [[r.SkyAtmosphere.TransmittanceLUT.SampleCount:10.0]]
[2022.02.25-07.42.30:242][  0]LogConfig: Setting CVar [[r.SkyAtmosphere.MultiScatteringLUT.SampleCount:15.0]]
[2022.02.25-07.42.30:242][  0]LogConfig: Setting CVar [[r.SkyLight.RealTimeReflectionCapture:1]]
[2022.02.25-07.42.30:242][  0]LogConfig: Applying CVar settings from Section [FoliageQuality@3] File [C:/UnrealEngine_Projects/ue.course/GeometrySandbox/Saved/Config/Windows/Scalability.ini]
[2022.02.25-07.42.30:242][  0]LogConfig: Setting CVar [[foliage.DensityScale:1.0]]
[2022.02.25-07.42.30:243][  0]LogConfig: Setting CVar [[grass.DensityScale:1.0]]
[2022.02.25-07.42.30:243][  0]LogConfig: Applying CVar settings from Section [ShadingQuality@3] File [C:/UnrealEngine_Projects/ue.course/GeometrySandbox/Saved/Config/Windows/Scalability.ini]
[2022.02.25-07.42.30:243][  0]LogConfig: Setting CVar [[r.HairStrands.SkyLighting.IntegrationType:2]]
[2022.02.25-07.42.30:243][  0]LogConfig: Setting CVar [[r.HairStrands.SkyAO.SampleCount:4]]
[2022.02.25-07.42.30:243][  0]LogConfig: Setting CVar [[r.HairStrands.Visibility.MSAA.SamplePerPixel:4]]
[2022.02.25-07.42.30:246][  0]LogInit: Selected Device Profile: [Windows]
[2022.02.25-07.42.30:247][  0]LogInit: Applying CVar settings loaded from the selected device profile: [Windows]
[2022.02.25-07.42.30:247][  0]LogHAL: Display: Platform has ~ 24 GB [25697214464 / 34359738368 / 24], which maps to Larger [LargestMinGB=32, LargerMinGB=12, DefaultMinGB=8, SmallerMinGB=6, SmallestMinGB=0)
[2022.02.25-07.42.30:248][  0]LogInit: Going up to parent DeviceProfile []
[2022.02.25-07.42.30:248][  0]LogConfig: Applying CVar settings from Section [ViewDistanceQuality@3] File [C:/UnrealEngine_Projects/ue.course/GeometrySandbox/Saved/Config/Windows/Scalability.ini]
[2022.02.25-07.42.30:248][  0]LogConfig: Setting CVar [[r.SkeletalMeshLODBias:0]]
[2022.02.25-07.42.30:248][  0]LogConfig: Setting CVar [[r.ViewDistanceScale:1.0]]
[2022.02.25-07.42.30:248][  0]LogConfig: Applying CVar settings from Section [AntiAliasingQuality@3] File [C:/UnrealEngine_Projects/ue.course/GeometrySandbox/Saved/Config/Windows/Scalability.ini]
[2022.02.25-07.42.30:248][  0]LogConfig: Setting CVar [[r.PostProcessAAQuality:4]]
[2022.02.25-07.42.30:248][  0]LogConfig: Applying CVar settings from Section [ShadowQuality@3] File [C:/UnrealEngine_Projects/ue.course/GeometrySandbox/Saved/Config/Windows/Scalability.ini]
[2022.02.25-07.42.30:248][  0]LogConfig: Setting CVar [[r.LightFunctionQuality:1]]
[2022.02.25-07.42.30:248][  0]LogConfig: Setting CVar [[r.ShadowQuality:5]]
[2022.02.25-07.42.30:249][  0]LogConfig: Setting CVar [[r.Shadow.CSM.MaxCascades:10]]
[2022.02.25-07.42.30:249][  0]LogConfig: Setting CVar [[r.Shadow.MaxResolution:2048]]
[2022.02.25-07.42.30:249][  0]LogConfig: Setting CVar [[r.Shadow.MaxCSMResolution:2048]]
[2022.02.25-07.42.30:249][  0]LogConfig: Setting CVar [[r.Shadow.RadiusThreshold:0.01]]
[2022.02.25-07.42.30:249][  0]LogConfig: Setting CVar [[r.Shadow.DistanceScale:1.0]]
[2022.02.25-07.42.30:249][  0]LogConfig: Setting CVar [[r.Shadow.CSM.TransitionScale:1.0]]
[2022.02.25-07.42.30:249][  0]LogConfig: Setting CVar [[r.Shadow.PreShadowResolutionFactor:1.0]]
[2022.02.25-07.42.30:249][  0]LogConfig: Setting CVar [[r.DistanceFieldShadowing:1]]
[2022.02.25-07.42.30:249][  0]LogConfig: Setting CVar [[r.DistanceFieldAO:1]]
[2022.02.25-07.42.30:249][  0]LogConfig: Setting CVar [[r.AOQuality:2]]
[2022.02.25-07.42.30:249][  0]LogConfig: Setting CVar [[r.VolumetricFog:1]]
[2022.02.25-07.42.30:249][  0]LogConfig: Setting CVar [[r.VolumetricFog.GridPixelSize:8]]
[2022.02.25-07.42.30:249][  0]LogConfig: Setting CVar [[r.VolumetricFog.GridSizeZ:128]]
[2022.02.25-07.42.30:249][  0]LogConfig: Setting CVar [[r.VolumetricFog.HistoryMissSupersampleCount:4]]
[2022.02.25-07.42.30:249][  0]LogConfig: Setting CVar [[r.LightMaxDrawDistanceScale:1]]
[2022.02.25-07.42.30:249][  0]LogConfig: Setting CVar [[r.CapsuleShadows:1]]
[2022.02.25-07.42.30:249][  0]LogConfig: Applying CVar settings from Section [PostProcessQuality@3] File [C:/UnrealEngine_Projects/ue.course/GeometrySandbox/Saved/Config/Windows/Scalability.ini]
[2022.02.25-07.42.30:250][  0]LogConfig: Setting CVar [[r.MotionBlurQuality:4]]
[2022.02.25-07.42.30:250][  0]LogConfig: Setting CVar [[r.AmbientOcclusionMipLevelFactor:0.4]]
[2022.02.25-07.42.30:250][  0]LogConfig: Setting CVar [[r.AmbientOcclusionMaxQuality:100]]
[2022.02.25-07.42.30:250][  0]LogConfig: Setting CVar [[r.AmbientOcclusionLevels:-1]]
[2022.02.25-07.42.30:250][  0]LogConfig: Setting CVar [[r.AmbientOcclusionRadiusScale:1.0]]
[2022.02.25-07.42.30:250][  0]LogConfig: Setting CVar [[r.DepthOfFieldQuality:2]]
[2022.02.25-07.42.30:250][  0]LogConfig: Setting CVar [[r.RenderTargetPoolMin:400]]
[2022.02.25-07.42.30:251][  0]LogConfig: Setting CVar [[r.LensFlareQuality:2]]
[2022.02.25-07.42.30:251][  0]LogConfig: Setting CVar [[r.SceneColorFringeQuality:1]]
[2022.02.25-07.42.30:251][  0]LogConfig: Setting CVar [[r.EyeAdaptationQuality:2]]
[2022.02.25-07.42.30:251][  0]LogConfig: Setting CVar [[r.BloomQuality:5]]
[2022.02.25-07.42.30:251][  0]LogConfig: Setting CVar [[r.FastBlurThreshold:100]]
[2022.02.25-07.42.30:251][  0]LogConfig: Setting CVar [[r.Upscale.Quality:3]]
[2022.02.25-07.42.30:251][  0]LogConfig: Setting CVar [[r.Tonemapper.GrainQuantization:1]]
[2022.02.25-07.42.30:251][  0]LogConfig: Setting CVar [[r.LightShaftQuality:1]]
[2022.02.25-07.42.30:251][  0]LogConfig: Setting CVar [[r.Filter.SizeScale:1]]
[2022.02.25-07.42.30:251][  0]LogConfig: Setting CVar [[r.Tonemapper.Quality:5]]
[2022.02.25-07.42.30:251][  0]LogConfig: Setting CVar [[r.DOF.Gather.AccumulatorQuality:1        ; higher gathering accumulator quality]]
[2022.02.25-07.42.30:251][  0]LogConfig: Setting CVar [[r.DOF.Gather.PostfilterMethod:1          ; Median3x3 postfilering method]]
[2022.02.25-07.42.30:251][  0]LogConfig: Setting CVar [[r.DOF.Gather.EnableBokehSettings:0       ; no bokeh simulation when gathering]]
[2022.02.25-07.42.30:251][  0]LogConfig: Setting CVar [[r.DOF.Gather.RingCount:4                 ; medium number of samples when gathering]]
[2022.02.25-07.42.30:251][  0]LogConfig: Setting CVar [[r.DOF.Scatter.ForegroundCompositing:1    ; additive foreground scattering]]
[2022.02.25-07.42.30:252][  0]LogConfig: Setting CVar [[r.DOF.Scatter.BackgroundCompositing:2    ; additive background scattering]]
[2022.02.25-07.42.30:252][  0]LogConfig: Setting CVar [[r.DOF.Scatter.EnableBokehSettings:1      ; bokeh simulation when scattering]]
[2022.02.25-07.42.30:252][  0]LogConfig: Setting CVar [[r.DOF.Scatter.MaxSpriteRatio:0.1         ; only a maximum of 10% of scattered bokeh]]
[2022.02.25-07.42.30:252][  0]LogConfig: Setting CVar [[r.DOF.Recombine.Quality:1                ; cheap slight out of focus]]
[2022.02.25-07.42.30:252][  0]LogConfig: Setting CVar [[r.DOF.Recombine.EnableBokehSettings:0    ; no bokeh simulation on slight out of focus]]
[2022.02.25-07.42.30:252][  0]LogConfig: Setting CVar [[r.DOF.TemporalAAQuality:1                ; more stable temporal accumulation]]
[2022.02.25-07.42.30:252][  0]LogConfig: Setting CVar [[r.DOF.Kernel.MaxForegroundRadius:0.025]]
[2022.02.25-07.42.30:252][  0]LogConfig: Setting CVar [[r.DOF.Kernel.MaxBackgroundRadius:0.025]]
[2022.02.25-07.42.30:252][  0]LogConfig: Applying CVar settings from Section [TextureQuality@3] File [C:/UnrealEngine_Projects/ue.course/GeometrySandbox/Saved/Config/Windows/Scalability.ini]
[2022.02.25-07.42.30:252][  0]LogConfig: Setting CVar [[r.Streaming.MipBias:0]]
[2022.02.25-07.42.30:252][  0]LogConfig: Setting CVar [[r.Streaming.AmortizeCPUToGPUCopy:0]]
[2022.02.25-07.42.30:252][  0]LogConfig: Setting CVar [[r.Streaming.MaxNumTexturesToStreamPerFrame:0]]
[2022.02.25-07.42.30:252][  0]LogConfig: Setting CVar [[r.Streaming.Boost:1]]
[2022.02.25-07.42.30:252][  0]LogConfig: Setting CVar [[r.MaxAnisotropy:8]]
[2022.02.25-07.42.30:252][  0]LogConfig: Setting CVar [[r.VT.MaxAnisotropy:8]]
[2022.02.25-07.42.30:252][  0]LogConfig: Setting CVar [[r.Streaming.LimitPoolSizeToVRAM:0]]
[2022.02.25-07.42.30:252][  0]LogConfig: Setting CVar [[r.Streaming.PoolSize:1000]]
[2022.02.25-07.42.30:252][  0]LogConfig: Setting CVar [[r.Streaming.MaxEffectiveScreenSize:0]]
[2022.02.25-07.42.30:253][  0]LogConfig: Applying CVar settings from Section [EffectsQuality@3] File [C:/UnrealEngine_Projects/ue.course/GeometrySandbox/Saved/Config/Windows/Scalability.ini]
[2022.02.25-07.42.30:253][  0]LogConfig: Setting CVar [[r.TranslucencyLightingVolumeDim:64]]
[2022.02.25-07.42.30:253][  0]LogConfig: Setting CVar [[r.RefractionQuality:2]]
[2022.02.25-07.42.30:253][  0]LogConfig: Setting CVar [[r.SSR.Quality:3]]
[2022.02.25-07.42.30:253][  0]LogConfig: Setting CVar [[r.SSR.HalfResSceneColor:0]]
[2022.02.25-07.42.30:253][  0]LogConfig: Setting CVar [[r.SceneColorFormat:4]]
[2022.02.25-07.42.30:253][  0]LogConfig: Setting CVar [[r.DetailMode:2]]
[2022.02.25-07.42.30:253][  0]LogConfig: Setting CVar [[r.TranslucencyVolumeBlur:1]]
[2022.02.25-07.42.30:253][  0]LogConfig: Setting CVar [[r.MaterialQualityLevel:1 ; High quality]]
[2022.02.25-07.42.30:253][  0]LogConfig: Setting CVar [[r.AnisotropicMaterials:1]]
[2022.02.25-07.42.30:253][  0]LogConfig: Setting CVar [[r.SSS.Scale:1]]
[2022.02.25-07.42.30:253][  0]LogConfig: Setting CVar [[r.SSS.SampleSet:2]]
[2022.02.25-07.42.30:253][  0]LogConfig: Setting CVar [[r.SSS.Quality:1]]
[2022.02.25-07.42.30:253][  0]LogConfig: Setting CVar [[r.SSS.HalfRes:0]]
[2022.02.25-07.42.30:254][  0]LogConfig: Setting CVar [[r.SSGI.Quality:3]]
[2022.02.25-07.42.30:254][  0]LogConfig: Setting CVar [[r.EmitterSpawnRateScale:1.0]]
[2022.02.25-07.42.30:254][  0]LogConfig: Setting CVar [[r.ParticleLightQuality:2]]
[2022.02.25-07.42.30:254][  0]LogConfig: Setting CVar [[r.SkyAtmosphere.AerialPerspectiveLUT.FastApplyOnOpaque:1 ; Always have FastSkyLUT 1 in this case to avoid wrong sky]]
[2022.02.25-07.42.30:254][  0]LogConfig: Setting CVar [[r.SkyAtmosphere.AerialPerspectiveLUT.SampleCountMaxPerSlice:4]]
[2022.02.25-07.42.30:254][  0]LogConfig: Setting CVar [[r.SkyAtmosphere.AerialPerspectiveLUT.DepthResolution:16.0]]
[2022.02.25-07.42.30:254][  0]LogConfig: Setting CVar [[r.SkyAtmosphere.FastSkyLUT:1]]
[2022.02.25-07.42.30:254][  0]LogConfig: Setting CVar [[r.SkyAtmosphere.FastSkyLUT.SampleCountMin:4.0]]
[2022.02.25-07.42.30:254][  0]LogConfig: Setting CVar [[r.SkyAtmosphere.FastSkyLUT.SampleCountMax:128.0]]
[2022.02.25-07.42.30:254][  0]LogConfig: Setting CVar [[r.SkyAtmosphere.SampleCountMin:4.0]]
[2022.02.25-07.42.30:254][  0]LogConfig: Setting CVar [[r.SkyAtmosphere.SampleCountMax:128.0]]
[2022.02.25-07.42.30:254][  0]LogConfig: Setting CVar [[r.SkyAtmosphere.TransmittanceLUT.UseSmallFormat:0]]
[2022.02.25-07.42.30:254][  0]LogConfig: Setting CVar [[r.SkyAtmosphere.TransmittanceLUT.SampleCount:10.0]]
[2022.02.25-07.42.30:254][  0]LogConfig: Setting CVar [[r.SkyAtmosphere.MultiScatteringLUT.SampleCount:15.0]]
[2022.02.25-07.42.30:254][  0]LogConfig: Setting CVar [[r.SkyLight.RealTimeReflectionCapture:1]]
[2022.02.25-07.42.30:254][  0]LogConfig: Applying CVar settings from Section [FoliageQuality@3] File [C:/UnrealEngine_Projects/ue.course/GeometrySandbox/Saved/Config/Windows/Scalability.ini]
[2022.02.25-07.42.30:254][  0]LogConfig: Setting CVar [[foliage.DensityScale:1.0]]
[2022.02.25-07.42.30:255][  0]LogConfig: Setting CVar [[grass.DensityScale:1.0]]
[2022.02.25-07.42.30:255][  0]LogConfig: Applying CVar settings from Section [ShadingQuality@3] File [C:/UnrealEngine_Projects/ue.course/GeometrySandbox/Saved/Config/Windows/Scalability.ini]
[2022.02.25-07.42.30:255][  0]LogConfig: Setting CVar [[r.HairStrands.SkyLighting.IntegrationType:2]]
[2022.02.25-07.42.30:255][  0]LogConfig: Setting CVar [[r.HairStrands.SkyAO.SampleCount:4]]
[2022.02.25-07.42.30:255][  0]LogConfig: Setting CVar [[r.HairStrands.Visibility.MSAA.SamplePerPixel:4]]
[2022.02.25-07.42.30:255][  0]LogConfig: Applying CVar settings from Section [Startup] File [../../../Engine/Config/ConsoleVariables.ini]
[2022.02.25-07.42.30:255][  0]LogConfig: Setting CVar [[net.UseAdaptiveNetUpdateFrequency:0]]
[2022.02.25-07.42.30:255][  0]LogConfig: Setting CVar [[p.chaos.AllowCreatePhysxBodies:1]]
[2022.02.25-07.42.30:255][  0]LogConfig: Setting CVar [[fx.SkipVectorVMBackendOptimizations:1]]
[2022.02.25-07.42.30:255][  0]LogConfig: Applying CVar settings from Section [ConsoleVariables] File [C:/UnrealEngine_Projects/ue.course/GeometrySandbox/Saved/Config/Windows/Engine.ini]
[2022.02.25-07.42.30:255][  0]LogConfig: Applying CVar settings from Section [ConsoleVariables] File [C:/UnrealEngine_Projects/ue.course/GeometrySandbox/Saved/Config/Windows/Editor.ini]
[2022.02.25-07.42.30:257][  0]LogInit: Computer: DESKTOP-V7QSN3L
[2022.02.25-07.42.30:257][  0]LogInit: User: PC
[2022.02.25-07.42.30:257][  0]LogInit: CPU Page size=4096, Cores=4
[2022.02.25-07.42.30:258][  0]LogInit: High frequency timer resolution =10.000000 MHz
[2022.02.25-07.42.30:258][  0]LogMemory: Memory total: Physical=23.9GB (24GB approx)
[2022.02.25-07.42.30:258][  0]LogMemory: Platform Memory Stats for Windows
[2022.02.25-07.42.30:258][  0]LogMemory: Process Physical Memory: 140.32 MB used, 140.33 MB peak
[2022.02.25-07.42.30:258][  0]LogMemory: Process Virtual Memory: 122.33 MB used, 122.33 MB peak
[2022.02.25-07.42.30:258][  0]LogMemory: Physical Memory: 8766.80 MB used,  15739.97 MB free, 24506.77 MB total
[2022.02.25-07.42.30:258][  0]LogMemory: Virtual Memory: 134200864.00 MB used,  16862.19 MB free, 134217728.00 MB total
[2022.02.25-07.42.30:277][  0]LogWindows: WindowsPlatformFeatures enabled
[2022.02.25-07.42.30:769][  0]LogInit: Physics initialised using underlying interface: PhysX
[2022.02.25-07.42.30:772][  0]LogInit: Using OS detected language (ru-RU).
[2022.02.25-07.42.30:772][  0]LogInit: Using OS detected locale (ru-RU).
[2022.02.25-07.42.30:797][  0]LogTextLocalizationManager: No specific localization for 'ru-RU' exists, so the 'ru' localization will be used.
[2022.02.25-07.42.30:798][  0]LogTextLocalizationResource: LocRes '../../../Engine/Content/Localization/Editor/ru/Editor.locres' could not be opened for reading!
[2022.02.25-07.42.30:799][  0]LogTextLocalizationResource: LocRes '../../../Engine/Content/Localization/EditorTutorials/ru/EditorTutorials.locres' could not be opened for reading!
[2022.02.25-07.42.30:799][  0]LogTextLocalizationResource: LocRes '../../../Engine/Content/Localization/Keywords/ru/Keywords.locres' could not be opened for reading!
[2022.02.25-07.42.30:799][  0]LogTextLocalizationResource: LocRes '../../../Engine/Content/Localization/Category/ru/Category.locres' could not be opened for reading!
[2022.02.25-07.42.30:799][  0]LogTextLocalizationResource: LocRes '../../../Engine/Content/Localization/ToolTips/ru/ToolTips.locres' could not be opened for reading!
[2022.02.25-07.42.30:800][  0]LogTextLocalizationResource: LocRes '../../../Engine/Content/Localization/PropertyNames/ru/PropertyNames.locres' could not be opened for reading!
[2022.02.25-07.42.30:801][  0]LogTextLocalizationResource: LocRes '../../../Engine/Content/Localization/Engine/ru/Engine.locres' could not be opened for reading!
[2022.02.25-07.42.30:831][  0]LogInit: Setting process to per monitor DPI aware
[2022.02.25-07.42.30:894][  0]LogWindowsTextInputMethodSystem: Display: IME system deactivated.
[2022.02.25-07.42.30:986][  0]LogSlate: New Slate User Created.  User Index 0, Is Virtual User: 0
[2022.02.25-07.42.30:986][  0]LogSlate: Slate User Registered.  User Index 0, Is Virtual User: 0
[2022.02.25-07.42.34:200][  0]LogD3D11RHI: Loaded GFSDK_Aftermath_Lib.x64.dll
[2022.02.25-07.42.34:209][  0]LogHMD: Failed to initialize OpenVR with code 110
[2022.02.25-07.42.34:209][  0]LogD3D11RHI: D3D11 min allowed feature level: 11_0
[2022.02.25-07.42.34:209][  0]LogD3D11RHI: D3D11 max allowed feature level: 11_0
[2022.02.25-07.42.34:209][  0]LogD3D11RHI: D3D11 adapters:
[2022.02.25-07.42.34:393][  0]LogD3D11RHI:    0. 'NVIDIA GeForce GTX 1060 6GB' (Feature Level 11_0)
[2022.02.25-07.42.34:393][  0]LogD3D11RHI:       6052/0/12253 MB DedicatedVideo/DedicatedSystem/SharedSystem, Outputs:1, VendorId:0x10de
[2022.02.25-07.42.34:401][  0]LogD3D11RHI:    1. 'Microsoft Basic Render Driver' (Feature Level 11_0)
[2022.02.25-07.42.34:401][  0]LogD3D11RHI:       0/0/12253 MB DedicatedVideo/DedicatedSystem/SharedSystem, Outputs:0, VendorId:0x1414
[2022.02.25-07.42.34:401][  0]LogD3D11RHI: Chosen D3D11 Adapter:
[2022.02.25-07.42.34:401][  0]LogD3D11RHI:     Description : NVIDIA GeForce GTX 1060 6GB
[2022.02.25-07.42.34:401][  0]LogD3D11RHI:     VendorId    : 10de
[2022.02.25-07.42.34:401][  0]LogD3D11RHI:     DeviceId    : 1c03
[2022.02.25-07.42.34:401][  0]LogD3D11RHI:     SubSysId    : 85b71043
[2022.02.25-07.42.34:402][  0]LogD3D11RHI:     Revision    : 00a1
[2022.02.25-07.42.34:402][  0]LogD3D11RHI:     DedicatedVideoMemory : 6345981952 bytes
[2022.02.25-07.42.34:402][  0]LogD3D11RHI:     DedicatedSystemMemory : 0 bytes
[2022.02.25-07.42.34:402][  0]LogD3D11RHI:     SharedSystemMemory : 12848607232 bytes
[2022.02.25-07.42.34:402][  0]LogD3D11RHI:     AdapterLuid : 0 42378
[2022.02.25-07.42.34:436][  0]LogD3D11RHI: Creating new Direct3DDevice
[2022.02.25-07.42.34:436][  0]LogD3D11RHI:     GPU DeviceId: 0x1c03 (for the marketing name, search the web for "GPU Device Id")
[2022.02.25-07.42.34:436][  0]LogWindows: EnumDisplayDevices:
[2022.02.25-07.42.34:436][  0]LogWindows:    0. 'NVIDIA GeForce GTX 1060 6GB' (P:1 D:1)
[2022.02.25-07.42.34:437][  0]LogWindows:    1. 'NVIDIA GeForce GTX 1060 6GB' (P:0 D:0)
[2022.02.25-07.42.34:437][  0]LogWindows:    2. 'NVIDIA GeForce GTX 1060 6GB' (P:0 D:0)
[2022.02.25-07.42.34:437][  0]LogWindows:    3. 'NVIDIA GeForce GTX 1060 6GB' (P:0 D:0)
[2022.02.25-07.42.34:438][  0]LogWindows: DebugString: FoundDriverCount:4 
[2022.02.25-07.42.34:438][  0]LogD3D11RHI:     Adapter Name: NVIDIA GeForce GTX 1060 6GB
[2022.02.25-07.42.34:438][  0]LogD3D11RHI:   Driver Version: 511.79 (internal:30.0.15.1179, unified:511.79)
[2022.02.25-07.42.34:438][  0]LogD3D11RHI:      Driver Date: 2-10-2022
[2022.02.25-07.42.34:442][  0]LogRHI: Texture pool is 4236 MB (70% of 6052 MB)
[2022.02.25-07.42.34:442][  0]LogD3D11RHI: Creating D3DDevice using adapter:
[2022.02.25-07.42.34:442][  0]LogD3D11RHI:     Description : NVIDIA GeForce GTX 1060 6GB
[2022.02.25-07.42.34:442][  0]LogD3D11RHI:     VendorId    : 10de
[2022.02.25-07.42.34:443][  0]LogD3D11RHI:     DeviceId    : 1c03
[2022.02.25-07.42.34:443][  0]LogD3D11RHI:     SubSysId    : 85b71043
[2022.02.25-07.42.34:443][  0]LogD3D11RHI:     Revision    : 00a1
[2022.02.25-07.42.34:443][  0]LogD3D11RHI:     DedicatedVideoMemory : 6345981952 bytes
[2022.02.25-07.42.34:443][  0]LogD3D11RHI:     DedicatedSystemMemory : 0 bytes
[2022.02.25-07.42.34:443][  0]LogD3D11RHI:     SharedSystemMemory : 12848607232 bytes
[2022.02.25-07.42.34:443][  0]LogD3D11RHI:     AdapterLuid : 0 42378
[2022.02.25-07.42.34:523][  0]LogD3D11RHI: RHI has support for 64 bit atomics
[2022.02.25-07.42.34:524][  0]LogD3D11RHI: Async texture creation enabled
[2022.02.25-07.42.34:524][  0]LogD3D11RHI: Array index from any shader is supported
[2022.02.25-07.42.34:608][  0]LogD3D11RHI: GPU Timing Frequency: 1000.000000 (Debug: 2 1)
[2022.02.25-07.42.34:714][  0]LogRHI: GeForceNow SDK initialized: 1
[2022.02.25-07.42.35:070][  0]LogTargetPlatformManager: Display: Loaded TargetPlatform 'AllDesktop'
[2022.02.25-07.42.35:117][  0]LogTargetPlatformManager: Display: Loaded TargetPlatform 'Android'
[2022.02.25-07.42.35:117][  0]LogTargetPlatformManager: Display: Loaded TargetPlatform 'Android_ASTC'
[2022.02.25-07.42.35:117][  0]LogTargetPlatformManager: Display: Loaded TargetPlatform 'Android_DXT'
[2022.02.25-07.42.35:117][  0]LogTargetPlatformManager: Display: Loaded TargetPlatform 'Android_ETC2'
[2022.02.25-07.42.35:117][  0]LogTargetPlatformManager: Display: Loaded TargetPlatform 'AndroidClient'
[2022.02.25-07.42.35:117][  0]LogTargetPlatformManager: Display: Loaded TargetPlatform 'Android_ASTCClient'
[2022.02.25-07.42.35:117][  0]LogTargetPlatformManager: Display: Loaded TargetPlatform 'Android_DXTClient'
[2022.02.25-07.42.35:117][  0]LogTargetPlatformManager: Display: Loaded TargetPlatform 'Android_ETC2Client'
[2022.02.25-07.42.35:118][  0]LogTargetPlatformManager: Display: Loaded TargetPlatform 'Android_Multi'
[2022.02.25-07.42.35:118][  0]LogTargetPlatformManager: Display: Loaded TargetPlatform 'Android_MultiClient'
[2022.02.25-07.42.35:198][  0]LogTargetPlatformManager: Display: Loaded TargetPlatform 'IOSClient'
[2022.02.25-07.42.35:198][  0]LogTargetPlatformManager: Display: Loaded TargetPlatform 'IOS'
[2022.02.25-07.42.35:238][  0]LogTargetPlatformManager: Display: Loaded TargetPlatform 'Linux'
[2022.02.25-07.42.35:260][  0]LogTargetPlatformManager: Display: Loaded TargetPlatform 'LinuxNoEditor'
[2022.02.25-07.42.35:286][  0]LogTargetPlatformManager: Display: Loaded TargetPlatform 'LinuxClient'
[2022.02.25-07.42.35:310][  0]LogTargetPlatformManager: Display: Loaded TargetPlatform 'LinuxServer'
[2022.02.25-07.42.35:344][  0]LogTargetPlatformManager: Display: Loaded TargetPlatform 'LinuxAArch64NoEditor'
[2022.02.25-07.42.35:369][  0]LogTargetPlatformManager: Display: Loaded TargetPlatform 'LinuxAArch64Client'
[2022.02.25-07.42.35:393][  0]LogTargetPlatformManager: Display: Loaded TargetPlatform 'LinuxAArch64Server'
[2022.02.25-07.42.35:446][  0]LogTargetPlatformManager: Display: Loaded TargetPlatform 'Lumin'
[2022.02.25-07.42.35:446][  0]LogTargetPlatformManager: Display: Loaded TargetPlatform 'LuminClient'
[2022.02.25-07.42.35:482][  0]LogTargetPlatformManager: Display: Loaded TargetPlatform 'MacNoEditor'
[2022.02.25-07.42.35:506][  0]LogTargetPlatformManager: Display: Loaded TargetPlatform 'Mac'
[2022.02.25-07.42.35:529][  0]LogTargetPlatformManager: Display: Loaded TargetPlatform 'MacClient'
[2022.02.25-07.42.35:551][  0]LogTargetPlatformManager: Display: Loaded TargetPlatform 'MacServer'
[2022.02.25-07.42.35:581][  0]LogTargetPlatformManager: Display: Loaded TargetPlatform 'TVOSClient'
[2022.02.25-07.42.35:581][  0]LogTargetPlatformManager: Display: Loaded TargetPlatform 'TVOS'
[2022.02.25-07.42.35:610][  0]LogTargetPlatformManager: Display: Loaded TargetPlatform 'WindowsNoEditor'
[2022.02.25-07.42.35:635][  0]LogTargetPlatformManager: Display: Loaded TargetPlatform 'Windows'
[2022.02.25-07.42.35:659][  0]LogTargetPlatformManager: Display: Loaded TargetPlatform 'WindowsClient'
[2022.02.25-07.42.35:683][  0]LogTargetPlatformManager: Display: Loaded TargetPlatform 'WindowsServer'
[2022.02.25-07.42.35:683][  0]LogTargetPlatformManager: Display: Building Assets For Windows
[2022.02.25-07.42.35:781][  0]LogAudioDebug: Display: Lib vorbis DLL was dynamically loaded.
[2022.02.25-07.42.36:039][  0]LogTextureFormatOodle: Display: Oodle Texture 2.9.0 init RDO Off
[2022.02.25-07.42.36:382][  0]LogRendererCore: Ray tracing is disabled. Reason: r.RayTracing=0.
[2022.02.25-07.42.36:384][  0]LogShaderCompilers: Guid format shader working directory is -23 characters bigger than the processId version (../../../../../../UnrealEngine_Projects/ue.course/GeometrySandbox/Intermediate/Shaders/WorkingDirectory/13480/).
[2022.02.25-07.42.36:384][  0]LogShaderCompilers: Cleaned the shader compiler working directory 'C:/Users/PC/AppData/Local/Temp/UnrealShaderWorkingDir/621EB49C46A93E8EF31BE2AA2810DA37/'.
[2022.02.25-07.42.36:385][  0]LogXGEController: Cannot use XGE Controller as Incredibuild is not installed on this machine.
[2022.02.25-07.42.36:386][  0]LogShaderCompilers: Cannot use XGE Shader Compiler as Incredibuild is not installed on this machine.
[2022.02.25-07.42.36:386][  0]LogShaderCompilers: Display: Using Local Shader Compiler.
[2022.02.25-07.42.40:168][  0]LogDerivedDataCache: Display: Max Cache Size: 512 MB
[2022.02.25-07.42.40:427][  0]LogDerivedDataCache: Loaded boot cache 0.26s 94MB C:/Users/PC/AppData/Local/UnrealEngine/4.27/DerivedDataCache/Boot.ddc.
[2022.02.25-07.42.40:427][  0]LogDerivedDataCache: Display: Loaded Boot cache: C:/Users/PC/AppData/Local/UnrealEngine/4.27/DerivedDataCache/Boot.ddc
[2022.02.25-07.42.40:427][  0]LogDerivedDataCache: FDerivedDataBackendGraph:  Pak pak cache file ../../../../../../UnrealEngine_Projects/ue.course/GeometrySandbox/DerivedDataCache/DDC.ddp not found, will not use a pak cache.
[2022.02.25-07.42.40:427][  0]LogDerivedDataCache: Unable to find inner node Pak for hierarchical cache Hierarchy.
[2022.02.25-07.42.40:427][  0]LogDerivedDataCache: FDerivedDataBackendGraph:  CompressedPak pak cache file ../../../../../../UnrealEngine_Projects/ue.course/GeometrySandbox/DerivedDataCache/Compressed.ddp not found, will not use a pak cache.
[2022.02.25-07.42.40:427][  0]LogDerivedDataCache: Unable to find inner node CompressedPak for hierarchical cache Hierarchy.
[2022.02.25-07.42.40:460][  0]LogDerivedDataCache: Display: Pak cache opened for reading ../../../Engine/DerivedDataCache/Compressed.ddp.
[2022.02.25-07.42.40:460][  0]LogDerivedDataCache: FDerivedDataBackendGraph:  EnterprisePak pak cache file ../../../Enterprise/DerivedDataCache/Compressed.ddp not found, will not use a pak cache.
[2022.02.25-07.42.40:460][  0]LogDerivedDataCache: Unable to find inner node EnterprisePak for hierarchical cache Hierarchy.
[2022.02.25-07.42.40:536][  0]LogDerivedDataCache: Speed tests for C:/Users/PC/AppData/Local/UnrealEngine/Common/DerivedDataCache took 0.08 seconds
[2022.02.25-07.42.40:536][  0]LogDerivedDataCache: Display: Performance to C:/Users/PC/AppData/Local/UnrealEngine/Common/DerivedDataCache: Latency=0.27ms. RandomReadSpeed=15.37MBs, RandomWriteSpeed=82.34MBs. Assigned SpeedClass 'Local'
[2022.02.25-07.42.40:544][  0]LogDerivedDataCache: Using Local data cache path C:/Users/PC/AppData/Local/UnrealEngine/Common/DerivedDataCache: Writable
[2022.02.25-07.42.40:545][  0]LogDerivedDataCache: Shared data cache path not found in *engine.ini, will not use an Shared cache.
[2022.02.25-07.42.40:545][  0]LogDerivedDataCache: Unable to find inner node Shared for hierarchical cache Hierarchy.
[2022.02.25-07.42.40:614][  0]LogSlate: Using FreeType 2.10.0
[2022.02.25-07.42.40:637][  0]LogSlate: SlateFontServices - WITH_FREETYPE: 1, WITH_HARFBUZZ: 1
[2022.02.25-07.42.40:727][  0]LogAssetRegistry: FAssetRegistry took 0.0089 seconds to start up
[2022.02.25-07.42.41:296][  0]LogInit: Selected Device Profile: [Windows]
[2022.02.25-07.42.41:297][  0]LogInit: Active device profile: [00000127AB072300][00000127A9AAD700 49] Windows
[2022.02.25-07.42.41:297][  0]LogInit: Profiles: [00000127AB072300][00000127A9AAD700 49] Windows, [00000127AB01DF00][000001279DE01880 49] WindowsNoEditor, [00000127AB072700][000001279DE05A00 49] WindowsServer, [00000127AB01E200][000001279DE09B80 49] WindowsClient, [00000127AB072900][000001279DE0C180 49] IOS, [00000127AB01DA00][000001279DE10300 49] iPadAir, [00000127AB071900][000001279DE14480 49] iPadAir2, [00000127AAFE1A00][000001279DE1C740 49] IPadPro, [00000127AAFE1B00][000001279DE18780 49] iPadAir3, [00000127AB071800][000001279DDFC8C0 49] iPadAir4, [00000127AAFE3E00][000001279DE20A00 49] iPadMini2, [00000127AB071F00][000001279DE24B40 49] iPadMini3, [00000127AAFE0200][00000127A9762CC0 49] iPadMini4, [00000127AB071B00][00000127A9766E40 49] iPadMini5, [00000127AAFF1300][00000127A976F100 49] iPhone6, [00000127AAFF1400][00000127A976B140 49] iPodTouch6, [00000127AB01E400][00000127A9777400 49] iPhone7, [00000127AB01E900][00000127A9773440 49] iPodTouch7, [00000127AAFF3800][00000127A977B5C0 49] iPhone5S, [00000127AB01C700][00000127A977F740 49] iPhone6Plus, [00000127AAFF3700][00000127A97838C0 49] iPhone6S, [00000127AB01D400][00000127A9787A40 49] iPhone6SPlus, [00000127AAFF3F00][00000127A978BBC0 49] iPhone7Plus, [00000127AB01CA00][00000127A978E1C0 49] iPhoneSE, [00000127AAFF2E00][00000127A9792340 49] iPhone8, [00000127AB01FB00][00000127A97964C0 49] iPhone8Plus, [00000127AAFF2300][00000127A979A640 49] iPhoneX, [00000127AB01E100][00000127A979E7C0 49] iPhoneXS, [00000127AAFF1900][00000127A97A2940 49] iPhoneXSMax, [00000127AB01D200][000001279DE28A80 49] iPhoneXR, [00000127AAFF3300][00000127A97A6BC0 49] iPhone11, [00000127AB01D900][00000127A97AAD00 49] iPhone11Pro, [00000127AAFF2900][00000127AAE10E80 49] iPhone11ProMax, [00000127AB01E000][00000127AAE15000 49] iPhoneSE2, [00000127AAFF3900][00000127AAE19180 49] iPhone12Mini, [00000127AB01F800][00000127AAE1D300 49] iPhone12, [00000127AAFF1E00][00000127AAE21480 49] iPhone12Pro, [00000127AB01C500][00000127AAE25600 49] iPhone12ProMax, [00000127AAFF3500][00000127AAE29780 49] iPadPro105, [00000127AB01DD00][00000127AAE2D900 49] iPadPro129, [00000127AAFF1C00][00000127AAE31A80 49] iPadPro97, [00000127AB01C200][00000127AAE35C00 49] iPadPro2_129, [00000127AAFF1B00][00000127AAE38200 49] iPad5, [00000127AB01E500][00000127AAE3C380 49] iPad6, [00000127AAFE0B00][00000127AAE40500 49] iPad7, [00000127AB0B9800][00000127AAE44680 49] iPad8, [00000127AAFE0400][00000127AAE48800 49] iPadPro11, [00000127AB0B8600][00000127AAE4C980 49] iPadPro2_11, [00000127AAFE2000][00000127AAE50B00 49] iPadPro3_129, [00000127AB0B8700][00000127AAE0CC40 49] iPadPro4_129, [00000127AAFE3400][00000127AAE54D80 49] AppleTV, [00000127AB0B9000][00000127AAE58EC0 49] AppleTV4K, [00000127AB01E300][00000127AAE61040 49] TVOS, [00000127AAFF0B00][00000127AAE651C0 49] Mac, [00000127AAFE2300][00000127AAE69340 49] MacClient, [00000127AAFF0700][00000127AAE6D4C0 49] MacNoEditor, [00000127AAFE3B00][00000127AAE71640 49] MacServer, [00000127AAFF0E00][00000127AAE757C0 49] Linux, [00000127AAFE3F00][00000127AAE79940 49] LinuxAArch64, [00000127AAFF0C00][00000127AAE7DAC0 49] LinuxNoEditor, [00000127AB01C900][00000127AAE800C0 49] LinuxAArch64NoEditor, [00000127AAFF3400][00000127AAE84240 49] LinuxClient, [00000127AB01FE00][00000127AAE883C0 49] LinuxAArch64Client, [00000127AAFF1600][00000127AAE8C540 49] LinuxServer, [00000127AB01D500][00000127AAE906C0 49] LinuxAArch64Server, [00000127AAFF3600][00000127AAE94840 49] Android, [00000127AB01F400][00000127AAE989C0 49] Android_Low, [00000127AAFF2B00][00000127AAE9CB40 49] Android_Mid, [00000127AB01E600][00000127AAEA0CC0 49] Android_High, [00000127AAFF2600][00000127AAE5CE00 49] Android_Default, [00000127AB01F100][00000127AAEA4F40 49] Android_Adreno4xx, [00000127AAFF1200][00000127AAEA9080 49] Android_Adreno5xx_Low, [00000127AB01D800][00000127AAEAD1C0 49] Android_Adreno5xx, [00000127AAFF0100][00000127AAEB5340 49] Android_Adreno6xx, [00000127AB01DB00][00000127AAEB94C0 49] Android_Adreno6xx_Vulkan, [00000127AAFF3D00][00000127AAEBD640 49] Android_Mali_T6xx, [00000127AB01D700][000001279B5E97C0 49] Android_Mali_T7xx, [00000127AAFF2200][000001279B5ED940 49] Android_Mali_T8xx, [00000127AB01EC00][000001279B5F1AC0 49] Android_Mali_G71, [00000127AAFF0500][000001279B5F40C0 49] Android_Mali_G72, [00000127AB01F700][000001279B5F8240 49] Android_Mali_G72_Vulkan, [00000127AAFF3B00][000001279B5FC3C0 49] Android_Mali_G76, [00000127AB01EA00][000001279B600540 49] Android_Mali_G76_Vulkan, [00000127AAFF3A00][000001279B6046C0 49] Android_Mali_G77, [00000127AB01E700][000001279B608840 49] Android_Mali_G77_Vulkan, [00000127AAFF3E00][000001279B60C9C0 49] Android_Mali_G78, [00000127AB01E800][000001279B610B40 49] Android_Mali_G78_Vulkan, [00000127AAFF0A00][000001279BB84CC0 49] Android_Mali_G710, [00000127AB01CF00][000001279BB88E40 49] Android_Mali_G710_Vulkan, [00000127AAFF0400][00000127AAEB0F80 49] Android_Vulkan_SM5, [00000127AB01FA00][000001279BB8D0C0 49] Android_PowerVR_G6xxx, [00000127AAFF1100][000001279BB91200 49] Android_PowerVR_GT7xxx, [00000127AB01F200][000001279BB95340 49] Android_PowerVR_GE8xxx, [00000127AAFF2000][000001279BB9D4C0 49] Android_PowerVR_GM9xxx, [00000127AB01D100][000001279BBA1640 49] Android_PowerVR_GM9xxx_Vulkan, [00000127AB071500][000001279BBA57C0 49] Android_TegraK1, [00000127AAFE3300][000001279BBA9940 49] Android_Unknown_Vulkan, [00000127AB071C00][000001279BBADAC0 49] Lumin, [00000127AAFE2500][000001279BBB00C0 49] Lumin_Desktop, [00000127AB072800][000001279BBB8240 49] HoloLens, 
[2022.02.25-07.42.41:886][  0]LogMeshReduction: Using QuadricMeshReduction for automatic static mesh reduction
[2022.02.25-07.42.41:886][  0]LogMeshReduction: Using SimplygonMeshReduction for automatic skeletal mesh reduction
[2022.02.25-07.42.41:886][  0]LogMeshReduction: Using ProxyLODMeshReduction for automatic mesh merging
[2022.02.25-07.42.41:886][  0]LogMeshReduction: No distributed automatic mesh merging module available
[2022.02.25-07.42.41:886][  0]LogMeshMerging: No distributed automatic mesh merging module available
[2022.02.25-07.42.41:987][  0]LogNetVersion: GeometrySandbox 1.0.0, NetCL: 17155196, EngineNetVer: 17, GameNetVer: 0 (Checksum: 2047942326)
[2022.02.25-07.42.43:611][  0]LogTexture: Default maximum texture size for cubemaps generated from long-lat sources has been changed from 512 to unlimited. In order to preserve old behaiour for '/Engine/MapTemplates/Sky/DaylightAmbientCubemap.DaylightAmbientCubemap', its maximum texture size has been explicitly set to 512.
[2022.02.25-07.42.43:797][  0]LogHMD: PokeAHoleMaterial loaded successfully
[2022.02.25-07.42.43:807][  0]LogUObjectArray: 17178 objects as part of root set at end of initial load.
[2022.02.25-07.42.43:807][  0]LogUObjectAllocator: 4302048 out of 0 bytes used by permanent object pool.
[2022.02.25-07.42.43:807][  0]LogUObjectArray: CloseDisregardForGC: 0/0 objects in disregard for GC pool
[2022.02.25-07.42.45:847][  0]LogNiagaraDebuggerClient: Niagara Debugger Client Initialized | Session: DF9445C446E20B0AEEF621925EEDE862 | Instance: C1C938B848DC1720038AE0AF79B2315D (DESKTOP-V7QSN3L-13480).
[2022.02.25-07.42.46:127][  0]LogPython: Using Python 3.7.7
[2022.02.25-07.42.47:171][  0]LogTcpMessaging: Initializing TcpMessaging bridge
[2022.02.25-07.42.47:237][  0]LogUdpMessaging: Initializing bridge on interface 0.0.0.0:0 to multicast group 230.0.0.1:6666.
[2022.02.25-07.42.48:943][  0]SourceControl: Source control is disabled
[2022.02.25-07.42.48:944][  0]SourceControl: Source control is disabled
[2022.02.25-07.42.48:985][  0]SourceControl: Source control is disabled
[2022.02.25-07.42.49:048][  0]SourceControl: Source control is disabled
[2022.02.25-07.42.49:119][  0]SourceControl: Source control is disabled
[2022.02.25-07.42.49:172][  0]LogUProjectInfo: Found projects:
[2022.02.25-07.42.50:641][  0]LogOpenImageDenoise: OIDN starting up
[2022.02.25-07.42.50:964][  0]LogAndroidPermission: UAndroidPermissionCallbackProxy::GetInstance
[2022.02.25-07.42.51:142][  0]LogAudioCaptureCore: Display: No Audio Capture implementations found. Audio input will be silent.
[2022.02.25-07.42.51:143][  0]LogAudioCaptureCore: Display: No Audio Capture implementations found. Audio input will be silent.
[2022.02.25-07.42.51:959][  0]LogCollectionManager: Loaded 0 collections in 0.002668 seconds
[2022.02.25-07.42.52:092][  0]LogFileCache: Scanning file cache for directory 'C:/UnrealEngine_Projects/ue.course/GeometrySandbox/Saved/Collections/' took 0.00s
[2022.02.25-07.42.52:092][  0]LogFileCache: Scanning file cache for directory 'C:/UnrealEngine_Projects/ue.course/GeometrySandbox/Content/Developers/PC/Collections/' took 0.00s
[2022.02.25-07.42.52:092][  0]LogFileCache: Scanning file cache for directory 'C:/UnrealEngine_Projects/ue.course/GeometrySandbox/Content/Collections/' took 0.00s
[2022.02.25-07.42.52:092][  0]LogOcInput: OculusInput pre-init called
[2022.02.25-07.42.52:738][  0]LogEngine: Initializing Engine...
[2022.02.25-07.42.52:796][  0]LogHMD: Failed to enumerate extensions. Please check that you have a valid OpenXR runtime installed.
[2022.02.25-07.42.52:797][  0]LogHMD: Failed to initialize OpenVR with code 110
[2022.02.25-07.42.52:797][  0]LogMagicLeap: Warning: VR disabled because ZI is not enabled.  To enable, in the editor, Edit -> Project Settings -> Plugins -> Magic Leap Plugin -> Enable Zero Iteration
[2022.02.25-07.42.52:803][  0]LogStats: UGameplayTagsManager::InitializeManager -  0.001 s
[2022.02.25-07.42.53:226][  0]LogInit: Initializing FReadOnlyCVARCache
[2022.02.25-07.42.53:303][  0]LogAIModule: Creating AISystem for world Untitled
[2022.02.25-07.42.53:314][  0]LogAudio: Display: Initializing Audio Device Manager...
[2022.02.25-07.42.53:346][  0]LogAudio: Display: Loading Default Audio Settings Objects...
[2022.02.25-07.42.53:353][  0]LogAudio: Display: No default SoundConcurrencyObject specified (or failed to load).
[2022.02.25-07.42.53:355][  0]LogAudio: Display: Audio Device Manager Initialized
[2022.02.25-07.42.53:355][  0]LogAudio: Display: Creating Audio Device:                 Id: 1, Scope: Shared, Realtime: True
[2022.02.25-07.42.53:356][  0]LogAudioMixer: Display: Audio Mixer Platform Settings:
[2022.02.25-07.42.53:356][  0]LogAudioMixer: Display: 	Sample Rate:						  48000
[2022.02.25-07.42.53:357][  0]LogAudioMixer: Display: 	Callback Buffer Frame Size Requested: 1024
[2022.02.25-07.42.53:357][  0]LogAudioMixer: Display: 	Callback Buffer Frame Size To Use:	  1024
[2022.02.25-07.42.53:357][  0]LogAudioMixer: Display: 	Number of buffers to queue:			  2
[2022.02.25-07.42.53:357][  0]LogAudioMixer: Display: 	Max Channels (voices):				  32
[2022.02.25-07.42.53:357][  0]LogAudioMixer: Display: 	Number of Async Source Workers:		  0
[2022.02.25-07.42.53:357][  0]LogAudio: Display: AudioDevice MaxSources: 32
[2022.02.25-07.42.53:360][  0]LogAudio: Display: Audio Spatialization Plugin: None (built-in).
[2022.02.25-07.42.53:360][  0]LogAudio: Display: Audio Reverb Plugin: None (built-in).
[2022.02.25-07.42.53:360][  0]LogAudio: Display: Audio Occlusion Plugin: None (built-in).
[2022.02.25-07.42.53:360][  0]LogAudioMixer: Display: Initializing audio mixer.
[2022.02.25-07.42.53:429][  0]LogAudioMixer: Display: 0: FrontLeft
[2022.02.25-07.42.53:429][  0]LogAudioMixer: Display: 1: FrontRight
[2022.02.25-07.42.53:463][  0]LogAudioMixer: Display: Using Audio Device Динамики (Line 6 UX2)
[2022.02.25-07.42.53:466][  0]LogAudioMixer: Display: Initializing Sound Submixes...
[2022.02.25-07.42.53:496][  0]LogAudioMixer: Display: Creating Master Submix 'MasterSubmixDefault'
[2022.02.25-07.42.53:496][  0]LogAudioMixer: Display: Creating Master Submix 'MasterReverbSubmixDefault'
[2022.02.25-07.42.53:498][  0]LogAudioMixer: Display: Creating Master Submix 'MasterEQSubmixDefault'
[2022.02.25-07.42.53:499][  0]LogAudioMixer: FMixerPlatformXAudio2::StartAudioStream() called
[2022.02.25-07.42.53:499][  0]LogAudioMixer: Display: Output buffers initialized: Frames=1024, Channels=2, Samples=2048
[2022.02.25-07.42.53:501][  0]LogAudioMixer: Display: Starting AudioMixerPlatformInterface::RunInternal()
[2022.02.25-07.42.53:501][  0]LogAudioMixer: Display: FMixerPlatformXAudio2::SubmitBuffer() called for the first time
[2022.02.25-07.42.53:502][  0]LogInit: FAudioDevice initialized.
[2022.02.25-07.42.53:503][  0]LogAudio: Display: Audio Device (ID: 1) registered with world 'Untitled'.
[2022.02.25-07.42.53:504][  0]LogNetVersion: Set ProjectVersion to 1.0.0.0. Version Checksum will be recalculated on next use.
[2022.02.25-07.42.53:605][  0]LogDerivedDataCache: Saved boot cache 0.10s 94MB C:/Users/PC/AppData/Local/UnrealEngine/4.27/DerivedDataCache/Boot.ddc.
[2022.02.25-07.42.53:606][  0]LogInit: Texture streaming: Enabled
[2022.02.25-07.42.53:712][  0]LogAnalytics: Display: [UEEditor.Rocket.Release] APIServer = https://datarouter.ol.epicgames.com/. AppVersion = 4.27.2-18319896+++UE4+Release-4.27
[2022.02.25-07.42.53:748][  0]LogEngineSessionManager: EngineSessionManager initialized
[2022.02.25-07.42.53:748][  0]LogEngineSessionManager: EngineSessionManager sent abnormal shutdown report. Type=Debugger, SessionId={0BDE1B64-4FF5-186B-C746-168B5FDB3731}
[2022.02.25-07.42.53:751][  0]LogEditorSessionSummary: Verbose: Initializing EditorSessionSummaryWriter for editor session tracking
[2022.02.25-07.42.53:771][  0]LogEditorSessionSummary: EditorSessionSummaryWriter initialized
[2022.02.25-07.42.53:864][  0]LogInit: Transaction tracking system initialized
[2022.02.25-07.42.54:057][  0]BlueprintLog: New page: Editor Load
[2022.02.25-07.42.54:561][  0]LocalizationService: Localization service is disabled
[2022.02.25-07.42.54:789][  0]TimingProfiler: Initialize
[2022.02.25-07.42.54:791][  0]TimingProfiler: OnSessionChanged
[2022.02.25-07.42.54:792][  0]LoadingProfiler: Initialize
[2022.02.25-07.42.54:793][  0]LoadingProfiler: OnSessionChanged
[2022.02.25-07.42.54:794][  0]NetworkingProfiler: Initialize
[2022.02.25-07.42.54:795][  0]NetworkingProfiler: OnSessionChanged
[2022.02.25-07.42.54:795][  0]MemoryProfiler: Initialize
[2022.02.25-07.42.54:795][  0]MemoryProfiler: OnSessionChanged
[2022.02.25-07.42.55:716][  0]LogFileCache: Scanning file cache for directory 'C:/UnrealEngine_Projects/ue.course/GeometrySandbox/Content/' took 0.01s
[2022.02.25-07.42.55:716][  0]LogCook: Display: CookSettings for Memory: MemoryMaxUsedVirtual 0MiB, MemoryMaxUsedPhysical 16384MiB, MemoryMinFreeVirtual 0MiB, MemoryMinFreePhysical 1024MiB
[2022.02.25-07.42.55:716][  0]LogCook: Display: Mobile HDR setting 1
[2022.02.25-07.42.57:204][  0]LogInit: Display: Engine is initialized. Leaving FEngineLoop::Init()
[2022.02.25-07.42.57:224][  0]SourceControl: Source control is disabled
[2022.02.25-07.42.57:224][  0]LogUnrealEdMisc: Loading editor; pre map load, took 31.931
[2022.02.25-07.42.57:229][  0]Cmd: MAP LOAD FILE="../../../../../../UnrealEngine_Projects/ue.course/GeometrySandbox/Content/SandboxMap.umap" TEMPLATE=0 SHOWPROGRESS=1 FEATURELEVEL=3
[2022.02.25-07.42.57:236][  0]LightingResults: New page: Lighting Build
[2022.02.25-07.42.57:246][  0]LogWorld: UWorld::CleanupWorld for Untitled, bSessionEnded=true, bCleanupResources=true
[2022.02.25-07.42.57:250][  0]LogSlate: InvalidateAllWidgets triggered.  All widgets were invalidated
[2022.02.25-07.42.57:254][  0]MapCheck: New page: Map Check
[2022.02.25-07.42.57:255][  0]LightingResults: New page: Lighting Build
[2022.02.25-07.42.57:272][  0]LogAudio: Display: Audio Device unregistered from world 'None'.
[2022.02.25-07.42.57:296][  0]LogUObjectHash: Compacting FUObjectHashTables data took   1.67ms
[2022.02.25-07.42.57:477][  0]LogAudio: Display: Audio Device (ID: 1) registered with world 'SandboxMap'.
[2022.02.25-07.42.57:478][  0]LogAIModule: Creating AISystem for world SandboxMap
[2022.02.25-07.42.57:532][  0]LogEditorServer: Finished looking for orphan Actors (0.000 secs)
[2022.02.25-07.42.57:555][  0]LogUObjectHash: Compacting FUObjectHashTables data took   0.93ms
[2022.02.25-07.42.57:556][  0]Cmd: MAP CHECKDEP NOCLEARLOG
[2022.02.25-07.42.57:557][  0]MapCheck: Map check complete: 0 Error(s), 0 Warning(s), took 0,432ms to complete.
[2022.02.25-07.42.57:557][  0]LogFileHelpers: Loading map 'SandboxMap' took 0.329
[2022.02.25-07.42.57:603][  0]LogUnrealEdMisc: Total Editor Startup Time, took 32.309
[2022.02.25-07.42.57:901][  0]LogSlate: Updating window title bar state: overlay mode, drag disabled, window buttons hidden, title bar hidden
[2022.02.25-07.42.57:910][  0]LogSlate: Updating window title bar state: overlay mode, drag disabled, window buttons hidden, title bar hidden
[2022.02.25-07.42.57:918][  0]LogSlate: Updating window title bar state: overlay mode, drag disabled, window buttons hidden, title bar hidden
[2022.02.25-07.42.57:925][  0]LogSlate: Updating window title bar state: overlay mode, drag disabled, window buttons hidden, title bar hidden
[2022.02.25-07.42.57:980][  0]LogNativeClassHierarchy: Verbose: Native class hierarchy populated in 0.0122 seconds. Added 3824 classes and 931 folders.
[2022.02.25-07.42.57:990][  0]LogNativeClassHierarchy: Verbose: Native class hierarchy updated for 'WidgetCarousel' in 0.0003 seconds. Added 0 classes and 0 folders.
[2022.02.25-07.42.58:004][  0]LogPakFile: PakFile PrimaryIndexSize=187
[2022.02.25-07.42.58:004][  0]LogPakFile: PakFile PathHashIndexSize=101
[2022.02.25-07.42.58:004][  0]LogPakFile: PakFile FullDirectoryIndexSize=148
[2022.02.25-07.42.58:005][  0]LogShaderLibrary: Display: ShaderCodeLibraryPakFileMountedCallback: PakFile 'C:/Games/Epic Games/UE_4.27/FeaturePacks/FP_FirstPerson.upack' (chunk index -1, root 'root:/') mounted
[2022.02.25-07.42.58:006][  0]LogShaderLibrary: Display: ShaderCodeLibraryPakFileMountedCallback: pending pak file info (ChunkID:-1 Root:root:/ File:C:/Games/Epic Games/UE_4.27/FeaturePacks/FP_FirstPerson.upack)
[2022.02.25-07.42.58:006][  0]LogPakFile: OnPakFileMounted2Time == 0.001407
[2022.02.25-07.42.58:018][  0]LogPakFile: PakFile PrimaryIndexSize=189
[2022.02.25-07.42.58:018][  0]LogPakFile: PakFile PathHashIndexSize=101
[2022.02.25-07.42.58:018][  0]LogPakFile: PakFile FullDirectoryIndexSize=152
[2022.02.25-07.42.58:018][  0]LogShaderLibrary: Display: ShaderCodeLibraryPakFileMountedCallback: PakFile 'C:/Games/Epic Games/UE_4.27/FeaturePacks/FP_FirstPersonBP.upack' (chunk index -1, root 'root:/') mounted
[2022.02.25-07.42.58:020][  0]LogShaderLibrary: Display: ShaderCodeLibraryPakFileMountedCallback: pending pak file info (ChunkID:-1 Root:root:/ File:C:/Games/Epic Games/UE_4.27/FeaturePacks/FP_FirstPersonBP.upack)
[2022.02.25-07.42.58:020][  0]LogPakFile: OnPakFileMounted2Time == 0.001708
[2022.02.25-07.42.58:027][  0]LogPakFile: PakFile PrimaryIndexSize=191
[2022.02.25-07.42.58:027][  0]LogPakFile: PakFile PathHashIndexSize=101
[2022.02.25-07.42.58:027][  0]LogPakFile: PakFile FullDirectoryIndexSize=160
[2022.02.25-07.42.58:027][  0]LogShaderLibrary: Display: ShaderCodeLibraryPakFileMountedCallback: PakFile 'C:/Games/Epic Games/UE_4.27/FeaturePacks/MobileStarterContent.upack' (chunk index -1, root 'root:/') mounted
[2022.02.25-07.42.58:027][  0]LogShaderLibrary: Display: ShaderCodeLibraryPakFileMountedCallback: pending pak file info (ChunkID:-1 Root:root:/ File:C:/Games/Epic Games/UE_4.27/FeaturePacks/MobileStarterContent.upack)
[2022.02.25-07.42.58:027][  0]LogPakFile: OnPakFileMounted2Time == 0.000184
[2022.02.25-07.42.58:034][  0]LogPakFile: PakFile PrimaryIndexSize=185
[2022.02.25-07.42.58:034][  0]LogPakFile: PakFile PathHashIndexSize=101
[2022.02.25-07.42.58:034][  0]LogPakFile: PakFile FullDirectoryIndexSize=148
[2022.02.25-07.42.58:034][  0]LogShaderLibrary: Display: ShaderCodeLibraryPakFileMountedCallback: PakFile 'C:/Games/Epic Games/UE_4.27/FeaturePacks/StarterContent.upack' (chunk index -1, root 'root:/') mounted
[2022.02.25-07.42.58:034][  0]LogShaderLibrary: Display: ShaderCodeLibraryPakFileMountedCallback: pending pak file info (ChunkID:-1 Root:root:/ File:C:/Games/Epic Games/UE_4.27/FeaturePacks/StarterContent.upack)
[2022.02.25-07.42.58:035][  0]LogPakFile: OnPakFileMounted2Time == 0.000183
[2022.02.25-07.42.58:044][  0]LogPakFile: PakFile PrimaryIndexSize=190
[2022.02.25-07.42.58:044][  0]LogPakFile: PakFile PathHashIndexSize=101
[2022.02.25-07.42.58:044][  0]LogPakFile: PakFile FullDirectoryIndexSize=154
[2022.02.25-07.42.58:044][  0]LogShaderLibrary: Display: ShaderCodeLibraryPakFileMountedCallback: PakFile 'C:/Games/Epic Games/UE_4.27/FeaturePacks/TP_2DSideScroller.upack' (chunk index -1, root 'root:/') mounted
[2022.02.25-07.42.58:045][  0]LogShaderLibrary: Display: ShaderCodeLibraryPakFileMountedCallback: pending pak file info (ChunkID:-1 Root:root:/ File:C:/Games/Epic Games/UE_4.27/FeaturePacks/TP_2DSideScroller.upack)
[2022.02.25-07.42.58:045][  0]LogPakFile: OnPakFileMounted2Time == 0.000273
[2022.02.25-07.42.58:051][  0]LogPakFile: PakFile PrimaryIndexSize=192
[2022.02.25-07.42.58:051][  0]LogPakFile: PakFile PathHashIndexSize=101
[2022.02.25-07.42.58:052][  0]LogPakFile: PakFile FullDirectoryIndexSize=158
[2022.02.25-07.42.58:052][  0]LogShaderLibrary: Display: ShaderCodeLibraryPakFileMountedCallback: PakFile 'C:/Games/Epic Games/UE_4.27/FeaturePacks/TP_2DSideScrollerBP.upack' (chunk index -1, root 'root:/') mounted
[2022.02.25-07.42.58:052][  0]LogShaderLibrary: Display: ShaderCodeLibraryPakFileMountedCallback: pending pak file info (ChunkID:-1 Root:root:/ File:C:/Games/Epic Games/UE_4.27/FeaturePacks/TP_2DSideScrollerBP.upack)
[2022.02.25-07.42.58:052][  0]LogPakFile: OnPakFileMounted2Time == 0.000217
[2022.02.25-07.42.58:060][  0]LogPakFile: PakFile PrimaryIndexSize=182
[2022.02.25-07.42.58:060][  0]LogPakFile: PakFile PathHashIndexSize=101
[2022.02.25-07.42.58:061][  0]LogPakFile: PakFile FullDirectoryIndexSize=138
[2022.02.25-07.42.58:061][  0]LogShaderLibrary: Display: ShaderCodeLibraryPakFileMountedCallback: PakFile 'C:/Games/Epic Games/UE_4.27/FeaturePacks/TP_Flying.upack' (chunk index -1, root 'root:/') mounted
[2022.02.25-07.42.58:061][  0]LogShaderLibrary: Display: ShaderCodeLibraryPakFileMountedCallback: pending pak file info (ChunkID:-1 Root:root:/ File:C:/Games/Epic Games/UE_4.27/FeaturePacks/TP_Flying.upack)
[2022.02.25-07.42.58:061][  0]LogPakFile: OnPakFileMounted2Time == 0.000169
[2022.02.25-07.42.58:069][  0]LogPakFile: PakFile PrimaryIndexSize=184
[2022.02.25-07.42.58:069][  0]LogPakFile: PakFile PathHashIndexSize=101
[2022.02.25-07.42.58:069][  0]LogPakFile: PakFile FullDirectoryIndexSize=142
[2022.02.25-07.42.58:069][  0]LogShaderLibrary: Display: ShaderCodeLibraryPakFileMountedCallback: PakFile 'C:/Games/Epic Games/UE_4.27/FeaturePacks/TP_FlyingBP.upack' (chunk index -1, root 'root:/') mounted
[2022.02.25-07.42.58:069][  0]LogShaderLibrary: Display: ShaderCodeLibraryPakFileMountedCallback: pending pak file info (ChunkID:-1 Root:root:/ File:C:/Games/Epic Games/UE_4.27/FeaturePacks/TP_FlyingBP.upack)
[2022.02.25-07.42.58:069][  0]LogPakFile: OnPakFileMounted2Time == 0.000125
[2022.02.25-07.42.58:081][  0]LogPakFile: PakFile PrimaryIndexSize=188
[2022.02.25-07.42.58:081][  0]LogPakFile: PakFile PathHashIndexSize=101
[2022.02.25-07.42.58:081][  0]LogPakFile: PakFile FullDirectoryIndexSize=150
[2022.02.25-07.42.58:081][  0]LogShaderLibrary: Display: ShaderCodeLibraryPakFileMountedCallback: PakFile 'C:/Games/Epic Games/UE_4.27/FeaturePacks/TP_HandheldARBP.upack' (chunk index -1, root 'root:/') mounted
[2022.02.25-07.42.58:081][  0]LogShaderLibrary: Display: ShaderCodeLibraryPakFileMountedCallback: pending pak file info (ChunkID:-1 Root:root:/ File:C:/Games/Epic Games/UE_4.27/FeaturePacks/TP_HandheldARBP.upack)
[2022.02.25-07.42.58:081][  0]LogPakFile: OnPakFileMounted2Time == 0.000145
[2022.02.25-07.42.58:091][  0]LogPakFile: PakFile PrimaryIndexSize=182
[2022.02.25-07.42.58:092][  0]LogPakFile: PakFile PathHashIndexSize=101
[2022.02.25-07.42.58:092][  0]LogPakFile: PakFile FullDirectoryIndexSize=138
[2022.02.25-07.42.58:092][  0]LogShaderLibrary: Display: ShaderCodeLibraryPakFileMountedCallback: PakFile 'C:/Games/Epic Games/UE_4.27/FeaturePacks/TP_Puzzle.upack' (chunk index -1, root 'root:/') mounted
[2022.02.25-07.42.58:092][  0]LogShaderLibrary: Display: ShaderCodeLibraryPakFileMountedCallback: pending pak file info (ChunkID:-1 Root:root:/ File:C:/Games/Epic Games/UE_4.27/FeaturePacks/TP_Puzzle.upack)
[2022.02.25-07.42.58:092][  0]LogPakFile: OnPakFileMounted2Time == 0.000155
[2022.02.25-07.42.58:098][  0]LogPakFile: PakFile PrimaryIndexSize=184
[2022.02.25-07.42.58:098][  0]LogPakFile: PakFile PathHashIndexSize=101
[2022.02.25-07.42.58:098][  0]LogPakFile: PakFile FullDirectoryIndexSize=142
[2022.02.25-07.42.58:098][  0]LogShaderLibrary: Display: ShaderCodeLibraryPakFileMountedCallback: PakFile 'C:/Games/Epic Games/UE_4.27/FeaturePacks/TP_PuzzleBP.upack' (chunk index -1, root 'root:/') mounted
[2022.02.25-07.42.58:098][  0]LogShaderLibrary: Display: ShaderCodeLibraryPakFileMountedCallback: pending pak file info (ChunkID:-1 Root:root:/ File:C:/Games/Epic Games/UE_4.27/FeaturePacks/TP_PuzzleBP.upack)
[2022.02.25-07.42.58:099][  0]LogPakFile: OnPakFileMounted2Time == 0.000195
[2022.02.25-07.42.58:107][  0]LogPakFile: PakFile PrimaryIndexSize=183
[2022.02.25-07.42.58:107][  0]LogPakFile: PakFile PathHashIndexSize=101
[2022.02.25-07.42.58:108][  0]LogPakFile: PakFile FullDirectoryIndexSize=140
[2022.02.25-07.42.58:108][  0]LogShaderLibrary: Display: ShaderCodeLibraryPakFileMountedCallback: PakFile 'C:/Games/Epic Games/UE_4.27/FeaturePacks/TP_Rolling.upack' (chunk index -1, root 'root:/') mounted
[2022.02.25-07.42.58:108][  0]LogShaderLibrary: Display: ShaderCodeLibraryPakFileMountedCallback: pending pak file info (ChunkID:-1 Root:root:/ File:C:/Games/Epic Games/UE_4.27/FeaturePacks/TP_Rolling.upack)
[2022.02.25-07.42.58:108][  0]LogPakFile: OnPakFileMounted2Time == 0.000132
[2022.02.25-07.42.58:114][  0]LogPakFile: PakFile PrimaryIndexSize=185
[2022.02.25-07.42.58:114][  0]LogPakFile: PakFile PathHashIndexSize=101
[2022.02.25-07.42.58:114][  0]LogPakFile: PakFile FullDirectoryIndexSize=144
[2022.02.25-07.42.58:114][  0]LogShaderLibrary: Display: ShaderCodeLibraryPakFileMountedCallback: PakFile 'C:/Games/Epic Games/UE_4.27/FeaturePacks/TP_RollingBP.upack' (chunk index -1, root 'root:/') mounted
[2022.02.25-07.42.58:114][  0]LogShaderLibrary: Display: ShaderCodeLibraryPakFileMountedCallback: pending pak file info (ChunkID:-1 Root:root:/ File:C:/Games/Epic Games/UE_4.27/FeaturePacks/TP_RollingBP.upack)
[2022.02.25-07.42.58:115][  0]LogPakFile: OnPakFileMounted2Time == 0.000169
[2022.02.25-07.42.58:121][  0]LogPakFile: PakFile PrimaryIndexSize=188
[2022.02.25-07.42.58:122][  0]LogPakFile: PakFile PathHashIndexSize=101
[2022.02.25-07.42.58:122][  0]LogPakFile: PakFile FullDirectoryIndexSize=150
[2022.02.25-07.42.58:122][  0]LogShaderLibrary: Display: ShaderCodeLibraryPakFileMountedCallback: PakFile 'C:/Games/Epic Games/UE_4.27/FeaturePacks/TP_SideScroller.upack' (chunk index -1, root 'root:/') mounted
[2022.02.25-07.42.58:122][  0]LogShaderLibrary: Display: ShaderCodeLibraryPakFileMountedCallback: pending pak file info (ChunkID:-1 Root:root:/ File:C:/Games/Epic Games/UE_4.27/FeaturePacks/TP_SideScroller.upack)
[2022.02.25-07.42.58:122][  0]LogPakFile: OnPakFileMounted2Time == 0.000136
[2022.02.25-07.42.58:130][  0]LogPakFile: PakFile PrimaryIndexSize=190
[2022.02.25-07.42.58:130][  0]LogPakFile: PakFile PathHashIndexSize=101
[2022.02.25-07.42.58:130][  0]LogPakFile: PakFile FullDirectoryIndexSize=154
[2022.02.25-07.42.58:130][  0]LogShaderLibrary: Display: ShaderCodeLibraryPakFileMountedCallback: PakFile 'C:/Games/Epic Games/UE_4.27/FeaturePacks/TP_SideScrollerBP.upack' (chunk index -1, root 'root:/') mounted
[2022.02.25-07.42.58:130][  0]LogShaderLibrary: Display: ShaderCodeLibraryPakFileMountedCallback: pending pak file info (ChunkID:-1 Root:root:/ File:C:/Games/Epic Games/UE_4.27/FeaturePacks/TP_SideScrollerBP.upack)
[2022.02.25-07.42.58:130][  0]LogPakFile: OnPakFileMounted2Time == 0.000124
[2022.02.25-07.42.58:138][  0]LogPakFile: PakFile PrimaryIndexSize=187
[2022.02.25-07.42.58:138][  0]LogPakFile: PakFile PathHashIndexSize=101
[2022.02.25-07.42.58:139][  0]LogPakFile: PakFile FullDirectoryIndexSize=148
[2022.02.25-07.42.58:139][  0]LogShaderLibrary: Display: ShaderCodeLibraryPakFileMountedCallback: PakFile 'C:/Games/Epic Games/UE_4.27/FeaturePacks/TP_ThirdPerson.upack' (chunk index -1, root 'root:/') mounted
[2022.02.25-07.42.58:139][  0]LogShaderLibrary: Display: ShaderCodeLibraryPakFileMountedCallback: pending pak file info (ChunkID:-1 Root:root:/ File:C:/Games/Epic Games/UE_4.27/FeaturePacks/TP_ThirdPerson.upack)
[2022.02.25-07.42.58:139][  0]LogPakFile: OnPakFileMounted2Time == 0.000210
[2022.02.25-07.42.58:146][  0]LogPakFile: PakFile PrimaryIndexSize=189
[2022.02.25-07.42.58:146][  0]LogPakFile: PakFile PathHashIndexSize=101
[2022.02.25-07.42.58:147][  0]LogPakFile: PakFile FullDirectoryIndexSize=152
[2022.02.25-07.42.58:147][  0]LogShaderLibrary: Display: ShaderCodeLibraryPakFileMountedCallback: PakFile 'C:/Games/Epic Games/UE_4.27/FeaturePacks/TP_ThirdPersonBP.upack' (chunk index -1, root 'root:/') mounted
[2022.02.25-07.42.58:147][  0]LogShaderLibrary: Display: ShaderCodeLibraryPakFileMountedCallback: pending pak file info (ChunkID:-1 Root:root:/ File:C:/Games/Epic Games/UE_4.27/FeaturePacks/TP_ThirdPersonBP.upack)
[2022.02.25-07.42.58:147][  0]LogPakFile: OnPakFileMounted2Time == 0.000133
[2022.02.25-07.42.58:154][  0]LogPakFile: PakFile PrimaryIndexSize=183
[2022.02.25-07.42.58:154][  0]LogPakFile: PakFile PathHashIndexSize=101
[2022.02.25-07.42.58:154][  0]LogPakFile: PakFile FullDirectoryIndexSize=140
[2022.02.25-07.42.58:154][  0]LogShaderLibrary: Display: ShaderCodeLibraryPakFileMountedCallback: PakFile 'C:/Games/Epic Games/UE_4.27/FeaturePacks/TP_TopDown.upack' (chunk index -1, root 'root:/') mounted
[2022.02.25-07.42.58:155][  0]LogShaderLibrary: Display: ShaderCodeLibraryPakFileMountedCallback: pending pak file info (ChunkID:-1 Root:root:/ File:C:/Games/Epic Games/UE_4.27/FeaturePacks/TP_TopDown.upack)
[2022.02.25-07.42.58:155][  0]LogPakFile: OnPakFileMounted2Time == 0.000200
[2022.02.25-07.42.58:162][  0]LogPakFile: PakFile PrimaryIndexSize=185
[2022.02.25-07.42.58:162][  0]LogPakFile: PakFile PathHashIndexSize=101
[2022.02.25-07.42.58:162][  0]LogPakFile: PakFile FullDirectoryIndexSize=144
[2022.02.25-07.42.58:162][  0]LogShaderLibrary: Display: ShaderCodeLibraryPakFileMountedCallback: PakFile 'C:/Games/Epic Games/UE_4.27/FeaturePacks/TP_TopDownBP.upack' (chunk index -1, root 'root:/') mounted
[2022.02.25-07.42.58:162][  0]LogShaderLibrary: Display: ShaderCodeLibraryPakFileMountedCallback: pending pak file info (ChunkID:-1 Root:root:/ File:C:/Games/Epic Games/UE_4.27/FeaturePacks/TP_TopDownBP.upack)
[2022.02.25-07.42.58:162][  0]LogPakFile: OnPakFileMounted2Time == 0.000164
[2022.02.25-07.42.58:173][  0]LogPakFile: PakFile PrimaryIndexSize=185
[2022.02.25-07.42.58:174][  0]LogPakFile: PakFile PathHashIndexSize=101
[2022.02.25-07.42.58:174][  0]LogPakFile: PakFile FullDirectoryIndexSize=144
[2022.02.25-07.42.58:174][  0]LogShaderLibrary: Display: ShaderCodeLibraryPakFileMountedCallback: PakFile 'C:/Games/Epic Games/UE_4.27/FeaturePacks/TP_TwinStick.upack' (chunk index -1, root 'root:/') mounted
[2022.02.25-07.42.58:174][  0]LogShaderLibrary: Display: ShaderCodeLibraryPakFileMountedCallback: pending pak file info (ChunkID:-1 Root:root:/ File:C:/Games/Epic Games/UE_4.27/FeaturePacks/TP_TwinStick.upack)
[2022.02.25-07.42.58:174][  0]LogPakFile: OnPakFileMounted2Time == 0.000170
[2022.02.25-07.42.58:181][  0]LogPakFile: PakFile PrimaryIndexSize=187
[2022.02.25-07.42.58:181][  0]LogPakFile: PakFile PathHashIndexSize=101
[2022.02.25-07.42.58:182][  0]LogPakFile: PakFile FullDirectoryIndexSize=148
[2022.02.25-07.42.58:182][  0]LogShaderLibrary: Display: ShaderCodeLibraryPakFileMountedCallback: PakFile 'C:/Games/Epic Games/UE_4.27/FeaturePacks/TP_TwinStickBP.upack' (chunk index -1, root 'root:/') mounted
[2022.02.25-07.42.58:182][  0]LogShaderLibrary: Display: ShaderCodeLibraryPakFileMountedCallback: pending pak file info (ChunkID:-1 Root:root:/ File:C:/Games/Epic Games/UE_4.27/FeaturePacks/TP_TwinStickBP.upack)
[2022.02.25-07.42.58:182][  0]LogPakFile: OnPakFileMounted2Time == 0.000157
[2022.02.25-07.42.58:193][  0]LogPakFile: PakFile PrimaryIndexSize=183
[2022.02.25-07.42.58:194][  0]LogPakFile: PakFile PathHashIndexSize=101
[2022.02.25-07.42.58:194][  0]LogPakFile: PakFile FullDirectoryIndexSize=140
[2022.02.25-07.42.58:194][  0]LogShaderLibrary: Display: ShaderCodeLibraryPakFileMountedCallback: PakFile 'C:/Games/Epic Games/UE_4.27/FeaturePacks/TP_Vehicle.upack' (chunk index -1, root 'root:/') mounted
[2022.02.25-07.42.58:194][  0]LogShaderLibrary: Display: ShaderCodeLibraryPakFileMountedCallback: pending pak file info (ChunkID:-1 Root:root:/ File:C:/Games/Epic Games/UE_4.27/FeaturePacks/TP_Vehicle.upack)
[2022.02.25-07.42.58:194][  0]LogPakFile: OnPakFileMounted2Time == 0.000166
[2022.02.25-07.42.58:203][  0]LogPakFile: PakFile PrimaryIndexSize=186
[2022.02.25-07.42.58:203][  0]LogPakFile: PakFile PathHashIndexSize=101
[2022.02.25-07.42.58:203][  0]LogPakFile: PakFile FullDirectoryIndexSize=146
[2022.02.25-07.42.58:204][  0]LogShaderLibrary: Display: ShaderCodeLibraryPakFileMountedCallback: PakFile 'C:/Games/Epic Games/UE_4.27/FeaturePacks/TP_VehicleAdv.upack' (chunk index -1, root 'root:/') mounted
[2022.02.25-07.42.58:204][  0]LogShaderLibrary: Display: ShaderCodeLibraryPakFileMountedCallback: pending pak file info (ChunkID:-1 Root:root:/ File:C:/Games/Epic Games/UE_4.27/FeaturePacks/TP_VehicleAdv.upack)
[2022.02.25-07.42.58:204][  0]LogPakFile: OnPakFileMounted2Time == 0.000156
[2022.02.25-07.42.58:211][  0]LogPakFile: PakFile PrimaryIndexSize=188
[2022.02.25-07.42.58:211][  0]LogPakFile: PakFile PathHashIndexSize=101
[2022.02.25-07.42.58:212][  0]LogPakFile: PakFile FullDirectoryIndexSize=150
[2022.02.25-07.42.58:212][  0]LogShaderLibrary: Display: ShaderCodeLibraryPakFileMountedCallback: PakFile 'C:/Games/Epic Games/UE_4.27/FeaturePacks/TP_VehicleAdvBP.upack' (chunk index -1, root 'root:/') mounted
[2022.02.25-07.42.58:212][  0]LogShaderLibrary: Display: ShaderCodeLibraryPakFileMountedCallback: pending pak file info (ChunkID:-1 Root:root:/ File:C:/Games/Epic Games/UE_4.27/FeaturePacks/TP_VehicleAdvBP.upack)
[2022.02.25-07.42.58:212][  0]LogPakFile: OnPakFileMounted2Time == 0.000200
[2022.02.25-07.42.58:222][  0]LogPakFile: PakFile PrimaryIndexSize=185
[2022.02.25-07.42.58:223][  0]LogPakFile: PakFile PathHashIndexSize=101
[2022.02.25-07.42.58:223][  0]LogPakFile: PakFile FullDirectoryIndexSize=144
[2022.02.25-07.42.58:223][  0]LogShaderLibrary: Display: ShaderCodeLibraryPakFileMountedCallback: PakFile 'C:/Games/Epic Games/UE_4.27/FeaturePacks/TP_VehicleBP.upack' (chunk index -1, root 'root:/') mounted
[2022.02.25-07.42.58:223][  0]LogShaderLibrary: Display: ShaderCodeLibraryPakFileMountedCallback: pending pak file info (ChunkID:-1 Root:root:/ File:C:/Games/Epic Games/UE_4.27/FeaturePacks/TP_VehicleBP.upack)
[2022.02.25-07.42.58:223][  0]LogPakFile: OnPakFileMounted2Time == 0.000127
[2022.02.25-07.42.58:230][  0]LogPakFile: PakFile PrimaryIndexSize=192
[2022.02.25-07.42.58:230][  0]LogPakFile: PakFile PathHashIndexSize=101
[2022.02.25-07.42.58:230][  0]LogPakFile: PakFile FullDirectoryIndexSize=158
[2022.02.25-07.42.58:230][  0]LogShaderLibrary: Display: ShaderCodeLibraryPakFileMountedCallback: PakFile 'C:/Games/Epic Games/UE_4.27/FeaturePacks/TP_VirtualRealityBP.upack' (chunk index -1, root 'root:/') mounted
[2022.02.25-07.42.58:230][  0]LogShaderLibrary: Display: ShaderCodeLibraryPakFileMountedCallback: pending pak file info (ChunkID:-1 Root:root:/ File:C:/Games/Epic Games/UE_4.27/FeaturePacks/TP_VirtualRealityBP.upack)
[2022.02.25-07.42.58:230][  0]LogPakFile: OnPakFileMounted2Time == 0.000143
[2022.02.25-07.42.58:563][  0]LogNativeClassHierarchy: Verbose: Native class hierarchy updated for 'AddContentDialog' in 0.0003 seconds. Added 0 classes and 0 folders.
[2022.02.25-07.42.58:569][  0]LogNativeClassHierarchy: Verbose: Native class hierarchy updated for 'SceneOutliner' in 0.0003 seconds. Added 2 classes and 0 folders.
[2022.02.25-07.42.58:695][  0]LogSlate: Took 0.006865 seconds to synchronously load lazily loaded font '../../../Engine/Content/Slate/Fonts/Roboto-Regular.ttf' (155K)
[2022.02.25-07.42.58:708][  0]LogSlate: Took 0.006287 seconds to synchronously load lazily loaded font '../../../Engine/Content/Editor/Slate/Fonts/FontAwesome.ttf' (139K)
[2022.02.25-07.42.58:716][  0]LogSlate: Took 0.005482 seconds to synchronously load lazily loaded font '../../../Engine/Content/Slate/Fonts/Roboto-Bold.ttf' (160K)
[2022.02.25-07.42.58:940][  0]LogRenderer: Reallocating scene render targets to support 1208x572 Format 10 NumSamples 1 (Frame:1).
[2022.02.25-07.42.59:070][  0]LogSlate: Took 0.006106 seconds to synchronously load lazily loaded font '../../../Engine/Content/Slate/Fonts/Roboto-Light.ttf' (167K)
[2022.02.25-07.42.59:180][  0]LogNativeClassHierarchy: Verbose: Native class hierarchy updated for 'HierarchicalLODOutliner' in 0.0003 seconds. Added 0 classes and 0 folders.
[2022.02.25-07.42.59:180][  0]LogLoad: (Engine Initialization) Total time: 33.89 seconds
[2022.02.25-07.42.59:181][  0]LogLoad: (Engine Initialization) Total Blueprint compile time: 0.00 seconds
[2022.02.25-07.42.59:339][  0]LogAssetRegistry: Asset discovery search completed in 18.6147 seconds
[2022.02.25-07.42.59:375][  0]LogCollectionManager: Fixed up redirectors for 0 collections in 0.000188 seconds (updated 0 objects)
[2022.02.25-07.42.59:387][  0]LogContentStreaming: Texture pool size now 1000 MB
