Log file open, 03/09/22 19:32:09
LogWindows: Failed to load 'aqProf.dll' (GetLastError=126)
LogWindows: File 'aqProf.dll' does not exist
LogWindows: Failed to load 'VtuneApi.dll' (GetLastError=126)
LogWindows: File 'VtuneApi.dll' does not exist
LogWindows: Failed to load 'VtuneApi32e.dll' (GetLastError=126)
LogWindows: File 'VtuneApi32e.dll' does not exist
LogConsoleResponse: Display: Failed to find resolution value strings in scalability ini. Falling back to default.
LogConsoleResponse: Display: Failed to find resolution value strings in scalability ini. Falling back to default.
LogInit: Display: Running engine for game: GeometrySandbox
LogPlatformFile: Not using cached read wrapper
LogTaskGraph: Started task graph with 5 named threads and 23 total threads with 3 sets of task threads.
LogStats: Stats thread started at 0.368110
LogICUInternationalization: ICU TimeZone Detection - Raw Offset: +3:00, Platform Override: ''
LogInit: Display: Loading text-based GConfig....
LogPluginManager: Mounting plugin MeshPainting
LogPluginManager: Mounting plugin XGEController
LogPluginManager: Mounting plugin Paper2D
LogPluginManager: Mounting plugin AISupport
LogPluginManager: Mounting plugin EnvironmentQueryEditor
LogPluginManager: Mounting plugin LiveLink
LogPluginManager: Mounting plugin LightPropagationVolume
LogPluginManager: Mounting plugin GameplayCameras
LogPluginManager: Mounting plugin CameraShakePreviewer
LogPluginManager: Mounting plugin OodleData
LogPluginManager: Mounting plugin OodleNetwork
LogPluginManager: Mounting plugin DatasmithContent
LogPluginManager: Mounting plugin VariantManagerContent
LogPluginManager: Mounting plugin AssetManagerEditor
LogPluginManager: Mounting plugin CryptoKeys
LogPluginManager: Mounting plugin CurveEditorTools
LogPluginManager: Mounting plugin DataValidation
LogPluginManager: Mounting plugin GameplayTagsEditor
LogPluginManager: Mounting plugin GeometryMode
LogPluginManager: Mounting plugin FacialAnimation
LogPluginManager: Mounting plugin MacGraphicsSwitching
LogPluginManager: Mounting plugin MaterialAnalyzer
LogPluginManager: Mounting plugin MobileLauncherProfileWizard
LogPluginManager: Mounting plugin PluginBrowser
LogPluginManager: Mounting plugin SpeedTreeImporter
LogPluginManager: Mounting plugin AlembicImporter
LogPluginManager: Mounting plugin BackChannel
LogPluginManager: Mounting plugin AutomationUtils
LogPluginManager: Mounting plugin ChaosEditor
LogPluginManager: Mounting plugin ChaosClothEditor
LogPluginManager: Mounting plugin ChaosSolverPlugin
LogPluginManager: Mounting plugin ChaosNiagara
LogPluginManager: Mounting plugin CharacterAI
LogPluginManager: Mounting plugin ChaosCloth
LogPluginManager: Mounting plugin GeometryCollectionPlugin
LogPluginManager: Mounting plugin LuminPlatformFeatures
LogPluginManager: Mounting plugin Niagara
LogPluginManager: Mounting plugin MagicLeap
LogPluginManager: Mounting plugin GeometryCache
LogPluginManager: Mounting plugin MagicLeapLightEstimation
LogPluginManager: Mounting plugin MagicLeapMedia
LogPluginManager: Mounting plugin MagicLeapPassableWorld
LogPluginManager: Mounting plugin MLSDK
LogPluginManager: Mounting plugin GeometryProcessing
LogPluginManager: Mounting plugin MotoSynth
LogPluginManager: Mounting plugin OpenImageDenoise
LogPluginManager: Mounting plugin PlatformCrypto
LogPluginManager: Mounting plugin PlanarCut
LogPluginManager: Mounting plugin ProxyLODPlugin
LogPluginManager: Mounting plugin PythonScriptPlugin
LogPluginManager: Mounting plugin SkeletalReduction
LogPluginManager: Mounting plugin AndroidMedia
LogPluginManager: Mounting plugin AvfMedia
LogPluginManager: Mounting plugin ImgMedia
LogPluginManager: Mounting plugin MediaCompositing
LogPluginManager: Mounting plugin MediaPlayerEditor
LogPluginManager: Mounting plugin WmfMedia
LogPluginManager: Mounting plugin TcpMessaging
LogPluginManager: Mounting plugin ActorSequence
LogPluginManager: Mounting plugin UdpMessaging
LogPluginManager: Mounting plugin WebMMedia
LogPluginManager: Mounting plugin LevelSequenceEditor
LogPluginManager: Mounting plugin MatineeToLevelSequence
LogPluginManager: Mounting plugin TemplateSequence
LogPluginManager: Mounting plugin LauncherChunkInstaller
LogPluginManager: Mounting plugin AnimationSharing
LogPluginManager: Mounting plugin ScreenshotTools
LogPluginManager: Mounting plugin CLionSourceCodeAccess
LogPluginManager: Mounting plugin ActorLayerUtilities
LogPluginManager: Mounting plugin CodeLiteSourceCodeAccess
LogPluginManager: Mounting plugin GitSourceControl
LogPluginManager: Mounting plugin KDevelopSourceCodeAccess
LogPluginManager: Mounting plugin NullSourceCodeAccess
LogPluginManager: Mounting plugin PixWinPlugin
LogPluginManager: Mounting plugin PerforceSourceControl
LogPluginManager: Mounting plugin PlasticSourceControl
LogPluginManager: Mounting plugin PropertyAccessNode
LogPluginManager: Mounting plugin PluginUtils
LogPluginManager: Mounting plugin RiderSourceCodeAccess
LogPluginManager: Mounting plugin TextureFormatOodle
LogPluginManager: Mounting plugin AndroidDeviceProfileSelector
LogPluginManager: Mounting plugin UObjectPlugin
LogPluginManager: Mounting plugin AndroidMoviePlayer
LogPluginManager: Mounting plugin AndroidPermission
LogPluginManager: Mounting plugin VisualStudioCodeSourceCodeAccess
LogPluginManager: Mounting plugin VisualStudioSourceCodeAccess
LogPluginManager: Mounting plugin XCodeSourceCodeAccess
LogPluginManager: Mounting plugin AppleImageUtils
LogPluginManager: Mounting plugin AppleMoviePlayer
LogPluginManager: Mounting plugin ArchVisCharacter
LogPluginManager: Mounting plugin AudioCapture
LogPluginManager: Mounting plugin AssetTags
LogPluginManager: Mounting plugin AudioSynesthesia
LogPluginManager: Mounting plugin CustomMeshComponent
LogPluginManager: Mounting plugin CableComponent
LogPluginManager: Mounting plugin ChunkDownloader
LogPluginManager: Mounting plugin EditableMesh
LogPluginManager: Mounting plugin ExampleDeviceProfileSelector
LogPluginManager: Mounting plugin GoogleCloudMessaging
LogPluginManager: Mounting plugin GooglePAD
LogPluginManager: Mounting plugin SubversionSourceControl
LogPluginManager: Mounting plugin OnlineSubsystem
LogPluginManager: Mounting plugin OnlineSubsystemNull
LogPluginManager: Mounting plugin OnlineSubsystemUtils
LogPluginManager: Mounting plugin LinuxDeviceProfileSelector
LogPluginManager: Mounting plugin IOSDeviceProfileSelector
LogPluginManager: Mounting plugin LocationServicesBPLibrary
LogPluginManager: Mounting plugin MobilePatchingUtils
LogPluginManager: Mounting plugin OpenXR
LogPluginManager: Mounting plugin OpenXREyeTracker
LogPluginManager: Mounting plugin OpenXRHandTracking
LogPluginManager: Mounting plugin PhysXVehicles
LogPluginManager: Mounting plugin Takes
LogPluginManager: Mounting plugin PostSplashScreen
LogPluginManager: Mounting plugin ProceduralMeshComponent
LogPluginManager: Mounting plugin PropertyAccessEditor
LogPluginManager: Mounting plugin SoundFields
LogPluginManager: Mounting plugin SignificanceManager
LogPluginManager: Mounting plugin RuntimePhysXCooking
LogPluginManager: Mounting plugin Synthesis
LogPluginManager: Mounting plugin WebMMoviePlayer
LogPluginManager: Mounting plugin WindowsMoviePlayer
LogPluginManager: Mounting plugin ContentBrowserAssetDataSource
LogPluginManager: Mounting plugin ContentBrowserFileDataSource
LogPluginManager: Mounting plugin ContentBrowserClassDataSource
LogPluginManager: Mounting plugin OnlineSubsystemGooglePlay
LogPluginManager: Mounting plugin OnlineSubsystemIOS
LogPluginManager: Mounting plugin OculusVR
LogPluginManager: Mounting plugin SteamVR
PixWinPlugin: PIX capture plugin failed to initialize! Check that the process is launched from PIX.
LogInit: Using libcurl 7.55.1-DEV
LogInit:  - built for x86_64-pc-win32
LogInit:  - supports SSL with OpenSSL/1.1.1
LogInit:  - supports HTTP deflate (compression) using libz 1.2.8
LogInit:  - other features:
LogInit:      CURL_VERSION_SSL
LogInit:      CURL_VERSION_LIBZ
LogInit:      CURL_VERSION_IPV6
LogInit:      CURL_VERSION_ASYNCHDNS
LogInit:      CURL_VERSION_LARGEFILE
LogInit:      CURL_VERSION_IDN
LogInit:  CurlRequestOptions (configurable via config and command line):
LogInit:  - bVerifyPeer = true  - Libcurl will verify peer certificate
LogInit:  - bUseHttpProxy = false  - Libcurl will NOT use HTTP proxy
LogInit:  - bDontReuseConnections = false  - Libcurl will reuse connections
LogInit:  - MaxHostConnections = 16  - Libcurl will limit the number of connections to a host
LogInit:  - LocalHostAddr = Default
LogInit:  - BufferSize = 65536
LogOnline: OSS: Creating online subsystem instance for: NULL
LogInit: WinSock: version 1.1 (2.2), MaxSocks=32767, MaxUdp=65467
LogOnline: OSS: TryLoadSubsystemAndSetDefault: Loaded subsystem for module [NULL]
LogOculusPluginWrapper: OculusPlugin initialized successfully
LogHMD: Failed initializing OVRPlugin 1.59.0
LogInit: Build: ++UE4+Release-4.27-CL-18319896
LogInit: Engine Version: 4.27.2-18319896+++UE4+Release-4.27
LogInit: Compatible Engine Version: 4.27.0-17155196+++UE4+Release-4.27
LogInit: Net CL: 17155196
LogInit: OS: Windows 10 (Release 2004) (), CPU: AMD Ryzen 5 1500X Quad-Core Processor          , GPU: NVIDIA GeForce GTX 1060 6GB
LogInit: Compiled (64-bit): Nov 30 2021 07:12:08
LogInit: Compiled with Visual C++: 19.24.28315.00
LogInit: Build Configuration: Development
LogInit: Branch Name: ++UE4+Release-4.27
LogInit: Command Line:  -skipcompile
LogInit: Base Directory: C:/Games/Epic Games/UE_4.27/Engine/Binaries/Win64/
LogInit: Allocator: TBB
LogInit: Installed Engine Build: 1
LogDevObjectVersion: Number of dev versions registered: 29
LogDevObjectVersion:   Dev-Blueprints (B0D832E4-1F89-4F0D-ACCF-7EB736FD4AA2): 10
LogDevObjectVersion:   Dev-Build (E1C64328-A22C-4D53-A36C-8E866417BD8C): 0
LogDevObjectVersion:   Dev-Core (375EC13C-06E4-48FB-B500-84F0262A717E): 4
LogDevObjectVersion:   Dev-Editor (E4B068ED-F494-42E9-A231-DA0B2E46BB41): 40
LogDevObjectVersion:   Dev-Framework (CFFC743F-43B0-4480-9391-14DF171D2073): 37
LogDevObjectVersion:   Dev-Mobile (B02B49B5-BB20-44E9-A304-32B752E40360): 3
LogDevObjectVersion:   Dev-Networking (A4E4105C-59A1-49B5-A7C5-40C4547EDFEE): 0
LogDevObjectVersion:   Dev-Online (39C831C9-5AE6-47DC-9A44-9C173E1C8E7C): 0
LogDevObjectVersion:   Dev-Physics (78F01B33-EBEA-4F98-B9B4-84EACCB95AA2): 14
LogDevObjectVersion:   Dev-Platform (6631380F-2D4D-43E0-8009-CF276956A95A): 0
LogDevObjectVersion:   Dev-Rendering (12F88B9F-8875-4AFC-A67C-D90C383ABD29): 45
LogDevObjectVersion:   Dev-Sequencer (7B5AE74C-D270-4C10-A958-57980B212A5A): 13
LogDevObjectVersion:   Dev-VR (D7296918-1DD6-4BDD-9DE2-64A83CC13884): 3
LogDevObjectVersion:   Dev-LoadTimes (C2A15278-BFE7-4AFE-6C17-90FF531DF755): 1
LogDevObjectVersion:   Private-Geometry (6EACA3D4-40EC-4CC1-B786-8BED09428FC5): 3
LogDevObjectVersion:   Dev-AnimPhys (29E575DD-E0A3-4627-9D10-D276232CDCEA): 17
LogDevObjectVersion:   Dev-Anim (AF43A65D-7FD3-4947-9873-3E8ED9C1BB05): 15
LogDevObjectVersion:   Dev-ReflectionCapture (6B266CEC-1EC7-4B8F-A30B-E4D90942FC07): 1
LogDevObjectVersion:   Dev-Automation (0DF73D61-A23F-47EA-B727-89E90C41499A): 1
LogDevObjectVersion:   FortniteMain (601D1886-AC64-4F84-AA16-D3DE0DEAC7D6): 47
LogDevObjectVersion:   FortniteRelease (E7086368-6B23-4C58-8439-1B7016265E91): 1
LogDevObjectVersion:   Dev-Enterprise (9DFFBCD6-494F-0158-E221-12823C92A888): 10
LogDevObjectVersion:   Dev-Niagara (F2AED0AC-9AFE-416F-8664-AA7FFA26D6FC): 1
LogDevObjectVersion:   Dev-Destruction (174F1F0B-B4C6-45A5-B13F-2EE8D0FB917D): 10
LogDevObjectVersion:   Dev-Physics-Ext (35F94A83-E258-406C-A318-09F59610247C): 41
LogDevObjectVersion:   Dev-PhysicsMaterial-Chaos (B68FC16E-8B1B-42E2-B453-215C058844FE): 1
LogDevObjectVersion:   Dev-CineCamera (B2E18506-4273-CFC2-A54E-F4BB758BBA07): 1
LogDevObjectVersion:   Dev-VirtualProduction (64F58936-FD1B-42BA-BA96-7289D5D0FA4E): 1
LogDevObjectVersion:   Dev-MediaFramework (6F0ED827-A609-4895-9C91-998D90180EA4): 2
LogInit: Presizing for max 25165824 objects, including 0 objects not considered by GC, pre-allocating 0 bytes for permanent pool.
LogConfig: Applying CVar settings from Section [/Script/Engine.StreamingSettings] File [C:/UnrealEngine_Projects/ue.course/GeometrySandbox/Saved/Config/Windows/Engine.ini]
LogConfig: Setting CVar [[s.MinBulkDataSizeForAsyncLoading:131072]]
LogConfig: Setting CVar [[s.AsyncLoadingThreadEnabled:0]]
LogConfig: Setting CVar [[s.EventDrivenLoaderEnabled:1]]
LogConfig: Setting CVar [[s.WarnIfTimeLimitExceeded:0]]
LogConfig: Setting CVar [[s.TimeLimitExceededMultiplier:1.5]]
LogConfig: Setting CVar [[s.TimeLimitExceededMinTime:0.005]]
LogConfig: Setting CVar [[s.UseBackgroundLevelStreaming:1]]
LogConfig: Setting CVar [[s.PriorityAsyncLoadingExtraTime:15.0]]
LogConfig: Setting CVar [[s.LevelStreamingActorsUpdateTimeLimit:5.0]]
LogConfig: Setting CVar [[s.PriorityLevelStreamingActorsUpdateExtraTime:5.0]]
LogConfig: Setting CVar [[s.LevelStreamingComponentsRegistrationGranularity:10]]
LogConfig: Setting CVar [[s.UnregisterComponentsTimeLimit:1.0]]
LogConfig: Setting CVar [[s.LevelStreamingComponentsUnregistrationGranularity:5]]
LogConfig: Setting CVar [[s.FlushStreamingOnExit:1]]
LogInit: Object subsystem initialized
LogConfig: Setting CVar [[con.DebugEarlyDefault:1]]
LogConfig: Setting CVar [[r.setres:1280x720]]
[2022.03.09-16.32.10:861][  0]LogConfig: Setting CVar [[r.VSync:0]]
[2022.03.09-16.32.10:861][  0]LogConfig: Setting CVar [[r.RHICmdBypass:0]]
[2022.03.09-16.32.10:861][  0]LogConfig: Applying CVar settings from Section [/Script/Engine.RendererSettings] File [C:/UnrealEngine_Projects/ue.course/GeometrySandbox/Saved/Config/Windows/Engine.ini]
[2022.03.09-16.32.10:862][  0]LogConfig: Setting CVar [[r.GPUCrashDebugging:0]]
[2022.03.09-16.32.10:862][  0]LogConfig: Applying CVar settings from Section [/Script/Engine.RendererOverrideSettings] File [C:/UnrealEngine_Projects/ue.course/GeometrySandbox/Saved/Config/Windows/Engine.ini]
[2022.03.09-16.32.10:862][  0]LogConfig: Applying CVar settings from Section [/Script/Engine.StreamingSettings] File [C:/UnrealEngine_Projects/ue.course/GeometrySandbox/Saved/Config/Windows/Engine.ini]
[2022.03.09-16.32.10:862][  0]LogConfig: Setting CVar [[s.MinBulkDataSizeForAsyncLoading:131072]]
[2022.03.09-16.32.10:862][  0]LogConfig: Setting CVar [[s.AsyncLoadingThreadEnabled:0]]
[2022.03.09-16.32.10:862][  0]LogConfig: Setting CVar [[s.EventDrivenLoaderEnabled:1]]
[2022.03.09-16.32.10:862][  0]LogConfig: Setting CVar [[s.WarnIfTimeLimitExceeded:0]]
[2022.03.09-16.32.10:862][  0]LogConfig: Setting CVar [[s.TimeLimitExceededMultiplier:1.5]]
[2022.03.09-16.32.10:862][  0]LogConfig: Setting CVar [[s.TimeLimitExceededMinTime:0.005]]
[2022.03.09-16.32.10:862][  0]LogConfig: Setting CVar [[s.UseBackgroundLevelStreaming:1]]
[2022.03.09-16.32.10:863][  0]LogConfig: Setting CVar [[s.PriorityAsyncLoadingExtraTime:15.0]]
[2022.03.09-16.32.10:863][  0]LogConfig: Setting CVar [[s.LevelStreamingActorsUpdateTimeLimit:5.0]]
[2022.03.09-16.32.10:863][  0]LogConfig: Setting CVar [[s.PriorityLevelStreamingActorsUpdateExtraTime:5.0]]
[2022.03.09-16.32.10:863][  0]LogConfig: Setting CVar [[s.LevelStreamingComponentsRegistrationGranularity:10]]
[2022.03.09-16.32.10:863][  0]LogConfig: Setting CVar [[s.UnregisterComponentsTimeLimit:1.0]]
[2022.03.09-16.32.10:863][  0]LogConfig: Setting CVar [[s.LevelStreamingComponentsUnregistrationGranularity:5]]
[2022.03.09-16.32.10:863][  0]LogConfig: Setting CVar [[s.FlushStreamingOnExit:1]]
[2022.03.09-16.32.10:863][  0]LogConfig: Applying CVar settings from Section [/Script/Engine.GarbageCollectionSettings] File [C:/UnrealEngine_Projects/ue.course/GeometrySandbox/Saved/Config/Windows/Engine.ini]
[2022.03.09-16.32.10:863][  0]LogConfig: Setting CVar [[gc.MaxObjectsNotConsideredByGC:1]]
[2022.03.09-16.32.10:863][  0]LogConfig: Setting CVar [[gc.SizeOfPermanentObjectPool:0]]
[2022.03.09-16.32.10:863][  0]LogConfig: Setting CVar [[gc.FlushStreamingOnGC:0]]
[2022.03.09-16.32.10:863][  0]LogConfig: Setting CVar [[gc.NumRetriesBeforeForcingGC:10]]
[2022.03.09-16.32.10:863][  0]LogConfig: Setting CVar [[gc.AllowParallelGC:1]]
[2022.03.09-16.32.10:863][  0]LogConfig: Setting CVar [[gc.TimeBetweenPurgingPendingKillObjects:61.1]]
[2022.03.09-16.32.10:864][  0]LogConfig: Setting CVar [[gc.MaxObjectsInEditor:25165824]]
[2022.03.09-16.32.10:864][  0]LogConfig: Setting CVar [[gc.IncrementalBeginDestroyEnabled:1]]
[2022.03.09-16.32.10:864][  0]LogConfig: Setting CVar [[gc.CreateGCClusters:1]]
[2022.03.09-16.32.10:864][  0]LogConfig: Setting CVar [[gc.MinGCClusterSize:5]]
[2022.03.09-16.32.10:864][  0]LogConfig: Setting CVar [[gc.ActorClusteringEnabled:0]]
[2022.03.09-16.32.10:864][  0]LogConfig: Setting CVar [[gc.BlueprintClusteringEnabled:0]]
[2022.03.09-16.32.10:864][  0]LogConfig: Setting CVar [[gc.UseDisregardForGCOnDedicatedServers:0]]
[2022.03.09-16.32.10:864][  0]LogConfig: Setting CVar [[gc.MultithreadedDestructionEnabled:1]]
[2022.03.09-16.32.10:864][  0]LogConfig: Applying CVar settings from Section [/Script/Engine.NetworkSettings] File [C:/UnrealEngine_Projects/ue.course/GeometrySandbox/Saved/Config/Windows/Engine.ini]
[2022.03.09-16.32.10:864][  0]LogConfig: Applying CVar settings from Section [/Script/UnrealEd.CookerSettings] File [C:/UnrealEngine_Projects/ue.course/GeometrySandbox/Saved/Config/Windows/Engine.ini]
[2022.03.09-16.32.10:876][  0]LogConfig: Applying CVar settings from Section [ViewDistanceQuality@3] File [C:/UnrealEngine_Projects/ue.course/GeometrySandbox/Saved/Config/Windows/Scalability.ini]
[2022.03.09-16.32.10:876][  0]LogConfig: Setting CVar [[r.SkeletalMeshLODBias:0]]
[2022.03.09-16.32.10:876][  0]LogConfig: Setting CVar [[r.ViewDistanceScale:1.0]]
[2022.03.09-16.32.10:876][  0]LogConfig: Applying CVar settings from Section [AntiAliasingQuality@3] File [C:/UnrealEngine_Projects/ue.course/GeometrySandbox/Saved/Config/Windows/Scalability.ini]
[2022.03.09-16.32.10:876][  0]LogConfig: Setting CVar [[r.PostProcessAAQuality:4]]
[2022.03.09-16.32.10:876][  0]LogConfig: Applying CVar settings from Section [ShadowQuality@3] File [C:/UnrealEngine_Projects/ue.course/GeometrySandbox/Saved/Config/Windows/Scalability.ini]
[2022.03.09-16.32.10:876][  0]LogConfig: Setting CVar [[r.LightFunctionQuality:1]]
[2022.03.09-16.32.10:876][  0]LogConfig: Setting CVar [[r.ShadowQuality:5]]
[2022.03.09-16.32.10:876][  0]LogConfig: Setting CVar [[r.Shadow.CSM.MaxCascades:10]]
[2022.03.09-16.32.10:876][  0]LogConfig: Setting CVar [[r.Shadow.MaxResolution:2048]]
[2022.03.09-16.32.10:876][  0]LogConfig: Setting CVar [[r.Shadow.MaxCSMResolution:2048]]
[2022.03.09-16.32.10:876][  0]LogConfig: Setting CVar [[r.Shadow.RadiusThreshold:0.01]]
[2022.03.09-16.32.10:876][  0]LogConfig: Setting CVar [[r.Shadow.DistanceScale:1.0]]
[2022.03.09-16.32.10:877][  0]LogConfig: Setting CVar [[r.Shadow.CSM.TransitionScale:1.0]]
[2022.03.09-16.32.10:877][  0]LogConfig: Setting CVar [[r.Shadow.PreShadowResolutionFactor:1.0]]
[2022.03.09-16.32.10:877][  0]LogConfig: Setting CVar [[r.DistanceFieldShadowing:1]]
[2022.03.09-16.32.10:877][  0]LogConfig: Setting CVar [[r.DistanceFieldAO:1]]
[2022.03.09-16.32.10:877][  0]LogConfig: Setting CVar [[r.AOQuality:2]]
[2022.03.09-16.32.10:877][  0]LogConfig: Setting CVar [[r.VolumetricFog:1]]
[2022.03.09-16.32.10:877][  0]LogConfig: Setting CVar [[r.VolumetricFog.GridPixelSize:8]]
[2022.03.09-16.32.10:877][  0]LogConfig: Setting CVar [[r.VolumetricFog.GridSizeZ:128]]
[2022.03.09-16.32.10:877][  0]LogConfig: Setting CVar [[r.VolumetricFog.HistoryMissSupersampleCount:4]]
[2022.03.09-16.32.10:877][  0]LogConfig: Setting CVar [[r.LightMaxDrawDistanceScale:1]]
[2022.03.09-16.32.10:877][  0]LogConfig: Setting CVar [[r.CapsuleShadows:1]]
[2022.03.09-16.32.10:877][  0]LogConfig: Applying CVar settings from Section [PostProcessQuality@3] File [C:/UnrealEngine_Projects/ue.course/GeometrySandbox/Saved/Config/Windows/Scalability.ini]
[2022.03.09-16.32.10:877][  0]LogConfig: Setting CVar [[r.MotionBlurQuality:4]]
[2022.03.09-16.32.10:877][  0]LogConfig: Setting CVar [[r.AmbientOcclusionMipLevelFactor:0.4]]
[2022.03.09-16.32.10:877][  0]LogConfig: Setting CVar [[r.AmbientOcclusionMaxQuality:100]]
[2022.03.09-16.32.10:878][  0]LogConfig: Setting CVar [[r.AmbientOcclusionLevels:-1]]
[2022.03.09-16.32.10:878][  0]LogConfig: Setting CVar [[r.AmbientOcclusionRadiusScale:1.0]]
[2022.03.09-16.32.10:878][  0]LogConfig: Setting CVar [[r.DepthOfFieldQuality:2]]
[2022.03.09-16.32.10:878][  0]LogConfig: Setting CVar [[r.RenderTargetPoolMin:400]]
[2022.03.09-16.32.10:878][  0]LogConfig: Setting CVar [[r.LensFlareQuality:2]]
[2022.03.09-16.32.10:878][  0]LogConfig: Setting CVar [[r.SceneColorFringeQuality:1]]
[2022.03.09-16.32.10:878][  0]LogConfig: Setting CVar [[r.EyeAdaptationQuality:2]]
[2022.03.09-16.32.10:879][  0]LogConfig: Setting CVar [[r.BloomQuality:5]]
[2022.03.09-16.32.10:879][  0]LogConfig: Setting CVar [[r.FastBlurThreshold:100]]
[2022.03.09-16.32.10:879][  0]LogConfig: Setting CVar [[r.Upscale.Quality:3]]
[2022.03.09-16.32.10:879][  0]LogConfig: Setting CVar [[r.Tonemapper.GrainQuantization:1]]
[2022.03.09-16.32.10:879][  0]LogConfig: Setting CVar [[r.LightShaftQuality:1]]
[2022.03.09-16.32.10:879][  0]LogConfig: Setting CVar [[r.Filter.SizeScale:1]]
[2022.03.09-16.32.10:879][  0]LogConfig: Setting CVar [[r.Tonemapper.Quality:5]]
[2022.03.09-16.32.10:879][  0]LogConfig: Setting CVar [[r.DOF.Gather.AccumulatorQuality:1        ; higher gathering accumulator quality]]
[2022.03.09-16.32.10:880][  0]LogConfig: Setting CVar [[r.DOF.Gather.PostfilterMethod:1          ; Median3x3 postfilering method]]
[2022.03.09-16.32.10:880][  0]LogConfig: Setting CVar [[r.DOF.Gather.EnableBokehSettings:0       ; no bokeh simulation when gathering]]
[2022.03.09-16.32.10:880][  0]LogConfig: Setting CVar [[r.DOF.Gather.RingCount:4                 ; medium number of samples when gathering]]
[2022.03.09-16.32.10:880][  0]LogConfig: Setting CVar [[r.DOF.Scatter.ForegroundCompositing:1    ; additive foreground scattering]]
[2022.03.09-16.32.10:880][  0]LogConfig: Setting CVar [[r.DOF.Scatter.BackgroundCompositing:2    ; additive background scattering]]
[2022.03.09-16.32.10:880][  0]LogConfig: Setting CVar [[r.DOF.Scatter.EnableBokehSettings:1      ; bokeh simulation when scattering]]
[2022.03.09-16.32.10:880][  0]LogConfig: Setting CVar [[r.DOF.Scatter.MaxSpriteRatio:0.1         ; only a maximum of 10% of scattered bokeh]]
[2022.03.09-16.32.10:880][  0]LogConfig: Setting CVar [[r.DOF.Recombine.Quality:1                ; cheap slight out of focus]]
[2022.03.09-16.32.10:880][  0]LogConfig: Setting CVar [[r.DOF.Recombine.EnableBokehSettings:0    ; no bokeh simulation on slight out of focus]]
[2022.03.09-16.32.10:880][  0]LogConfig: Setting CVar [[r.DOF.TemporalAAQuality:1                ; more stable temporal accumulation]]
[2022.03.09-16.32.10:880][  0]LogConfig: Setting CVar [[r.DOF.Kernel.MaxForegroundRadius:0.025]]
[2022.03.09-16.32.10:880][  0]LogConfig: Setting CVar [[r.DOF.Kernel.MaxBackgroundRadius:0.025]]
[2022.03.09-16.32.10:880][  0]LogConfig: Applying CVar settings from Section [TextureQuality@3] File [C:/UnrealEngine_Projects/ue.course/GeometrySandbox/Saved/Config/Windows/Scalability.ini]
[2022.03.09-16.32.10:880][  0]LogConfig: Setting CVar [[r.Streaming.MipBias:0]]
[2022.03.09-16.32.10:880][  0]LogConfig: Setting CVar [[r.Streaming.AmortizeCPUToGPUCopy:0]]
[2022.03.09-16.32.10:880][  0]LogConfig: Setting CVar [[r.Streaming.MaxNumTexturesToStreamPerFrame:0]]
[2022.03.09-16.32.10:881][  0]LogConfig: Setting CVar [[r.Streaming.Boost:1]]
[2022.03.09-16.32.10:881][  0]LogConfig: Setting CVar [[r.MaxAnisotropy:8]]
[2022.03.09-16.32.10:881][  0]LogConfig: Setting CVar [[r.VT.MaxAnisotropy:8]]
[2022.03.09-16.32.10:881][  0]LogConfig: Setting CVar [[r.Streaming.LimitPoolSizeToVRAM:0]]
[2022.03.09-16.32.10:881][  0]LogConfig: Setting CVar [[r.Streaming.PoolSize:1000]]
[2022.03.09-16.32.10:881][  0]LogConfig: Setting CVar [[r.Streaming.MaxEffectiveScreenSize:0]]
[2022.03.09-16.32.10:881][  0]LogConfig: Applying CVar settings from Section [EffectsQuality@3] File [C:/UnrealEngine_Projects/ue.course/GeometrySandbox/Saved/Config/Windows/Scalability.ini]
[2022.03.09-16.32.10:881][  0]LogConfig: Setting CVar [[r.TranslucencyLightingVolumeDim:64]]
[2022.03.09-16.32.10:881][  0]LogConfig: Setting CVar [[r.RefractionQuality:2]]
[2022.03.09-16.32.10:881][  0]LogConfig: Setting CVar [[r.SSR.Quality:3]]
[2022.03.09-16.32.10:881][  0]LogConfig: Setting CVar [[r.SSR.HalfResSceneColor:0]]
[2022.03.09-16.32.10:881][  0]LogConfig: Setting CVar [[r.SceneColorFormat:4]]
[2022.03.09-16.32.10:881][  0]LogConfig: Setting CVar [[r.DetailMode:2]]
[2022.03.09-16.32.10:881][  0]LogConfig: Setting CVar [[r.TranslucencyVolumeBlur:1]]
[2022.03.09-16.32.10:881][  0]LogConfig: Setting CVar [[r.MaterialQualityLevel:1 ; High quality]]
[2022.03.09-16.32.10:881][  0]LogConfig: Setting CVar [[r.AnisotropicMaterials:1]]
[2022.03.09-16.32.10:881][  0]LogConfig: Setting CVar [[r.SSS.Scale:1]]
[2022.03.09-16.32.10:881][  0]LogConfig: Setting CVar [[r.SSS.SampleSet:2]]
[2022.03.09-16.32.10:881][  0]LogConfig: Setting CVar [[r.SSS.Quality:1]]
[2022.03.09-16.32.10:882][  0]LogConfig: Setting CVar [[r.SSS.HalfRes:0]]
[2022.03.09-16.32.10:882][  0]LogConfig: Setting CVar [[r.SSGI.Quality:3]]
[2022.03.09-16.32.10:882][  0]LogConfig: Setting CVar [[r.EmitterSpawnRateScale:1.0]]
[2022.03.09-16.32.10:882][  0]LogConfig: Setting CVar [[r.ParticleLightQuality:2]]
[2022.03.09-16.32.10:882][  0]LogConfig: Setting CVar [[r.SkyAtmosphere.AerialPerspectiveLUT.FastApplyOnOpaque:1 ; Always have FastSkyLUT 1 in this case to avoid wrong sky]]
[2022.03.09-16.32.10:882][  0]LogConfig: Setting CVar [[r.SkyAtmosphere.AerialPerspectiveLUT.SampleCountMaxPerSlice:4]]
[2022.03.09-16.32.10:882][  0]LogConfig: Setting CVar [[r.SkyAtmosphere.AerialPerspectiveLUT.DepthResolution:16.0]]
[2022.03.09-16.32.10:882][  0]LogConfig: Setting CVar [[r.SkyAtmosphere.FastSkyLUT:1]]
[2022.03.09-16.32.10:882][  0]LogConfig: Setting CVar [[r.SkyAtmosphere.FastSkyLUT.SampleCountMin:4.0]]
[2022.03.09-16.32.10:882][  0]LogConfig: Setting CVar [[r.SkyAtmosphere.FastSkyLUT.SampleCountMax:128.0]]
[2022.03.09-16.32.10:882][  0]LogConfig: Setting CVar [[r.SkyAtmosphere.SampleCountMin:4.0]]
[2022.03.09-16.32.10:882][  0]LogConfig: Setting CVar [[r.SkyAtmosphere.SampleCountMax:128.0]]
[2022.03.09-16.32.10:882][  0]LogConfig: Setting CVar [[r.SkyAtmosphere.TransmittanceLUT.UseSmallFormat:0]]
[2022.03.09-16.32.10:882][  0]LogConfig: Setting CVar [[r.SkyAtmosphere.TransmittanceLUT.SampleCount:10.0]]
[2022.03.09-16.32.10:882][  0]LogConfig: Setting CVar [[r.SkyAtmosphere.MultiScatteringLUT.SampleCount:15.0]]
[2022.03.09-16.32.10:883][  0]LogConfig: Setting CVar [[r.SkyLight.RealTimeReflectionCapture:1]]
[2022.03.09-16.32.10:883][  0]LogConfig: Applying CVar settings from Section [FoliageQuality@3] File [C:/UnrealEngine_Projects/ue.course/GeometrySandbox/Saved/Config/Windows/Scalability.ini]
[2022.03.09-16.32.10:883][  0]LogConfig: Setting CVar [[foliage.DensityScale:1.0]]
[2022.03.09-16.32.10:883][  0]LogConfig: Setting CVar [[grass.DensityScale:1.0]]
[2022.03.09-16.32.10:883][  0]LogConfig: Applying CVar settings from Section [ShadingQuality@3] File [C:/UnrealEngine_Projects/ue.course/GeometrySandbox/Saved/Config/Windows/Scalability.ini]
[2022.03.09-16.32.10:883][  0]LogConfig: Setting CVar [[r.HairStrands.SkyLighting.IntegrationType:2]]
[2022.03.09-16.32.10:883][  0]LogConfig: Setting CVar [[r.HairStrands.SkyAO.SampleCount:4]]
[2022.03.09-16.32.10:883][  0]LogConfig: Setting CVar [[r.HairStrands.Visibility.MSAA.SamplePerPixel:4]]
[2022.03.09-16.32.10:883][  0]LogInit: Selected Device Profile: [Windows]
[2022.03.09-16.32.10:883][  0]LogInit: Applying CVar settings loaded from the selected device profile: [Windows]
[2022.03.09-16.32.10:883][  0]LogHAL: Display: Platform has ~ 24 GB [25697214464 / 34359738368 / 24], which maps to Larger [LargestMinGB=32, LargerMinGB=12, DefaultMinGB=8, SmallerMinGB=6, SmallestMinGB=0)
[2022.03.09-16.32.10:883][  0]LogInit: Going up to parent DeviceProfile []
[2022.03.09-16.32.10:883][  0]LogConfig: Applying CVar settings from Section [ViewDistanceQuality@3] File [C:/UnrealEngine_Projects/ue.course/GeometrySandbox/Saved/Config/Windows/Scalability.ini]
[2022.03.09-16.32.10:883][  0]LogConfig: Setting CVar [[r.SkeletalMeshLODBias:0]]
[2022.03.09-16.32.10:883][  0]LogConfig: Setting CVar [[r.ViewDistanceScale:1.0]]
[2022.03.09-16.32.10:884][  0]LogConfig: Applying CVar settings from Section [AntiAliasingQuality@3] File [C:/UnrealEngine_Projects/ue.course/GeometrySandbox/Saved/Config/Windows/Scalability.ini]
[2022.03.09-16.32.10:884][  0]LogConfig: Setting CVar [[r.PostProcessAAQuality:4]]
[2022.03.09-16.32.10:884][  0]LogConfig: Applying CVar settings from Section [ShadowQuality@3] File [C:/UnrealEngine_Projects/ue.course/GeometrySandbox/Saved/Config/Windows/Scalability.ini]
[2022.03.09-16.32.10:884][  0]LogConfig: Setting CVar [[r.LightFunctionQuality:1]]
[2022.03.09-16.32.10:884][  0]LogConfig: Setting CVar [[r.ShadowQuality:5]]
[2022.03.09-16.32.10:884][  0]LogConfig: Setting CVar [[r.Shadow.CSM.MaxCascades:10]]
[2022.03.09-16.32.10:884][  0]LogConfig: Setting CVar [[r.Shadow.MaxResolution:2048]]
[2022.03.09-16.32.10:884][  0]LogConfig: Setting CVar [[r.Shadow.MaxCSMResolution:2048]]
[2022.03.09-16.32.10:884][  0]LogConfig: Setting CVar [[r.Shadow.RadiusThreshold:0.01]]
[2022.03.09-16.32.10:884][  0]LogConfig: Setting CVar [[r.Shadow.DistanceScale:1.0]]
[2022.03.09-16.32.10:884][  0]LogConfig: Setting CVar [[r.Shadow.CSM.TransitionScale:1.0]]
[2022.03.09-16.32.10:884][  0]LogConfig: Setting CVar [[r.Shadow.PreShadowResolutionFactor:1.0]]
[2022.03.09-16.32.10:884][  0]LogConfig: Setting CVar [[r.DistanceFieldShadowing:1]]
[2022.03.09-16.32.10:884][  0]LogConfig: Setting CVar [[r.DistanceFieldAO:1]]
[2022.03.09-16.32.10:884][  0]LogConfig: Setting CVar [[r.AOQuality:2]]
[2022.03.09-16.32.10:884][  0]LogConfig: Setting CVar [[r.VolumetricFog:1]]
[2022.03.09-16.32.10:884][  0]LogConfig: Setting CVar [[r.VolumetricFog.GridPixelSize:8]]
[2022.03.09-16.32.10:884][  0]LogConfig: Setting CVar [[r.VolumetricFog.GridSizeZ:128]]
[2022.03.09-16.32.10:884][  0]LogConfig: Setting CVar [[r.VolumetricFog.HistoryMissSupersampleCount:4]]
[2022.03.09-16.32.10:884][  0]LogConfig: Setting CVar [[r.LightMaxDrawDistanceScale:1]]
[2022.03.09-16.32.10:885][  0]LogConfig: Setting CVar [[r.CapsuleShadows:1]]
[2022.03.09-16.32.10:885][  0]LogConfig: Applying CVar settings from Section [PostProcessQuality@3] File [C:/UnrealEngine_Projects/ue.course/GeometrySandbox/Saved/Config/Windows/Scalability.ini]
[2022.03.09-16.32.10:885][  0]LogConfig: Setting CVar [[r.MotionBlurQuality:4]]
[2022.03.09-16.32.10:885][  0]LogConfig: Setting CVar [[r.AmbientOcclusionMipLevelFactor:0.4]]
[2022.03.09-16.32.10:885][  0]LogConfig: Setting CVar [[r.AmbientOcclusionMaxQuality:100]]
[2022.03.09-16.32.10:885][  0]LogConfig: Setting CVar [[r.AmbientOcclusionLevels:-1]]
[2022.03.09-16.32.10:885][  0]LogConfig: Setting CVar [[r.AmbientOcclusionRadiusScale:1.0]]
[2022.03.09-16.32.10:885][  0]LogConfig: Setting CVar [[r.DepthOfFieldQuality:2]]
[2022.03.09-16.32.10:885][  0]LogConfig: Setting CVar [[r.RenderTargetPoolMin:400]]
[2022.03.09-16.32.10:885][  0]LogConfig: Setting CVar [[r.LensFlareQuality:2]]
[2022.03.09-16.32.10:885][  0]LogConfig: Setting CVar [[r.SceneColorFringeQuality:1]]
[2022.03.09-16.32.10:885][  0]LogConfig: Setting CVar [[r.EyeAdaptationQuality:2]]
[2022.03.09-16.32.10:885][  0]LogConfig: Setting CVar [[r.BloomQuality:5]]
[2022.03.09-16.32.10:885][  0]LogConfig: Setting CVar [[r.FastBlurThreshold:100]]
[2022.03.09-16.32.10:885][  0]LogConfig: Setting CVar [[r.Upscale.Quality:3]]
[2022.03.09-16.32.10:885][  0]LogConfig: Setting CVar [[r.Tonemapper.GrainQuantization:1]]
[2022.03.09-16.32.10:885][  0]LogConfig: Setting CVar [[r.LightShaftQuality:1]]
[2022.03.09-16.32.10:885][  0]LogConfig: Setting CVar [[r.Filter.SizeScale:1]]
[2022.03.09-16.32.10:886][  0]LogConfig: Setting CVar [[r.Tonemapper.Quality:5]]
[2022.03.09-16.32.10:886][  0]LogConfig: Setting CVar [[r.DOF.Gather.AccumulatorQuality:1        ; higher gathering accumulator quality]]
[2022.03.09-16.32.10:886][  0]LogConfig: Setting CVar [[r.DOF.Gather.PostfilterMethod:1          ; Median3x3 postfilering method]]
[2022.03.09-16.32.10:886][  0]LogConfig: Setting CVar [[r.DOF.Gather.EnableBokehSettings:0       ; no bokeh simulation when gathering]]
[2022.03.09-16.32.10:886][  0]LogConfig: Setting CVar [[r.DOF.Gather.RingCount:4                 ; medium number of samples when gathering]]
[2022.03.09-16.32.10:886][  0]LogConfig: Setting CVar [[r.DOF.Scatter.ForegroundCompositing:1    ; additive foreground scattering]]
[2022.03.09-16.32.10:886][  0]LogConfig: Setting CVar [[r.DOF.Scatter.BackgroundCompositing:2    ; additive background scattering]]
[2022.03.09-16.32.10:886][  0]LogConfig: Setting CVar [[r.DOF.Scatter.EnableBokehSettings:1      ; bokeh simulation when scattering]]
[2022.03.09-16.32.10:886][  0]LogConfig: Setting CVar [[r.DOF.Scatter.MaxSpriteRatio:0.1         ; only a maximum of 10% of scattered bokeh]]
[2022.03.09-16.32.10:886][  0]LogConfig: Setting CVar [[r.DOF.Recombine.Quality:1                ; cheap slight out of focus]]
[2022.03.09-16.32.10:886][  0]LogConfig: Setting CVar [[r.DOF.Recombine.EnableBokehSettings:0    ; no bokeh simulation on slight out of focus]]
[2022.03.09-16.32.10:886][  0]LogConfig: Setting CVar [[r.DOF.TemporalAAQuality:1                ; more stable temporal accumulation]]
[2022.03.09-16.32.10:886][  0]LogConfig: Setting CVar [[r.DOF.Kernel.MaxForegroundRadius:0.025]]
[2022.03.09-16.32.10:886][  0]LogConfig: Setting CVar [[r.DOF.Kernel.MaxBackgroundRadius:0.025]]
[2022.03.09-16.32.10:886][  0]LogConfig: Applying CVar settings from Section [TextureQuality@3] File [C:/UnrealEngine_Projects/ue.course/GeometrySandbox/Saved/Config/Windows/Scalability.ini]
[2022.03.09-16.32.10:886][  0]LogConfig: Setting CVar [[r.Streaming.MipBias:0]]
[2022.03.09-16.32.10:886][  0]LogConfig: Setting CVar [[r.Streaming.AmortizeCPUToGPUCopy:0]]
[2022.03.09-16.32.10:886][  0]LogConfig: Setting CVar [[r.Streaming.MaxNumTexturesToStreamPerFrame:0]]
[2022.03.09-16.32.10:887][  0]LogConfig: Setting CVar [[r.Streaming.Boost:1]]
[2022.03.09-16.32.10:887][  0]LogConfig: Setting CVar [[r.MaxAnisotropy:8]]
[2022.03.09-16.32.10:887][  0]LogConfig: Setting CVar [[r.VT.MaxAnisotropy:8]]
[2022.03.09-16.32.10:887][  0]LogConfig: Setting CVar [[r.Streaming.LimitPoolSizeToVRAM:0]]
[2022.03.09-16.32.10:887][  0]LogConfig: Setting CVar [[r.Streaming.PoolSize:1000]]
[2022.03.09-16.32.10:887][  0]LogConfig: Setting CVar [[r.Streaming.MaxEffectiveScreenSize:0]]
[2022.03.09-16.32.10:887][  0]LogConfig: Applying CVar settings from Section [EffectsQuality@3] File [C:/UnrealEngine_Projects/ue.course/GeometrySandbox/Saved/Config/Windows/Scalability.ini]
[2022.03.09-16.32.10:887][  0]LogConfig: Setting CVar [[r.TranslucencyLightingVolumeDim:64]]
[2022.03.09-16.32.10:887][  0]LogConfig: Setting CVar [[r.RefractionQuality:2]]
[2022.03.09-16.32.10:887][  0]LogConfig: Setting CVar [[r.SSR.Quality:3]]
[2022.03.09-16.32.10:887][  0]LogConfig: Setting CVar [[r.SSR.HalfResSceneColor:0]]
[2022.03.09-16.32.10:887][  0]LogConfig: Setting CVar [[r.SceneColorFormat:4]]
[2022.03.09-16.32.10:887][  0]LogConfig: Setting CVar [[r.DetailMode:2]]
[2022.03.09-16.32.10:887][  0]LogConfig: Setting CVar [[r.TranslucencyVolumeBlur:1]]
[2022.03.09-16.32.10:887][  0]LogConfig: Setting CVar [[r.MaterialQualityLevel:1 ; High quality]]
[2022.03.09-16.32.10:887][  0]LogConfig: Setting CVar [[r.AnisotropicMaterials:1]]
[2022.03.09-16.32.10:887][  0]LogConfig: Setting CVar [[r.SSS.Scale:1]]
[2022.03.09-16.32.10:887][  0]LogConfig: Setting CVar [[r.SSS.SampleSet:2]]
[2022.03.09-16.32.10:888][  0]LogConfig: Setting CVar [[r.SSS.Quality:1]]
[2022.03.09-16.32.10:888][  0]LogConfig: Setting CVar [[r.SSS.HalfRes:0]]
[2022.03.09-16.32.10:888][  0]LogConfig: Setting CVar [[r.SSGI.Quality:3]]
[2022.03.09-16.32.10:888][  0]LogConfig: Setting CVar [[r.EmitterSpawnRateScale:1.0]]
[2022.03.09-16.32.10:888][  0]LogConfig: Setting CVar [[r.ParticleLightQuality:2]]
[2022.03.09-16.32.10:888][  0]LogConfig: Setting CVar [[r.SkyAtmosphere.AerialPerspectiveLUT.FastApplyOnOpaque:1 ; Always have FastSkyLUT 1 in this case to avoid wrong sky]]
[2022.03.09-16.32.10:888][  0]LogConfig: Setting CVar [[r.SkyAtmosphere.AerialPerspectiveLUT.SampleCountMaxPerSlice:4]]
[2022.03.09-16.32.10:888][  0]LogConfig: Setting CVar [[r.SkyAtmosphere.AerialPerspectiveLUT.DepthResolution:16.0]]
[2022.03.09-16.32.10:888][  0]LogConfig: Setting CVar [[r.SkyAtmosphere.FastSkyLUT:1]]
[2022.03.09-16.32.10:888][  0]LogConfig: Setting CVar [[r.SkyAtmosphere.FastSkyLUT.SampleCountMin:4.0]]
[2022.03.09-16.32.10:888][  0]LogConfig: Setting CVar [[r.SkyAtmosphere.FastSkyLUT.SampleCountMax:128.0]]
[2022.03.09-16.32.10:888][  0]LogConfig: Setting CVar [[r.SkyAtmosphere.SampleCountMin:4.0]]
[2022.03.09-16.32.10:888][  0]LogConfig: Setting CVar [[r.SkyAtmosphere.SampleCountMax:128.0]]
[2022.03.09-16.32.10:888][  0]LogConfig: Setting CVar [[r.SkyAtmosphere.TransmittanceLUT.UseSmallFormat:0]]
[2022.03.09-16.32.10:888][  0]LogConfig: Setting CVar [[r.SkyAtmosphere.TransmittanceLUT.SampleCount:10.0]]
[2022.03.09-16.32.10:888][  0]LogConfig: Setting CVar [[r.SkyAtmosphere.MultiScatteringLUT.SampleCount:15.0]]
[2022.03.09-16.32.10:888][  0]LogConfig: Setting CVar [[r.SkyLight.RealTimeReflectionCapture:1]]
[2022.03.09-16.32.10:888][  0]LogConfig: Applying CVar settings from Section [FoliageQuality@3] File [C:/UnrealEngine_Projects/ue.course/GeometrySandbox/Saved/Config/Windows/Scalability.ini]
[2022.03.09-16.32.10:888][  0]LogConfig: Setting CVar [[foliage.DensityScale:1.0]]
[2022.03.09-16.32.10:889][  0]LogConfig: Setting CVar [[grass.DensityScale:1.0]]
[2022.03.09-16.32.10:889][  0]LogConfig: Applying CVar settings from Section [ShadingQuality@3] File [C:/UnrealEngine_Projects/ue.course/GeometrySandbox/Saved/Config/Windows/Scalability.ini]
[2022.03.09-16.32.10:889][  0]LogConfig: Setting CVar [[r.HairStrands.SkyLighting.IntegrationType:2]]
[2022.03.09-16.32.10:889][  0]LogConfig: Setting CVar [[r.HairStrands.SkyAO.SampleCount:4]]
[2022.03.09-16.32.10:889][  0]LogConfig: Setting CVar [[r.HairStrands.Visibility.MSAA.SamplePerPixel:4]]
[2022.03.09-16.32.10:889][  0]LogConfig: Applying CVar settings from Section [Startup] File [../../../Engine/Config/ConsoleVariables.ini]
[2022.03.09-16.32.10:889][  0]LogConfig: Setting CVar [[net.UseAdaptiveNetUpdateFrequency:0]]
[2022.03.09-16.32.10:889][  0]LogConfig: Setting CVar [[p.chaos.AllowCreatePhysxBodies:1]]
[2022.03.09-16.32.10:889][  0]LogConfig: Setting CVar [[fx.SkipVectorVMBackendOptimizations:1]]
[2022.03.09-16.32.10:889][  0]LogConfig: Applying CVar settings from Section [ConsoleVariables] File [C:/UnrealEngine_Projects/ue.course/GeometrySandbox/Saved/Config/Windows/Engine.ini]
[2022.03.09-16.32.10:889][  0]LogConfig: Applying CVar settings from Section [ConsoleVariables] File [C:/UnrealEngine_Projects/ue.course/GeometrySandbox/Saved/Config/Windows/Editor.ini]
[2022.03.09-16.32.10:889][  0]LogInit: Computer: DESKTOP-V7QSN3L
[2022.03.09-16.32.10:889][  0]LogInit: User: PC
[2022.03.09-16.32.10:890][  0]LogInit: CPU Page size=4096, Cores=4
[2022.03.09-16.32.10:890][  0]LogInit: High frequency timer resolution =10.000000 MHz
[2022.03.09-16.32.10:890][  0]LogMemory: Memory total: Physical=23.9GB (24GB approx)
[2022.03.09-16.32.10:890][  0]LogMemory: Platform Memory Stats for Windows
[2022.03.09-16.32.10:890][  0]LogMemory: Process Physical Memory: 142.19 MB used, 142.19 MB peak
[2022.03.09-16.32.10:890][  0]LogMemory: Process Virtual Memory: 114.25 MB used, 114.25 MB peak
[2022.03.09-16.32.10:890][  0]LogMemory: Physical Memory: 11595.47 MB used,  12911.30 MB free, 24506.77 MB total
[2022.03.09-16.32.10:890][  0]LogMemory: Virtual Memory: 134202936.00 MB used,  14792.55 MB free, 134217728.00 MB total
[2022.03.09-16.32.10:906][  0]LogWindows: WindowsPlatformFeatures enabled
[2022.03.09-16.32.11:071][  0]LogInit: Physics initialised using underlying interface: PhysX
[2022.03.09-16.32.11:072][  0]LogInit: Using OS detected language (ru-RU).
[2022.03.09-16.32.11:072][  0]LogInit: Using OS detected locale (ru-RU).
[2022.03.09-16.32.11:081][  0]LogTextLocalizationManager: No specific localization for 'ru-RU' exists, so the 'ru' localization will be used.
[2022.03.09-16.32.11:082][  0]LogTextLocalizationResource: LocRes '../../../Engine/Content/Localization/Editor/ru/Editor.locres' could not be opened for reading!
[2022.03.09-16.32.11:082][  0]LogTextLocalizationResource: LocRes '../../../Engine/Content/Localization/EditorTutorials/ru/EditorTutorials.locres' could not be opened for reading!
[2022.03.09-16.32.11:082][  0]LogTextLocalizationResource: LocRes '../../../Engine/Content/Localization/Keywords/ru/Keywords.locres' could not be opened for reading!
[2022.03.09-16.32.11:083][  0]LogTextLocalizationResource: LocRes '../../../Engine/Content/Localization/Category/ru/Category.locres' could not be opened for reading!
[2022.03.09-16.32.11:083][  0]LogTextLocalizationResource: LocRes '../../../Engine/Content/Localization/ToolTips/ru/ToolTips.locres' could not be opened for reading!
[2022.03.09-16.32.11:083][  0]LogTextLocalizationResource: LocRes '../../../Engine/Content/Localization/PropertyNames/ru/PropertyNames.locres' could not be opened for reading!
[2022.03.09-16.32.11:083][  0]LogTextLocalizationResource: LocRes '../../../Engine/Content/Localization/Engine/ru/Engine.locres' could not be opened for reading!
[2022.03.09-16.32.11:084][  0]LogInit: Setting process to per monitor DPI aware
[2022.03.09-16.32.11:120][  0]LogWindowsTextInputMethodSystem: Display: IME system deactivated.
[2022.03.09-16.32.11:139][  0]LogSlate: New Slate User Created.  User Index 0, Is Virtual User: 0
[2022.03.09-16.32.11:140][  0]LogSlate: Slate User Registered.  User Index 0, Is Virtual User: 0
[2022.03.09-16.32.11:297][  0]LogD3D11RHI: Loaded GFSDK_Aftermath_Lib.x64.dll
[2022.03.09-16.32.11:303][  0]LogHMD: Failed to initialize OpenVR with code 110
[2022.03.09-16.32.11:303][  0]LogD3D11RHI: D3D11 min allowed feature level: 11_0
[2022.03.09-16.32.11:303][  0]LogD3D11RHI: D3D11 max allowed feature level: 11_0
[2022.03.09-16.32.11:304][  0]LogD3D11RHI: D3D11 adapters:
[2022.03.09-16.32.11:436][  0]LogD3D11RHI:    0. 'NVIDIA GeForce GTX 1060 6GB' (Feature Level 11_0)
[2022.03.09-16.32.11:436][  0]LogD3D11RHI:       6052/0/12253 MB DedicatedVideo/DedicatedSystem/SharedSystem, Outputs:1, VendorId:0x10de
[2022.03.09-16.32.11:441][  0]LogD3D11RHI:    1. 'Microsoft Basic Render Driver' (Feature Level 11_0)
[2022.03.09-16.32.11:441][  0]LogD3D11RHI:       0/0/12253 MB DedicatedVideo/DedicatedSystem/SharedSystem, Outputs:0, VendorId:0x1414
[2022.03.09-16.32.11:441][  0]LogD3D11RHI: Chosen D3D11 Adapter:
[2022.03.09-16.32.11:441][  0]LogD3D11RHI:     Description : NVIDIA GeForce GTX 1060 6GB
[2022.03.09-16.32.11:441][  0]LogD3D11RHI:     VendorId    : 10de
[2022.03.09-16.32.11:442][  0]LogD3D11RHI:     DeviceId    : 1c03
[2022.03.09-16.32.11:442][  0]LogD3D11RHI:     SubSysId    : 85b71043
[2022.03.09-16.32.11:442][  0]LogD3D11RHI:     Revision    : 00a1
[2022.03.09-16.32.11:442][  0]LogD3D11RHI:     DedicatedVideoMemory : 6345981952 bytes
[2022.03.09-16.32.11:442][  0]LogD3D11RHI:     DedicatedSystemMemory : 0 bytes
[2022.03.09-16.32.11:442][  0]LogD3D11RHI:     SharedSystemMemory : 12848607232 bytes
[2022.03.09-16.32.11:442][  0]LogD3D11RHI:     AdapterLuid : 0 42378
[2022.03.09-16.32.11:475][  0]LogD3D11RHI: Creating new Direct3DDevice
[2022.03.09-16.32.11:475][  0]LogD3D11RHI:     GPU DeviceId: 0x1c03 (for the marketing name, search the web for "GPU Device Id")
[2022.03.09-16.32.11:475][  0]LogWindows: EnumDisplayDevices:
[2022.03.09-16.32.11:475][  0]LogWindows:    0. 'NVIDIA GeForce GTX 1060 6GB' (P:1 D:1)
[2022.03.09-16.32.11:475][  0]LogWindows:    1. 'NVIDIA GeForce GTX 1060 6GB' (P:0 D:0)
[2022.03.09-16.32.11:476][  0]LogWindows:    2. 'NVIDIA GeForce GTX 1060 6GB' (P:0 D:0)
[2022.03.09-16.32.11:476][  0]LogWindows:    3. 'NVIDIA GeForce GTX 1060 6GB' (P:0 D:0)
[2022.03.09-16.32.11:476][  0]LogWindows: DebugString: FoundDriverCount:4 
[2022.03.09-16.32.11:476][  0]LogD3D11RHI:     Adapter Name: NVIDIA GeForce GTX 1060 6GB
[2022.03.09-16.32.11:476][  0]LogD3D11RHI:   Driver Version: 511.79 (internal:30.0.15.1179, unified:511.79)
[2022.03.09-16.32.11:476][  0]LogD3D11RHI:      Driver Date: 2-10-2022
[2022.03.09-16.32.11:477][  0]LogRHI: Texture pool is 4236 MB (70% of 6052 MB)
[2022.03.09-16.32.11:477][  0]LogD3D11RHI: Creating D3DDevice using adapter:
[2022.03.09-16.32.11:477][  0]LogD3D11RHI:     Description : NVIDIA GeForce GTX 1060 6GB
[2022.03.09-16.32.11:477][  0]LogD3D11RHI:     VendorId    : 10de
[2022.03.09-16.32.11:477][  0]LogD3D11RHI:     DeviceId    : 1c03
[2022.03.09-16.32.11:477][  0]LogD3D11RHI:     SubSysId    : 85b71043
[2022.03.09-16.32.11:477][  0]LogD3D11RHI:     Revision    : 00a1
[2022.03.09-16.32.11:477][  0]LogD3D11RHI:     DedicatedVideoMemory : 6345981952 bytes
[2022.03.09-16.32.11:477][  0]LogD3D11RHI:     DedicatedSystemMemory : 0 bytes
[2022.03.09-16.32.11:477][  0]LogD3D11RHI:     SharedSystemMemory : 12848607232 bytes
[2022.03.09-16.32.11:477][  0]LogD3D11RHI:     AdapterLuid : 0 42378
[2022.03.09-16.32.11:557][  0]LogD3D11RHI: RHI has support for 64 bit atomics
[2022.03.09-16.32.11:557][  0]LogD3D11RHI: Async texture creation enabled
[2022.03.09-16.32.11:557][  0]LogD3D11RHI: Array index from any shader is supported
[2022.03.09-16.32.11:584][  0]LogD3D11RHI: GPU Timing Frequency: 1000.000000 (Debug: 2 1)
[2022.03.09-16.32.11:622][  0]LogRHI: GeForceNow SDK initialized: 1
[2022.03.09-16.32.11:947][  0]LogTargetPlatformManager: Display: Loaded TargetPlatform 'AllDesktop'
[2022.03.09-16.32.11:975][  0]LogTargetPlatformManager: Display: Loaded TargetPlatform 'Android'
[2022.03.09-16.32.11:975][  0]LogTargetPlatformManager: Display: Loaded TargetPlatform 'Android_ASTC'
[2022.03.09-16.32.11:975][  0]LogTargetPlatformManager: Display: Loaded TargetPlatform 'Android_DXT'
[2022.03.09-16.32.11:975][  0]LogTargetPlatformManager: Display: Loaded TargetPlatform 'Android_ETC2'
[2022.03.09-16.32.11:975][  0]LogTargetPlatformManager: Display: Loaded TargetPlatform 'AndroidClient'
[2022.03.09-16.32.11:975][  0]LogTargetPlatformManager: Display: Loaded TargetPlatform 'Android_ASTCClient'
[2022.03.09-16.32.11:975][  0]LogTargetPlatformManager: Display: Loaded TargetPlatform 'Android_DXTClient'
[2022.03.09-16.32.11:975][  0]LogTargetPlatformManager: Display: Loaded TargetPlatform 'Android_ETC2Client'
[2022.03.09-16.32.11:975][  0]LogTargetPlatformManager: Display: Loaded TargetPlatform 'Android_Multi'
[2022.03.09-16.32.11:975][  0]LogTargetPlatformManager: Display: Loaded TargetPlatform 'Android_MultiClient'
[2022.03.09-16.32.12:005][  0]LogTargetPlatformManager: Display: Loaded TargetPlatform 'IOSClient'
[2022.03.09-16.32.12:005][  0]LogTargetPlatformManager: Display: Loaded TargetPlatform 'IOS'
[2022.03.09-16.32.12:018][  0]LogTargetPlatformManager: Display: Loaded TargetPlatform 'Linux'
[2022.03.09-16.32.12:026][  0]LogTargetPlatformManager: Display: Loaded TargetPlatform 'LinuxNoEditor'
[2022.03.09-16.32.12:037][  0]LogTargetPlatformManager: Display: Loaded TargetPlatform 'LinuxClient'
[2022.03.09-16.32.12:044][  0]LogTargetPlatformManager: Display: Loaded TargetPlatform 'LinuxServer'
[2022.03.09-16.32.12:058][  0]LogTargetPlatformManager: Display: Loaded TargetPlatform 'LinuxAArch64NoEditor'
[2022.03.09-16.32.12:065][  0]LogTargetPlatformManager: Display: Loaded TargetPlatform 'LinuxAArch64Client'
[2022.03.09-16.32.12:072][  0]LogTargetPlatformManager: Display: Loaded TargetPlatform 'LinuxAArch64Server'
[2022.03.09-16.32.12:104][  0]LogTargetPlatformManager: Display: Loaded TargetPlatform 'Lumin'
[2022.03.09-16.32.12:105][  0]LogTargetPlatformManager: Display: Loaded TargetPlatform 'LuminClient'
[2022.03.09-16.32.12:117][  0]LogTargetPlatformManager: Display: Loaded TargetPlatform 'MacNoEditor'
[2022.03.09-16.32.12:125][  0]LogTargetPlatformManager: Display: Loaded TargetPlatform 'Mac'
[2022.03.09-16.32.12:132][  0]LogTargetPlatformManager: Display: Loaded TargetPlatform 'MacClient'
[2022.03.09-16.32.12:141][  0]LogTargetPlatformManager: Display: Loaded TargetPlatform 'MacServer'
[2022.03.09-16.32.12:156][  0]LogTargetPlatformManager: Display: Loaded TargetPlatform 'TVOSClient'
[2022.03.09-16.32.12:156][  0]LogTargetPlatformManager: Display: Loaded TargetPlatform 'TVOS'
[2022.03.09-16.32.12:169][  0]LogTargetPlatformManager: Display: Loaded TargetPlatform 'WindowsNoEditor'
[2022.03.09-16.32.12:177][  0]LogTargetPlatformManager: Display: Loaded TargetPlatform 'Windows'
[2022.03.09-16.32.12:184][  0]LogTargetPlatformManager: Display: Loaded TargetPlatform 'WindowsClient'
[2022.03.09-16.32.12:192][  0]LogTargetPlatformManager: Display: Loaded TargetPlatform 'WindowsServer'
[2022.03.09-16.32.12:192][  0]LogTargetPlatformManager: Display: Building Assets For Windows
[2022.03.09-16.32.12:207][  0]LogAudioDebug: Display: Lib vorbis DLL was dynamically loaded.
[2022.03.09-16.32.12:268][  0]LogTextureFormatOodle: Display: Oodle Texture 2.9.0 init RDO Off
[2022.03.09-16.32.12:338][  0]LogRendererCore: Ray tracing is disabled. Reason: r.RayTracing=0.
[2022.03.09-16.32.12:338][  0]LogShaderCompilers: Guid format shader working directory is -23 characters bigger than the processId version (../../../../../../UnrealEngine_Projects/ue.course/GeometrySandbox/Intermediate/Shaders/WorkingDirectory/52700/).
[2022.03.09-16.32.12:338][  0]LogShaderCompilers: Cleaned the shader compiler working directory 'C:/Users/PC/AppData/Local/Temp/UnrealShaderWorkingDir/6F1ED5BB4CEED387D84094BA5A869253/'.
[2022.03.09-16.32.12:339][  0]LogXGEController: Cannot use XGE Controller as Incredibuild is not installed on this machine.
[2022.03.09-16.32.12:339][  0]LogShaderCompilers: Cannot use XGE Shader Compiler as Incredibuild is not installed on this machine.
[2022.03.09-16.32.12:339][  0]LogShaderCompilers: Display: Using Local Shader Compiler.
[2022.03.09-16.32.13:215][  0]LogDerivedDataCache: Display: Max Cache Size: 512 MB
[2022.03.09-16.32.13:275][  0]LogDerivedDataCache: Loaded boot cache 0.06s 94MB C:/Users/PC/AppData/Local/UnrealEngine/4.27/DerivedDataCache/Boot.ddc.
[2022.03.09-16.32.13:275][  0]LogDerivedDataCache: Display: Loaded Boot cache: C:/Users/PC/AppData/Local/UnrealEngine/4.27/DerivedDataCache/Boot.ddc
[2022.03.09-16.32.13:275][  0]LogDerivedDataCache: FDerivedDataBackendGraph:  Pak pak cache file ../../../../../../UnrealEngine_Projects/ue.course/GeometrySandbox/DerivedDataCache/DDC.ddp not found, will not use a pak cache.
[2022.03.09-16.32.13:275][  0]LogDerivedDataCache: Unable to find inner node Pak for hierarchical cache Hierarchy.
[2022.03.09-16.32.13:276][  0]LogDerivedDataCache: FDerivedDataBackendGraph:  CompressedPak pak cache file ../../../../../../UnrealEngine_Projects/ue.course/GeometrySandbox/DerivedDataCache/Compressed.ddp not found, will not use a pak cache.
[2022.03.09-16.32.13:276][  0]LogDerivedDataCache: Unable to find inner node CompressedPak for hierarchical cache Hierarchy.
[2022.03.09-16.32.13:296][  0]LogDerivedDataCache: Display: Pak cache opened for reading ../../../Engine/DerivedDataCache/Compressed.ddp.
[2022.03.09-16.32.13:296][  0]LogDerivedDataCache: FDerivedDataBackendGraph:  EnterprisePak pak cache file ../../../Enterprise/DerivedDataCache/Compressed.ddp not found, will not use a pak cache.
[2022.03.09-16.32.13:296][  0]LogDerivedDataCache: Unable to find inner node EnterprisePak for hierarchical cache Hierarchy.
[2022.03.09-16.32.13:305][  0]LogDerivedDataCache: Speed tests for C:/Users/PC/AppData/Local/UnrealEngine/Common/DerivedDataCache took 0.01 seconds
[2022.03.09-16.32.13:305][  0]LogDerivedDataCache: Display: Performance to C:/Users/PC/AppData/Local/UnrealEngine/Common/DerivedDataCache: Latency=0.04ms. RandomReadSpeed=1041.20MBs, RandomWriteSpeed=131.05MBs. Assigned SpeedClass 'Local'
[2022.03.09-16.32.13:308][  0]LogDerivedDataCache: Using Local data cache path C:/Users/PC/AppData/Local/UnrealEngine/Common/DerivedDataCache: Writable
[2022.03.09-16.32.13:308][  0]LogDerivedDataCache: Shared data cache path not found in *engine.ini, will not use an Shared cache.
[2022.03.09-16.32.13:308][  0]LogDerivedDataCache: Unable to find inner node Shared for hierarchical cache Hierarchy.
[2022.03.09-16.32.13:366][  0]LogSlate: Using FreeType 2.10.0
[2022.03.09-16.32.13:367][  0]LogSlate: SlateFontServices - WITH_FREETYPE: 1, WITH_HARFBUZZ: 1
[2022.03.09-16.32.13:402][  0]LogAssetRegistry: FAssetRegistry took 0.0057 seconds to start up
[2022.03.09-16.32.13:698][  0]LogInit: Selected Device Profile: [Windows]
[2022.03.09-16.32.13:698][  0]LogInit: Active device profile: [000002853985E200][0000028536A6C600 49] Windows
[2022.03.09-16.32.13:698][  0]LogInit: Profiles: [000002853985E200][0000028536A6C600 49] Windows, [0000028539819F00][000002852F1F0740 49] WindowsNoEditor, [000002853985E300][000002852F1F4880 49] WindowsServer, [000002853981A100][00000285355E49C0 49] WindowsClient, [000002853985DE00][00000285355E8B00 49] IOS, [000002853981BF00][00000285355F0C80 49] iPadAir, [000002853985DA00][00000285355F4E00 49] iPadAir2, [00000285397C5900][00000285355FD0C0 49] IPadPro, [00000285397C5A00][00000285355F9100 49] iPadAir3, [000002853985D800][0000028535601280 49] iPadAir4, [00000285397C7C00][0000028535605400 49] iPadMini2, [000002853985DF00][0000028519627580 49] iPadMini3, [00000285397C4400][000002851962B700 49] iPadMini4, [000002853985D500][000002851962F880 49] iPadMini5, [00000285397ED200][0000028519637B40 49] iPhone6, [00000285397ED300][0000028519633B80 49] iPodTouch6, [0000028539819E00][000002851963E2C0 49] iPhone7, [000002853981A200][000002851963A300 49] iPodTouch7, [00000285397EF600][0000028519642480 49] iPhone5S, [000002853981AC00][0000028519646600 49] iPhone6Plus, [00000285397EC200][000002851964A780 49] iPhone6S, [0000028539819300][000002851964E900 49] iPhone6SPlus, [00000285397EFA00][00000285355ECA40 49] iPhone7Plus, [0000028539818E00][0000028519652B80 49] iPhoneSE, [00000285397EEB00][000002852F0FECC0 49] iPhone8, [000002853981B700][000002852F106E40 49] iPhone8Plus, [00000285397EDB00][000002852F10AFC0 49] iPhoneX, [0000028539818400][000002852F10F140 49] iPhoneXS, [00000285397EC400][000002852F1132C0 49] iPhoneXSMax, [000002853981A800][000002852F117440 49] iPhoneXR, [00000285397EC900][000002852F11B5C0 49] iPhone11, [0000028539818A00][000002852F11F740 49] iPhone11Pro, [00000285397EFC00][000002852F1238C0 49] iPhone11ProMax, [000002853981A600][000002852F127A40 49] iPhoneSE2, [00000285397EF200][000002852F12BBC0 49] iPhone12Mini, [0000028539819500][000002852F12E1C0 49] iPhone12, [00000285397ECD00][000002852F132340 49] iPhone12Pro, [000002853981AD00][000002852F1364C0 49] iPhone12ProMax, [00000285397EDD00][000002852F13A640 49] iPadPro105, [000002853981B500][000002852F13E7C0 49] iPadPro129, [00000285397EF300][000002852F142940 49] iPadPro97, [000002853981BD00][000002852F146AC0 49] iPadPro2_129, [00000285397EC300][000002852F102C00 49] iPad5, [0000028539819600][000002852F14AD40 49] iPad6, [00000285397C4B00][000002852F152E80 49] iPad7, [0000028539895700][000002852F156FC0 49] iPad8, [00000285397C4200][000002852F185140 49] iPadPro11, [0000028539895A00][00000285369DB2C0 49] iPadPro2_11, [00000285397C5400][00000285369DF440 49] iPadPro3_129, [0000028539894300][000002852F5655C0 49] iPadPro4_129, [000002853981BA00][000002852F569740 49] AppleTV, [00000285397EDA00][00000285372758C0 49] AppleTV4K, [00000285397C7500][0000028537279A40 49] TVOS, [00000285397EC100][000002853727DBC0 49] Mac, [00000285397C6700][00000285372801C0 49] MacClient, [00000285397EF100][0000028537284340 49] MacNoEditor, [00000285397C4600][00000285372884C0 49] MacServer, [00000285397ECB00][000002853728C640 49] Linux, [000002853981AB00][00000285376847C0 49] LinuxAArch64, [00000285397EE800][0000028537688940 49] LinuxNoEditor, [000002853981AF00][000002853768CAC0 49] LinuxAArch64NoEditor, [00000285397EE600][000002852F652C40 49] LinuxClient, [000002853981A300][000002852F180D80 49] LinuxAArch64Client, [00000285397ED100][0000028536FE2EC0 49] LinuxServer, [0000028539818D00][0000028537699000 49] LinuxAArch64Server, [00000285397ED400][000002853769D140 49] Android, [0000028539819D00][00000285373172C0 49] Android_Low, [00000285397ECA00][0000028537325440 49] Android_Mid, [0000028539818800][00000285373295C0 49] Android_High, [00000285397EDF00][0000028536C93740 49] Android_Default, [0000028539818C00][0000028536C978C0 49] Android_Adreno4xx, [00000285397ED700][0000028536C9BA40 49] Android_Adreno5xx_Low, [000002853981A000][0000028536C9FBC0 49] Android_Adreno5xx, [00000285397EE900][00000285376141C0 49] Android_Adreno6xx, [0000028539818100][000002853762C340 49] Android_Adreno6xx_Vulkan, [00000285397EC700][0000028536E564C0 49] Android_Mali_T6xx, [000002853981B800][0000028536E5E640 49] Android_Mali_T7xx, [00000285397EDE00][0000028536E627C0 49] Android_Mali_T8xx, [0000028539819A00][0000028536E6A940 49] Android_Mali_G71, [00000285397EFE00][0000028536E6EAC0 49] Android_Mali_G72, [000002853981BE00][0000028537306C40 49] Android_Mali_G72_Vulkan, [00000285397EF400][000002853730ADC0 49] Android_Mali_G76, [0000028539818F00][0000028536E72F40 49] Android_Mali_G76_Vulkan, [00000285397ED000][000002853730F080 49] Android_Mali_G77, [000002853981B200][00000285376791C0 49] Android_Mali_G77_Vulkan, [00000285397ED900][0000028537303300 49] Android_Mali_G78, [0000028539818500][000002853767D480 49] Android_Mali_G78_Vulkan, [00000285397EE100][0000028537681600 49] Android_Mali_G710, [0000028539819400][000002852F5FD780 49] Android_Mali_G710_Vulkan, [00000285397EE200][0000028536E5B900 49] Android_Vulkan_SM5, [000002853981A400][000002852F601A80 49] Android_PowerVR_G6xxx, [00000285397EF900][000002852F53BC00 49] Android_PowerVR_GT7xxx, [000002853981AA00][000002852F53E200 49] Android_PowerVR_GE8xxx, [00000285397EF800][000002852F542380 49] Android_PowerVR_GM9xxx, [000002853985D400][000002852F546500 49] Android_PowerVR_GM9xxx_Vulkan, [00000285397C7A00][000002852F54A680 49] Android_TegraK1, [000002853985D600][000002852F54E800 49] Android_Unknown_Vulkan, [00000285397C7100][000002852F552980 49] Lumin, [000002853985EC00][000002852F556B00 49] Lumin_Desktop, [00000285397C6200][000002852F604C80 49] HoloLens, 
[2022.03.09-16.32.13:868][  0]LogMeshReduction: Using QuadricMeshReduction for automatic static mesh reduction
[2022.03.09-16.32.13:869][  0]LogMeshReduction: Using SimplygonMeshReduction for automatic skeletal mesh reduction
[2022.03.09-16.32.13:869][  0]LogMeshReduction: Using ProxyLODMeshReduction for automatic mesh merging
[2022.03.09-16.32.13:869][  0]LogMeshReduction: No distributed automatic mesh merging module available
[2022.03.09-16.32.13:869][  0]LogMeshMerging: No distributed automatic mesh merging module available
[2022.03.09-16.32.13:888][  0]LogNetVersion: GeometrySandbox 1.0.0, NetCL: 17155196, EngineNetVer: 17, GameNetVer: 0 (Checksum: 2047942326)
[2022.03.09-16.32.14:318][  0]LogTexture: Default maximum texture size for cubemaps generated from long-lat sources has been changed from 512 to unlimited. In order to preserve old behaiour for '/Engine/MapTemplates/Sky/DaylightAmbientCubemap.DaylightAmbientCubemap', its maximum texture size has been explicitly set to 512.
[2022.03.09-16.32.14:382][  0]LogHMD: PokeAHoleMaterial loaded successfully
[2022.03.09-16.32.14:389][  0]LogUObjectArray: 17178 objects as part of root set at end of initial load.
[2022.03.09-16.32.14:389][  0]LogUObjectAllocator: 4302048 out of 0 bytes used by permanent object pool.
[2022.03.09-16.32.14:389][  0]LogUObjectArray: CloseDisregardForGC: 0/0 objects in disregard for GC pool
[2022.03.09-16.32.14:799][  0]LogNiagaraDebuggerClient: Niagara Debugger Client Initialized | Session: FF1002EC480B86C60EBEEBB1D18FC11A | Instance: 298BF77940FDDD0E83F9629BBCF08AA2 (DESKTOP-V7QSN3L-52700).
[2022.03.09-16.32.14:971][  0]LogPython: Using Python 3.7.7
[2022.03.09-16.32.15:573][  0]LogTcpMessaging: Initializing TcpMessaging bridge
[2022.03.09-16.32.15:587][  0]LogUdpMessaging: Initializing bridge on interface 0.0.0.0:0 to multicast group 230.0.0.1:6666.
[2022.03.09-16.32.16:209][  0]LogOpenImageDenoise: OIDN starting up
[2022.03.09-16.32.16:285][  0]SourceControl: Source control is disabled
[2022.03.09-16.32.16:286][  0]SourceControl: Source control is disabled
[2022.03.09-16.32.16:291][  0]SourceControl: Source control is disabled
[2022.03.09-16.32.16:296][  0]SourceControl: Source control is disabled
[2022.03.09-16.32.16:316][  0]LogAndroidPermission: UAndroidPermissionCallbackProxy::GetInstance
[2022.03.09-16.32.16:322][  0]LogUProjectInfo: Found projects:
[2022.03.09-16.32.16:365][  0]LogAudioCaptureCore: Display: No Audio Capture implementations found. Audio input will be silent.
[2022.03.09-16.32.16:365][  0]LogAudioCaptureCore: Display: No Audio Capture implementations found. Audio input will be silent.
[2022.03.09-16.32.16:424][  0]SourceControl: Source control is disabled
[2022.03.09-16.32.16:551][  0]LogCollectionManager: Loaded 0 collections in 0.002185 seconds
[2022.03.09-16.32.16:592][  0]LogFileCache: Scanning file cache for directory 'C:/UnrealEngine_Projects/ue.course/GeometrySandbox/Saved/Collections/' took 0.00s
[2022.03.09-16.32.16:592][  0]LogFileCache: Scanning file cache for directory 'C:/UnrealEngine_Projects/ue.course/GeometrySandbox/Content/Developers/PC/Collections/' took 0.00s
[2022.03.09-16.32.16:592][  0]LogFileCache: Scanning file cache for directory 'C:/UnrealEngine_Projects/ue.course/GeometrySandbox/Content/Collections/' took 0.00s
[2022.03.09-16.32.16:592][  0]LogOcInput: OculusInput pre-init called
[2022.03.09-16.32.16:857][  0]LogEngine: Initializing Engine...
[2022.03.09-16.32.16:861][  0]LogHMD: Failed to enumerate extensions. Please check that you have a valid OpenXR runtime installed.
[2022.03.09-16.32.16:861][  0]LogHMD: Failed to initialize OpenVR with code 110
[2022.03.09-16.32.16:861][  0]LogMagicLeap: Warning: VR disabled because ZI is not enabled.  To enable, in the editor, Edit -> Project Settings -> Plugins -> Magic Leap Plugin -> Enable Zero Iteration
[2022.03.09-16.32.16:862][  0]LogStats: UGameplayTagsManager::InitializeManager -  0.000 s
[2022.03.09-16.32.16:990][  0]LogInit: Initializing FReadOnlyCVARCache
[2022.03.09-16.32.17:003][  0]LogAIModule: Creating AISystem for world Untitled
[2022.03.09-16.32.17:016][  0]LogAudio: Display: Initializing Audio Device Manager...
[2022.03.09-16.32.17:023][  0]LogAudio: Display: Loading Default Audio Settings Objects...
[2022.03.09-16.32.17:023][  0]LogAudio: Display: No default SoundConcurrencyObject specified (or failed to load).
[2022.03.09-16.32.17:024][  0]LogAudio: Display: Audio Device Manager Initialized
[2022.03.09-16.32.17:024][  0]LogAudio: Display: Creating Audio Device:                 Id: 1, Scope: Shared, Realtime: True
[2022.03.09-16.32.17:024][  0]LogAudioMixer: Display: Audio Mixer Platform Settings:
[2022.03.09-16.32.17:024][  0]LogAudioMixer: Display: 	Sample Rate:						  48000
[2022.03.09-16.32.17:024][  0]LogAudioMixer: Display: 	Callback Buffer Frame Size Requested: 1024
[2022.03.09-16.32.17:024][  0]LogAudioMixer: Display: 	Callback Buffer Frame Size To Use:	  1024
[2022.03.09-16.32.17:024][  0]LogAudioMixer: Display: 	Number of buffers to queue:			  2
[2022.03.09-16.32.17:024][  0]LogAudioMixer: Display: 	Max Channels (voices):				  32
[2022.03.09-16.32.17:024][  0]LogAudioMixer: Display: 	Number of Async Source Workers:		  0
[2022.03.09-16.32.17:024][  0]LogAudio: Display: AudioDevice MaxSources: 32
[2022.03.09-16.32.17:025][  0]LogAudio: Display: Audio Spatialization Plugin: None (built-in).
[2022.03.09-16.32.17:025][  0]LogAudio: Display: Audio Reverb Plugin: None (built-in).
[2022.03.09-16.32.17:025][  0]LogAudio: Display: Audio Occlusion Plugin: None (built-in).
[2022.03.09-16.32.17:025][  0]LogAudioMixer: Display: Initializing audio mixer.
[2022.03.09-16.32.17:051][  0]LogAudioMixer: Display: 0: FrontLeft
[2022.03.09-16.32.17:051][  0]LogAudioMixer: Display: 1: FrontRight
[2022.03.09-16.32.17:077][  0]LogAudioMixer: Display: Using Audio Device Динамики (Line 6 UX2)
[2022.03.09-16.32.17:079][  0]LogAudioMixer: Display: Initializing Sound Submixes...
[2022.03.09-16.32.17:082][  0]LogAudioMixer: Display: Creating Master Submix 'MasterSubmixDefault'
[2022.03.09-16.32.17:082][  0]LogAudioMixer: Display: Creating Master Submix 'MasterReverbSubmixDefault'
[2022.03.09-16.32.17:083][  0]LogAudioMixer: Display: Creating Master Submix 'MasterEQSubmixDefault'
[2022.03.09-16.32.17:083][  0]LogAudioMixer: FMixerPlatformXAudio2::StartAudioStream() called
[2022.03.09-16.32.17:083][  0]LogAudioMixer: Display: Output buffers initialized: Frames=1024, Channels=2, Samples=2048
[2022.03.09-16.32.17:085][  0]LogAudioMixer: Display: Starting AudioMixerPlatformInterface::RunInternal()
[2022.03.09-16.32.17:085][  0]LogAudioMixer: Display: FMixerPlatformXAudio2::SubmitBuffer() called for the first time
[2022.03.09-16.32.17:086][  0]LogInit: FAudioDevice initialized.
[2022.03.09-16.32.17:086][  0]LogAudio: Display: Audio Device (ID: 1) registered with world 'Untitled'.
[2022.03.09-16.32.17:086][  0]LogNetVersion: Set ProjectVersion to 1.0.0.0. Version Checksum will be recalculated on next use.
[2022.03.09-16.32.17:182][  0]LogDerivedDataCache: Saved boot cache 0.10s 94MB C:/Users/PC/AppData/Local/UnrealEngine/4.27/DerivedDataCache/Boot.ddc.
[2022.03.09-16.32.17:182][  0]LogInit: Texture streaming: Enabled
[2022.03.09-16.32.17:205][  0]LogAnalytics: Display: [UEEditor.Rocket.Release] APIServer = https://datarouter.ol.epicgames.com/. AppVersion = 4.27.2-18319896+++UE4+Release-4.27
[2022.03.09-16.32.17:211][  0]LogEngineSessionManager: EngineSessionManager initialized
[2022.03.09-16.32.17:211][  0]LogEditorSessionSummary: Verbose: Initializing EditorSessionSummaryWriter for editor session tracking
[2022.03.09-16.32.17:214][  0]LogEditorSessionSummary: EditorSessionSummaryWriter initialized
[2022.03.09-16.32.17:242][  0]LogInit: Transaction tracking system initialized
[2022.03.09-16.32.17:279][  0]BlueprintLog: New page: Editor Load
[2022.03.09-16.32.17:383][  0]LocalizationService: Localization service is disabled
[2022.03.09-16.32.17:423][  0]TimingProfiler: Initialize
[2022.03.09-16.32.17:423][  0]TimingProfiler: OnSessionChanged
[2022.03.09-16.32.17:423][  0]LoadingProfiler: Initialize
[2022.03.09-16.32.17:423][  0]LoadingProfiler: OnSessionChanged
[2022.03.09-16.32.17:423][  0]NetworkingProfiler: Initialize
[2022.03.09-16.32.17:423][  0]NetworkingProfiler: OnSessionChanged
[2022.03.09-16.32.17:424][  0]MemoryProfiler: Initialize
[2022.03.09-16.32.17:424][  0]MemoryProfiler: OnSessionChanged
[2022.03.09-16.32.17:620][  0]LogCook: Display: CookSettings for Memory: MemoryMaxUsedVirtual 0MiB, MemoryMaxUsedPhysical 16384MiB, MemoryMinFreeVirtual 0MiB, MemoryMinFreePhysical 1024MiB
[2022.03.09-16.32.17:620][  0]LogCook: Display: Mobile HDR setting 1
[2022.03.09-16.32.17:915][  0]LogFileCache: Scanning file cache for directory 'C:/UnrealEngine_Projects/ue.course/GeometrySandbox/Content/' took 0.00s
[2022.03.09-16.32.18:117][  0]LogInit: Display: Engine is initialized. Leaving FEngineLoop::Init()
[2022.03.09-16.32.18:121][  0]SourceControl: Source control is disabled
[2022.03.09-16.32.18:121][  0]LogUnrealEdMisc: Loading editor; pre map load, took 9.198
[2022.03.09-16.32.18:121][  0]Cmd: MAP LOAD FILE="../../../../../../UnrealEngine_Projects/ue.course/GeometrySandbox/Content/SandboxMap.umap" TEMPLATE=0 SHOWPROGRESS=1 FEATURELEVEL=3
[2022.03.09-16.32.18:122][  0]LightingResults: New page: Lighting Build
[2022.03.09-16.32.18:123][  0]LogWorld: UWorld::CleanupWorld for Untitled, bSessionEnded=true, bCleanupResources=true
[2022.03.09-16.32.18:124][  0]LogSlate: InvalidateAllWidgets triggered.  All widgets were invalidated
[2022.03.09-16.32.18:124][  0]MapCheck: New page: Map Check
[2022.03.09-16.32.18:124][  0]LightingResults: New page: Lighting Build
[2022.03.09-16.32.18:129][  0]LogAudio: Display: Audio Device unregistered from world 'None'.
[2022.03.09-16.32.18:134][  0]LogUObjectHash: Compacting FUObjectHashTables data took   0.93ms
[2022.03.09-16.32.18:213][  0]LogAudio: Display: Audio Device (ID: 1) registered with world 'SandboxMap'.
[2022.03.09-16.32.18:214][  0]LogAIModule: Creating AISystem for world SandboxMap
[2022.03.09-16.32.18:219][  0]LogEditorServer: Finished looking for orphan Actors (0.000 secs)
[2022.03.09-16.32.18:231][  0]LogUObjectHash: Compacting FUObjectHashTables data took   1.08ms
[2022.03.09-16.32.18:232][  0]Cmd: MAP CHECKDEP NOCLEARLOG
[2022.03.09-16.32.18:232][  0]MapCheck: Map check complete: 0 Error(s), 0 Warning(s), took 0,219ms to complete.
[2022.03.09-16.32.18:232][  0]LogFileHelpers: Loading map 'SandboxMap' took 0.111
[2022.03.09-16.32.18:236][  0]LogUnrealEdMisc: Total Editor Startup Time, took 9.311
[2022.03.09-16.32.18:378][  0]LogSlate: Updating window title bar state: overlay mode, drag disabled, window buttons hidden, title bar hidden
[2022.03.09-16.32.18:385][  0]LogSlate: Updating window title bar state: overlay mode, drag disabled, window buttons hidden, title bar hidden
[2022.03.09-16.32.18:392][  0]LogSlate: Updating window title bar state: overlay mode, drag disabled, window buttons hidden, title bar hidden
[2022.03.09-16.32.18:400][  0]LogSlate: Updating window title bar state: overlay mode, drag disabled, window buttons hidden, title bar hidden
[2022.03.09-16.32.18:418][  0]LogNativeClassHierarchy: Verbose: Native class hierarchy populated in 0.0125 seconds. Added 3825 classes and 931 folders.
[2022.03.09-16.32.18:422][  0]LogNativeClassHierarchy: Verbose: Native class hierarchy updated for 'WidgetCarousel' in 0.0003 seconds. Added 0 classes and 0 folders.
[2022.03.09-16.32.18:424][  0]LogPakFile: PakFile PrimaryIndexSize=187
[2022.03.09-16.32.18:424][  0]LogPakFile: PakFile PathHashIndexSize=101
[2022.03.09-16.32.18:424][  0]LogPakFile: PakFile FullDirectoryIndexSize=148
[2022.03.09-16.32.18:424][  0]LogShaderLibrary: Display: ShaderCodeLibraryPakFileMountedCallback: PakFile 'C:/Games/Epic Games/UE_4.27/FeaturePacks/FP_FirstPerson.upack' (chunk index -1, root 'root:/') mounted
[2022.03.09-16.32.18:424][  0]LogShaderLibrary: Display: ShaderCodeLibraryPakFileMountedCallback: pending pak file info (ChunkID:-1 Root:root:/ File:C:/Games/Epic Games/UE_4.27/FeaturePacks/FP_FirstPerson.upack)
[2022.03.09-16.32.18:424][  0]LogPakFile: OnPakFileMounted2Time == 0.000217
[2022.03.09-16.32.18:425][  0]LogPakFile: PakFile PrimaryIndexSize=189
[2022.03.09-16.32.18:425][  0]LogPakFile: PakFile PathHashIndexSize=101
[2022.03.09-16.32.18:425][  0]LogPakFile: PakFile FullDirectoryIndexSize=152
[2022.03.09-16.32.18:425][  0]LogShaderLibrary: Display: ShaderCodeLibraryPakFileMountedCallback: PakFile 'C:/Games/Epic Games/UE_4.27/FeaturePacks/FP_FirstPersonBP.upack' (chunk index -1, root 'root:/') mounted
[2022.03.09-16.32.18:425][  0]LogShaderLibrary: Display: ShaderCodeLibraryPakFileMountedCallback: pending pak file info (ChunkID:-1 Root:root:/ File:C:/Games/Epic Games/UE_4.27/FeaturePacks/FP_FirstPersonBP.upack)
[2022.03.09-16.32.18:425][  0]LogPakFile: OnPakFileMounted2Time == 0.000186
[2022.03.09-16.32.18:426][  0]LogPakFile: PakFile PrimaryIndexSize=191
[2022.03.09-16.32.18:426][  0]LogPakFile: PakFile PathHashIndexSize=101
[2022.03.09-16.32.18:426][  0]LogPakFile: PakFile FullDirectoryIndexSize=160
[2022.03.09-16.32.18:426][  0]LogShaderLibrary: Display: ShaderCodeLibraryPakFileMountedCallback: PakFile 'C:/Games/Epic Games/UE_4.27/FeaturePacks/MobileStarterContent.upack' (chunk index -1, root 'root:/') mounted
[2022.03.09-16.32.18:426][  0]LogShaderLibrary: Display: ShaderCodeLibraryPakFileMountedCallback: pending pak file info (ChunkID:-1 Root:root:/ File:C:/Games/Epic Games/UE_4.27/FeaturePacks/MobileStarterContent.upack)
[2022.03.09-16.32.18:427][  0]LogPakFile: OnPakFileMounted2Time == 0.000225
[2022.03.09-16.32.18:427][  0]LogPakFile: PakFile PrimaryIndexSize=185
[2022.03.09-16.32.18:427][  0]LogPakFile: PakFile PathHashIndexSize=101
[2022.03.09-16.32.18:427][  0]LogPakFile: PakFile FullDirectoryIndexSize=148
[2022.03.09-16.32.18:428][  0]LogShaderLibrary: Display: ShaderCodeLibraryPakFileMountedCallback: PakFile 'C:/Games/Epic Games/UE_4.27/FeaturePacks/StarterContent.upack' (chunk index -1, root 'root:/') mounted
[2022.03.09-16.32.18:428][  0]LogShaderLibrary: Display: ShaderCodeLibraryPakFileMountedCallback: pending pak file info (ChunkID:-1 Root:root:/ File:C:/Games/Epic Games/UE_4.27/FeaturePacks/StarterContent.upack)
[2022.03.09-16.32.18:428][  0]LogPakFile: OnPakFileMounted2Time == 0.000188
[2022.03.09-16.32.18:429][  0]LogPakFile: PakFile PrimaryIndexSize=190
[2022.03.09-16.32.18:429][  0]LogPakFile: PakFile PathHashIndexSize=101
[2022.03.09-16.32.18:429][  0]LogPakFile: PakFile FullDirectoryIndexSize=154
[2022.03.09-16.32.18:429][  0]LogShaderLibrary: Display: ShaderCodeLibraryPakFileMountedCallback: PakFile 'C:/Games/Epic Games/UE_4.27/FeaturePacks/TP_2DSideScroller.upack' (chunk index -1, root 'root:/') mounted
[2022.03.09-16.32.18:429][  0]LogShaderLibrary: Display: ShaderCodeLibraryPakFileMountedCallback: pending pak file info (ChunkID:-1 Root:root:/ File:C:/Games/Epic Games/UE_4.27/FeaturePacks/TP_2DSideScroller.upack)
[2022.03.09-16.32.18:429][  0]LogPakFile: OnPakFileMounted2Time == 0.000152
[2022.03.09-16.32.18:430][  0]LogPakFile: PakFile PrimaryIndexSize=192
[2022.03.09-16.32.18:430][  0]LogPakFile: PakFile PathHashIndexSize=101
[2022.03.09-16.32.18:430][  0]LogPakFile: PakFile FullDirectoryIndexSize=158
[2022.03.09-16.32.18:430][  0]LogShaderLibrary: Display: ShaderCodeLibraryPakFileMountedCallback: PakFile 'C:/Games/Epic Games/UE_4.27/FeaturePacks/TP_2DSideScrollerBP.upack' (chunk index -1, root 'root:/') mounted
[2022.03.09-16.32.18:430][  0]LogShaderLibrary: Display: ShaderCodeLibraryPakFileMountedCallback: pending pak file info (ChunkID:-1 Root:root:/ File:C:/Games/Epic Games/UE_4.27/FeaturePacks/TP_2DSideScrollerBP.upack)
[2022.03.09-16.32.18:430][  0]LogPakFile: OnPakFileMounted2Time == 0.000232
[2022.03.09-16.32.18:431][  0]LogPakFile: PakFile PrimaryIndexSize=182
[2022.03.09-16.32.18:431][  0]LogPakFile: PakFile PathHashIndexSize=101
[2022.03.09-16.32.18:431][  0]LogPakFile: PakFile FullDirectoryIndexSize=138
[2022.03.09-16.32.18:432][  0]LogShaderLibrary: Display: ShaderCodeLibraryPakFileMountedCallback: PakFile 'C:/Games/Epic Games/UE_4.27/FeaturePacks/TP_Flying.upack' (chunk index -1, root 'root:/') mounted
[2022.03.09-16.32.18:432][  0]LogShaderLibrary: Display: ShaderCodeLibraryPakFileMountedCallback: pending pak file info (ChunkID:-1 Root:root:/ File:C:/Games/Epic Games/UE_4.27/FeaturePacks/TP_Flying.upack)
[2022.03.09-16.32.18:432][  0]LogPakFile: OnPakFileMounted2Time == 0.000165
[2022.03.09-16.32.18:432][  0]LogPakFile: PakFile PrimaryIndexSize=184
[2022.03.09-16.32.18:432][  0]LogPakFile: PakFile PathHashIndexSize=101
[2022.03.09-16.32.18:432][  0]LogPakFile: PakFile FullDirectoryIndexSize=142
[2022.03.09-16.32.18:433][  0]LogShaderLibrary: Display: ShaderCodeLibraryPakFileMountedCallback: PakFile 'C:/Games/Epic Games/UE_4.27/FeaturePacks/TP_FlyingBP.upack' (chunk index -1, root 'root:/') mounted
[2022.03.09-16.32.18:433][  0]LogShaderLibrary: Display: ShaderCodeLibraryPakFileMountedCallback: pending pak file info (ChunkID:-1 Root:root:/ File:C:/Games/Epic Games/UE_4.27/FeaturePacks/TP_FlyingBP.upack)
[2022.03.09-16.32.18:433][  0]LogPakFile: OnPakFileMounted2Time == 0.000124
[2022.03.09-16.32.18:433][  0]LogPakFile: PakFile PrimaryIndexSize=188
[2022.03.09-16.32.18:434][  0]LogPakFile: PakFile PathHashIndexSize=101
[2022.03.09-16.32.18:434][  0]LogPakFile: PakFile FullDirectoryIndexSize=150
[2022.03.09-16.32.18:434][  0]LogShaderLibrary: Display: ShaderCodeLibraryPakFileMountedCallback: PakFile 'C:/Games/Epic Games/UE_4.27/FeaturePacks/TP_HandheldARBP.upack' (chunk index -1, root 'root:/') mounted
[2022.03.09-16.32.18:434][  0]LogShaderLibrary: Display: ShaderCodeLibraryPakFileMountedCallback: pending pak file info (ChunkID:-1 Root:root:/ File:C:/Games/Epic Games/UE_4.27/FeaturePacks/TP_HandheldARBP.upack)
[2022.03.09-16.32.18:434][  0]LogPakFile: OnPakFileMounted2Time == 0.000131
[2022.03.09-16.32.18:435][  0]LogPakFile: PakFile PrimaryIndexSize=182
[2022.03.09-16.32.18:435][  0]LogPakFile: PakFile PathHashIndexSize=101
[2022.03.09-16.32.18:435][  0]LogPakFile: PakFile FullDirectoryIndexSize=138
[2022.03.09-16.32.18:435][  0]LogShaderLibrary: Display: ShaderCodeLibraryPakFileMountedCallback: PakFile 'C:/Games/Epic Games/UE_4.27/FeaturePacks/TP_Puzzle.upack' (chunk index -1, root 'root:/') mounted
[2022.03.09-16.32.18:435][  0]LogShaderLibrary: Display: ShaderCodeLibraryPakFileMountedCallback: pending pak file info (ChunkID:-1 Root:root:/ File:C:/Games/Epic Games/UE_4.27/FeaturePacks/TP_Puzzle.upack)
[2022.03.09-16.32.18:435][  0]LogPakFile: OnPakFileMounted2Time == 0.000160
[2022.03.09-16.32.18:436][  0]LogPakFile: PakFile PrimaryIndexSize=184
[2022.03.09-16.32.18:436][  0]LogPakFile: PakFile PathHashIndexSize=101
[2022.03.09-16.32.18:436][  0]LogPakFile: PakFile FullDirectoryIndexSize=142
[2022.03.09-16.32.18:436][  0]LogShaderLibrary: Display: ShaderCodeLibraryPakFileMountedCallback: PakFile 'C:/Games/Epic Games/UE_4.27/FeaturePacks/TP_PuzzleBP.upack' (chunk index -1, root 'root:/') mounted
[2022.03.09-16.32.18:436][  0]LogShaderLibrary: Display: ShaderCodeLibraryPakFileMountedCallback: pending pak file info (ChunkID:-1 Root:root:/ File:C:/Games/Epic Games/UE_4.27/FeaturePacks/TP_PuzzleBP.upack)
[2022.03.09-16.32.18:436][  0]LogPakFile: OnPakFileMounted2Time == 0.000172
[2022.03.09-16.32.18:437][  0]LogPakFile: PakFile PrimaryIndexSize=183
[2022.03.09-16.32.18:437][  0]LogPakFile: PakFile PathHashIndexSize=101
[2022.03.09-16.32.18:437][  0]LogPakFile: PakFile FullDirectoryIndexSize=140
[2022.03.09-16.32.18:437][  0]LogShaderLibrary: Display: ShaderCodeLibraryPakFileMountedCallback: PakFile 'C:/Games/Epic Games/UE_4.27/FeaturePacks/TP_Rolling.upack' (chunk index -1, root 'root:/') mounted
[2022.03.09-16.32.18:437][  0]LogShaderLibrary: Display: ShaderCodeLibraryPakFileMountedCallback: pending pak file info (ChunkID:-1 Root:root:/ File:C:/Games/Epic Games/UE_4.27/FeaturePacks/TP_Rolling.upack)
[2022.03.09-16.32.18:437][  0]LogPakFile: OnPakFileMounted2Time == 0.000143
[2022.03.09-16.32.18:438][  0]LogPakFile: PakFile PrimaryIndexSize=185
[2022.03.09-16.32.18:438][  0]LogPakFile: PakFile PathHashIndexSize=101
[2022.03.09-16.32.18:438][  0]LogPakFile: PakFile FullDirectoryIndexSize=144
[2022.03.09-16.32.18:438][  0]LogShaderLibrary: Display: ShaderCodeLibraryPakFileMountedCallback: PakFile 'C:/Games/Epic Games/UE_4.27/FeaturePacks/TP_RollingBP.upack' (chunk index -1, root 'root:/') mounted
[2022.03.09-16.32.18:438][  0]LogShaderLibrary: Display: ShaderCodeLibraryPakFileMountedCallback: pending pak file info (ChunkID:-1 Root:root:/ File:C:/Games/Epic Games/UE_4.27/FeaturePacks/TP_RollingBP.upack)
[2022.03.09-16.32.18:438][  0]LogPakFile: OnPakFileMounted2Time == 0.000167
[2022.03.09-16.32.18:439][  0]LogPakFile: PakFile PrimaryIndexSize=188
[2022.03.09-16.32.18:439][  0]LogPakFile: PakFile PathHashIndexSize=101
[2022.03.09-16.32.18:439][  0]LogPakFile: PakFile FullDirectoryIndexSize=150
[2022.03.09-16.32.18:439][  0]LogShaderLibrary: Display: ShaderCodeLibraryPakFileMountedCallback: PakFile 'C:/Games/Epic Games/UE_4.27/FeaturePacks/TP_SideScroller.upack' (chunk index -1, root 'root:/') mounted
[2022.03.09-16.32.18:439][  0]LogShaderLibrary: Display: ShaderCodeLibraryPakFileMountedCallback: pending pak file info (ChunkID:-1 Root:root:/ File:C:/Games/Epic Games/UE_4.27/FeaturePacks/TP_SideScroller.upack)
[2022.03.09-16.32.18:439][  0]LogPakFile: OnPakFileMounted2Time == 0.000170
[2022.03.09-16.32.18:440][  0]LogPakFile: PakFile PrimaryIndexSize=190
[2022.03.09-16.32.18:440][  0]LogPakFile: PakFile PathHashIndexSize=101
[2022.03.09-16.32.18:440][  0]LogPakFile: PakFile FullDirectoryIndexSize=154
[2022.03.09-16.32.18:440][  0]LogShaderLibrary: Display: ShaderCodeLibraryPakFileMountedCallback: PakFile 'C:/Games/Epic Games/UE_4.27/FeaturePacks/TP_SideScrollerBP.upack' (chunk index -1, root 'root:/') mounted
[2022.03.09-16.32.18:440][  0]LogShaderLibrary: Display: ShaderCodeLibraryPakFileMountedCallback: pending pak file info (ChunkID:-1 Root:root:/ File:C:/Games/Epic Games/UE_4.27/FeaturePacks/TP_SideScrollerBP.upack)
[2022.03.09-16.32.18:440][  0]LogPakFile: OnPakFileMounted2Time == 0.000113
[2022.03.09-16.32.18:441][  0]LogPakFile: PakFile PrimaryIndexSize=187
[2022.03.09-16.32.18:441][  0]LogPakFile: PakFile PathHashIndexSize=101
[2022.03.09-16.32.18:441][  0]LogPakFile: PakFile FullDirectoryIndexSize=148
[2022.03.09-16.32.18:441][  0]LogShaderLibrary: Display: ShaderCodeLibraryPakFileMountedCallback: PakFile 'C:/Games/Epic Games/UE_4.27/FeaturePacks/TP_ThirdPerson.upack' (chunk index -1, root 'root:/') mounted
[2022.03.09-16.32.18:441][  0]LogShaderLibrary: Display: ShaderCodeLibraryPakFileMountedCallback: pending pak file info (ChunkID:-1 Root:root:/ File:C:/Games/Epic Games/UE_4.27/FeaturePacks/TP_ThirdPerson.upack)
[2022.03.09-16.32.18:441][  0]LogPakFile: OnPakFileMounted2Time == 0.000124
[2022.03.09-16.32.18:442][  0]LogPakFile: PakFile PrimaryIndexSize=189
[2022.03.09-16.32.18:442][  0]LogPakFile: PakFile PathHashIndexSize=101
[2022.03.09-16.32.18:442][  0]LogPakFile: PakFile FullDirectoryIndexSize=152
[2022.03.09-16.32.18:442][  0]LogShaderLibrary: Display: ShaderCodeLibraryPakFileMountedCallback: PakFile 'C:/Games/Epic Games/UE_4.27/FeaturePacks/TP_ThirdPersonBP.upack' (chunk index -1, root 'root:/') mounted
[2022.03.09-16.32.18:442][  0]LogShaderLibrary: Display: ShaderCodeLibraryPakFileMountedCallback: pending pak file info (ChunkID:-1 Root:root:/ File:C:/Games/Epic Games/UE_4.27/FeaturePacks/TP_ThirdPersonBP.upack)
[2022.03.09-16.32.18:442][  0]LogPakFile: OnPakFileMounted2Time == 0.000172
[2022.03.09-16.32.18:443][  0]LogPakFile: PakFile PrimaryIndexSize=183
[2022.03.09-16.32.18:443][  0]LogPakFile: PakFile PathHashIndexSize=101
[2022.03.09-16.32.18:443][  0]LogPakFile: PakFile FullDirectoryIndexSize=140
[2022.03.09-16.32.18:443][  0]LogShaderLibrary: Display: ShaderCodeLibraryPakFileMountedCallback: PakFile 'C:/Games/Epic Games/UE_4.27/FeaturePacks/TP_TopDown.upack' (chunk index -1, root 'root:/') mounted
[2022.03.09-16.32.18:443][  0]LogShaderLibrary: Display: ShaderCodeLibraryPakFileMountedCallback: pending pak file info (ChunkID:-1 Root:root:/ File:C:/Games/Epic Games/UE_4.27/FeaturePacks/TP_TopDown.upack)
[2022.03.09-16.32.18:443][  0]LogPakFile: OnPakFileMounted2Time == 0.000148
[2022.03.09-16.32.18:444][  0]LogPakFile: PakFile PrimaryIndexSize=185
[2022.03.09-16.32.18:444][  0]LogPakFile: PakFile PathHashIndexSize=101
[2022.03.09-16.32.18:444][  0]LogPakFile: PakFile FullDirectoryIndexSize=144
[2022.03.09-16.32.18:444][  0]LogShaderLibrary: Display: ShaderCodeLibraryPakFileMountedCallback: PakFile 'C:/Games/Epic Games/UE_4.27/FeaturePacks/TP_TopDownBP.upack' (chunk index -1, root 'root:/') mounted
[2022.03.09-16.32.18:445][  0]LogShaderLibrary: Display: ShaderCodeLibraryPakFileMountedCallback: pending pak file info (ChunkID:-1 Root:root:/ File:C:/Games/Epic Games/UE_4.27/FeaturePacks/TP_TopDownBP.upack)
[2022.03.09-16.32.18:445][  0]LogPakFile: OnPakFileMounted2Time == 0.000407
[2022.03.09-16.32.18:446][  0]LogPakFile: PakFile PrimaryIndexSize=185
[2022.03.09-16.32.18:446][  0]LogPakFile: PakFile PathHashIndexSize=101
[2022.03.09-16.32.18:446][  0]LogPakFile: PakFile FullDirectoryIndexSize=144
[2022.03.09-16.32.18:446][  0]LogShaderLibrary: Display: ShaderCodeLibraryPakFileMountedCallback: PakFile 'C:/Games/Epic Games/UE_4.27/FeaturePacks/TP_TwinStick.upack' (chunk index -1, root 'root:/') mounted
[2022.03.09-16.32.18:446][  0]LogShaderLibrary: Display: ShaderCodeLibraryPakFileMountedCallback: pending pak file info (ChunkID:-1 Root:root:/ File:C:/Games/Epic Games/UE_4.27/FeaturePacks/TP_TwinStick.upack)
[2022.03.09-16.32.18:446][  0]LogPakFile: OnPakFileMounted2Time == 0.000215
[2022.03.09-16.32.18:447][  0]LogPakFile: PakFile PrimaryIndexSize=187
[2022.03.09-16.32.18:447][  0]LogPakFile: PakFile PathHashIndexSize=101
[2022.03.09-16.32.18:447][  0]LogPakFile: PakFile FullDirectoryIndexSize=148
[2022.03.09-16.32.18:447][  0]LogShaderLibrary: Display: ShaderCodeLibraryPakFileMountedCallback: PakFile 'C:/Games/Epic Games/UE_4.27/FeaturePacks/TP_TwinStickBP.upack' (chunk index -1, root 'root:/') mounted
[2022.03.09-16.32.18:447][  0]LogShaderLibrary: Display: ShaderCodeLibraryPakFileMountedCallback: pending pak file info (ChunkID:-1 Root:root:/ File:C:/Games/Epic Games/UE_4.27/FeaturePacks/TP_TwinStickBP.upack)
[2022.03.09-16.32.18:447][  0]LogPakFile: OnPakFileMounted2Time == 0.000168
[2022.03.09-16.32.18:448][  0]LogPakFile: PakFile PrimaryIndexSize=183
[2022.03.09-16.32.18:448][  0]LogPakFile: PakFile PathHashIndexSize=101
[2022.03.09-16.32.18:448][  0]LogPakFile: PakFile FullDirectoryIndexSize=140
[2022.03.09-16.32.18:448][  0]LogShaderLibrary: Display: ShaderCodeLibraryPakFileMountedCallback: PakFile 'C:/Games/Epic Games/UE_4.27/FeaturePacks/TP_Vehicle.upack' (chunk index -1, root 'root:/') mounted
[2022.03.09-16.32.18:449][  0]LogShaderLibrary: Display: ShaderCodeLibraryPakFileMountedCallback: pending pak file info (ChunkID:-1 Root:root:/ File:C:/Games/Epic Games/UE_4.27/FeaturePacks/TP_Vehicle.upack)
[2022.03.09-16.32.18:449][  0]LogPakFile: OnPakFileMounted2Time == 0.000147
[2022.03.09-16.32.18:449][  0]LogPakFile: PakFile PrimaryIndexSize=186
[2022.03.09-16.32.18:449][  0]LogPakFile: PakFile PathHashIndexSize=101
[2022.03.09-16.32.18:449][  0]LogPakFile: PakFile FullDirectoryIndexSize=146
[2022.03.09-16.32.18:449][  0]LogShaderLibrary: Display: ShaderCodeLibraryPakFileMountedCallback: PakFile 'C:/Games/Epic Games/UE_4.27/FeaturePacks/TP_VehicleAdv.upack' (chunk index -1, root 'root:/') mounted
[2022.03.09-16.32.18:450][  0]LogShaderLibrary: Display: ShaderCodeLibraryPakFileMountedCallback: pending pak file info (ChunkID:-1 Root:root:/ File:C:/Games/Epic Games/UE_4.27/FeaturePacks/TP_VehicleAdv.upack)
[2022.03.09-16.32.18:450][  0]LogPakFile: OnPakFileMounted2Time == 0.000141
[2022.03.09-16.32.18:450][  0]LogPakFile: PakFile PrimaryIndexSize=188
[2022.03.09-16.32.18:450][  0]LogPakFile: PakFile PathHashIndexSize=101
[2022.03.09-16.32.18:450][  0]LogPakFile: PakFile FullDirectoryIndexSize=150
[2022.03.09-16.32.18:450][  0]LogShaderLibrary: Display: ShaderCodeLibraryPakFileMountedCallback: PakFile 'C:/Games/Epic Games/UE_4.27/FeaturePacks/TP_VehicleAdvBP.upack' (chunk index -1, root 'root:/') mounted
[2022.03.09-16.32.18:451][  0]LogShaderLibrary: Display: ShaderCodeLibraryPakFileMountedCallback: pending pak file info (ChunkID:-1 Root:root:/ File:C:/Games/Epic Games/UE_4.27/FeaturePacks/TP_VehicleAdvBP.upack)
[2022.03.09-16.32.18:451][  0]LogPakFile: OnPakFileMounted2Time == 0.000131
[2022.03.09-16.32.18:451][  0]LogPakFile: PakFile PrimaryIndexSize=185
[2022.03.09-16.32.18:451][  0]LogPakFile: PakFile PathHashIndexSize=101
[2022.03.09-16.32.18:452][  0]LogPakFile: PakFile FullDirectoryIndexSize=144
[2022.03.09-16.32.18:452][  0]LogShaderLibrary: Display: ShaderCodeLibraryPakFileMountedCallback: PakFile 'C:/Games/Epic Games/UE_4.27/FeaturePacks/TP_VehicleBP.upack' (chunk index -1, root 'root:/') mounted
[2022.03.09-16.32.18:452][  0]LogShaderLibrary: Display: ShaderCodeLibraryPakFileMountedCallback: pending pak file info (ChunkID:-1 Root:root:/ File:C:/Games/Epic Games/UE_4.27/FeaturePacks/TP_VehicleBP.upack)
[2022.03.09-16.32.18:452][  0]LogPakFile: OnPakFileMounted2Time == 0.000156
[2022.03.09-16.32.18:452][  0]LogPakFile: PakFile PrimaryIndexSize=192
[2022.03.09-16.32.18:452][  0]LogPakFile: PakFile PathHashIndexSize=101
[2022.03.09-16.32.18:453][  0]LogPakFile: PakFile FullDirectoryIndexSize=158
[2022.03.09-16.32.18:453][  0]LogShaderLibrary: Display: ShaderCodeLibraryPakFileMountedCallback: PakFile 'C:/Games/Epic Games/UE_4.27/FeaturePacks/TP_VirtualRealityBP.upack' (chunk index -1, root 'root:/') mounted
[2022.03.09-16.32.18:453][  0]LogShaderLibrary: Display: ShaderCodeLibraryPakFileMountedCallback: pending pak file info (ChunkID:-1 Root:root:/ File:C:/Games/Epic Games/UE_4.27/FeaturePacks/TP_VirtualRealityBP.upack)
[2022.03.09-16.32.18:453][  0]LogPakFile: OnPakFileMounted2Time == 0.000177
[2022.03.09-16.32.18:516][  0]LogNativeClassHierarchy: Verbose: Native class hierarchy updated for 'AddContentDialog' in 0.0003 seconds. Added 0 classes and 0 folders.
[2022.03.09-16.32.18:518][  0]LogNativeClassHierarchy: Verbose: Native class hierarchy updated for 'SceneOutliner' in 0.0002 seconds. Added 2 classes and 0 folders.
[2022.03.09-16.32.18:562][  0]LogSlate: Took 0.000214 seconds to synchronously load lazily loaded font '../../../Engine/Content/Slate/Fonts/Roboto-Regular.ttf' (155K)
[2022.03.09-16.32.18:564][  0]LogSlate: Took 0.000191 seconds to synchronously load lazily loaded font '../../../Engine/Content/Editor/Slate/Fonts/FontAwesome.ttf' (139K)
[2022.03.09-16.32.18:565][  0]LogSlate: Took 0.000142 seconds to synchronously load lazily loaded font '../../../Engine/Content/Slate/Fonts/Roboto-Bold.ttf' (160K)
[2022.03.09-16.32.18:661][  0]LogRenderer: Reallocating scene render targets to support 1208x572 Format 10 NumSamples 1 (Frame:1).
[2022.03.09-16.32.18:710][  0]LogSlate: Took 0.000201 seconds to synchronously load lazily loaded font '../../../Engine/Content/Slate/Fonts/Roboto-Light.ttf' (167K)
[2022.03.09-16.32.18:765][  0]LogNativeClassHierarchy: Verbose: Native class hierarchy updated for 'HierarchicalLODOutliner' in 0.0003 seconds. Added 0 classes and 0 folders.
[2022.03.09-16.32.18:765][  0]LogLoad: (Engine Initialization) Total time: 9.84 seconds
[2022.03.09-16.32.18:765][  0]LogLoad: (Engine Initialization) Total Blueprint compile time: 0.00 seconds
[2022.03.09-16.32.18:859][  0]LogAssetRegistry: Asset discovery search completed in 5.4613 seconds
[2022.03.09-16.32.18:866][  0]LogCollectionManager: Fixed up redirectors for 0 collections in 0.000003 seconds (updated 0 objects)
[2022.03.09-16.32.18:867][  0]LogContentStreaming: Texture pool size now 1000 MB
[2022.03.09-16.32.25:039][517]LogTemp: Repeating last play command: Selected Viewport
[2022.03.09-16.32.25:045][517]LogPlayLevel: PlayLevel: No blueprints needed recompiling
[2022.03.09-16.32.25:046][517]PIE: New page: PIE session: SandboxMap (9 мар. 2022 г., 22:32:25)
[2022.03.09-16.32.25:049][517]LogOnline: OSS: Creating online subsystem instance for: NULL
[2022.03.09-16.32.25:052][517]LogOnline: OSS: TryLoadSubsystemAndSetDefault: Loaded subsystem for module [NULL]
[2022.03.09-16.32.25:052][517]LogPlayLevel: Creating play world package: /Game/UEDPIE_0_SandboxMap
[2022.03.09-16.32.25:055][517]LogPlayLevel: PIE: StaticDuplicateObject took: (0.002753s)
[2022.03.09-16.32.25:056][517]LogAIModule: Creating AISystem for world SandboxMap
[2022.03.09-16.32.25:057][517]LogPlayLevel: PIE: World Init took: (0.001606s)
[2022.03.09-16.32.25:057][517]LogPlayLevel: PIE: Created PIE world by copying editor world from /Game/SandboxMap.SandboxMap to /Game/UEDPIE_0_SandboxMap.SandboxMap (0.004883s)
[2022.03.09-16.32.25:066][517]LogUObjectHash: Compacting FUObjectHashTables data took   0.74ms
[2022.03.09-16.32.25:066][517]LogAudio: Display: Creating Audio Device:                 Id: 2, Scope: Unique, Realtime: True
[2022.03.09-16.32.25:066][517]LogAudioMixer: Display: Audio Mixer Platform Settings:
[2022.03.09-16.32.25:066][517]LogAudioMixer: Display: 	Sample Rate:						  48000
[2022.03.09-16.32.25:067][517]LogAudioMixer: Display: 	Callback Buffer Frame Size Requested: 1024
[2022.03.09-16.32.25:067][517]LogAudioMixer: Display: 	Callback Buffer Frame Size To Use:	  1024
[2022.03.09-16.32.25:067][517]LogAudioMixer: Display: 	Number of buffers to queue:			  2
[2022.03.09-16.32.25:067][517]LogAudioMixer: Display: 	Max Channels (voices):				  32
[2022.03.09-16.32.25:067][517]LogAudioMixer: Display: 	Number of Async Source Workers:		  0
[2022.03.09-16.32.25:067][517]LogAudio: Display: AudioDevice MaxSources: 32
[2022.03.09-16.32.25:067][517]LogAudio: Display: Audio Spatialization Plugin: None (built-in).
[2022.03.09-16.32.25:068][517]LogAudio: Display: Audio Reverb Plugin: None (built-in).
[2022.03.09-16.32.25:068][517]LogAudio: Display: Audio Occlusion Plugin: None (built-in).
[2022.03.09-16.32.25:068][517]LogAudioMixer: Display: Initializing audio mixer.
[2022.03.09-16.32.25:072][517]LogAudioMixer: Display: 0: FrontLeft
[2022.03.09-16.32.25:073][517]LogAudioMixer: Display: 1: FrontRight
[2022.03.09-16.32.25:081][517]LogAudioMixer: Display: Using Audio Device Динамики (Line 6 UX2)
[2022.03.09-16.32.25:082][517]LogAudioMixer: Display: Initializing Sound Submixes...
[2022.03.09-16.32.25:082][517]LogAudioMixer: Display: Creating Master Submix 'MasterSubmixDefault'
[2022.03.09-16.32.25:082][517]LogAudioMixer: Display: Creating Master Submix 'MasterReverbSubmixDefault'
[2022.03.09-16.32.25:083][517]LogAudioMixer: Display: Creating Master Submix 'MasterEQSubmixDefault'
[2022.03.09-16.32.25:083][517]LogAudioMixer: FMixerPlatformXAudio2::StartAudioStream() called
[2022.03.09-16.32.25:083][517]LogAudioMixer: Display: Output buffers initialized: Frames=1024, Channels=2, Samples=2048
[2022.03.09-16.32.25:085][517]LogAudioMixer: Display: Starting AudioMixerPlatformInterface::RunInternal()
[2022.03.09-16.32.25:085][517]LogAudioMixer: Display: FMixerPlatformXAudio2::SubmitBuffer() called for the first time
[2022.03.09-16.32.25:085][517]LogInit: FAudioDevice initialized.
[2022.03.09-16.32.25:086][517]LogAudio: Display: Audio Device (ID: 2) registered with world 'SandboxMap'.
[2022.03.09-16.32.25:097][517]LogLoad: Game class is 'GameModeBase'
[2022.03.09-16.32.25:098][517]LogWorld: Bringing World /Game/UEDPIE_0_SandboxMap.SandboxMap up for play (max tick rate 0) at 2022.03.09-19.32.25
[2022.03.09-16.32.25:098][517]LogWorld: Bringing up level for play took: 0.000628
[2022.03.09-16.32.25:099][517]LogOnline: OSS: Creating online subsystem instance for: :Context_3
[2022.03.09-16.32.25:103][517]LogNativeClassHierarchy: Verbose: Native class hierarchy updated for 'MovieSceneCapture' in 0.0004 seconds. Added 20 classes and 0 folders.
[2022.03.09-16.32.25:104][517]LogTemp: Display: Actor name: BP_CubeGeometryActor2_C_0
[2022.03.09-16.32.25:104][517]LogTemp: Display: Weapons num: 4; Kills num: 7
[2022.03.09-16.32.25:104][517]LogTemp: Display: Health: 43.589989
[2022.03.09-16.32.25:104][517]LogTemp: Display: IsDead: 0
[2022.03.09-16.32.25:104][517]LogTemp: Display: HasWeapon: 1
[2022.03.09-16.32.25:104][517]LogBaseGeometry: Display: Name: Some Name
[2022.03.09-16.32.25:104][517]LogBaseGeometry: Display: All:
 Weapons num: 4, Health: 43.589989, IsDead: false
[2022.03.09-16.32.25:104][517]LogTemp: Display: Actor name: BP_CubeGeometryActor2_C_0
[2022.03.09-16.32.25:104][517]LogTemp: Display: Actor transform: -500.000000,0.000000,900.000000|0.000000,0.000000,0.000000|1.000000,1.000000,1.000000
[2022.03.09-16.32.25:105][517]LogTemp: Display: Actor location: X=-500.000 Y=0.000 Z=900.000
[2022.03.09-16.32.25:105][517]LogTemp: Display: Actor rotation: P=0.000000 Y=0.000000 R=0.000000
[2022.03.09-16.32.25:105][517]LogTemp: Display: Actor scale: X=1.000 Y=1.000 Z=1.000
[2022.03.09-16.32.25:105][517]LogTemp: Display: Actor human readable transform: Rotation: Pitch 0.000000 Yaw 0.000000 Roll 0.000000
Translation: -500.000000 0.000000 900.000000
Scale3D: 1.000000 1.000000 1.000000

[2022.03.09-16.32.25:105][517]PIE: Server logged in
[2022.03.09-16.32.25:107][517]PIE: Play in editor total start time 0,063 seconds.
[2022.03.09-16.32.28:049][834]LogHub: Display: Actor name: BP_CubeGeometryActor2_C_0; Color: (R=0.898438,G=1.000000,B=0.000000,A=1.000000)
[2022.03.09-16.32.28:050][834]LogBlueprintUserMessages: [BP_CubeGeometryActor2_C_0] BP_CubeGeometryActor2_C_0:::(R=0.898438,G=1.000000,B=0.000000,A=1.000000)
[2022.03.09-16.32.28:050][834]LogBaseGeometry: Display: Timer is fired. Timer fire count: 1; New color: (R=0.898438,G=1.000000,B=0.000000,A=1.000000)
[2022.03.09-16.32.32:731][359]LogSlate: Took 0.000184 seconds to synchronously load lazily loaded font '../../../Engine/Content/Slate/Fonts/DroidSansMono.ttf' (77K)
[2022.03.09-16.32.37:700][903]LogHub: Display: Actor name: BP_CubeGeometryActor2_C_0; Color: (R=0.289062,G=0.000000,B=1.000000,A=1.000000)
[2022.03.09-16.32.37:701][903]LogBlueprintUserMessages: [BP_CubeGeometryActor2_C_0] BP_CubeGeometryActor2_C_0:::(R=0.289062,G=0.000000,B=1.000000,A=1.000000)
[2022.03.09-16.32.37:701][903]LogBaseGeometry: Display: Timer is fired. Timer fire count: 2; New color: (R=0.289062,G=0.000000,B=1.000000,A=1.000000)
[2022.03.09-16.32.44:298][679]LogHub: Display: Actor name: BP_CubeGeometryActor2_C_0; Color: (R=0.382812,G=0.000000,B=1.000000,A=1.000000)
[2022.03.09-16.32.44:298][679]LogBlueprintUserMessages: [BP_CubeGeometryActor2_C_0] BP_CubeGeometryActor2_C_0:::(R=0.382812,G=0.000000,B=1.000000,A=1.000000)
[2022.03.09-16.32.44:298][679]LogBaseGeometry: Display: Timer is fired. Timer fire count: 3; New color: (R=0.382812,G=0.000000,B=1.000000,A=1.000000)
[2022.03.09-16.32.47:299][ 39]LogHub: Display: Actor name: BP_CubeGeometryActor2_C_0; Color: (R=0.992188,G=1.000000,B=0.000000,A=1.000000)
[2022.03.09-16.32.47:299][ 39]LogBlueprintUserMessages: [BP_CubeGeometryActor2_C_0] BP_CubeGeometryActor2_C_0:::(R=0.992188,G=1.000000,B=0.000000,A=1.000000)
[2022.03.09-16.32.47:299][ 39]LogBaseGeometry: Display: Timer is fired. Timer fire count: 4; New color: (R=0.992188,G=1.000000,B=0.000000,A=1.000000)
[2022.03.09-16.32.50:298][399]LogHub: Display: Actor name: BP_CubeGeometryActor2_C_0; Color: (R=1.000000,G=0.000000,B=0.234375,A=1.000000)
[2022.03.09-16.32.50:298][399]LogBlueprintUserMessages: [BP_CubeGeometryActor2_C_0] BP_CubeGeometryActor2_C_0:::(R=1.000000,G=0.000000,B=0.234375,A=1.000000)
[2022.03.09-16.32.50:298][399]LogBaseGeometry: Display: Timer is fired. Timer fire count: 5; New color: (R=1.000000,G=0.000000,B=0.234375,A=1.000000)
[2022.03.09-16.32.53:298][759]LogHub: Display: Timer finished to: BP_CubeGeometryActor2_C_0
[2022.03.09-16.32.53:299][759]LogBaseGeometry: Warning: Timer has been stopped
[2022.03.09-16.33.03:097][930]LogSlate: Updating window title bar state: overlay mode, drag disabled, window buttons hidden, title bar hidden
[2022.03.09-16.33.03:097][930]LogWorld: BeginTearingDown for /Game/UEDPIE_0_SandboxMap
[2022.03.09-16.33.03:097][930]LogWorld: UWorld::CleanupWorld for SandboxMap, bSessionEnded=true, bCleanupResources=true
[2022.03.09-16.33.03:097][930]LogSlate: InvalidateAllWidgets triggered.  All widgets were invalidated
[2022.03.09-16.33.03:112][930]LogPlayLevel: Display: Shutting down PIE online subsystems
[2022.03.09-16.33.03:114][930]LogSlate: InvalidateAllWidgets triggered.  All widgets were invalidated
[2022.03.09-16.33.03:119][930]LogAudio: Display: Audio Device unregistered from world 'None'.
[2022.03.09-16.33.03:119][930]LogAudioMixer: FMixerPlatformXAudio2::StopAudioStream() called
[2022.03.09-16.33.03:121][930]LogAudioMixer: FMixerPlatformXAudio2::StopAudioStream() called
[2022.03.09-16.33.03:124][930]LogSlate: Updating window title bar state: overlay mode, drag disabled, window buttons hidden, title bar hidden
[2022.03.09-16.33.03:126][930]LogUObjectHash: Compacting FUObjectHashTables data took   0.85ms
[2022.03.09-16.33.03:170][932]LogPlayLevel: Display: Destroying online subsystem :Context_3
