Log file open, 02/25/22 11:58:41
LogWindows: Failed to load 'aqProf.dll' (GetLastError=126)
LogWindows: File 'aqProf.dll' does not exist
LogWindows: Failed to load 'VtuneApi.dll' (GetLastError=126)
LogWindows: File 'VtuneApi.dll' does not exist
LogWindows: Failed to load 'VtuneApi32e.dll' (GetLastError=126)
LogWindows: File 'VtuneApi32e.dll' does not exist
LogConsoleResponse: Display: Failed to find resolution value strings in scalability ini. Falling back to default.
LogConsoleResponse: Display: Failed to find resolution value strings in scalability ini. Falling back to default.
LogInit: Display: Running engine for game: GeometrySandbox
LogPlatformFile: Not using cached read wrapper
LogTaskGraph: Started task graph with 5 named threads and 23 total threads with 3 sets of task threads.
LogStats: Stats thread started at 0.349920
LogICUInternationalization: ICU TimeZone Detection - Raw Offset: +3:00, Platform Override: ''
LogInit: Display: Loading text-based GConfig....
LogPluginManager: Mounting plugin MeshPainting
LogPluginManager: Mounting plugin XGEController
LogPluginManager: Mounting plugin Paper2D
LogPluginManager: Mounting plugin LiveLink
LogPluginManager: Mounting plugin LightPropagationVolume
LogPluginManager: Mounting plugin EnvironmentQueryEditor
LogPluginManager: Mounting plugin CameraShakePreviewer
LogPluginManager: Mounting plugin GameplayCameras
LogPluginManager: Mounting plugin OodleNetwork
LogPluginManager: Mounting plugin OodleData
LogPluginManager: Mounting plugin AnimationSharing
LogPluginManager: Mounting plugin CLionSourceCodeAccess
LogPluginManager: Mounting plugin CodeLiteSourceCodeAccess
LogPluginManager: Mounting plugin GitSourceControl
LogPluginManager: Mounting plugin KDevelopSourceCodeAccess
LogPluginManager: Mounting plugin NullSourceCodeAccess
LogPluginManager: Mounting plugin PerforceSourceControl
LogPluginManager: Mounting plugin PixWinPlugin
LogPluginManager: Mounting plugin PlasticSourceControl
LogPluginManager: Mounting plugin PropertyAccessNode
LogPluginManager: Mounting plugin PluginUtils
LogPluginManager: Mounting plugin RiderSourceCodeAccess
LogPluginManager: Mounting plugin SubversionSourceControl
LogPluginManager: Mounting plugin TextureFormatOodle
LogPluginManager: Mounting plugin VisualStudioCodeSourceCodeAccess
LogPluginManager: Mounting plugin UObjectPlugin
LogPluginManager: Mounting plugin VisualStudioSourceCodeAccess
LogPluginManager: Mounting plugin XCodeSourceCodeAccess
LogPluginManager: Mounting plugin AssetManagerEditor
LogPluginManager: Mounting plugin CryptoKeys
LogPluginManager: Mounting plugin CurveEditorTools
LogPluginManager: Mounting plugin DataValidation
LogPluginManager: Mounting plugin FacialAnimation
LogPluginManager: Mounting plugin GameplayTagsEditor
LogPluginManager: Mounting plugin GeometryMode
LogPluginManager: Mounting plugin MacGraphicsSwitching
LogPluginManager: Mounting plugin MaterialAnalyzer
LogPluginManager: Mounting plugin MobileLauncherProfileWizard
LogPluginManager: Mounting plugin PluginBrowser
LogPluginManager: Mounting plugin SpeedTreeImporter
LogPluginManager: Mounting plugin DatasmithContent
LogPluginManager: Mounting plugin VariantManagerContent
LogPluginManager: Mounting plugin AlembicImporter
LogPluginManager: Mounting plugin BackChannel
LogPluginManager: Mounting plugin AutomationUtils
LogPluginManager: Mounting plugin ChaosCloth
LogPluginManager: Mounting plugin ChaosClothEditor
LogPluginManager: Mounting plugin ChaosEditor
LogPluginManager: Mounting plugin ChaosSolverPlugin
LogPluginManager: Mounting plugin ChaosNiagara
LogPluginManager: Mounting plugin CharacterAI
LogPluginManager: Mounting plugin GeometryCache
LogPluginManager: Mounting plugin GeometryCollectionPlugin
LogPluginManager: Mounting plugin Niagara
LogPluginManager: Mounting plugin GeometryProcessing
LogPluginManager: Mounting plugin MotoSynth
LogPluginManager: Mounting plugin OpenImageDenoise
LogPluginManager: Mounting plugin PlatformCrypto
LogPluginManager: Mounting plugin PlanarCut
LogPluginManager: Mounting plugin ProxyLODPlugin
LogPluginManager: Mounting plugin PythonScriptPlugin
LogPluginManager: Mounting plugin SkeletalReduction
LogPluginManager: Mounting plugin AndroidMedia
LogPluginManager: Mounting plugin AvfMedia
LogPluginManager: Mounting plugin ImgMedia
LogPluginManager: Mounting plugin MediaCompositing
LogPluginManager: Mounting plugin MediaPlayerEditor
LogPluginManager: Mounting plugin WebMMedia
LogPluginManager: Mounting plugin LuminPlatformFeatures
LogPluginManager: Mounting plugin WmfMedia
LogPluginManager: Mounting plugin MagicLeap
LogPluginManager: Mounting plugin MagicLeapLightEstimation
LogPluginManager: Mounting plugin MagicLeapMedia
LogPluginManager: Mounting plugin MagicLeapPassableWorld
LogPluginManager: Mounting plugin MLSDK
LogPluginManager: Mounting plugin TcpMessaging
LogPluginManager: Mounting plugin UdpMessaging
LogPluginManager: Mounting plugin ActorSequence
LogPluginManager: Mounting plugin LevelSequenceEditor
LogPluginManager: Mounting plugin MatineeToLevelSequence
LogPluginManager: Mounting plugin TemplateSequence
LogPluginManager: Mounting plugin OnlineSubsystem
LogPluginManager: Mounting plugin OnlineSubsystemNull
LogPluginManager: Mounting plugin LauncherChunkInstaller
LogPluginManager: Mounting plugin OnlineSubsystemUtils
LogPluginManager: Mounting plugin AndroidDeviceProfileSelector
LogPluginManager: Mounting plugin AndroidMoviePlayer
LogPluginManager: Mounting plugin AndroidPermission
LogPluginManager: Mounting plugin ActorLayerUtilities
LogPluginManager: Mounting plugin AppleImageUtils
LogPluginManager: Mounting plugin AppleMoviePlayer
LogPluginManager: Mounting plugin ArchVisCharacter
LogPluginManager: Mounting plugin AssetTags
LogPluginManager: Mounting plugin AudioCapture
LogPluginManager: Mounting plugin CableComponent
LogPluginManager: Mounting plugin AudioSynesthesia
LogPluginManager: Mounting plugin ChunkDownloader
LogPluginManager: Mounting plugin CustomMeshComponent
LogPluginManager: Mounting plugin EditableMesh
LogPluginManager: Mounting plugin ExampleDeviceProfileSelector
LogPluginManager: Mounting plugin GoogleCloudMessaging
LogPluginManager: Mounting plugin GooglePAD
LogPluginManager: Mounting plugin IOSDeviceProfileSelector
LogPluginManager: Mounting plugin LinuxDeviceProfileSelector
LogPluginManager: Mounting plugin LocationServicesBPLibrary
LogPluginManager: Mounting plugin MobilePatchingUtils
LogPluginManager: Mounting plugin OpenXR
LogPluginManager: Mounting plugin OpenXREyeTracker
LogPluginManager: Mounting plugin OpenXRHandTracking
LogPluginManager: Mounting plugin PhysXVehicles
LogPluginManager: Mounting plugin ProceduralMeshComponent
LogPluginManager: Mounting plugin PostSplashScreen
LogPluginManager: Mounting plugin PropertyAccessEditor
LogPluginManager: Mounting plugin SignificanceManager
LogPluginManager: Mounting plugin RuntimePhysXCooking
LogPluginManager: Mounting plugin SoundFields
LogPluginManager: Mounting plugin Synthesis
LogPluginManager: Mounting plugin WebMMoviePlayer
LogPluginManager: Mounting plugin WindowsMoviePlayer
LogPluginManager: Mounting plugin ScreenshotTools
LogPluginManager: Mounting plugin Takes
LogPluginManager: Mounting plugin AISupport
LogPluginManager: Mounting plugin ContentBrowserAssetDataSource
LogPluginManager: Mounting plugin ContentBrowserClassDataSource
LogPluginManager: Mounting plugin ContentBrowserFileDataSource
LogPluginManager: Mounting plugin OnlineSubsystemGooglePlay
LogPluginManager: Mounting plugin OnlineSubsystemIOS
LogPluginManager: Mounting plugin OculusVR
LogPluginManager: Mounting plugin SteamVR
PixWinPlugin: PIX capture plugin failed to initialize! Check that the process is launched from PIX.
LogInit: Using libcurl 7.55.1-DEV
LogInit:  - built for x86_64-pc-win32
LogInit:  - supports SSL with OpenSSL/1.1.1
LogInit:  - supports HTTP deflate (compression) using libz 1.2.8
LogInit:  - other features:
LogInit:      CURL_VERSION_SSL
LogInit:      CURL_VERSION_LIBZ
LogInit:      CURL_VERSION_IPV6
LogInit:      CURL_VERSION_ASYNCHDNS
LogInit:      CURL_VERSION_LARGEFILE
LogInit:      CURL_VERSION_IDN
LogInit:  CurlRequestOptions (configurable via config and command line):
LogInit:  - bVerifyPeer = true  - Libcurl will verify peer certificate
LogInit:  - bUseHttpProxy = false  - Libcurl will NOT use HTTP proxy
LogInit:  - bDontReuseConnections = false  - Libcurl will reuse connections
LogInit:  - MaxHostConnections = 16  - Libcurl will limit the number of connections to a host
LogInit:  - LocalHostAddr = Default
LogInit:  - BufferSize = 65536
LogOnline: OSS: Creating online subsystem instance for: NULL
LogInit: WinSock: version 1.1 (2.2), MaxSocks=32767, MaxUdp=65467
LogOnline: OSS: TryLoadSubsystemAndSetDefault: Loaded subsystem for module [NULL]
LogOculusPluginWrapper: OculusPlugin initialized successfully
LogHMD: Failed initializing OVRPlugin 1.59.0
LogInit: Build: ++UE4+Release-4.27-CL-18319896
LogInit: Engine Version: 4.27.2-18319896+++UE4+Release-4.27
LogInit: Compatible Engine Version: 4.27.0-17155196+++UE4+Release-4.27
LogInit: Net CL: 17155196
LogInit: OS: Windows 10 (Release 2004) (), CPU: AMD Ryzen 5 1500X Quad-Core Processor          , GPU: NVIDIA GeForce GTX 1060 6GB
LogInit: Compiled (64-bit): Nov 30 2021 07:12:08
LogInit: Compiled with Visual C++: 19.24.28315.00
LogInit: Build Configuration: Development
LogInit: Branch Name: ++UE4+Release-4.27
LogInit: Command Line:  -skipcompile
LogInit: Base Directory: C:/Games/Epic Games/UE_4.27/Engine/Binaries/Win64/
LogInit: Allocator: TBB
LogInit: Installed Engine Build: 1
LogDevObjectVersion: Number of dev versions registered: 29
LogDevObjectVersion:   Dev-Blueprints (B0D832E4-1F89-4F0D-ACCF-7EB736FD4AA2): 10
LogDevObjectVersion:   Dev-Build (E1C64328-A22C-4D53-A36C-8E866417BD8C): 0
LogDevObjectVersion:   Dev-Core (375EC13C-06E4-48FB-B500-84F0262A717E): 4
LogDevObjectVersion:   Dev-Editor (E4B068ED-F494-42E9-A231-DA0B2E46BB41): 40
LogDevObjectVersion:   Dev-Framework (CFFC743F-43B0-4480-9391-14DF171D2073): 37
LogDevObjectVersion:   Dev-Mobile (B02B49B5-BB20-44E9-A304-32B752E40360): 3
LogDevObjectVersion:   Dev-Networking (A4E4105C-59A1-49B5-A7C5-40C4547EDFEE): 0
LogDevObjectVersion:   Dev-Online (39C831C9-5AE6-47DC-9A44-9C173E1C8E7C): 0
LogDevObjectVersion:   Dev-Physics (78F01B33-EBEA-4F98-B9B4-84EACCB95AA2): 14
LogDevObjectVersion:   Dev-Platform (6631380F-2D4D-43E0-8009-CF276956A95A): 0
LogDevObjectVersion:   Dev-Rendering (12F88B9F-8875-4AFC-A67C-D90C383ABD29): 45
LogDevObjectVersion:   Dev-Sequencer (7B5AE74C-D270-4C10-A958-57980B212A5A): 13
LogDevObjectVersion:   Dev-VR (D7296918-1DD6-4BDD-9DE2-64A83CC13884): 3
LogDevObjectVersion:   Dev-LoadTimes (C2A15278-BFE7-4AFE-6C17-90FF531DF755): 1
LogDevObjectVersion:   Private-Geometry (6EACA3D4-40EC-4CC1-B786-8BED09428FC5): 3
LogDevObjectVersion:   Dev-AnimPhys (29E575DD-E0A3-4627-9D10-D276232CDCEA): 17
LogDevObjectVersion:   Dev-Anim (AF43A65D-7FD3-4947-9873-3E8ED9C1BB05): 15
LogDevObjectVersion:   Dev-ReflectionCapture (6B266CEC-1EC7-4B8F-A30B-E4D90942FC07): 1
LogDevObjectVersion:   Dev-Automation (0DF73D61-A23F-47EA-B727-89E90C41499A): 1
LogDevObjectVersion:   FortniteMain (601D1886-AC64-4F84-AA16-D3DE0DEAC7D6): 47
LogDevObjectVersion:   FortniteRelease (E7086368-6B23-4C58-8439-1B7016265E91): 1
LogDevObjectVersion:   Dev-Enterprise (9DFFBCD6-494F-0158-E221-12823C92A888): 10
LogDevObjectVersion:   Dev-Niagara (F2AED0AC-9AFE-416F-8664-AA7FFA26D6FC): 1
LogDevObjectVersion:   Dev-Destruction (174F1F0B-B4C6-45A5-B13F-2EE8D0FB917D): 10
LogDevObjectVersion:   Dev-Physics-Ext (35F94A83-E258-406C-A318-09F59610247C): 41
LogDevObjectVersion:   Dev-PhysicsMaterial-Chaos (B68FC16E-8B1B-42E2-B453-215C058844FE): 1
LogDevObjectVersion:   Dev-CineCamera (B2E18506-4273-CFC2-A54E-F4BB758BBA07): 1
LogDevObjectVersion:   Dev-VirtualProduction (64F58936-FD1B-42BA-BA96-7289D5D0FA4E): 1
LogDevObjectVersion:   Dev-MediaFramework (6F0ED827-A609-4895-9C91-998D90180EA4): 2
LogInit: Presizing for max 25165824 objects, including 0 objects not considered by GC, pre-allocating 0 bytes for permanent pool.
LogConfig: Applying CVar settings from Section [/Script/Engine.StreamingSettings] File [C:/UnrealEngine_Projects/ue.course/GeometrySandbox/Saved/Config/Windows/Engine.ini]
LogConfig: Setting CVar [[s.MinBulkDataSizeForAsyncLoading:131072]]
LogConfig: Setting CVar [[s.AsyncLoadingThreadEnabled:0]]
LogConfig: Setting CVar [[s.EventDrivenLoaderEnabled:1]]
LogConfig: Setting CVar [[s.WarnIfTimeLimitExceeded:0]]
LogConfig: Setting CVar [[s.TimeLimitExceededMultiplier:1.5]]
LogConfig: Setting CVar [[s.TimeLimitExceededMinTime:0.005]]
LogConfig: Setting CVar [[s.UseBackgroundLevelStreaming:1]]
LogConfig: Setting CVar [[s.PriorityAsyncLoadingExtraTime:15.0]]
LogConfig: Setting CVar [[s.LevelStreamingActorsUpdateTimeLimit:5.0]]
LogConfig: Setting CVar [[s.PriorityLevelStreamingActorsUpdateExtraTime:5.0]]
LogConfig: Setting CVar [[s.LevelStreamingComponentsRegistrationGranularity:10]]
LogConfig: Setting CVar [[s.UnregisterComponentsTimeLimit:1.0]]
LogConfig: Setting CVar [[s.LevelStreamingComponentsUnregistrationGranularity:5]]
LogConfig: Setting CVar [[s.FlushStreamingOnExit:1]]
LogInit: Object subsystem initialized
LogConfig: Setting CVar [[con.DebugEarlyDefault:1]]
LogConfig: Setting CVar [[r.setres:1280x720]]
[2022.02.25-08.58.42:378][  0]LogConfig: Setting CVar [[r.VSync:0]]
[2022.02.25-08.58.42:378][  0]LogConfig: Setting CVar [[r.RHICmdBypass:0]]
[2022.02.25-08.58.42:378][  0]LogConfig: Applying CVar settings from Section [/Script/Engine.RendererSettings] File [C:/UnrealEngine_Projects/ue.course/GeometrySandbox/Saved/Config/Windows/Engine.ini]
[2022.02.25-08.58.42:378][  0]LogConfig: Setting CVar [[r.GPUCrashDebugging:0]]
[2022.02.25-08.58.42:378][  0]LogConfig: Applying CVar settings from Section [/Script/Engine.RendererOverrideSettings] File [C:/UnrealEngine_Projects/ue.course/GeometrySandbox/Saved/Config/Windows/Engine.ini]
[2022.02.25-08.58.42:378][  0]LogConfig: Applying CVar settings from Section [/Script/Engine.StreamingSettings] File [C:/UnrealEngine_Projects/ue.course/GeometrySandbox/Saved/Config/Windows/Engine.ini]
[2022.02.25-08.58.42:378][  0]LogConfig: Setting CVar [[s.MinBulkDataSizeForAsyncLoading:131072]]
[2022.02.25-08.58.42:378][  0]LogConfig: Setting CVar [[s.AsyncLoadingThreadEnabled:0]]
[2022.02.25-08.58.42:378][  0]LogConfig: Setting CVar [[s.EventDrivenLoaderEnabled:1]]
[2022.02.25-08.58.42:378][  0]LogConfig: Setting CVar [[s.WarnIfTimeLimitExceeded:0]]
[2022.02.25-08.58.42:379][  0]LogConfig: Setting CVar [[s.TimeLimitExceededMultiplier:1.5]]
[2022.02.25-08.58.42:379][  0]LogConfig: Setting CVar [[s.TimeLimitExceededMinTime:0.005]]
[2022.02.25-08.58.42:379][  0]LogConfig: Setting CVar [[s.UseBackgroundLevelStreaming:1]]
[2022.02.25-08.58.42:379][  0]LogConfig: Setting CVar [[s.PriorityAsyncLoadingExtraTime:15.0]]
[2022.02.25-08.58.42:379][  0]LogConfig: Setting CVar [[s.LevelStreamingActorsUpdateTimeLimit:5.0]]
[2022.02.25-08.58.42:379][  0]LogConfig: Setting CVar [[s.PriorityLevelStreamingActorsUpdateExtraTime:5.0]]
[2022.02.25-08.58.42:379][  0]LogConfig: Setting CVar [[s.LevelStreamingComponentsRegistrationGranularity:10]]
[2022.02.25-08.58.42:379][  0]LogConfig: Setting CVar [[s.UnregisterComponentsTimeLimit:1.0]]
[2022.02.25-08.58.42:379][  0]LogConfig: Setting CVar [[s.LevelStreamingComponentsUnregistrationGranularity:5]]
[2022.02.25-08.58.42:379][  0]LogConfig: Setting CVar [[s.FlushStreamingOnExit:1]]
[2022.02.25-08.58.42:379][  0]LogConfig: Applying CVar settings from Section [/Script/Engine.GarbageCollectionSettings] File [C:/UnrealEngine_Projects/ue.course/GeometrySandbox/Saved/Config/Windows/Engine.ini]
[2022.02.25-08.58.42:379][  0]LogConfig: Setting CVar [[gc.MaxObjectsNotConsideredByGC:1]]
[2022.02.25-08.58.42:379][  0]LogConfig: Setting CVar [[gc.SizeOfPermanentObjectPool:0]]
[2022.02.25-08.58.42:379][  0]LogConfig: Setting CVar [[gc.FlushStreamingOnGC:0]]
[2022.02.25-08.58.42:379][  0]LogConfig: Setting CVar [[gc.NumRetriesBeforeForcingGC:10]]
[2022.02.25-08.58.42:379][  0]LogConfig: Setting CVar [[gc.AllowParallelGC:1]]
[2022.02.25-08.58.42:379][  0]LogConfig: Setting CVar [[gc.TimeBetweenPurgingPendingKillObjects:61.1]]
[2022.02.25-08.58.42:379][  0]LogConfig: Setting CVar [[gc.MaxObjectsInEditor:25165824]]
[2022.02.25-08.58.42:379][  0]LogConfig: Setting CVar [[gc.IncrementalBeginDestroyEnabled:1]]
[2022.02.25-08.58.42:379][  0]LogConfig: Setting CVar [[gc.CreateGCClusters:1]]
[2022.02.25-08.58.42:380][  0]LogConfig: Setting CVar [[gc.MinGCClusterSize:5]]
[2022.02.25-08.58.42:380][  0]LogConfig: Setting CVar [[gc.ActorClusteringEnabled:0]]
[2022.02.25-08.58.42:380][  0]LogConfig: Setting CVar [[gc.BlueprintClusteringEnabled:0]]
[2022.02.25-08.58.42:380][  0]LogConfig: Setting CVar [[gc.UseDisregardForGCOnDedicatedServers:0]]
[2022.02.25-08.58.42:380][  0]LogConfig: Setting CVar [[gc.MultithreadedDestructionEnabled:1]]
[2022.02.25-08.58.42:380][  0]LogConfig: Applying CVar settings from Section [/Script/Engine.NetworkSettings] File [C:/UnrealEngine_Projects/ue.course/GeometrySandbox/Saved/Config/Windows/Engine.ini]
[2022.02.25-08.58.42:380][  0]LogConfig: Applying CVar settings from Section [/Script/UnrealEd.CookerSettings] File [C:/UnrealEngine_Projects/ue.course/GeometrySandbox/Saved/Config/Windows/Engine.ini]
[2022.02.25-08.58.42:392][  0]LogConfig: Applying CVar settings from Section [ViewDistanceQuality@3] File [C:/UnrealEngine_Projects/ue.course/GeometrySandbox/Saved/Config/Windows/Scalability.ini]
[2022.02.25-08.58.42:392][  0]LogConfig: Setting CVar [[r.SkeletalMeshLODBias:0]]
[2022.02.25-08.58.42:392][  0]LogConfig: Setting CVar [[r.ViewDistanceScale:1.0]]
[2022.02.25-08.58.42:393][  0]LogConfig: Applying CVar settings from Section [AntiAliasingQuality@3] File [C:/UnrealEngine_Projects/ue.course/GeometrySandbox/Saved/Config/Windows/Scalability.ini]
[2022.02.25-08.58.42:393][  0]LogConfig: Setting CVar [[r.PostProcessAAQuality:4]]
[2022.02.25-08.58.42:393][  0]LogConfig: Applying CVar settings from Section [ShadowQuality@3] File [C:/UnrealEngine_Projects/ue.course/GeometrySandbox/Saved/Config/Windows/Scalability.ini]
[2022.02.25-08.58.42:393][  0]LogConfig: Setting CVar [[r.LightFunctionQuality:1]]
[2022.02.25-08.58.42:393][  0]LogConfig: Setting CVar [[r.ShadowQuality:5]]
[2022.02.25-08.58.42:393][  0]LogConfig: Setting CVar [[r.Shadow.CSM.MaxCascades:10]]
[2022.02.25-08.58.42:393][  0]LogConfig: Setting CVar [[r.Shadow.MaxResolution:2048]]
[2022.02.25-08.58.42:393][  0]LogConfig: Setting CVar [[r.Shadow.MaxCSMResolution:2048]]
[2022.02.25-08.58.42:393][  0]LogConfig: Setting CVar [[r.Shadow.RadiusThreshold:0.01]]
[2022.02.25-08.58.42:393][  0]LogConfig: Setting CVar [[r.Shadow.DistanceScale:1.0]]
[2022.02.25-08.58.42:393][  0]LogConfig: Setting CVar [[r.Shadow.CSM.TransitionScale:1.0]]
[2022.02.25-08.58.42:393][  0]LogConfig: Setting CVar [[r.Shadow.PreShadowResolutionFactor:1.0]]
[2022.02.25-08.58.42:393][  0]LogConfig: Setting CVar [[r.DistanceFieldShadowing:1]]
[2022.02.25-08.58.42:393][  0]LogConfig: Setting CVar [[r.DistanceFieldAO:1]]
[2022.02.25-08.58.42:393][  0]LogConfig: Setting CVar [[r.AOQuality:2]]
[2022.02.25-08.58.42:393][  0]LogConfig: Setting CVar [[r.VolumetricFog:1]]
[2022.02.25-08.58.42:393][  0]LogConfig: Setting CVar [[r.VolumetricFog.GridPixelSize:8]]
[2022.02.25-08.58.42:394][  0]LogConfig: Setting CVar [[r.VolumetricFog.GridSizeZ:128]]
[2022.02.25-08.58.42:394][  0]LogConfig: Setting CVar [[r.VolumetricFog.HistoryMissSupersampleCount:4]]
[2022.02.25-08.58.42:394][  0]LogConfig: Setting CVar [[r.LightMaxDrawDistanceScale:1]]
[2022.02.25-08.58.42:394][  0]LogConfig: Setting CVar [[r.CapsuleShadows:1]]
[2022.02.25-08.58.42:394][  0]LogConfig: Applying CVar settings from Section [PostProcessQuality@3] File [C:/UnrealEngine_Projects/ue.course/GeometrySandbox/Saved/Config/Windows/Scalability.ini]
[2022.02.25-08.58.42:394][  0]LogConfig: Setting CVar [[r.MotionBlurQuality:4]]
[2022.02.25-08.58.42:394][  0]LogConfig: Setting CVar [[r.AmbientOcclusionMipLevelFactor:0.4]]
[2022.02.25-08.58.42:394][  0]LogConfig: Setting CVar [[r.AmbientOcclusionMaxQuality:100]]
[2022.02.25-08.58.42:394][  0]LogConfig: Setting CVar [[r.AmbientOcclusionLevels:-1]]
[2022.02.25-08.58.42:394][  0]LogConfig: Setting CVar [[r.AmbientOcclusionRadiusScale:1.0]]
[2022.02.25-08.58.42:394][  0]LogConfig: Setting CVar [[r.DepthOfFieldQuality:2]]
[2022.02.25-08.58.42:394][  0]LogConfig: Setting CVar [[r.RenderTargetPoolMin:400]]
[2022.02.25-08.58.42:394][  0]LogConfig: Setting CVar [[r.LensFlareQuality:2]]
[2022.02.25-08.58.42:394][  0]LogConfig: Setting CVar [[r.SceneColorFringeQuality:1]]
[2022.02.25-08.58.42:394][  0]LogConfig: Setting CVar [[r.EyeAdaptationQuality:2]]
[2022.02.25-08.58.42:394][  0]LogConfig: Setting CVar [[r.BloomQuality:5]]
[2022.02.25-08.58.42:394][  0]LogConfig: Setting CVar [[r.FastBlurThreshold:100]]
[2022.02.25-08.58.42:394][  0]LogConfig: Setting CVar [[r.Upscale.Quality:3]]
[2022.02.25-08.58.42:395][  0]LogConfig: Setting CVar [[r.Tonemapper.GrainQuantization:1]]
[2022.02.25-08.58.42:395][  0]LogConfig: Setting CVar [[r.LightShaftQuality:1]]
[2022.02.25-08.58.42:395][  0]LogConfig: Setting CVar [[r.Filter.SizeScale:1]]
[2022.02.25-08.58.42:395][  0]LogConfig: Setting CVar [[r.Tonemapper.Quality:5]]
[2022.02.25-08.58.42:395][  0]LogConfig: Setting CVar [[r.DOF.Gather.AccumulatorQuality:1        ; higher gathering accumulator quality]]
[2022.02.25-08.58.42:395][  0]LogConfig: Setting CVar [[r.DOF.Gather.PostfilterMethod:1          ; Median3x3 postfilering method]]
[2022.02.25-08.58.42:395][  0]LogConfig: Setting CVar [[r.DOF.Gather.EnableBokehSettings:0       ; no bokeh simulation when gathering]]
[2022.02.25-08.58.42:395][  0]LogConfig: Setting CVar [[r.DOF.Gather.RingCount:4                 ; medium number of samples when gathering]]
[2022.02.25-08.58.42:395][  0]LogConfig: Setting CVar [[r.DOF.Scatter.ForegroundCompositing:1    ; additive foreground scattering]]
[2022.02.25-08.58.42:395][  0]LogConfig: Setting CVar [[r.DOF.Scatter.BackgroundCompositing:2    ; additive background scattering]]
[2022.02.25-08.58.42:395][  0]LogConfig: Setting CVar [[r.DOF.Scatter.EnableBokehSettings:1      ; bokeh simulation when scattering]]
[2022.02.25-08.58.42:395][  0]LogConfig: Setting CVar [[r.DOF.Scatter.MaxSpriteRatio:0.1         ; only a maximum of 10% of scattered bokeh]]
[2022.02.25-08.58.42:395][  0]LogConfig: Setting CVar [[r.DOF.Recombine.Quality:1                ; cheap slight out of focus]]
[2022.02.25-08.58.42:395][  0]LogConfig: Setting CVar [[r.DOF.Recombine.EnableBokehSettings:0    ; no bokeh simulation on slight out of focus]]
[2022.02.25-08.58.42:395][  0]LogConfig: Setting CVar [[r.DOF.TemporalAAQuality:1                ; more stable temporal accumulation]]
[2022.02.25-08.58.42:395][  0]LogConfig: Setting CVar [[r.DOF.Kernel.MaxForegroundRadius:0.025]]
[2022.02.25-08.58.42:395][  0]LogConfig: Setting CVar [[r.DOF.Kernel.MaxBackgroundRadius:0.025]]
[2022.02.25-08.58.42:395][  0]LogConfig: Applying CVar settings from Section [TextureQuality@3] File [C:/UnrealEngine_Projects/ue.course/GeometrySandbox/Saved/Config/Windows/Scalability.ini]
[2022.02.25-08.58.42:396][  0]LogConfig: Setting CVar [[r.Streaming.MipBias:0]]
[2022.02.25-08.58.42:396][  0]LogConfig: Setting CVar [[r.Streaming.AmortizeCPUToGPUCopy:0]]
[2022.02.25-08.58.42:396][  0]LogConfig: Setting CVar [[r.Streaming.MaxNumTexturesToStreamPerFrame:0]]
[2022.02.25-08.58.42:396][  0]LogConfig: Setting CVar [[r.Streaming.Boost:1]]
[2022.02.25-08.58.42:396][  0]LogConfig: Setting CVar [[r.MaxAnisotropy:8]]
[2022.02.25-08.58.42:396][  0]LogConfig: Setting CVar [[r.VT.MaxAnisotropy:8]]
[2022.02.25-08.58.42:396][  0]LogConfig: Setting CVar [[r.Streaming.LimitPoolSizeToVRAM:0]]
[2022.02.25-08.58.42:396][  0]LogConfig: Setting CVar [[r.Streaming.PoolSize:1000]]
[2022.02.25-08.58.42:396][  0]LogConfig: Setting CVar [[r.Streaming.MaxEffectiveScreenSize:0]]
[2022.02.25-08.58.42:396][  0]LogConfig: Applying CVar settings from Section [EffectsQuality@3] File [C:/UnrealEngine_Projects/ue.course/GeometrySandbox/Saved/Config/Windows/Scalability.ini]
[2022.02.25-08.58.42:396][  0]LogConfig: Setting CVar [[r.TranslucencyLightingVolumeDim:64]]
[2022.02.25-08.58.42:396][  0]LogConfig: Setting CVar [[r.RefractionQuality:2]]
[2022.02.25-08.58.42:396][  0]LogConfig: Setting CVar [[r.SSR.Quality:3]]
[2022.02.25-08.58.42:396][  0]LogConfig: Setting CVar [[r.SSR.HalfResSceneColor:0]]
[2022.02.25-08.58.42:396][  0]LogConfig: Setting CVar [[r.SceneColorFormat:4]]
[2022.02.25-08.58.42:396][  0]LogConfig: Setting CVar [[r.DetailMode:2]]
[2022.02.25-08.58.42:396][  0]LogConfig: Setting CVar [[r.TranslucencyVolumeBlur:1]]
[2022.02.25-08.58.42:397][  0]LogConfig: Setting CVar [[r.MaterialQualityLevel:1 ; High quality]]
[2022.02.25-08.58.42:397][  0]LogConfig: Setting CVar [[r.AnisotropicMaterials:1]]
[2022.02.25-08.58.42:397][  0]LogConfig: Setting CVar [[r.SSS.Scale:1]]
[2022.02.25-08.58.42:397][  0]LogConfig: Setting CVar [[r.SSS.SampleSet:2]]
[2022.02.25-08.58.42:397][  0]LogConfig: Setting CVar [[r.SSS.Quality:1]]
[2022.02.25-08.58.42:397][  0]LogConfig: Setting CVar [[r.SSS.HalfRes:0]]
[2022.02.25-08.58.42:397][  0]LogConfig: Setting CVar [[r.SSGI.Quality:3]]
[2022.02.25-08.58.42:397][  0]LogConfig: Setting CVar [[r.EmitterSpawnRateScale:1.0]]
[2022.02.25-08.58.42:397][  0]LogConfig: Setting CVar [[r.ParticleLightQuality:2]]
[2022.02.25-08.58.42:397][  0]LogConfig: Setting CVar [[r.SkyAtmosphere.AerialPerspectiveLUT.FastApplyOnOpaque:1 ; Always have FastSkyLUT 1 in this case to avoid wrong sky]]
[2022.02.25-08.58.42:397][  0]LogConfig: Setting CVar [[r.SkyAtmosphere.AerialPerspectiveLUT.SampleCountMaxPerSlice:4]]
[2022.02.25-08.58.42:397][  0]LogConfig: Setting CVar [[r.SkyAtmosphere.AerialPerspectiveLUT.DepthResolution:16.0]]
[2022.02.25-08.58.42:397][  0]LogConfig: Setting CVar [[r.SkyAtmosphere.FastSkyLUT:1]]
[2022.02.25-08.58.42:397][  0]LogConfig: Setting CVar [[r.SkyAtmosphere.FastSkyLUT.SampleCountMin:4.0]]
[2022.02.25-08.58.42:397][  0]LogConfig: Setting CVar [[r.SkyAtmosphere.FastSkyLUT.SampleCountMax:128.0]]
[2022.02.25-08.58.42:397][  0]LogConfig: Setting CVar [[r.SkyAtmosphere.SampleCountMin:4.0]]
[2022.02.25-08.58.42:397][  0]LogConfig: Setting CVar [[r.SkyAtmosphere.SampleCountMax:128.0]]
[2022.02.25-08.58.42:397][  0]LogConfig: Setting CVar [[r.SkyAtmosphere.TransmittanceLUT.UseSmallFormat:0]]
[2022.02.25-08.58.42:398][  0]LogConfig: Setting CVar [[r.SkyAtmosphere.TransmittanceLUT.SampleCount:10.0]]
[2022.02.25-08.58.42:398][  0]LogConfig: Setting CVar [[r.SkyAtmosphere.MultiScatteringLUT.SampleCount:15.0]]
[2022.02.25-08.58.42:398][  0]LogConfig: Setting CVar [[r.SkyLight.RealTimeReflectionCapture:1]]
[2022.02.25-08.58.42:398][  0]LogConfig: Applying CVar settings from Section [FoliageQuality@3] File [C:/UnrealEngine_Projects/ue.course/GeometrySandbox/Saved/Config/Windows/Scalability.ini]
[2022.02.25-08.58.42:398][  0]LogConfig: Setting CVar [[foliage.DensityScale:1.0]]
[2022.02.25-08.58.42:398][  0]LogConfig: Setting CVar [[grass.DensityScale:1.0]]
[2022.02.25-08.58.42:398][  0]LogConfig: Applying CVar settings from Section [ShadingQuality@3] File [C:/UnrealEngine_Projects/ue.course/GeometrySandbox/Saved/Config/Windows/Scalability.ini]
[2022.02.25-08.58.42:398][  0]LogConfig: Setting CVar [[r.HairStrands.SkyLighting.IntegrationType:2]]
[2022.02.25-08.58.42:398][  0]LogConfig: Setting CVar [[r.HairStrands.SkyAO.SampleCount:4]]
[2022.02.25-08.58.42:398][  0]LogConfig: Setting CVar [[r.HairStrands.Visibility.MSAA.SamplePerPixel:4]]
[2022.02.25-08.58.42:398][  0]LogInit: Selected Device Profile: [Windows]
[2022.02.25-08.58.42:398][  0]LogInit: Applying CVar settings loaded from the selected device profile: [Windows]
[2022.02.25-08.58.42:398][  0]LogHAL: Display: Platform has ~ 24 GB [25697214464 / 34359738368 / 24], which maps to Larger [LargestMinGB=32, LargerMinGB=12, DefaultMinGB=8, SmallerMinGB=6, SmallestMinGB=0)
[2022.02.25-08.58.42:398][  0]LogInit: Going up to parent DeviceProfile []
[2022.02.25-08.58.42:398][  0]LogConfig: Applying CVar settings from Section [ViewDistanceQuality@3] File [C:/UnrealEngine_Projects/ue.course/GeometrySandbox/Saved/Config/Windows/Scalability.ini]
[2022.02.25-08.58.42:398][  0]LogConfig: Setting CVar [[r.SkeletalMeshLODBias:0]]
[2022.02.25-08.58.42:398][  0]LogConfig: Setting CVar [[r.ViewDistanceScale:1.0]]
[2022.02.25-08.58.42:398][  0]LogConfig: Applying CVar settings from Section [AntiAliasingQuality@3] File [C:/UnrealEngine_Projects/ue.course/GeometrySandbox/Saved/Config/Windows/Scalability.ini]
[2022.02.25-08.58.42:399][  0]LogConfig: Setting CVar [[r.PostProcessAAQuality:4]]
[2022.02.25-08.58.42:399][  0]LogConfig: Applying CVar settings from Section [ShadowQuality@3] File [C:/UnrealEngine_Projects/ue.course/GeometrySandbox/Saved/Config/Windows/Scalability.ini]
[2022.02.25-08.58.42:399][  0]LogConfig: Setting CVar [[r.LightFunctionQuality:1]]
[2022.02.25-08.58.42:399][  0]LogConfig: Setting CVar [[r.ShadowQuality:5]]
[2022.02.25-08.58.42:399][  0]LogConfig: Setting CVar [[r.Shadow.CSM.MaxCascades:10]]
[2022.02.25-08.58.42:399][  0]LogConfig: Setting CVar [[r.Shadow.MaxResolution:2048]]
[2022.02.25-08.58.42:399][  0]LogConfig: Setting CVar [[r.Shadow.MaxCSMResolution:2048]]
[2022.02.25-08.58.42:399][  0]LogConfig: Setting CVar [[r.Shadow.RadiusThreshold:0.01]]
[2022.02.25-08.58.42:399][  0]LogConfig: Setting CVar [[r.Shadow.DistanceScale:1.0]]
[2022.02.25-08.58.42:399][  0]LogConfig: Setting CVar [[r.Shadow.CSM.TransitionScale:1.0]]
[2022.02.25-08.58.42:399][  0]LogConfig: Setting CVar [[r.Shadow.PreShadowResolutionFactor:1.0]]
[2022.02.25-08.58.42:399][  0]LogConfig: Setting CVar [[r.DistanceFieldShadowing:1]]
[2022.02.25-08.58.42:399][  0]LogConfig: Setting CVar [[r.DistanceFieldAO:1]]
[2022.02.25-08.58.42:399][  0]LogConfig: Setting CVar [[r.AOQuality:2]]
[2022.02.25-08.58.42:399][  0]LogConfig: Setting CVar [[r.VolumetricFog:1]]
[2022.02.25-08.58.42:399][  0]LogConfig: Setting CVar [[r.VolumetricFog.GridPixelSize:8]]
[2022.02.25-08.58.42:400][  0]LogConfig: Setting CVar [[r.VolumetricFog.GridSizeZ:128]]
[2022.02.25-08.58.42:400][  0]LogConfig: Setting CVar [[r.VolumetricFog.HistoryMissSupersampleCount:4]]
[2022.02.25-08.58.42:400][  0]LogConfig: Setting CVar [[r.LightMaxDrawDistanceScale:1]]
[2022.02.25-08.58.42:400][  0]LogConfig: Setting CVar [[r.CapsuleShadows:1]]
[2022.02.25-08.58.42:400][  0]LogConfig: Applying CVar settings from Section [PostProcessQuality@3] File [C:/UnrealEngine_Projects/ue.course/GeometrySandbox/Saved/Config/Windows/Scalability.ini]
[2022.02.25-08.58.42:400][  0]LogConfig: Setting CVar [[r.MotionBlurQuality:4]]
[2022.02.25-08.58.42:400][  0]LogConfig: Setting CVar [[r.AmbientOcclusionMipLevelFactor:0.4]]
[2022.02.25-08.58.42:400][  0]LogConfig: Setting CVar [[r.AmbientOcclusionMaxQuality:100]]
[2022.02.25-08.58.42:400][  0]LogConfig: Setting CVar [[r.AmbientOcclusionLevels:-1]]
[2022.02.25-08.58.42:400][  0]LogConfig: Setting CVar [[r.AmbientOcclusionRadiusScale:1.0]]
[2022.02.25-08.58.42:400][  0]LogConfig: Setting CVar [[r.DepthOfFieldQuality:2]]
[2022.02.25-08.58.42:400][  0]LogConfig: Setting CVar [[r.RenderTargetPoolMin:400]]
[2022.02.25-08.58.42:400][  0]LogConfig: Setting CVar [[r.LensFlareQuality:2]]
[2022.02.25-08.58.42:400][  0]LogConfig: Setting CVar [[r.SceneColorFringeQuality:1]]
[2022.02.25-08.58.42:400][  0]LogConfig: Setting CVar [[r.EyeAdaptationQuality:2]]
[2022.02.25-08.58.42:400][  0]LogConfig: Setting CVar [[r.BloomQuality:5]]
[2022.02.25-08.58.42:400][  0]LogConfig: Setting CVar [[r.FastBlurThreshold:100]]
[2022.02.25-08.58.42:400][  0]LogConfig: Setting CVar [[r.Upscale.Quality:3]]
[2022.02.25-08.58.42:400][  0]LogConfig: Setting CVar [[r.Tonemapper.GrainQuantization:1]]
[2022.02.25-08.58.42:400][  0]LogConfig: Setting CVar [[r.LightShaftQuality:1]]
[2022.02.25-08.58.42:401][  0]LogConfig: Setting CVar [[r.Filter.SizeScale:1]]
[2022.02.25-08.58.42:401][  0]LogConfig: Setting CVar [[r.Tonemapper.Quality:5]]
[2022.02.25-08.58.42:401][  0]LogConfig: Setting CVar [[r.DOF.Gather.AccumulatorQuality:1        ; higher gathering accumulator quality]]
[2022.02.25-08.58.42:401][  0]LogConfig: Setting CVar [[r.DOF.Gather.PostfilterMethod:1          ; Median3x3 postfilering method]]
[2022.02.25-08.58.42:401][  0]LogConfig: Setting CVar [[r.DOF.Gather.EnableBokehSettings:0       ; no bokeh simulation when gathering]]
[2022.02.25-08.58.42:401][  0]LogConfig: Setting CVar [[r.DOF.Gather.RingCount:4                 ; medium number of samples when gathering]]
[2022.02.25-08.58.42:401][  0]LogConfig: Setting CVar [[r.DOF.Scatter.ForegroundCompositing:1    ; additive foreground scattering]]
[2022.02.25-08.58.42:401][  0]LogConfig: Setting CVar [[r.DOF.Scatter.BackgroundCompositing:2    ; additive background scattering]]
[2022.02.25-08.58.42:401][  0]LogConfig: Setting CVar [[r.DOF.Scatter.EnableBokehSettings:1      ; bokeh simulation when scattering]]
[2022.02.25-08.58.42:401][  0]LogConfig: Setting CVar [[r.DOF.Scatter.MaxSpriteRatio:0.1         ; only a maximum of 10% of scattered bokeh]]
[2022.02.25-08.58.42:401][  0]LogConfig: Setting CVar [[r.DOF.Recombine.Quality:1                ; cheap slight out of focus]]
[2022.02.25-08.58.42:401][  0]LogConfig: Setting CVar [[r.DOF.Recombine.EnableBokehSettings:0    ; no bokeh simulation on slight out of focus]]
[2022.02.25-08.58.42:401][  0]LogConfig: Setting CVar [[r.DOF.TemporalAAQuality:1                ; more stable temporal accumulation]]
[2022.02.25-08.58.42:401][  0]LogConfig: Setting CVar [[r.DOF.Kernel.MaxForegroundRadius:0.025]]
[2022.02.25-08.58.42:401][  0]LogConfig: Setting CVar [[r.DOF.Kernel.MaxBackgroundRadius:0.025]]
[2022.02.25-08.58.42:401][  0]LogConfig: Applying CVar settings from Section [TextureQuality@3] File [C:/UnrealEngine_Projects/ue.course/GeometrySandbox/Saved/Config/Windows/Scalability.ini]
[2022.02.25-08.58.42:401][  0]LogConfig: Setting CVar [[r.Streaming.MipBias:0]]
[2022.02.25-08.58.42:401][  0]LogConfig: Setting CVar [[r.Streaming.AmortizeCPUToGPUCopy:0]]
[2022.02.25-08.58.42:401][  0]LogConfig: Setting CVar [[r.Streaming.MaxNumTexturesToStreamPerFrame:0]]
[2022.02.25-08.58.42:401][  0]LogConfig: Setting CVar [[r.Streaming.Boost:1]]
[2022.02.25-08.58.42:401][  0]LogConfig: Setting CVar [[r.MaxAnisotropy:8]]
[2022.02.25-08.58.42:401][  0]LogConfig: Setting CVar [[r.VT.MaxAnisotropy:8]]
[2022.02.25-08.58.42:402][  0]LogConfig: Setting CVar [[r.Streaming.LimitPoolSizeToVRAM:0]]
[2022.02.25-08.58.42:402][  0]LogConfig: Setting CVar [[r.Streaming.PoolSize:1000]]
[2022.02.25-08.58.42:402][  0]LogConfig: Setting CVar [[r.Streaming.MaxEffectiveScreenSize:0]]
[2022.02.25-08.58.42:402][  0]LogConfig: Applying CVar settings from Section [EffectsQuality@3] File [C:/UnrealEngine_Projects/ue.course/GeometrySandbox/Saved/Config/Windows/Scalability.ini]
[2022.02.25-08.58.42:402][  0]LogConfig: Setting CVar [[r.TranslucencyLightingVolumeDim:64]]
[2022.02.25-08.58.42:402][  0]LogConfig: Setting CVar [[r.RefractionQuality:2]]
[2022.02.25-08.58.42:402][  0]LogConfig: Setting CVar [[r.SSR.Quality:3]]
[2022.02.25-08.58.42:402][  0]LogConfig: Setting CVar [[r.SSR.HalfResSceneColor:0]]
[2022.02.25-08.58.42:402][  0]LogConfig: Setting CVar [[r.SceneColorFormat:4]]
[2022.02.25-08.58.42:402][  0]LogConfig: Setting CVar [[r.DetailMode:2]]
[2022.02.25-08.58.42:402][  0]LogConfig: Setting CVar [[r.TranslucencyVolumeBlur:1]]
[2022.02.25-08.58.42:402][  0]LogConfig: Setting CVar [[r.MaterialQualityLevel:1 ; High quality]]
[2022.02.25-08.58.42:402][  0]LogConfig: Setting CVar [[r.AnisotropicMaterials:1]]
[2022.02.25-08.58.42:402][  0]LogConfig: Setting CVar [[r.SSS.Scale:1]]
[2022.02.25-08.58.42:402][  0]LogConfig: Setting CVar [[r.SSS.SampleSet:2]]
[2022.02.25-08.58.42:402][  0]LogConfig: Setting CVar [[r.SSS.Quality:1]]
[2022.02.25-08.58.42:402][  0]LogConfig: Setting CVar [[r.SSS.HalfRes:0]]
[2022.02.25-08.58.42:402][  0]LogConfig: Setting CVar [[r.SSGI.Quality:3]]
[2022.02.25-08.58.42:402][  0]LogConfig: Setting CVar [[r.EmitterSpawnRateScale:1.0]]
[2022.02.25-08.58.42:403][  0]LogConfig: Setting CVar [[r.ParticleLightQuality:2]]
[2022.02.25-08.58.42:403][  0]LogConfig: Setting CVar [[r.SkyAtmosphere.AerialPerspectiveLUT.FastApplyOnOpaque:1 ; Always have FastSkyLUT 1 in this case to avoid wrong sky]]
[2022.02.25-08.58.42:403][  0]LogConfig: Setting CVar [[r.SkyAtmosphere.AerialPerspectiveLUT.SampleCountMaxPerSlice:4]]
[2022.02.25-08.58.42:403][  0]LogConfig: Setting CVar [[r.SkyAtmosphere.AerialPerspectiveLUT.DepthResolution:16.0]]
[2022.02.25-08.58.42:403][  0]LogConfig: Setting CVar [[r.SkyAtmosphere.FastSkyLUT:1]]
[2022.02.25-08.58.42:403][  0]LogConfig: Setting CVar [[r.SkyAtmosphere.FastSkyLUT.SampleCountMin:4.0]]
[2022.02.25-08.58.42:403][  0]LogConfig: Setting CVar [[r.SkyAtmosphere.FastSkyLUT.SampleCountMax:128.0]]
[2022.02.25-08.58.42:403][  0]LogConfig: Setting CVar [[r.SkyAtmosphere.SampleCountMin:4.0]]
[2022.02.25-08.58.42:403][  0]LogConfig: Setting CVar [[r.SkyAtmosphere.SampleCountMax:128.0]]
[2022.02.25-08.58.42:403][  0]LogConfig: Setting CVar [[r.SkyAtmosphere.TransmittanceLUT.UseSmallFormat:0]]
[2022.02.25-08.58.42:403][  0]LogConfig: Setting CVar [[r.SkyAtmosphere.TransmittanceLUT.SampleCount:10.0]]
[2022.02.25-08.58.42:403][  0]LogConfig: Setting CVar [[r.SkyAtmosphere.MultiScatteringLUT.SampleCount:15.0]]
[2022.02.25-08.58.42:403][  0]LogConfig: Setting CVar [[r.SkyLight.RealTimeReflectionCapture:1]]
[2022.02.25-08.58.42:403][  0]LogConfig: Applying CVar settings from Section [FoliageQuality@3] File [C:/UnrealEngine_Projects/ue.course/GeometrySandbox/Saved/Config/Windows/Scalability.ini]
[2022.02.25-08.58.42:403][  0]LogConfig: Setting CVar [[foliage.DensityScale:1.0]]
[2022.02.25-08.58.42:403][  0]LogConfig: Setting CVar [[grass.DensityScale:1.0]]
[2022.02.25-08.58.42:403][  0]LogConfig: Applying CVar settings from Section [ShadingQuality@3] File [C:/UnrealEngine_Projects/ue.course/GeometrySandbox/Saved/Config/Windows/Scalability.ini]
[2022.02.25-08.58.42:403][  0]LogConfig: Setting CVar [[r.HairStrands.SkyLighting.IntegrationType:2]]
[2022.02.25-08.58.42:403][  0]LogConfig: Setting CVar [[r.HairStrands.SkyAO.SampleCount:4]]
[2022.02.25-08.58.42:404][  0]LogConfig: Setting CVar [[r.HairStrands.Visibility.MSAA.SamplePerPixel:4]]
[2022.02.25-08.58.42:404][  0]LogConfig: Applying CVar settings from Section [Startup] File [../../../Engine/Config/ConsoleVariables.ini]
[2022.02.25-08.58.42:404][  0]LogConfig: Setting CVar [[net.UseAdaptiveNetUpdateFrequency:0]]
[2022.02.25-08.58.42:404][  0]LogConfig: Setting CVar [[p.chaos.AllowCreatePhysxBodies:1]]
[2022.02.25-08.58.42:404][  0]LogConfig: Setting CVar [[fx.SkipVectorVMBackendOptimizations:1]]
[2022.02.25-08.58.42:404][  0]LogConfig: Applying CVar settings from Section [ConsoleVariables] File [C:/UnrealEngine_Projects/ue.course/GeometrySandbox/Saved/Config/Windows/Engine.ini]
[2022.02.25-08.58.42:404][  0]LogConfig: Applying CVar settings from Section [ConsoleVariables] File [C:/UnrealEngine_Projects/ue.course/GeometrySandbox/Saved/Config/Windows/Editor.ini]
[2022.02.25-08.58.42:404][  0]LogInit: Computer: DESKTOP-V7QSN3L
[2022.02.25-08.58.42:404][  0]LogInit: User: PC
[2022.02.25-08.58.42:405][  0]LogInit: CPU Page size=4096, Cores=4
[2022.02.25-08.58.42:405][  0]LogInit: High frequency timer resolution =10.000000 MHz
[2022.02.25-08.58.42:405][  0]LogMemory: Memory total: Physical=23.9GB (24GB approx)
[2022.02.25-08.58.42:405][  0]LogMemory: Platform Memory Stats for Windows
[2022.02.25-08.58.42:405][  0]LogMemory: Process Physical Memory: 142.32 MB used, 142.33 MB peak
[2022.02.25-08.58.42:405][  0]LogMemory: Process Virtual Memory: 114.58 MB used, 114.58 MB peak
[2022.02.25-08.58.42:405][  0]LogMemory: Physical Memory: 10382.46 MB used,  14124.32 MB free, 24506.77 MB total
[2022.02.25-08.58.42:405][  0]LogMemory: Virtual Memory: 134201472.00 MB used,  16253.86 MB free, 134217728.00 MB total
[2022.02.25-08.58.42:421][  0]LogWindows: WindowsPlatformFeatures enabled
[2022.02.25-08.58.42:581][  0]LogInit: Physics initialised using underlying interface: PhysX
[2022.02.25-08.58.42:582][  0]LogInit: Using OS detected language (ru-RU).
[2022.02.25-08.58.42:582][  0]LogInit: Using OS detected locale (ru-RU).
[2022.02.25-08.58.42:591][  0]LogTextLocalizationManager: No specific localization for 'ru-RU' exists, so the 'ru' localization will be used.
[2022.02.25-08.58.42:591][  0]LogTextLocalizationResource: LocRes '../../../Engine/Content/Localization/Editor/ru/Editor.locres' could not be opened for reading!
[2022.02.25-08.58.42:591][  0]LogTextLocalizationResource: LocRes '../../../Engine/Content/Localization/EditorTutorials/ru/EditorTutorials.locres' could not be opened for reading!
[2022.02.25-08.58.42:592][  0]LogTextLocalizationResource: LocRes '../../../Engine/Content/Localization/Keywords/ru/Keywords.locres' could not be opened for reading!
[2022.02.25-08.58.42:592][  0]LogTextLocalizationResource: LocRes '../../../Engine/Content/Localization/Category/ru/Category.locres' could not be opened for reading!
[2022.02.25-08.58.42:592][  0]LogTextLocalizationResource: LocRes '../../../Engine/Content/Localization/ToolTips/ru/ToolTips.locres' could not be opened for reading!
[2022.02.25-08.58.42:592][  0]LogTextLocalizationResource: LocRes '../../../Engine/Content/Localization/PropertyNames/ru/PropertyNames.locres' could not be opened for reading!
[2022.02.25-08.58.42:593][  0]LogTextLocalizationResource: LocRes '../../../Engine/Content/Localization/Engine/ru/Engine.locres' could not be opened for reading!
[2022.02.25-08.58.42:594][  0]LogInit: Setting process to per monitor DPI aware
[2022.02.25-08.58.42:628][  0]LogWindowsTextInputMethodSystem: Display: IME system deactivated.
[2022.02.25-08.58.42:648][  0]LogSlate: New Slate User Created.  User Index 0, Is Virtual User: 0
[2022.02.25-08.58.42:648][  0]LogSlate: Slate User Registered.  User Index 0, Is Virtual User: 0
[2022.02.25-08.58.42:825][  0]LogD3D11RHI: Loaded GFSDK_Aftermath_Lib.x64.dll
[2022.02.25-08.58.42:830][  0]LogHMD: Failed to initialize OpenVR with code 110
[2022.02.25-08.58.42:830][  0]LogD3D11RHI: D3D11 min allowed feature level: 11_0
[2022.02.25-08.58.42:830][  0]LogD3D11RHI: D3D11 max allowed feature level: 11_0
[2022.02.25-08.58.42:830][  0]LogD3D11RHI: D3D11 adapters:
[2022.02.25-08.58.42:972][  0]LogD3D11RHI:    0. 'NVIDIA GeForce GTX 1060 6GB' (Feature Level 11_0)
[2022.02.25-08.58.42:972][  0]LogD3D11RHI:       6052/0/12253 MB DedicatedVideo/DedicatedSystem/SharedSystem, Outputs:1, VendorId:0x10de
[2022.02.25-08.58.42:978][  0]LogD3D11RHI:    1. 'Microsoft Basic Render Driver' (Feature Level 11_0)
[2022.02.25-08.58.42:978][  0]LogD3D11RHI:       0/0/12253 MB DedicatedVideo/DedicatedSystem/SharedSystem, Outputs:0, VendorId:0x1414
[2022.02.25-08.58.42:978][  0]LogD3D11RHI: Chosen D3D11 Adapter:
[2022.02.25-08.58.42:978][  0]LogD3D11RHI:     Description : NVIDIA GeForce GTX 1060 6GB
[2022.02.25-08.58.42:978][  0]LogD3D11RHI:     VendorId    : 10de
[2022.02.25-08.58.42:978][  0]LogD3D11RHI:     DeviceId    : 1c03
[2022.02.25-08.58.42:978][  0]LogD3D11RHI:     SubSysId    : 85b71043
[2022.02.25-08.58.42:978][  0]LogD3D11RHI:     Revision    : 00a1
[2022.02.25-08.58.42:978][  0]LogD3D11RHI:     DedicatedVideoMemory : 6345981952 bytes
[2022.02.25-08.58.42:978][  0]LogD3D11RHI:     DedicatedSystemMemory : 0 bytes
[2022.02.25-08.58.42:978][  0]LogD3D11RHI:     SharedSystemMemory : 12848607232 bytes
[2022.02.25-08.58.42:978][  0]LogD3D11RHI:     AdapterLuid : 0 42378
[2022.02.25-08.58.43:011][  0]LogD3D11RHI: Creating new Direct3DDevice
[2022.02.25-08.58.43:011][  0]LogD3D11RHI:     GPU DeviceId: 0x1c03 (for the marketing name, search the web for "GPU Device Id")
[2022.02.25-08.58.43:011][  0]LogWindows: EnumDisplayDevices:
[2022.02.25-08.58.43:012][  0]LogWindows:    0. 'NVIDIA GeForce GTX 1060 6GB' (P:1 D:1)
[2022.02.25-08.58.43:012][  0]LogWindows:    1. 'NVIDIA GeForce GTX 1060 6GB' (P:0 D:0)
[2022.02.25-08.58.43:012][  0]LogWindows:    2. 'NVIDIA GeForce GTX 1060 6GB' (P:0 D:0)
[2022.02.25-08.58.43:012][  0]LogWindows:    3. 'NVIDIA GeForce GTX 1060 6GB' (P:0 D:0)
[2022.02.25-08.58.43:013][  0]LogWindows: DebugString: FoundDriverCount:4 
[2022.02.25-08.58.43:013][  0]LogD3D11RHI:     Adapter Name: NVIDIA GeForce GTX 1060 6GB
[2022.02.25-08.58.43:013][  0]LogD3D11RHI:   Driver Version: 511.79 (internal:30.0.15.1179, unified:511.79)
[2022.02.25-08.58.43:013][  0]LogD3D11RHI:      Driver Date: 2-10-2022
[2022.02.25-08.58.43:013][  0]LogRHI: Texture pool is 4236 MB (70% of 6052 MB)
[2022.02.25-08.58.43:013][  0]LogD3D11RHI: Creating D3DDevice using adapter:
[2022.02.25-08.58.43:013][  0]LogD3D11RHI:     Description : NVIDIA GeForce GTX 1060 6GB
[2022.02.25-08.58.43:013][  0]LogD3D11RHI:     VendorId    : 10de
[2022.02.25-08.58.43:013][  0]LogD3D11RHI:     DeviceId    : 1c03
[2022.02.25-08.58.43:013][  0]LogD3D11RHI:     SubSysId    : 85b71043
[2022.02.25-08.58.43:013][  0]LogD3D11RHI:     Revision    : 00a1
[2022.02.25-08.58.43:013][  0]LogD3D11RHI:     DedicatedVideoMemory : 6345981952 bytes
[2022.02.25-08.58.43:013][  0]LogD3D11RHI:     DedicatedSystemMemory : 0 bytes
[2022.02.25-08.58.43:013][  0]LogD3D11RHI:     SharedSystemMemory : 12848607232 bytes
[2022.02.25-08.58.43:013][  0]LogD3D11RHI:     AdapterLuid : 0 42378
[2022.02.25-08.58.43:090][  0]LogD3D11RHI: RHI has support for 64 bit atomics
[2022.02.25-08.58.43:090][  0]LogD3D11RHI: Async texture creation enabled
[2022.02.25-08.58.43:091][  0]LogD3D11RHI: Array index from any shader is supported
[2022.02.25-08.58.43:118][  0]LogD3D11RHI: GPU Timing Frequency: 1000.000000 (Debug: 2 1)
[2022.02.25-08.58.43:153][  0]LogRHI: GeForceNow SDK initialized: 1
[2022.02.25-08.58.43:458][  0]LogTargetPlatformManager: Display: Loaded TargetPlatform 'AllDesktop'
[2022.02.25-08.58.43:486][  0]LogTargetPlatformManager: Display: Loaded TargetPlatform 'Android'
[2022.02.25-08.58.43:486][  0]LogTargetPlatformManager: Display: Loaded TargetPlatform 'Android_ASTC'
[2022.02.25-08.58.43:486][  0]LogTargetPlatformManager: Display: Loaded TargetPlatform 'Android_DXT'
[2022.02.25-08.58.43:486][  0]LogTargetPlatformManager: Display: Loaded TargetPlatform 'Android_ETC2'
[2022.02.25-08.58.43:486][  0]LogTargetPlatformManager: Display: Loaded TargetPlatform 'AndroidClient'
[2022.02.25-08.58.43:486][  0]LogTargetPlatformManager: Display: Loaded TargetPlatform 'Android_ASTCClient'
[2022.02.25-08.58.43:486][  0]LogTargetPlatformManager: Display: Loaded TargetPlatform 'Android_DXTClient'
[2022.02.25-08.58.43:487][  0]LogTargetPlatformManager: Display: Loaded TargetPlatform 'Android_ETC2Client'
[2022.02.25-08.58.43:487][  0]LogTargetPlatformManager: Display: Loaded TargetPlatform 'Android_Multi'
[2022.02.25-08.58.43:487][  0]LogTargetPlatformManager: Display: Loaded TargetPlatform 'Android_MultiClient'
[2022.02.25-08.58.43:515][  0]LogTargetPlatformManager: Display: Loaded TargetPlatform 'IOSClient'
[2022.02.25-08.58.43:515][  0]LogTargetPlatformManager: Display: Loaded TargetPlatform 'IOS'
[2022.02.25-08.58.43:528][  0]LogTargetPlatformManager: Display: Loaded TargetPlatform 'Linux'
[2022.02.25-08.58.43:535][  0]LogTargetPlatformManager: Display: Loaded TargetPlatform 'LinuxNoEditor'
[2022.02.25-08.58.43:543][  0]LogTargetPlatformManager: Display: Loaded TargetPlatform 'LinuxClient'
[2022.02.25-08.58.43:550][  0]LogTargetPlatformManager: Display: Loaded TargetPlatform 'LinuxServer'
[2022.02.25-08.58.43:563][  0]LogTargetPlatformManager: Display: Loaded TargetPlatform 'LinuxAArch64NoEditor'
[2022.02.25-08.58.43:570][  0]LogTargetPlatformManager: Display: Loaded TargetPlatform 'LinuxAArch64Client'
[2022.02.25-08.58.43:578][  0]LogTargetPlatformManager: Display: Loaded TargetPlatform 'LinuxAArch64Server'
[2022.02.25-08.58.43:610][  0]LogTargetPlatformManager: Display: Loaded TargetPlatform 'Lumin'
[2022.02.25-08.58.43:610][  0]LogTargetPlatformManager: Display: Loaded TargetPlatform 'LuminClient'
[2022.02.25-08.58.43:623][  0]LogTargetPlatformManager: Display: Loaded TargetPlatform 'MacNoEditor'
[2022.02.25-08.58.43:633][  0]LogTargetPlatformManager: Display: Loaded TargetPlatform 'Mac'
[2022.02.25-08.58.43:641][  0]LogTargetPlatformManager: Display: Loaded TargetPlatform 'MacClient'
[2022.02.25-08.58.43:648][  0]LogTargetPlatformManager: Display: Loaded TargetPlatform 'MacServer'
[2022.02.25-08.58.43:663][  0]LogTargetPlatformManager: Display: Loaded TargetPlatform 'TVOSClient'
[2022.02.25-08.58.43:664][  0]LogTargetPlatformManager: Display: Loaded TargetPlatform 'TVOS'
[2022.02.25-08.58.43:677][  0]LogTargetPlatformManager: Display: Loaded TargetPlatform 'WindowsNoEditor'
[2022.02.25-08.58.43:684][  0]LogTargetPlatformManager: Display: Loaded TargetPlatform 'Windows'
[2022.02.25-08.58.43:692][  0]LogTargetPlatformManager: Display: Loaded TargetPlatform 'WindowsClient'
[2022.02.25-08.58.43:699][  0]LogTargetPlatformManager: Display: Loaded TargetPlatform 'WindowsServer'
[2022.02.25-08.58.43:699][  0]LogTargetPlatformManager: Display: Building Assets For Windows
[2022.02.25-08.58.43:715][  0]LogAudioDebug: Display: Lib vorbis DLL was dynamically loaded.
[2022.02.25-08.58.43:780][  0]LogTextureFormatOodle: Display: Oodle Texture 2.9.0 init RDO Off
[2022.02.25-08.58.43:849][  0]LogRendererCore: Ray tracing is disabled. Reason: r.RayTracing=0.
[2022.02.25-08.58.43:849][  0]LogShaderCompilers: Guid format shader working directory is -24 characters bigger than the processId version (../../../../../../UnrealEngine_Projects/ue.course/GeometrySandbox/Intermediate/Shaders/WorkingDirectory/100576/).
[2022.02.25-08.58.43:849][  0]LogShaderCompilers: Cleaned the shader compiler working directory 'C:/Users/PC/AppData/Local/Temp/UnrealShaderWorkingDir/36166947472F62E3668EB2A81010E6E6/'.
[2022.02.25-08.58.43:850][  0]LogXGEController: Cannot use XGE Controller as Incredibuild is not installed on this machine.
[2022.02.25-08.58.43:850][  0]LogShaderCompilers: Cannot use XGE Shader Compiler as Incredibuild is not installed on this machine.
[2022.02.25-08.58.43:850][  0]LogShaderCompilers: Display: Using Local Shader Compiler.
[2022.02.25-08.58.44:734][  0]LogDerivedDataCache: Display: Max Cache Size: 512 MB
[2022.02.25-08.58.44:800][  0]LogDerivedDataCache: Loaded boot cache 0.07s 94MB C:/Users/PC/AppData/Local/UnrealEngine/4.27/DerivedDataCache/Boot.ddc.
[2022.02.25-08.58.44:801][  0]LogDerivedDataCache: Display: Loaded Boot cache: C:/Users/PC/AppData/Local/UnrealEngine/4.27/DerivedDataCache/Boot.ddc
[2022.02.25-08.58.44:801][  0]LogDerivedDataCache: FDerivedDataBackendGraph:  Pak pak cache file ../../../../../../UnrealEngine_Projects/ue.course/GeometrySandbox/DerivedDataCache/DDC.ddp not found, will not use a pak cache.
[2022.02.25-08.58.44:801][  0]LogDerivedDataCache: Unable to find inner node Pak for hierarchical cache Hierarchy.
[2022.02.25-08.58.44:801][  0]LogDerivedDataCache: FDerivedDataBackendGraph:  CompressedPak pak cache file ../../../../../../UnrealEngine_Projects/ue.course/GeometrySandbox/DerivedDataCache/Compressed.ddp not found, will not use a pak cache.
[2022.02.25-08.58.44:801][  0]LogDerivedDataCache: Unable to find inner node CompressedPak for hierarchical cache Hierarchy.
[2022.02.25-08.58.44:824][  0]LogDerivedDataCache: Display: Pak cache opened for reading ../../../Engine/DerivedDataCache/Compressed.ddp.
[2022.02.25-08.58.44:824][  0]LogDerivedDataCache: FDerivedDataBackendGraph:  EnterprisePak pak cache file ../../../Enterprise/DerivedDataCache/Compressed.ddp not found, will not use a pak cache.
[2022.02.25-08.58.44:824][  0]LogDerivedDataCache: Unable to find inner node EnterprisePak for hierarchical cache Hierarchy.
[2022.02.25-08.58.44:838][  0]LogDerivedDataCache: Speed tests for C:/Users/PC/AppData/Local/UnrealEngine/Common/DerivedDataCache took 0.01 seconds
[2022.02.25-08.58.44:842][  0]LogDerivedDataCache: Display: Performance to C:/Users/PC/AppData/Local/UnrealEngine/Common/DerivedDataCache: Latency=0.04ms. RandomReadSpeed=795.01MBs, RandomWriteSpeed=77.31MBs. Assigned SpeedClass 'Local'
[2022.02.25-08.58.44:854][  0]LogDerivedDataCache: Using Local data cache path C:/Users/PC/AppData/Local/UnrealEngine/Common/DerivedDataCache: Writable
[2022.02.25-08.58.44:854][  0]LogDerivedDataCache: Shared data cache path not found in *engine.ini, will not use an Shared cache.
[2022.02.25-08.58.44:854][  0]LogDerivedDataCache: Unable to find inner node Shared for hierarchical cache Hierarchy.
[2022.02.25-08.58.44:917][  0]LogSlate: Using FreeType 2.10.0
[2022.02.25-08.58.44:918][  0]LogSlate: SlateFontServices - WITH_FREETYPE: 1, WITH_HARFBUZZ: 1
[2022.02.25-08.58.44:963][  0]LogAssetRegistry: FAssetRegistry took 0.0120 seconds to start up
[2022.02.25-08.58.45:267][  0]LogInit: Selected Device Profile: [Windows]
[2022.02.25-08.58.45:268][  0]LogInit: Active device profile: [000001DA530A2300][000001DA45A581C0 49] Windows
[2022.02.25-08.58.45:268][  0]LogInit: Profiles: [000001DA530A2300][000001DA45A581C0 49] Windows, [000001DA530A9F00][000001DA456FA340 49] WindowsNoEditor, [000001DA530A2700][000001DA456FE4C0 49] WindowsServer, [000001DA530AA200][000001DA45702640 49] WindowsClient, [000001DA530A2900][000001DA456F6780 49] IOS, [000001DA530A9A00][000001DA457068C0 49] iPadAir, [000001DA530A1900][000001DA4570AA00 49] iPadAir2, [000001DA53055A00][000001DA45716C80 49] IPadPro, [000001DA53055B00][000001DA4570ECC0 49] iPadAir3, [000001DA530A1800][000001DA4571AE40 49] iPadAir4, [000001DA53057E00][000001DA4571EFC0 49] iPadMini2, [000001DA530A1F00][000001DA45723140 49] iPadMini3, [000001DA53054200][000001DA457272C0 49] iPadMini4, [000001DA530A1B00][000001DA4572B440 49] iPadMini5, [000001DA5308D300][000001DA45733700 49] iPhone6, [000001DA5308D400][000001DA4572F740 49] iPodTouch6, [000001DA530AA400][000001DA4573BA00 49] iPhone7, [000001DA530AA900][000001DA45737A40 49] iPodTouch7, [000001DA5308F800][000001DA4573FBC0 49] iPhone5S, [000001DA530A8700][000001DA457421C0 49] iPhone6Plus, [000001DA5308F700][000001DA45746340 49] iPhone6S, [000001DA530A9400][000001DA4574A4C0 49] iPhone6SPlus, [000001DA5308FF00][000001DA42B84640 49] iPhone7Plus, [000001DA530A8A00][000001DA42B887C0 49] iPhoneSE, [000001DA5308EE00][000001DA42B8C940 49] iPhone8, [000001DA530ABB00][000001DA45712A80 49] iPhone8Plus, [000001DA5308E300][000001DA42B90BC0 49] iPhoneX, [000001DA530AA100][000001DA42B94D00 49] iPhoneXS, [000001DA5308D900][000001DA42B9CE80 49] iPhoneXSMax, [000001DA530A9200][000001DA42BA1000 49] iPhoneXR, [000001DA5308F300][000001DA42BA5180 49] iPhone11, [000001DA530A9900][000001DA42BA9300 49] iPhone11Pro, [000001DA5308E900][000001DA42BAD480 49] iPhone11ProMax, [000001DA530AA000][000001DA52B63600 49] iPhoneSE2, [000001DA5308F900][000001DA52B67780 49] iPhone12Mini, [000001DA530AB800][000001DA52B6B900 49] iPhone12, [000001DA5308DE00][000001DA52B77A80 49] iPhone12Pro, [000001DA530A8500][000001DA52BEBC00 49] iPhone12ProMax, [000001DA5308F500][000001DA52BF2200 49] iPadPro105, [000001DA530A9D00][000001DA52CC8380 49] iPadPro129, [000001DA5308DC00][000001DA33248500 49] iPadPro97, [000001DA530A8200][000001DA3324C680 49] iPadPro2_129, [000001DA5308DB00][000001DA33250800 49] iPad5, [000001DA530AA500][000001DA33254980 49] iPad6, [000001DA53054B00][000001DA33258B00 49] iPad7, [000001DA51D25800][000001DA42B98C40 49] iPad8, [000001DA53054400][000001DA3325CD80 49] iPadPro11, [000001DA51D24600][000001DA33260EC0 49] iPadPro2_11, [000001DA53056000][000001DA33269040 49] iPadPro3_129, [000001DA51D24700][000001DA3326D1C0 49] iPadPro4_129, [000001DA53057400][000001DA33271340 49] AppleTV, [000001DA51D25000][000001DA332754C0 49] AppleTV4K, [000001DA530AA300][000001DA52CD1640 49] TVOS, [000001DA5308CB00][000001DA52CD57C0 49] Mac, [000001DA53056300][000001DA52CD9940 49] MacClient, [000001DA5308C700][000001DA52CDDAC0 49] MacNoEditor, [000001DA53057B00][000001DA52CE00C0 49] MacServer, [000001DA5308CE00][000001DA52CE4240 49] Linux, [000001DA53057F00][000001DA52CE83C0 49] LinuxAArch64, [000001DA5308CC00][000001DA52CEC540 49] LinuxNoEditor, [000001DA530A8900][000001DA52CF06C0 49] LinuxAArch64NoEditor, [000001DA5308F400][000001DA52CF4840 49] LinuxClient, [000001DA530ABE00][000001DA52CF89C0 49] LinuxAArch64Client, [000001DA5308D600][000001DA52CFCB40 49] LinuxServer, [000001DA530A9500][000001DA52D00CC0 49] LinuxAArch64Server, [000001DA5308F600][000001DA33264E00 49] Android, [000001DA530AB400][000001DA52D04F40 49] Android_Low, [000001DA5308EB00][000001DA52D09080 49] Android_Mid, [000001DA530AA600][000001DA52D0D1C0 49] Android_High, [000001DA5308E600][000001DA4AA25340 49] Android_Default, [000001DA530AB100][000001DA4AA294C0 49] Android_Adreno4xx, [000001DA5308D200][000001DA4AA2D640 49] Android_Adreno5xx_Low, [000001DA530A9800][000001DA4AA317C0 49] Android_Adreno5xx, [000001DA5308C100][000001DA4AA35940 49] Android_Adreno6xx, [000001DA530A9B00][000001DA4AA39AC0 49] Android_Adreno6xx_Vulkan, [000001DA5308FD00][000001DA4AA3C0C0 49] Android_Mali_T6xx, [000001DA530A9700][000001DA4AA40240 49] Android_Mali_T7xx, [000001DA5308E200][000001DA4AA443C0 49] Android_Mali_T8xx, [000001DA530AAC00][000001DA4AA48540 49] Android_Mali_G71, [000001DA5308C500][000001DA4AA4C6C0 49] Android_Mali_G72, [000001DA530AB700][000001DA4AA50840 49] Android_Mali_G72_Vulkan, [000001DA5308FB00][000001DA4AA549C0 49] Android_Mali_G76, [000001DA530AAA00][000001DA4AA58B40 49] Android_Mali_G76_Vulkan, [000001DA5308FA00][000001DA4AA5CCC0 49] Android_Mali_G77, [000001DA530AA700][000001DA4AA60E40 49] Android_Mali_G77_Vulkan, [000001DA5308FE00][000001DA4AA20F80 49] Android_Mali_G78, [000001DA530AA800][000001DA4AA650C0 49] Android_Mali_G78_Vulkan, [000001DA5308CA00][000001DA4AA69200 49] Android_Mali_G710, [000001DA530A8F00][000001DA4AA6D340 49] Android_Mali_G710_Vulkan, [000001DA5308C400][000001DA4AA754C0 49] Android_Vulkan_SM5, [000001DA530ABA00][000001DA4AA79640 49] Android_PowerVR_G6xxx, [000001DA5308D100][000001DA4AA7D7C0 49] Android_PowerVR_GT7xxx, [000001DA530AB200][000001DA4AA81940 49] Android_PowerVR_GE8xxx, [000001DA5308E000][000001DA4AA85AC0 49] Android_PowerVR_GM9xxx, [000001DA530A9100][000001DA4AA880C0 49] Android_PowerVR_GM9xxx_Vulkan, [000001DA530A1500][000001DA4AA8C240 49] Android_TegraK1, [000001DA53057300][000001DA4AF7A3C0 49] Android_Unknown_Vulkan, [000001DA530A1C00][000001DA4AF7E540 49] Lumin, [000001DA53056500][000001DA4AF826C0 49] Lumin_Desktop, [000001DA530A2800][000001DA4AF86840 49] HoloLens, 
[2022.02.25-08.58.45:443][  0]LogMeshReduction: Using QuadricMeshReduction for automatic static mesh reduction
[2022.02.25-08.58.45:443][  0]LogMeshReduction: Using SimplygonMeshReduction for automatic skeletal mesh reduction
[2022.02.25-08.58.45:443][  0]LogMeshReduction: Using ProxyLODMeshReduction for automatic mesh merging
[2022.02.25-08.58.45:443][  0]LogMeshReduction: No distributed automatic mesh merging module available
[2022.02.25-08.58.45:443][  0]LogMeshMerging: No distributed automatic mesh merging module available
[2022.02.25-08.58.45:466][  0]LogNetVersion: GeometrySandbox 1.0.0, NetCL: 17155196, EngineNetVer: 17, GameNetVer: 0 (Checksum: 2047942326)
[2022.02.25-08.58.45:923][  0]LogTexture: Default maximum texture size for cubemaps generated from long-lat sources has been changed from 512 to unlimited. In order to preserve old behaiour for '/Engine/MapTemplates/Sky/DaylightAmbientCubemap.DaylightAmbientCubemap', its maximum texture size has been explicitly set to 512.
[2022.02.25-08.58.45:989][  0]LogHMD: PokeAHoleMaterial loaded successfully
[2022.02.25-08.58.45:996][  0]LogUObjectArray: 17178 objects as part of root set at end of initial load.
[2022.02.25-08.58.45:996][  0]LogUObjectAllocator: 4302048 out of 0 bytes used by permanent object pool.
[2022.02.25-08.58.45:996][  0]LogUObjectArray: CloseDisregardForGC: 0/0 objects in disregard for GC pool
[2022.02.25-08.58.46:498][  0]LogNiagaraDebuggerClient: Niagara Debugger Client Initialized | Session: BEA93E1D48C8F748DE8777B461D1E06C | Instance: 602CED9C4E41CF1FE07949AB3C6B2BDB (DESKTOP-V7QSN3L-100576).
[2022.02.25-08.58.46:557][  0]LogPython: Using Python 3.7.7
[2022.02.25-08.58.47:350][  0]LogTcpMessaging: Initializing TcpMessaging bridge
[2022.02.25-08.58.47:361][  0]LogUdpMessaging: Initializing bridge on interface 0.0.0.0:0 to multicast group 230.0.0.1:6666.
[2022.02.25-08.58.47:657][  0]SourceControl: Source control is disabled
[2022.02.25-08.58.47:657][  0]SourceControl: Source control is disabled
[2022.02.25-08.58.47:663][  0]SourceControl: Source control is disabled
[2022.02.25-08.58.47:668][  0]SourceControl: Source control is disabled
[2022.02.25-08.58.47:688][  0]SourceControl: Source control is disabled
[2022.02.25-08.58.47:694][  0]LogUProjectInfo: Found projects:
[2022.02.25-08.58.48:058][  0]LogOpenImageDenoise: OIDN starting up
[2022.02.25-08.58.48:119][  0]LogAndroidPermission: UAndroidPermissionCallbackProxy::GetInstance
[2022.02.25-08.58.48:184][  0]LogAudioCaptureCore: Display: No Audio Capture implementations found. Audio input will be silent.
[2022.02.25-08.58.48:184][  0]LogAudioCaptureCore: Display: No Audio Capture implementations found. Audio input will be silent.
[2022.02.25-08.58.48:368][  0]LogCollectionManager: Loaded 0 collections in 0.002134 seconds
[2022.02.25-08.58.48:414][  0]LogFileCache: Scanning file cache for directory 'C:/UnrealEngine_Projects/ue.course/GeometrySandbox/Saved/Collections/' took 0.00s
[2022.02.25-08.58.48:414][  0]LogFileCache: Scanning file cache for directory 'C:/UnrealEngine_Projects/ue.course/GeometrySandbox/Content/Developers/PC/Collections/' took 0.00s
[2022.02.25-08.58.48:414][  0]LogFileCache: Scanning file cache for directory 'C:/UnrealEngine_Projects/ue.course/GeometrySandbox/Content/Collections/' took 0.00s
[2022.02.25-08.58.48:414][  0]LogOcInput: OculusInput pre-init called
[2022.02.25-08.58.48:691][  0]LogEngine: Initializing Engine...
[2022.02.25-08.58.48:697][  0]LogHMD: Failed to enumerate extensions. Please check that you have a valid OpenXR runtime installed.
[2022.02.25-08.58.48:697][  0]LogHMD: Failed to initialize OpenVR with code 110
[2022.02.25-08.58.48:697][  0]LogMagicLeap: Warning: VR disabled because ZI is not enabled.  To enable, in the editor, Edit -> Project Settings -> Plugins -> Magic Leap Plugin -> Enable Zero Iteration
[2022.02.25-08.58.48:699][  0]LogStats: UGameplayTagsManager::InitializeManager -  0.000 s
[2022.02.25-08.58.48:835][  0]LogInit: Initializing FReadOnlyCVARCache
[2022.02.25-08.58.48:847][  0]LogAIModule: Creating AISystem for world Untitled
[2022.02.25-08.58.48:855][  0]LogAudio: Display: Initializing Audio Device Manager...
[2022.02.25-08.58.48:863][  0]LogAudio: Display: Loading Default Audio Settings Objects...
[2022.02.25-08.58.48:864][  0]LogAudio: Display: No default SoundConcurrencyObject specified (or failed to load).
[2022.02.25-08.58.48:864][  0]LogAudio: Display: Audio Device Manager Initialized
[2022.02.25-08.58.48:864][  0]LogAudio: Display: Creating Audio Device:                 Id: 1, Scope: Shared, Realtime: True
[2022.02.25-08.58.48:864][  0]LogAudioMixer: Display: Audio Mixer Platform Settings:
[2022.02.25-08.58.48:864][  0]LogAudioMixer: Display: 	Sample Rate:						  48000
[2022.02.25-08.58.48:864][  0]LogAudioMixer: Display: 	Callback Buffer Frame Size Requested: 1024
[2022.02.25-08.58.48:864][  0]LogAudioMixer: Display: 	Callback Buffer Frame Size To Use:	  1024
[2022.02.25-08.58.48:864][  0]LogAudioMixer: Display: 	Number of buffers to queue:			  2
[2022.02.25-08.58.48:865][  0]LogAudioMixer: Display: 	Max Channels (voices):				  32
[2022.02.25-08.58.48:865][  0]LogAudioMixer: Display: 	Number of Async Source Workers:		  0
[2022.02.25-08.58.48:865][  0]LogAudio: Display: AudioDevice MaxSources: 32
[2022.02.25-08.58.48:865][  0]LogAudio: Display: Audio Spatialization Plugin: None (built-in).
[2022.02.25-08.58.48:865][  0]LogAudio: Display: Audio Reverb Plugin: None (built-in).
[2022.02.25-08.58.48:865][  0]LogAudio: Display: Audio Occlusion Plugin: None (built-in).
[2022.02.25-08.58.48:865][  0]LogAudioMixer: Display: Initializing audio mixer.
[2022.02.25-08.58.48:891][  0]LogAudioMixer: Display: 0: FrontLeft
[2022.02.25-08.58.48:891][  0]LogAudioMixer: Display: 1: FrontRight
[2022.02.25-08.58.48:952][  0]LogAudioMixer: Display: Using Audio Device Динамики (Line 6 UX2)
[2022.02.25-08.58.48:954][  0]LogAudioMixer: Display: Initializing Sound Submixes...
[2022.02.25-08.58.48:958][  0]LogAudioMixer: Display: Creating Master Submix 'MasterSubmixDefault'
[2022.02.25-08.58.48:958][  0]LogAudioMixer: Display: Creating Master Submix 'MasterReverbSubmixDefault'
[2022.02.25-08.58.48:959][  0]LogAudioMixer: Display: Creating Master Submix 'MasterEQSubmixDefault'
[2022.02.25-08.58.48:959][  0]LogAudioMixer: FMixerPlatformXAudio2::StartAudioStream() called
[2022.02.25-08.58.48:959][  0]LogAudioMixer: Display: Output buffers initialized: Frames=1024, Channels=2, Samples=2048
[2022.02.25-08.58.48:962][  0]LogAudioMixer: Display: Starting AudioMixerPlatformInterface::RunInternal()
[2022.02.25-08.58.48:962][  0]LogAudioMixer: Display: FMixerPlatformXAudio2::SubmitBuffer() called for the first time
[2022.02.25-08.58.48:962][  0]LogInit: FAudioDevice initialized.
[2022.02.25-08.58.48:963][  0]LogAudio: Display: Audio Device (ID: 1) registered with world 'Untitled'.
[2022.02.25-08.58.48:963][  0]LogNetVersion: Set ProjectVersion to 1.0.0.0. Version Checksum will be recalculated on next use.
[2022.02.25-08.58.49:066][  0]LogDerivedDataCache: Saved boot cache 0.10s 94MB C:/Users/PC/AppData/Local/UnrealEngine/4.27/DerivedDataCache/Boot.ddc.
[2022.02.25-08.58.49:067][  0]LogInit: Texture streaming: Enabled
[2022.02.25-08.58.49:095][  0]LogAnalytics: Display: [UEEditor.Rocket.Release] APIServer = https://datarouter.ol.epicgames.com/. AppVersion = 4.27.2-18319896+++UE4+Release-4.27
[2022.02.25-08.58.49:102][  0]LogEngineSessionManager: EngineSessionManager initialized
[2022.02.25-08.58.49:102][  0]LogEditorSessionSummary: Verbose: Initializing EditorSessionSummaryWriter for editor session tracking
[2022.02.25-08.58.49:104][  0]LogEditorSessionSummary: EditorSessionSummaryWriter initialized
[2022.02.25-08.58.49:138][  0]LogInit: Transaction tracking system initialized
[2022.02.25-08.58.49:182][  0]BlueprintLog: New page: Editor Load
[2022.02.25-08.58.49:294][  0]LocalizationService: Localization service is disabled
[2022.02.25-08.58.49:340][  0]TimingProfiler: Initialize
[2022.02.25-08.58.49:341][  0]TimingProfiler: OnSessionChanged
[2022.02.25-08.58.49:341][  0]LoadingProfiler: Initialize
[2022.02.25-08.58.49:341][  0]LoadingProfiler: OnSessionChanged
[2022.02.25-08.58.49:341][  0]NetworkingProfiler: Initialize
[2022.02.25-08.58.49:341][  0]NetworkingProfiler: OnSessionChanged
[2022.02.25-08.58.49:341][  0]MemoryProfiler: Initialize
[2022.02.25-08.58.49:342][  0]MemoryProfiler: OnSessionChanged
[2022.02.25-08.58.49:555][  0]LogFileCache: Scanning file cache for directory 'C:/UnrealEngine_Projects/ue.course/GeometrySandbox/Content/' took 0.00s
[2022.02.25-08.58.49:555][  0]LogCook: Display: CookSettings for Memory: MemoryMaxUsedVirtual 0MiB, MemoryMaxUsedPhysical 16384MiB, MemoryMinFreeVirtual 0MiB, MemoryMinFreePhysical 1024MiB
[2022.02.25-08.58.49:555][  0]LogCook: Display: Mobile HDR setting 1
[2022.02.25-08.58.50:096][  0]LogInit: Display: Engine is initialized. Leaving FEngineLoop::Init()
[2022.02.25-08.58.50:100][  0]SourceControl: Source control is disabled
[2022.02.25-08.58.50:100][  0]LogUnrealEdMisc: Loading editor; pre map load, took 9.729
[2022.02.25-08.58.50:100][  0]Cmd: MAP LOAD FILE="../../../../../../UnrealEngine_Projects/ue.course/GeometrySandbox/Content/SandboxMap.umap" TEMPLATE=0 SHOWPROGRESS=1 FEATURELEVEL=3
[2022.02.25-08.58.50:101][  0]LightingResults: New page: Lighting Build
[2022.02.25-08.58.50:103][  0]LogWorld: UWorld::CleanupWorld for Untitled, bSessionEnded=true, bCleanupResources=true
[2022.02.25-08.58.50:103][  0]LogSlate: InvalidateAllWidgets triggered.  All widgets were invalidated
[2022.02.25-08.58.50:103][  0]MapCheck: New page: Map Check
[2022.02.25-08.58.50:103][  0]LightingResults: New page: Lighting Build
[2022.02.25-08.58.50:109][  0]LogAudio: Display: Audio Device unregistered from world 'None'.
[2022.02.25-08.58.50:114][  0]LogUObjectHash: Compacting FUObjectHashTables data took   0.97ms
[2022.02.25-08.58.50:187][  0]LogAudio: Display: Audio Device (ID: 1) registered with world 'SandboxMap'.
[2022.02.25-08.58.50:189][  0]LogAIModule: Creating AISystem for world SandboxMap
[2022.02.25-08.58.50:195][  0]LogEditorServer: Finished looking for orphan Actors (0.000 secs)
[2022.02.25-08.58.50:209][  0]LogUObjectHash: Compacting FUObjectHashTables data took   0.93ms
[2022.02.25-08.58.50:209][  0]Cmd: MAP CHECKDEP NOCLEARLOG
[2022.02.25-08.58.50:209][  0]MapCheck: Map check complete: 0 Error(s), 0 Warning(s), took 0,228ms to complete.
[2022.02.25-08.58.50:210][  0]LogFileHelpers: Loading map 'SandboxMap' took 0.109
[2022.02.25-08.58.50:212][  0]LogUnrealEdMisc: Total Editor Startup Time, took 9.841
[2022.02.25-08.58.50:357][  0]LogSlate: Updating window title bar state: overlay mode, drag disabled, window buttons hidden, title bar hidden
[2022.02.25-08.58.50:368][  0]LogSlate: Updating window title bar state: overlay mode, drag disabled, window buttons hidden, title bar hidden
[2022.02.25-08.58.50:376][  0]LogSlate: Updating window title bar state: overlay mode, drag disabled, window buttons hidden, title bar hidden
[2022.02.25-08.58.50:383][  0]LogSlate: Updating window title bar state: overlay mode, drag disabled, window buttons hidden, title bar hidden
[2022.02.25-08.58.50:400][  0]LogNativeClassHierarchy: Verbose: Native class hierarchy populated in 0.0121 seconds. Added 3824 classes and 931 folders.
[2022.02.25-08.58.50:403][  0]LogNativeClassHierarchy: Verbose: Native class hierarchy updated for 'WidgetCarousel' in 0.0003 seconds. Added 0 classes and 0 folders.
[2022.02.25-08.58.50:405][  0]LogPakFile: PakFile PrimaryIndexSize=187
[2022.02.25-08.58.50:405][  0]LogPakFile: PakFile PathHashIndexSize=101
[2022.02.25-08.58.50:405][  0]LogPakFile: PakFile FullDirectoryIndexSize=148
[2022.02.25-08.58.50:405][  0]LogShaderLibrary: Display: ShaderCodeLibraryPakFileMountedCallback: PakFile 'C:/Games/Epic Games/UE_4.27/FeaturePacks/FP_FirstPerson.upack' (chunk index -1, root 'root:/') mounted
[2022.02.25-08.58.50:405][  0]LogShaderLibrary: Display: ShaderCodeLibraryPakFileMountedCallback: pending pak file info (ChunkID:-1 Root:root:/ File:C:/Games/Epic Games/UE_4.27/FeaturePacks/FP_FirstPerson.upack)
[2022.02.25-08.58.50:405][  0]LogPakFile: OnPakFileMounted2Time == 0.000172
[2022.02.25-08.58.50:406][  0]LogPakFile: PakFile PrimaryIndexSize=189
[2022.02.25-08.58.50:406][  0]LogPakFile: PakFile PathHashIndexSize=101
[2022.02.25-08.58.50:406][  0]LogPakFile: PakFile FullDirectoryIndexSize=152
[2022.02.25-08.58.50:406][  0]LogShaderLibrary: Display: ShaderCodeLibraryPakFileMountedCallback: PakFile 'C:/Games/Epic Games/UE_4.27/FeaturePacks/FP_FirstPersonBP.upack' (chunk index -1, root 'root:/') mounted
[2022.02.25-08.58.50:406][  0]LogShaderLibrary: Display: ShaderCodeLibraryPakFileMountedCallback: pending pak file info (ChunkID:-1 Root:root:/ File:C:/Games/Epic Games/UE_4.27/FeaturePacks/FP_FirstPersonBP.upack)
[2022.02.25-08.58.50:406][  0]LogPakFile: OnPakFileMounted2Time == 0.000134
[2022.02.25-08.58.50:407][  0]LogPakFile: PakFile PrimaryIndexSize=191
[2022.02.25-08.58.50:407][  0]LogPakFile: PakFile PathHashIndexSize=101
[2022.02.25-08.58.50:407][  0]LogPakFile: PakFile FullDirectoryIndexSize=160
[2022.02.25-08.58.50:407][  0]LogShaderLibrary: Display: ShaderCodeLibraryPakFileMountedCallback: PakFile 'C:/Games/Epic Games/UE_4.27/FeaturePacks/MobileStarterContent.upack' (chunk index -1, root 'root:/') mounted
[2022.02.25-08.58.50:408][  0]LogShaderLibrary: Display: ShaderCodeLibraryPakFileMountedCallback: pending pak file info (ChunkID:-1 Root:root:/ File:C:/Games/Epic Games/UE_4.27/FeaturePacks/MobileStarterContent.upack)
[2022.02.25-08.58.50:408][  0]LogPakFile: OnPakFileMounted2Time == 0.000137
[2022.02.25-08.58.50:408][  0]LogPakFile: PakFile PrimaryIndexSize=185
[2022.02.25-08.58.50:408][  0]LogPakFile: PakFile PathHashIndexSize=101
[2022.02.25-08.58.50:408][  0]LogPakFile: PakFile FullDirectoryIndexSize=148
[2022.02.25-08.58.50:409][  0]LogShaderLibrary: Display: ShaderCodeLibraryPakFileMountedCallback: PakFile 'C:/Games/Epic Games/UE_4.27/FeaturePacks/StarterContent.upack' (chunk index -1, root 'root:/') mounted
[2022.02.25-08.58.50:409][  0]LogShaderLibrary: Display: ShaderCodeLibraryPakFileMountedCallback: pending pak file info (ChunkID:-1 Root:root:/ File:C:/Games/Epic Games/UE_4.27/FeaturePacks/StarterContent.upack)
[2022.02.25-08.58.50:409][  0]LogPakFile: OnPakFileMounted2Time == 0.000172
[2022.02.25-08.58.50:410][  0]LogPakFile: PakFile PrimaryIndexSize=190
[2022.02.25-08.58.50:410][  0]LogPakFile: PakFile PathHashIndexSize=101
[2022.02.25-08.58.50:410][  0]LogPakFile: PakFile FullDirectoryIndexSize=154
[2022.02.25-08.58.50:410][  0]LogShaderLibrary: Display: ShaderCodeLibraryPakFileMountedCallback: PakFile 'C:/Games/Epic Games/UE_4.27/FeaturePacks/TP_2DSideScroller.upack' (chunk index -1, root 'root:/') mounted
[2022.02.25-08.58.50:410][  0]LogShaderLibrary: Display: ShaderCodeLibraryPakFileMountedCallback: pending pak file info (ChunkID:-1 Root:root:/ File:C:/Games/Epic Games/UE_4.27/FeaturePacks/TP_2DSideScroller.upack)
[2022.02.25-08.58.50:410][  0]LogPakFile: OnPakFileMounted2Time == 0.000144
[2022.02.25-08.58.50:411][  0]LogPakFile: PakFile PrimaryIndexSize=192
[2022.02.25-08.58.50:411][  0]LogPakFile: PakFile PathHashIndexSize=101
[2022.02.25-08.58.50:411][  0]LogPakFile: PakFile FullDirectoryIndexSize=158
[2022.02.25-08.58.50:411][  0]LogShaderLibrary: Display: ShaderCodeLibraryPakFileMountedCallback: PakFile 'C:/Games/Epic Games/UE_4.27/FeaturePacks/TP_2DSideScrollerBP.upack' (chunk index -1, root 'root:/') mounted
[2022.02.25-08.58.50:411][  0]LogShaderLibrary: Display: ShaderCodeLibraryPakFileMountedCallback: pending pak file info (ChunkID:-1 Root:root:/ File:C:/Games/Epic Games/UE_4.27/FeaturePacks/TP_2DSideScrollerBP.upack)
[2022.02.25-08.58.50:411][  0]LogPakFile: OnPakFileMounted2Time == 0.000153
[2022.02.25-08.58.50:412][  0]LogPakFile: PakFile PrimaryIndexSize=182
[2022.02.25-08.58.50:412][  0]LogPakFile: PakFile PathHashIndexSize=101
[2022.02.25-08.58.50:412][  0]LogPakFile: PakFile FullDirectoryIndexSize=138
[2022.02.25-08.58.50:412][  0]LogShaderLibrary: Display: ShaderCodeLibraryPakFileMountedCallback: PakFile 'C:/Games/Epic Games/UE_4.27/FeaturePacks/TP_Flying.upack' (chunk index -1, root 'root:/') mounted
[2022.02.25-08.58.50:412][  0]LogShaderLibrary: Display: ShaderCodeLibraryPakFileMountedCallback: pending pak file info (ChunkID:-1 Root:root:/ File:C:/Games/Epic Games/UE_4.27/FeaturePacks/TP_Flying.upack)
[2022.02.25-08.58.50:412][  0]LogPakFile: OnPakFileMounted2Time == 0.000178
[2022.02.25-08.58.50:413][  0]LogPakFile: PakFile PrimaryIndexSize=184
[2022.02.25-08.58.50:413][  0]LogPakFile: PakFile PathHashIndexSize=101
[2022.02.25-08.58.50:413][  0]LogPakFile: PakFile FullDirectoryIndexSize=142
[2022.02.25-08.58.50:413][  0]LogShaderLibrary: Display: ShaderCodeLibraryPakFileMountedCallback: PakFile 'C:/Games/Epic Games/UE_4.27/FeaturePacks/TP_FlyingBP.upack' (chunk index -1, root 'root:/') mounted
[2022.02.25-08.58.50:413][  0]LogShaderLibrary: Display: ShaderCodeLibraryPakFileMountedCallback: pending pak file info (ChunkID:-1 Root:root:/ File:C:/Games/Epic Games/UE_4.27/FeaturePacks/TP_FlyingBP.upack)
[2022.02.25-08.58.50:413][  0]LogPakFile: OnPakFileMounted2Time == 0.000176
[2022.02.25-08.58.50:414][  0]LogPakFile: PakFile PrimaryIndexSize=188
[2022.02.25-08.58.50:414][  0]LogPakFile: PakFile PathHashIndexSize=101
[2022.02.25-08.58.50:414][  0]LogPakFile: PakFile FullDirectoryIndexSize=150
[2022.02.25-08.58.50:414][  0]LogShaderLibrary: Display: ShaderCodeLibraryPakFileMountedCallback: PakFile 'C:/Games/Epic Games/UE_4.27/FeaturePacks/TP_HandheldARBP.upack' (chunk index -1, root 'root:/') mounted
[2022.02.25-08.58.50:414][  0]LogShaderLibrary: Display: ShaderCodeLibraryPakFileMountedCallback: pending pak file info (ChunkID:-1 Root:root:/ File:C:/Games/Epic Games/UE_4.27/FeaturePacks/TP_HandheldARBP.upack)
[2022.02.25-08.58.50:414][  0]LogPakFile: OnPakFileMounted2Time == 0.000147
[2022.02.25-08.58.50:415][  0]LogPakFile: PakFile PrimaryIndexSize=182
[2022.02.25-08.58.50:416][  0]LogPakFile: PakFile PathHashIndexSize=101
[2022.02.25-08.58.50:416][  0]LogPakFile: PakFile FullDirectoryIndexSize=138
[2022.02.25-08.58.50:416][  0]LogShaderLibrary: Display: ShaderCodeLibraryPakFileMountedCallback: PakFile 'C:/Games/Epic Games/UE_4.27/FeaturePacks/TP_Puzzle.upack' (chunk index -1, root 'root:/') mounted
[2022.02.25-08.58.50:416][  0]LogShaderLibrary: Display: ShaderCodeLibraryPakFileMountedCallback: pending pak file info (ChunkID:-1 Root:root:/ File:C:/Games/Epic Games/UE_4.27/FeaturePacks/TP_Puzzle.upack)
[2022.02.25-08.58.50:416][  0]LogPakFile: OnPakFileMounted2Time == 0.000172
[2022.02.25-08.58.50:416][  0]LogPakFile: PakFile PrimaryIndexSize=184
[2022.02.25-08.58.50:417][  0]LogPakFile: PakFile PathHashIndexSize=101
[2022.02.25-08.58.50:417][  0]LogPakFile: PakFile FullDirectoryIndexSize=142
[2022.02.25-08.58.50:417][  0]LogShaderLibrary: Display: ShaderCodeLibraryPakFileMountedCallback: PakFile 'C:/Games/Epic Games/UE_4.27/FeaturePacks/TP_PuzzleBP.upack' (chunk index -1, root 'root:/') mounted
[2022.02.25-08.58.50:417][  0]LogShaderLibrary: Display: ShaderCodeLibraryPakFileMountedCallback: pending pak file info (ChunkID:-1 Root:root:/ File:C:/Games/Epic Games/UE_4.27/FeaturePacks/TP_PuzzleBP.upack)
[2022.02.25-08.58.50:417][  0]LogPakFile: OnPakFileMounted2Time == 0.000164
[2022.02.25-08.58.50:418][  0]LogPakFile: PakFile PrimaryIndexSize=183
[2022.02.25-08.58.50:418][  0]LogPakFile: PakFile PathHashIndexSize=101
[2022.02.25-08.58.50:418][  0]LogPakFile: PakFile FullDirectoryIndexSize=140
[2022.02.25-08.58.50:418][  0]LogShaderLibrary: Display: ShaderCodeLibraryPakFileMountedCallback: PakFile 'C:/Games/Epic Games/UE_4.27/FeaturePacks/TP_Rolling.upack' (chunk index -1, root 'root:/') mounted
[2022.02.25-08.58.50:418][  0]LogShaderLibrary: Display: ShaderCodeLibraryPakFileMountedCallback: pending pak file info (ChunkID:-1 Root:root:/ File:C:/Games/Epic Games/UE_4.27/FeaturePacks/TP_Rolling.upack)
[2022.02.25-08.58.50:418][  0]LogPakFile: OnPakFileMounted2Time == 0.000163
[2022.02.25-08.58.50:419][  0]LogPakFile: PakFile PrimaryIndexSize=185
[2022.02.25-08.58.50:419][  0]LogPakFile: PakFile PathHashIndexSize=101
[2022.02.25-08.58.50:419][  0]LogPakFile: PakFile FullDirectoryIndexSize=144
[2022.02.25-08.58.50:419][  0]LogShaderLibrary: Display: ShaderCodeLibraryPakFileMountedCallback: PakFile 'C:/Games/Epic Games/UE_4.27/FeaturePacks/TP_RollingBP.upack' (chunk index -1, root 'root:/') mounted
[2022.02.25-08.58.50:419][  0]LogShaderLibrary: Display: ShaderCodeLibraryPakFileMountedCallback: pending pak file info (ChunkID:-1 Root:root:/ File:C:/Games/Epic Games/UE_4.27/FeaturePacks/TP_RollingBP.upack)
[2022.02.25-08.58.50:419][  0]LogPakFile: OnPakFileMounted2Time == 0.000179
[2022.02.25-08.58.50:420][  0]LogPakFile: PakFile PrimaryIndexSize=188
[2022.02.25-08.58.50:420][  0]LogPakFile: PakFile PathHashIndexSize=101
[2022.02.25-08.58.50:420][  0]LogPakFile: PakFile FullDirectoryIndexSize=150
[2022.02.25-08.58.50:420][  0]LogShaderLibrary: Display: ShaderCodeLibraryPakFileMountedCallback: PakFile 'C:/Games/Epic Games/UE_4.27/FeaturePacks/TP_SideScroller.upack' (chunk index -1, root 'root:/') mounted
[2022.02.25-08.58.50:420][  0]LogShaderLibrary: Display: ShaderCodeLibraryPakFileMountedCallback: pending pak file info (ChunkID:-1 Root:root:/ File:C:/Games/Epic Games/UE_4.27/FeaturePacks/TP_SideScroller.upack)
[2022.02.25-08.58.50:420][  0]LogPakFile: OnPakFileMounted2Time == 0.000138
[2022.02.25-08.58.50:421][  0]LogPakFile: PakFile PrimaryIndexSize=190
[2022.02.25-08.58.50:421][  0]LogPakFile: PakFile PathHashIndexSize=101
[2022.02.25-08.58.50:422][  0]LogPakFile: PakFile FullDirectoryIndexSize=154
[2022.02.25-08.58.50:422][  0]LogShaderLibrary: Display: ShaderCodeLibraryPakFileMountedCallback: PakFile 'C:/Games/Epic Games/UE_4.27/FeaturePacks/TP_SideScrollerBP.upack' (chunk index -1, root 'root:/') mounted
[2022.02.25-08.58.50:422][  0]LogShaderLibrary: Display: ShaderCodeLibraryPakFileMountedCallback: pending pak file info (ChunkID:-1 Root:root:/ File:C:/Games/Epic Games/UE_4.27/FeaturePacks/TP_SideScrollerBP.upack)
[2022.02.25-08.58.50:422][  0]LogPakFile: OnPakFileMounted2Time == 0.000184
[2022.02.25-08.58.50:423][  0]LogPakFile: PakFile PrimaryIndexSize=187
[2022.02.25-08.58.50:423][  0]LogPakFile: PakFile PathHashIndexSize=101
[2022.02.25-08.58.50:423][  0]LogPakFile: PakFile FullDirectoryIndexSize=148
[2022.02.25-08.58.50:423][  0]LogShaderLibrary: Display: ShaderCodeLibraryPakFileMountedCallback: PakFile 'C:/Games/Epic Games/UE_4.27/FeaturePacks/TP_ThirdPerson.upack' (chunk index -1, root 'root:/') mounted
[2022.02.25-08.58.50:423][  0]LogShaderLibrary: Display: ShaderCodeLibraryPakFileMountedCallback: pending pak file info (ChunkID:-1 Root:root:/ File:C:/Games/Epic Games/UE_4.27/FeaturePacks/TP_ThirdPerson.upack)
[2022.02.25-08.58.50:423][  0]LogPakFile: OnPakFileMounted2Time == 0.000162
[2022.02.25-08.58.50:424][  0]LogPakFile: PakFile PrimaryIndexSize=189
[2022.02.25-08.58.50:424][  0]LogPakFile: PakFile PathHashIndexSize=101
[2022.02.25-08.58.50:424][  0]LogPakFile: PakFile FullDirectoryIndexSize=152
[2022.02.25-08.58.50:424][  0]LogShaderLibrary: Display: ShaderCodeLibraryPakFileMountedCallback: PakFile 'C:/Games/Epic Games/UE_4.27/FeaturePacks/TP_ThirdPersonBP.upack' (chunk index -1, root 'root:/') mounted
[2022.02.25-08.58.50:425][  0]LogShaderLibrary: Display: ShaderCodeLibraryPakFileMountedCallback: pending pak file info (ChunkID:-1 Root:root:/ File:C:/Games/Epic Games/UE_4.27/FeaturePacks/TP_ThirdPersonBP.upack)
[2022.02.25-08.58.50:425][  0]LogPakFile: OnPakFileMounted2Time == 0.000198
[2022.02.25-08.58.50:425][  0]LogPakFile: PakFile PrimaryIndexSize=183
[2022.02.25-08.58.50:425][  0]LogPakFile: PakFile PathHashIndexSize=101
[2022.02.25-08.58.50:426][  0]LogPakFile: PakFile FullDirectoryIndexSize=140
[2022.02.25-08.58.50:426][  0]LogShaderLibrary: Display: ShaderCodeLibraryPakFileMountedCallback: PakFile 'C:/Games/Epic Games/UE_4.27/FeaturePacks/TP_TopDown.upack' (chunk index -1, root 'root:/') mounted
[2022.02.25-08.58.50:426][  0]LogShaderLibrary: Display: ShaderCodeLibraryPakFileMountedCallback: pending pak file info (ChunkID:-1 Root:root:/ File:C:/Games/Epic Games/UE_4.27/FeaturePacks/TP_TopDown.upack)
[2022.02.25-08.58.50:426][  0]LogPakFile: OnPakFileMounted2Time == 0.000181
[2022.02.25-08.58.50:426][  0]LogPakFile: PakFile PrimaryIndexSize=185
[2022.02.25-08.58.50:427][  0]LogPakFile: PakFile PathHashIndexSize=101
[2022.02.25-08.58.50:427][  0]LogPakFile: PakFile FullDirectoryIndexSize=144
[2022.02.25-08.58.50:427][  0]LogShaderLibrary: Display: ShaderCodeLibraryPakFileMountedCallback: PakFile 'C:/Games/Epic Games/UE_4.27/FeaturePacks/TP_TopDownBP.upack' (chunk index -1, root 'root:/') mounted
[2022.02.25-08.58.50:427][  0]LogShaderLibrary: Display: ShaderCodeLibraryPakFileMountedCallback: pending pak file info (ChunkID:-1 Root:root:/ File:C:/Games/Epic Games/UE_4.27/FeaturePacks/TP_TopDownBP.upack)
[2022.02.25-08.58.50:427][  0]LogPakFile: OnPakFileMounted2Time == 0.000165
[2022.02.25-08.58.50:428][  0]LogPakFile: PakFile PrimaryIndexSize=185
[2022.02.25-08.58.50:428][  0]LogPakFile: PakFile PathHashIndexSize=101
[2022.02.25-08.58.50:428][  0]LogPakFile: PakFile FullDirectoryIndexSize=144
[2022.02.25-08.58.50:428][  0]LogShaderLibrary: Display: ShaderCodeLibraryPakFileMountedCallback: PakFile 'C:/Games/Epic Games/UE_4.27/FeaturePacks/TP_TwinStick.upack' (chunk index -1, root 'root:/') mounted
[2022.02.25-08.58.50:428][  0]LogShaderLibrary: Display: ShaderCodeLibraryPakFileMountedCallback: pending pak file info (ChunkID:-1 Root:root:/ File:C:/Games/Epic Games/UE_4.27/FeaturePacks/TP_TwinStick.upack)
[2022.02.25-08.58.50:428][  0]LogPakFile: OnPakFileMounted2Time == 0.000140
[2022.02.25-08.58.50:429][  0]LogPakFile: PakFile PrimaryIndexSize=187
[2022.02.25-08.58.50:429][  0]LogPakFile: PakFile PathHashIndexSize=101
[2022.02.25-08.58.50:429][  0]LogPakFile: PakFile FullDirectoryIndexSize=148
[2022.02.25-08.58.50:429][  0]LogShaderLibrary: Display: ShaderCodeLibraryPakFileMountedCallback: PakFile 'C:/Games/Epic Games/UE_4.27/FeaturePacks/TP_TwinStickBP.upack' (chunk index -1, root 'root:/') mounted
[2022.02.25-08.58.50:429][  0]LogShaderLibrary: Display: ShaderCodeLibraryPakFileMountedCallback: pending pak file info (ChunkID:-1 Root:root:/ File:C:/Games/Epic Games/UE_4.27/FeaturePacks/TP_TwinStickBP.upack)
[2022.02.25-08.58.50:429][  0]LogPakFile: OnPakFileMounted2Time == 0.000156
[2022.02.25-08.58.50:430][  0]LogPakFile: PakFile PrimaryIndexSize=183
[2022.02.25-08.58.50:430][  0]LogPakFile: PakFile PathHashIndexSize=101
[2022.02.25-08.58.50:430][  0]LogPakFile: PakFile FullDirectoryIndexSize=140
[2022.02.25-08.58.50:430][  0]LogShaderLibrary: Display: ShaderCodeLibraryPakFileMountedCallback: PakFile 'C:/Games/Epic Games/UE_4.27/FeaturePacks/TP_Vehicle.upack' (chunk index -1, root 'root:/') mounted
[2022.02.25-08.58.50:430][  0]LogShaderLibrary: Display: ShaderCodeLibraryPakFileMountedCallback: pending pak file info (ChunkID:-1 Root:root:/ File:C:/Games/Epic Games/UE_4.27/FeaturePacks/TP_Vehicle.upack)
[2022.02.25-08.58.50:430][  0]LogPakFile: OnPakFileMounted2Time == 0.000145
[2022.02.25-08.58.50:431][  0]LogPakFile: PakFile PrimaryIndexSize=186
[2022.02.25-08.58.50:431][  0]LogPakFile: PakFile PathHashIndexSize=101
[2022.02.25-08.58.50:431][  0]LogPakFile: PakFile FullDirectoryIndexSize=146
[2022.02.25-08.58.50:431][  0]LogShaderLibrary: Display: ShaderCodeLibraryPakFileMountedCallback: PakFile 'C:/Games/Epic Games/UE_4.27/FeaturePacks/TP_VehicleAdv.upack' (chunk index -1, root 'root:/') mounted
[2022.02.25-08.58.50:431][  0]LogShaderLibrary: Display: ShaderCodeLibraryPakFileMountedCallback: pending pak file info (ChunkID:-1 Root:root:/ File:C:/Games/Epic Games/UE_4.27/FeaturePacks/TP_VehicleAdv.upack)
[2022.02.25-08.58.50:431][  0]LogPakFile: OnPakFileMounted2Time == 0.000158
[2022.02.25-08.58.50:432][  0]LogPakFile: PakFile PrimaryIndexSize=188
[2022.02.25-08.58.50:432][  0]LogPakFile: PakFile PathHashIndexSize=101
[2022.02.25-08.58.50:432][  0]LogPakFile: PakFile FullDirectoryIndexSize=150
[2022.02.25-08.58.50:432][  0]LogShaderLibrary: Display: ShaderCodeLibraryPakFileMountedCallback: PakFile 'C:/Games/Epic Games/UE_4.27/FeaturePacks/TP_VehicleAdvBP.upack' (chunk index -1, root 'root:/') mounted
[2022.02.25-08.58.50:432][  0]LogShaderLibrary: Display: ShaderCodeLibraryPakFileMountedCallback: pending pak file info (ChunkID:-1 Root:root:/ File:C:/Games/Epic Games/UE_4.27/FeaturePacks/TP_VehicleAdvBP.upack)
[2022.02.25-08.58.50:432][  0]LogPakFile: OnPakFileMounted2Time == 0.000179
[2022.02.25-08.58.50:433][  0]LogPakFile: PakFile PrimaryIndexSize=185
[2022.02.25-08.58.50:433][  0]LogPakFile: PakFile PathHashIndexSize=101
[2022.02.25-08.58.50:433][  0]LogPakFile: PakFile FullDirectoryIndexSize=144
[2022.02.25-08.58.50:433][  0]LogShaderLibrary: Display: ShaderCodeLibraryPakFileMountedCallback: PakFile 'C:/Games/Epic Games/UE_4.27/FeaturePacks/TP_VehicleBP.upack' (chunk index -1, root 'root:/') mounted
[2022.02.25-08.58.50:434][  0]LogShaderLibrary: Display: ShaderCodeLibraryPakFileMountedCallback: pending pak file info (ChunkID:-1 Root:root:/ File:C:/Games/Epic Games/UE_4.27/FeaturePacks/TP_VehicleBP.upack)
[2022.02.25-08.58.50:434][  0]LogPakFile: OnPakFileMounted2Time == 0.000155
[2022.02.25-08.58.50:434][  0]LogPakFile: PakFile PrimaryIndexSize=192
[2022.02.25-08.58.50:434][  0]LogPakFile: PakFile PathHashIndexSize=101
[2022.02.25-08.58.50:434][  0]LogPakFile: PakFile FullDirectoryIndexSize=158
[2022.02.25-08.58.50:434][  0]LogShaderLibrary: Display: ShaderCodeLibraryPakFileMountedCallback: PakFile 'C:/Games/Epic Games/UE_4.27/FeaturePacks/TP_VirtualRealityBP.upack' (chunk index -1, root 'root:/') mounted
[2022.02.25-08.58.50:435][  0]LogShaderLibrary: Display: ShaderCodeLibraryPakFileMountedCallback: pending pak file info (ChunkID:-1 Root:root:/ File:C:/Games/Epic Games/UE_4.27/FeaturePacks/TP_VirtualRealityBP.upack)
[2022.02.25-08.58.50:435][  0]LogPakFile: OnPakFileMounted2Time == 0.000139
[2022.02.25-08.58.50:516][  0]LogNativeClassHierarchy: Verbose: Native class hierarchy updated for 'AddContentDialog' in 0.0003 seconds. Added 0 classes and 0 folders.
[2022.02.25-08.58.50:517][  0]LogNativeClassHierarchy: Verbose: Native class hierarchy updated for 'SceneOutliner' in 0.0003 seconds. Added 2 classes and 0 folders.
[2022.02.25-08.58.50:555][  0]LogSlate: Took 0.000377 seconds to synchronously load lazily loaded font '../../../Engine/Content/Slate/Fonts/Roboto-Regular.ttf' (155K)
[2022.02.25-08.58.50:556][  0]LogSlate: Took 0.000216 seconds to synchronously load lazily loaded font '../../../Engine/Content/Editor/Slate/Fonts/FontAwesome.ttf' (139K)
[2022.02.25-08.58.50:558][  0]LogSlate: Took 0.000291 seconds to synchronously load lazily loaded font '../../../Engine/Content/Slate/Fonts/Roboto-Bold.ttf' (160K)
[2022.02.25-08.58.50:668][  0]LogRenderer: Reallocating scene render targets to support 1208x572 Format 10 NumSamples 1 (Frame:1).
[2022.02.25-08.58.50:718][  0]LogSlate: Took 0.000242 seconds to synchronously load lazily loaded font '../../../Engine/Content/Slate/Fonts/Roboto-Light.ttf' (167K)
[2022.02.25-08.58.50:774][  0]LogNativeClassHierarchy: Verbose: Native class hierarchy updated for 'HierarchicalLODOutliner' in 0.0003 seconds. Added 0 classes and 0 folders.
[2022.02.25-08.58.50:774][  0]LogLoad: (Engine Initialization) Total time: 10.40 seconds
[2022.02.25-08.58.50:774][  0]LogLoad: (Engine Initialization) Total Blueprint compile time: 0.00 seconds
[2022.02.25-08.58.50:821][  0]LogAssetRegistry: Asset discovery search completed in 5.8683 seconds
[2022.02.25-08.58.50:828][  0]LogCollectionManager: Fixed up redirectors for 0 collections in 0.000004 seconds (updated 0 objects)
[2022.02.25-08.58.50:829][  0]LogContentStreaming: Texture pool size now 1000 MB
[2022.02.25-08.58.55:771][583]Cmd: DELETE
[2022.02.25-08.58.55:771][583]Cmd: ACTOR DELETE
[2022.02.25-08.58.55:780][583]LogEditorActor: Deleted Actor: BaseGeometryActor
[2022.02.25-08.58.55:795][583]LogUObjectHash: Compacting FUObjectHashTables data took   0.70ms
[2022.02.25-08.58.55:796][583]LogEditorActor: Deleted 1 Actors (0.019 secs)
[2022.02.25-09.01.20:312][561]LogSlate: Took 0.000171 seconds to synchronously load lazily loaded font '../../../Engine/Content/Slate/Fonts/Roboto-Light.ttf' (167K)
[2022.02.25-09.01.20:350][561]LogEditorClassViewer: Warning: Class /Engine/Tutorial/InWorldBlueprintEditing/TutorialAssets/IWBE_Blutility.IWBE_Blutility_C has parent /Script/Blutility.PlacedEditorUtilityBase, but this parent is not found. The Class will not be shown in ClassViewer.
[2022.02.25-09.01.20:437][561]LogSlate: Took 0.007284 seconds to synchronously load lazily loaded font '../../../Engine/Content/Slate/Fonts/Roboto-BoldCondensed.ttf' (158K)
[2022.02.25-09.01.32:526][301]LogAssetEditorSubsystem: Opening Asset editor for Blueprint /Game/BP_BaseGeometryActor.BP_BaseGeometryActor
[2022.02.25-09.01.33:402][301]LogNativeClassHierarchy: Verbose: Native class hierarchy updated for 'BlueprintGraph' in 0.0007 seconds. Added 126 classes and 0 folders.
[2022.02.25-09.01.34:524][301]LogSlate: Window 'Add Blueprint Class' being destroyed
[2022.02.25-09.01.59:068][ 96]Cmd: OBJ SAVEPACKAGE PACKAGE="/Game/BP_BaseGeometryActor" FILE="../../../../../../UnrealEngine_Projects/ue.course/GeometrySandbox/Content/BP_BaseGeometryActor.uasset" SILENT=true
[2022.02.25-09.01.59:078][ 96]LogSavePackage: Moving '../../../../../../UnrealEngine_Projects/ue.course/GeometrySandbox/Saved/BP_BaseGeometryActor8669A210436D1382791A698B9F601F32.tmp' to '../../../../../../UnrealEngine_Projects/ue.course/GeometrySandbox/Content/BP_BaseGeometryActor.uasset'
[2022.02.25-09.01.59:091][ 96]AssetCheck: New page: Asset Save: BP_BaseGeometryActor
[2022.02.25-09.01.59:092][ 96]LogContentValidation: Display: Validating Blueprint /Game/BP_BaseGeometryActor.BP_BaseGeometryActor
[2022.02.25-09.02.28:300][481]LogWindowsTextInputMethodSystem: Display: IME system deactivated.
[2022.02.25-09.02.28:300][481]LogWindowsTextInputMethodSystem: Display: IME system deactivated.
[2022.02.25-09.02.31:395][789]LogRenderer: Reallocating scene render targets to support 1208x900 Format 10 NumSamples 1 (Frame:1312).
[2022.02.25-09.02.31:935][852]LogSlate: Window 'BP_BaseGeometryActor' being destroyed
[2022.02.25-09.08.50:992][282]LogUObjectHash: Compacting FUObjectHashTables data took   9.06ms
[2022.02.25-09.08.51:004][282]LogSavePackage: Moving '../../../../../../UnrealEngine_Projects/ue.course/GeometrySandbox/Saved/SandboxMap_Auto1244D536C4F0946A6B16EA7A6271CF26A.tmp' to '../../../../../../UnrealEngine_Projects/ue.course/GeometrySandbox/Saved/Autosaves/Game/SandboxMap_Auto1.umap'
[2022.02.25-09.08.51:005][282]LogFileHelpers: Editor autosave (incl. external actors) for '/Game/SandboxMap' took 0.049
[2022.02.25-09.08.51:006][282]LogFileHelpers: Editor autosave (incl. sublevels & external actors) for all levels took 0.049
