Log file open, 03/07/22 10:39:25
LogWindows: Failed to load 'aqProf.dll' (GetLastError=126)
LogWindows: File 'aqProf.dll' does not exist
LogWindows: Failed to load 'VtuneApi.dll' (GetLastError=126)
LogWindows: File 'VtuneApi.dll' does not exist
LogWindows: Failed to load 'VtuneApi32e.dll' (GetLastError=126)
LogWindows: File 'VtuneApi32e.dll' does not exist
LogConsoleResponse: Display: Failed to find resolution value strings in scalability ini. Falling back to default.
LogConsoleResponse: Display: Failed to find resolution value strings in scalability ini. Falling back to default.
LogInit: Display: Running engine for game: GeometrySandbox
LogPlatformFile: Not using cached read wrapper
LogTaskGraph: Started task graph with 5 named threads and 23 total threads with 3 sets of task threads.
LogStats: Stats thread started at 0.953716
LogICUInternationalization: ICU TimeZone Detection - Raw Offset: +3:00, Platform Override: ''
LogInit: Display: Loading text-based GConfig....
LogPluginManager: Mounting plugin MeshPainting
LogPluginManager: Mounting plugin XGEController
LogPluginManager: Mounting plugin Paper2D
LogPluginManager: Mounting plugin AISupport
LogPluginManager: Mounting plugin EnvironmentQueryEditor
LogPluginManager: Mounting plugin LiveLink
LogPluginManager: Mounting plugin LightPropagationVolume
LogPluginManager: Mounting plugin CameraShakePreviewer
LogPluginManager: Mounting plugin GameplayCameras
LogPluginManager: Mounting plugin OodleNetwork
LogPluginManager: Mounting plugin AnimationSharing
LogPluginManager: Mounting plugin CLionSourceCodeAccess
LogPluginManager: Mounting plugin CodeLiteSourceCodeAccess
LogPluginManager: Mounting plugin OodleData
LogPluginManager: Mounting plugin GitSourceControl
LogPluginManager: Mounting plugin KDevelopSourceCodeAccess
LogPluginManager: Mounting plugin NullSourceCodeAccess
LogPluginManager: Mounting plugin PerforceSourceControl
LogPluginManager: Mounting plugin PixWinPlugin
LogPluginManager: Mounting plugin PluginUtils
LogPluginManager: Mounting plugin RiderSourceCodeAccess
LogPluginManager: Mounting plugin PropertyAccessNode
LogPluginManager: Mounting plugin SubversionSourceControl
LogPluginManager: Mounting plugin TextureFormatOodle
LogPluginManager: Mounting plugin UObjectPlugin
LogPluginManager: Mounting plugin VisualStudioCodeSourceCodeAccess
LogPluginManager: Mounting plugin XCodeSourceCodeAccess
LogPluginManager: Mounting plugin VisualStudioSourceCodeAccess
LogPluginManager: Mounting plugin AssetManagerEditor
LogPluginManager: Mounting plugin DatasmithContent
LogPluginManager: Mounting plugin CryptoKeys
LogPluginManager: Mounting plugin CurveEditorTools
LogPluginManager: Mounting plugin DataValidation
LogPluginManager: Mounting plugin FacialAnimation
LogPluginManager: Mounting plugin VariantManagerContent
LogPluginManager: Mounting plugin GameplayTagsEditor
LogPluginManager: Mounting plugin GeometryMode
LogPluginManager: Mounting plugin MacGraphicsSwitching
LogPluginManager: Mounting plugin MaterialAnalyzer
LogPluginManager: Mounting plugin MobileLauncherProfileWizard
LogPluginManager: Mounting plugin PluginBrowser
LogPluginManager: Mounting plugin SpeedTreeImporter
LogPluginManager: Mounting plugin Niagara
LogPluginManager: Mounting plugin AlembicImporter
LogPluginManager: Mounting plugin AutomationUtils
LogPluginManager: Mounting plugin BackChannel
LogPluginManager: Mounting plugin ChaosCloth
LogPluginManager: Mounting plugin ChaosClothEditor
LogPluginManager: Mounting plugin ChaosEditor
LogPluginManager: Mounting plugin ChaosSolverPlugin
LogPluginManager: Mounting plugin ChaosNiagara
LogPluginManager: Mounting plugin CharacterAI
LogPluginManager: Mounting plugin GeometryCache
LogPluginManager: Mounting plugin MotoSynth
LogPluginManager: Mounting plugin OpenImageDenoise
LogPluginManager: Mounting plugin PlanarCut
LogPluginManager: Mounting plugin PlatformCrypto
LogPluginManager: Mounting plugin ProxyLODPlugin
LogPluginManager: Mounting plugin PythonScriptPlugin
LogPluginManager: Mounting plugin SkeletalReduction
LogPluginManager: Mounting plugin MagicLeap
LogPluginManager: Mounting plugin LuminPlatformFeatures
LogPluginManager: Mounting plugin AndroidMedia
LogPluginManager: Mounting plugin AvfMedia
LogPluginManager: Mounting plugin ImgMedia
LogPluginManager: Mounting plugin MediaCompositing
LogPluginManager: Mounting plugin MediaPlayerEditor
LogPluginManager: Mounting plugin MagicLeapLightEstimation
LogPluginManager: Mounting plugin WebMMedia
LogPluginManager: Mounting plugin MagicLeapMedia
LogPluginManager: Mounting plugin WmfMedia
LogPluginManager: Mounting plugin MagicLeapPassableWorld
LogPluginManager: Mounting plugin MLSDK
LogPluginManager: Mounting plugin UdpMessaging
LogPluginManager: Mounting plugin TcpMessaging
LogPluginManager: Mounting plugin ActorSequence
LogPluginManager: Mounting plugin LevelSequenceEditor
LogPluginManager: Mounting plugin MatineeToLevelSequence
LogPluginManager: Mounting plugin TemplateSequence
LogPluginManager: Mounting plugin OnlineSubsystem
LogPluginManager: Mounting plugin OnlineSubsystemNull
LogPluginManager: Mounting plugin OnlineSubsystemUtils
LogPluginManager: Mounting plugin LauncherChunkInstaller
LogPluginManager: Mounting plugin ActorLayerUtilities
LogPluginManager: Mounting plugin AndroidDeviceProfileSelector
LogPluginManager: Mounting plugin AndroidMoviePlayer
LogPluginManager: Mounting plugin AndroidPermission
LogPluginManager: Mounting plugin AppleImageUtils
LogPluginManager: Mounting plugin AppleMoviePlayer
LogPluginManager: Mounting plugin ArchVisCharacter
LogPluginManager: Mounting plugin AssetTags
LogPluginManager: Mounting plugin AudioCapture
LogPluginManager: Mounting plugin AudioSynesthesia
LogPluginManager: Mounting plugin CableComponent
LogPluginManager: Mounting plugin ChunkDownloader
LogPluginManager: Mounting plugin CustomMeshComponent
LogPluginManager: Mounting plugin ExampleDeviceProfileSelector
LogPluginManager: Mounting plugin GoogleCloudMessaging
LogPluginManager: Mounting plugin GooglePAD
LogPluginManager: Mounting plugin EditableMesh
LogPluginManager: Mounting plugin IOSDeviceProfileSelector
LogPluginManager: Mounting plugin LinuxDeviceProfileSelector
LogPluginManager: Mounting plugin MobilePatchingUtils
LogPluginManager: Mounting plugin LocationServicesBPLibrary
LogPluginManager: Mounting plugin OpenXR
LogPluginManager: Mounting plugin OpenXREyeTracker
LogPluginManager: Mounting plugin OpenXRHandTracking
LogPluginManager: Mounting plugin PhysXVehicles
LogPluginManager: Mounting plugin PostSplashScreen
LogPluginManager: Mounting plugin ProceduralMeshComponent
LogPluginManager: Mounting plugin PropertyAccessEditor
LogPluginManager: Mounting plugin RuntimePhysXCooking
LogPluginManager: Mounting plugin SignificanceManager
LogPluginManager: Mounting plugin SoundFields
LogPluginManager: Mounting plugin Synthesis
LogPluginManager: Mounting plugin WebMMoviePlayer
LogPluginManager: Mounting plugin WindowsMoviePlayer
LogPluginManager: Mounting plugin ScreenshotTools
LogPluginManager: Mounting plugin Takes
LogPluginManager: Mounting plugin PlasticSourceControl
LogPluginManager: Mounting plugin GeometryCollectionPlugin
LogPluginManager: Mounting plugin GeometryProcessing
LogPluginManager: Mounting plugin ContentBrowserClassDataSource
LogPluginManager: Mounting plugin ContentBrowserAssetDataSource
LogPluginManager: Mounting plugin ContentBrowserFileDataSource
LogPluginManager: Mounting plugin OnlineSubsystemGooglePlay
LogPluginManager: Mounting plugin OnlineSubsystemIOS
LogPluginManager: Mounting plugin OculusVR
LogPluginManager: Mounting plugin SteamVR
PixWinPlugin: PIX capture plugin failed to initialize! Check that the process is launched from PIX.
LogInit: Using libcurl 7.55.1-DEV
LogInit:  - built for x86_64-pc-win32
LogInit:  - supports SSL with OpenSSL/1.1.1
LogInit:  - supports HTTP deflate (compression) using libz 1.2.8
LogInit:  - other features:
LogInit:      CURL_VERSION_SSL
LogInit:      CURL_VERSION_LIBZ
LogInit:      CURL_VERSION_IPV6
LogInit:      CURL_VERSION_ASYNCHDNS
LogInit:      CURL_VERSION_LARGEFILE
LogInit:      CURL_VERSION_IDN
LogInit:  CurlRequestOptions (configurable via config and command line):
LogInit:  - bVerifyPeer = true  - Libcurl will verify peer certificate
LogInit:  - bUseHttpProxy = false  - Libcurl will NOT use HTTP proxy
LogInit:  - bDontReuseConnections = false  - Libcurl will reuse connections
LogInit:  - MaxHostConnections = 16  - Libcurl will limit the number of connections to a host
LogInit:  - LocalHostAddr = Default
LogInit:  - BufferSize = 65536
LogOnline: OSS: Creating online subsystem instance for: NULL
LogInit: WinSock: version 1.1 (2.2), MaxSocks=32767, MaxUdp=65467
LogOnline: OSS: TryLoadSubsystemAndSetDefault: Loaded subsystem for module [NULL]
LogOculusPluginWrapper: OculusPlugin initialized successfully
LogHMD: Failed initializing OVRPlugin 1.59.0
LogInit: Build: ++UE4+Release-4.27-CL-18319896
LogInit: Engine Version: 4.27.2-18319896+++UE4+Release-4.27
LogInit: Compatible Engine Version: 4.27.0-17155196+++UE4+Release-4.27
LogInit: Net CL: 17155196
LogInit: OS: Windows 10 (Release 2004) (), CPU: AMD Ryzen 5 1500X Quad-Core Processor          , GPU: NVIDIA GeForce GTX 1060 6GB
LogInit: Compiled (64-bit): Nov 30 2021 07:12:08
LogInit: Compiled with Visual C++: 19.24.28315.00
LogInit: Build Configuration: Development
LogInit: Branch Name: ++UE4+Release-4.27
LogInit: Command Line:  -skipcompile
LogInit: Base Directory: C:/Games/Epic Games/UE_4.27/Engine/Binaries/Win64/
LogInit: Allocator: TBB
LogInit: Installed Engine Build: 1
LogDevObjectVersion: Number of dev versions registered: 29
LogDevObjectVersion:   Dev-Blueprints (B0D832E4-1F89-4F0D-ACCF-7EB736FD4AA2): 10
LogDevObjectVersion:   Dev-Build (E1C64328-A22C-4D53-A36C-8E866417BD8C): 0
LogDevObjectVersion:   Dev-Core (375EC13C-06E4-48FB-B500-84F0262A717E): 4
LogDevObjectVersion:   Dev-Editor (E4B068ED-F494-42E9-A231-DA0B2E46BB41): 40
LogDevObjectVersion:   Dev-Framework (CFFC743F-43B0-4480-9391-14DF171D2073): 37
LogDevObjectVersion:   Dev-Mobile (B02B49B5-BB20-44E9-A304-32B752E40360): 3
LogDevObjectVersion:   Dev-Networking (A4E4105C-59A1-49B5-A7C5-40C4547EDFEE): 0
LogDevObjectVersion:   Dev-Online (39C831C9-5AE6-47DC-9A44-9C173E1C8E7C): 0
LogDevObjectVersion:   Dev-Physics (78F01B33-EBEA-4F98-B9B4-84EACCB95AA2): 14
LogDevObjectVersion:   Dev-Platform (6631380F-2D4D-43E0-8009-CF276956A95A): 0
LogDevObjectVersion:   Dev-Rendering (12F88B9F-8875-4AFC-A67C-D90C383ABD29): 45
LogDevObjectVersion:   Dev-Sequencer (7B5AE74C-D270-4C10-A958-57980B212A5A): 13
LogDevObjectVersion:   Dev-VR (D7296918-1DD6-4BDD-9DE2-64A83CC13884): 3
LogDevObjectVersion:   Dev-LoadTimes (C2A15278-BFE7-4AFE-6C17-90FF531DF755): 1
LogDevObjectVersion:   Private-Geometry (6EACA3D4-40EC-4CC1-B786-8BED09428FC5): 3
LogDevObjectVersion:   Dev-AnimPhys (29E575DD-E0A3-4627-9D10-D276232CDCEA): 17
LogDevObjectVersion:   Dev-Anim (AF43A65D-7FD3-4947-9873-3E8ED9C1BB05): 15
LogDevObjectVersion:   Dev-ReflectionCapture (6B266CEC-1EC7-4B8F-A30B-E4D90942FC07): 1
LogDevObjectVersion:   Dev-Automation (0DF73D61-A23F-47EA-B727-89E90C41499A): 1
LogDevObjectVersion:   FortniteMain (601D1886-AC64-4F84-AA16-D3DE0DEAC7D6): 47
LogDevObjectVersion:   FortniteRelease (E7086368-6B23-4C58-8439-1B7016265E91): 1
LogDevObjectVersion:   Dev-Enterprise (9DFFBCD6-494F-0158-E221-12823C92A888): 10
LogDevObjectVersion:   Dev-Niagara (F2AED0AC-9AFE-416F-8664-AA7FFA26D6FC): 1
LogDevObjectVersion:   Dev-Destruction (174F1F0B-B4C6-45A5-B13F-2EE8D0FB917D): 10
LogDevObjectVersion:   Dev-Physics-Ext (35F94A83-E258-406C-A318-09F59610247C): 41
LogDevObjectVersion:   Dev-PhysicsMaterial-Chaos (B68FC16E-8B1B-42E2-B453-215C058844FE): 1
LogDevObjectVersion:   Dev-CineCamera (B2E18506-4273-CFC2-A54E-F4BB758BBA07): 1
LogDevObjectVersion:   Dev-VirtualProduction (64F58936-FD1B-42BA-BA96-7289D5D0FA4E): 1
LogDevObjectVersion:   Dev-MediaFramework (6F0ED827-A609-4895-9C91-998D90180EA4): 2
LogInit: Presizing for max 25165824 objects, including 0 objects not considered by GC, pre-allocating 0 bytes for permanent pool.
LogConfig: Applying CVar settings from Section [/Script/Engine.StreamingSettings] File [C:/UnrealEngine_Projects/ue.course/GeometrySandbox/Saved/Config/Windows/Engine.ini]
LogConfig: Setting CVar [[s.MinBulkDataSizeForAsyncLoading:131072]]
LogConfig: Setting CVar [[s.AsyncLoadingThreadEnabled:0]]
LogConfig: Setting CVar [[s.EventDrivenLoaderEnabled:1]]
LogConfig: Setting CVar [[s.WarnIfTimeLimitExceeded:0]]
LogConfig: Setting CVar [[s.TimeLimitExceededMultiplier:1.5]]
LogConfig: Setting CVar [[s.TimeLimitExceededMinTime:0.005]]
LogConfig: Setting CVar [[s.UseBackgroundLevelStreaming:1]]
LogConfig: Setting CVar [[s.PriorityAsyncLoadingExtraTime:15.0]]
LogConfig: Setting CVar [[s.LevelStreamingActorsUpdateTimeLimit:5.0]]
LogConfig: Setting CVar [[s.PriorityLevelStreamingActorsUpdateExtraTime:5.0]]
LogConfig: Setting CVar [[s.LevelStreamingComponentsRegistrationGranularity:10]]
LogConfig: Setting CVar [[s.UnregisterComponentsTimeLimit:1.0]]
LogConfig: Setting CVar [[s.LevelStreamingComponentsUnregistrationGranularity:5]]
LogConfig: Setting CVar [[s.FlushStreamingOnExit:1]]
LogInit: Object subsystem initialized
LogConfig: Setting CVar [[con.DebugEarlyDefault:1]]
LogConfig: Setting CVar [[r.setres:1280x720]]
[2022.03.07-07.39.28:148][  0]LogConfig: Setting CVar [[r.VSync:0]]
[2022.03.07-07.39.28:148][  0]LogConfig: Setting CVar [[r.RHICmdBypass:0]]
[2022.03.07-07.39.28:148][  0]LogConfig: Applying CVar settings from Section [/Script/Engine.RendererSettings] File [C:/UnrealEngine_Projects/ue.course/GeometrySandbox/Saved/Config/Windows/Engine.ini]
[2022.03.07-07.39.28:148][  0]LogConfig: Setting CVar [[r.GPUCrashDebugging:0]]
[2022.03.07-07.39.28:148][  0]LogConfig: Applying CVar settings from Section [/Script/Engine.RendererOverrideSettings] File [C:/UnrealEngine_Projects/ue.course/GeometrySandbox/Saved/Config/Windows/Engine.ini]
[2022.03.07-07.39.28:148][  0]LogConfig: Applying CVar settings from Section [/Script/Engine.StreamingSettings] File [C:/UnrealEngine_Projects/ue.course/GeometrySandbox/Saved/Config/Windows/Engine.ini]
[2022.03.07-07.39.28:148][  0]LogConfig: Setting CVar [[s.MinBulkDataSizeForAsyncLoading:131072]]
[2022.03.07-07.39.28:148][  0]LogConfig: Setting CVar [[s.AsyncLoadingThreadEnabled:0]]
[2022.03.07-07.39.28:148][  0]LogConfig: Setting CVar [[s.EventDrivenLoaderEnabled:1]]
[2022.03.07-07.39.28:148][  0]LogConfig: Setting CVar [[s.WarnIfTimeLimitExceeded:0]]
[2022.03.07-07.39.28:149][  0]LogConfig: Setting CVar [[s.TimeLimitExceededMultiplier:1.5]]
[2022.03.07-07.39.28:149][  0]LogConfig: Setting CVar [[s.TimeLimitExceededMinTime:0.005]]
[2022.03.07-07.39.28:149][  0]LogConfig: Setting CVar [[s.UseBackgroundLevelStreaming:1]]
[2022.03.07-07.39.28:149][  0]LogConfig: Setting CVar [[s.PriorityAsyncLoadingExtraTime:15.0]]
[2022.03.07-07.39.28:149][  0]LogConfig: Setting CVar [[s.LevelStreamingActorsUpdateTimeLimit:5.0]]
[2022.03.07-07.39.28:149][  0]LogConfig: Setting CVar [[s.PriorityLevelStreamingActorsUpdateExtraTime:5.0]]
[2022.03.07-07.39.28:149][  0]LogConfig: Setting CVar [[s.LevelStreamingComponentsRegistrationGranularity:10]]
[2022.03.07-07.39.28:149][  0]LogConfig: Setting CVar [[s.UnregisterComponentsTimeLimit:1.0]]
[2022.03.07-07.39.28:149][  0]LogConfig: Setting CVar [[s.LevelStreamingComponentsUnregistrationGranularity:5]]
[2022.03.07-07.39.28:149][  0]LogConfig: Setting CVar [[s.FlushStreamingOnExit:1]]
[2022.03.07-07.39.28:149][  0]LogConfig: Applying CVar settings from Section [/Script/Engine.GarbageCollectionSettings] File [C:/UnrealEngine_Projects/ue.course/GeometrySandbox/Saved/Config/Windows/Engine.ini]
[2022.03.07-07.39.28:149][  0]LogConfig: Setting CVar [[gc.MaxObjectsNotConsideredByGC:1]]
[2022.03.07-07.39.28:149][  0]LogConfig: Setting CVar [[gc.SizeOfPermanentObjectPool:0]]
[2022.03.07-07.39.28:149][  0]LogConfig: Setting CVar [[gc.FlushStreamingOnGC:0]]
[2022.03.07-07.39.28:149][  0]LogConfig: Setting CVar [[gc.NumRetriesBeforeForcingGC:10]]
[2022.03.07-07.39.28:149][  0]LogConfig: Setting CVar [[gc.AllowParallelGC:1]]
[2022.03.07-07.39.28:149][  0]LogConfig: Setting CVar [[gc.TimeBetweenPurgingPendingKillObjects:61.1]]
[2022.03.07-07.39.28:149][  0]LogConfig: Setting CVar [[gc.MaxObjectsInEditor:25165824]]
[2022.03.07-07.39.28:149][  0]LogConfig: Setting CVar [[gc.IncrementalBeginDestroyEnabled:1]]
[2022.03.07-07.39.28:150][  0]LogConfig: Setting CVar [[gc.CreateGCClusters:1]]
[2022.03.07-07.39.28:150][  0]LogConfig: Setting CVar [[gc.MinGCClusterSize:5]]
[2022.03.07-07.39.28:150][  0]LogConfig: Setting CVar [[gc.ActorClusteringEnabled:0]]
[2022.03.07-07.39.28:150][  0]LogConfig: Setting CVar [[gc.BlueprintClusteringEnabled:0]]
[2022.03.07-07.39.28:150][  0]LogConfig: Setting CVar [[gc.UseDisregardForGCOnDedicatedServers:0]]
[2022.03.07-07.39.28:150][  0]LogConfig: Setting CVar [[gc.MultithreadedDestructionEnabled:1]]
[2022.03.07-07.39.28:150][  0]LogConfig: Applying CVar settings from Section [/Script/Engine.NetworkSettings] File [C:/UnrealEngine_Projects/ue.course/GeometrySandbox/Saved/Config/Windows/Engine.ini]
[2022.03.07-07.39.28:150][  0]LogConfig: Applying CVar settings from Section [/Script/UnrealEd.CookerSettings] File [C:/UnrealEngine_Projects/ue.course/GeometrySandbox/Saved/Config/Windows/Engine.ini]
[2022.03.07-07.39.28:165][  0]LogConfig: Applying CVar settings from Section [ViewDistanceQuality@3] File [C:/UnrealEngine_Projects/ue.course/GeometrySandbox/Saved/Config/Windows/Scalability.ini]
[2022.03.07-07.39.28:165][  0]LogConfig: Setting CVar [[r.SkeletalMeshLODBias:0]]
[2022.03.07-07.39.28:165][  0]LogConfig: Setting CVar [[r.ViewDistanceScale:1.0]]
[2022.03.07-07.39.28:165][  0]LogConfig: Applying CVar settings from Section [AntiAliasingQuality@3] File [C:/UnrealEngine_Projects/ue.course/GeometrySandbox/Saved/Config/Windows/Scalability.ini]
[2022.03.07-07.39.28:165][  0]LogConfig: Setting CVar [[r.PostProcessAAQuality:4]]
[2022.03.07-07.39.28:165][  0]LogConfig: Applying CVar settings from Section [ShadowQuality@3] File [C:/UnrealEngine_Projects/ue.course/GeometrySandbox/Saved/Config/Windows/Scalability.ini]
[2022.03.07-07.39.28:165][  0]LogConfig: Setting CVar [[r.LightFunctionQuality:1]]
[2022.03.07-07.39.28:165][  0]LogConfig: Setting CVar [[r.ShadowQuality:5]]
[2022.03.07-07.39.28:165][  0]LogConfig: Setting CVar [[r.Shadow.CSM.MaxCascades:10]]
[2022.03.07-07.39.28:165][  0]LogConfig: Setting CVar [[r.Shadow.MaxResolution:2048]]
[2022.03.07-07.39.28:165][  0]LogConfig: Setting CVar [[r.Shadow.MaxCSMResolution:2048]]
[2022.03.07-07.39.28:165][  0]LogConfig: Setting CVar [[r.Shadow.RadiusThreshold:0.01]]
[2022.03.07-07.39.28:165][  0]LogConfig: Setting CVar [[r.Shadow.DistanceScale:1.0]]
[2022.03.07-07.39.28:165][  0]LogConfig: Setting CVar [[r.Shadow.CSM.TransitionScale:1.0]]
[2022.03.07-07.39.28:165][  0]LogConfig: Setting CVar [[r.Shadow.PreShadowResolutionFactor:1.0]]
[2022.03.07-07.39.28:165][  0]LogConfig: Setting CVar [[r.DistanceFieldShadowing:1]]
[2022.03.07-07.39.28:165][  0]LogConfig: Setting CVar [[r.DistanceFieldAO:1]]
[2022.03.07-07.39.28:166][  0]LogConfig: Setting CVar [[r.AOQuality:2]]
[2022.03.07-07.39.28:166][  0]LogConfig: Setting CVar [[r.VolumetricFog:1]]
[2022.03.07-07.39.28:166][  0]LogConfig: Setting CVar [[r.VolumetricFog.GridPixelSize:8]]
[2022.03.07-07.39.28:166][  0]LogConfig: Setting CVar [[r.VolumetricFog.GridSizeZ:128]]
[2022.03.07-07.39.28:166][  0]LogConfig: Setting CVar [[r.VolumetricFog.HistoryMissSupersampleCount:4]]
[2022.03.07-07.39.28:166][  0]LogConfig: Setting CVar [[r.LightMaxDrawDistanceScale:1]]
[2022.03.07-07.39.28:166][  0]LogConfig: Setting CVar [[r.CapsuleShadows:1]]
[2022.03.07-07.39.28:166][  0]LogConfig: Applying CVar settings from Section [PostProcessQuality@3] File [C:/UnrealEngine_Projects/ue.course/GeometrySandbox/Saved/Config/Windows/Scalability.ini]
[2022.03.07-07.39.28:166][  0]LogConfig: Setting CVar [[r.MotionBlurQuality:4]]
[2022.03.07-07.39.28:166][  0]LogConfig: Setting CVar [[r.AmbientOcclusionMipLevelFactor:0.4]]
[2022.03.07-07.39.28:166][  0]LogConfig: Setting CVar [[r.AmbientOcclusionMaxQuality:100]]
[2022.03.07-07.39.28:166][  0]LogConfig: Setting CVar [[r.AmbientOcclusionLevels:-1]]
[2022.03.07-07.39.28:166][  0]LogConfig: Setting CVar [[r.AmbientOcclusionRadiusScale:1.0]]
[2022.03.07-07.39.28:166][  0]LogConfig: Setting CVar [[r.DepthOfFieldQuality:2]]
[2022.03.07-07.39.28:166][  0]LogConfig: Setting CVar [[r.RenderTargetPoolMin:400]]
[2022.03.07-07.39.28:166][  0]LogConfig: Setting CVar [[r.LensFlareQuality:2]]
[2022.03.07-07.39.28:167][  0]LogConfig: Setting CVar [[r.SceneColorFringeQuality:1]]
[2022.03.07-07.39.28:167][  0]LogConfig: Setting CVar [[r.EyeAdaptationQuality:2]]
[2022.03.07-07.39.28:167][  0]LogConfig: Setting CVar [[r.BloomQuality:5]]
[2022.03.07-07.39.28:167][  0]LogConfig: Setting CVar [[r.FastBlurThreshold:100]]
[2022.03.07-07.39.28:167][  0]LogConfig: Setting CVar [[r.Upscale.Quality:3]]
[2022.03.07-07.39.28:167][  0]LogConfig: Setting CVar [[r.Tonemapper.GrainQuantization:1]]
[2022.03.07-07.39.28:167][  0]LogConfig: Setting CVar [[r.LightShaftQuality:1]]
[2022.03.07-07.39.28:167][  0]LogConfig: Setting CVar [[r.Filter.SizeScale:1]]
[2022.03.07-07.39.28:167][  0]LogConfig: Setting CVar [[r.Tonemapper.Quality:5]]
[2022.03.07-07.39.28:167][  0]LogConfig: Setting CVar [[r.DOF.Gather.AccumulatorQuality:1        ; higher gathering accumulator quality]]
[2022.03.07-07.39.28:167][  0]LogConfig: Setting CVar [[r.DOF.Gather.PostfilterMethod:1          ; Median3x3 postfilering method]]
[2022.03.07-07.39.28:167][  0]LogConfig: Setting CVar [[r.DOF.Gather.EnableBokehSettings:0       ; no bokeh simulation when gathering]]
[2022.03.07-07.39.28:167][  0]LogConfig: Setting CVar [[r.DOF.Gather.RingCount:4                 ; medium number of samples when gathering]]
[2022.03.07-07.39.28:167][  0]LogConfig: Setting CVar [[r.DOF.Scatter.ForegroundCompositing:1    ; additive foreground scattering]]
[2022.03.07-07.39.28:167][  0]LogConfig: Setting CVar [[r.DOF.Scatter.BackgroundCompositing:2    ; additive background scattering]]
[2022.03.07-07.39.28:168][  0]LogConfig: Setting CVar [[r.DOF.Scatter.EnableBokehSettings:1      ; bokeh simulation when scattering]]
[2022.03.07-07.39.28:168][  0]LogConfig: Setting CVar [[r.DOF.Scatter.MaxSpriteRatio:0.1         ; only a maximum of 10% of scattered bokeh]]
[2022.03.07-07.39.28:168][  0]LogConfig: Setting CVar [[r.DOF.Recombine.Quality:1                ; cheap slight out of focus]]
[2022.03.07-07.39.28:168][  0]LogConfig: Setting CVar [[r.DOF.Recombine.EnableBokehSettings:0    ; no bokeh simulation on slight out of focus]]
[2022.03.07-07.39.28:168][  0]LogConfig: Setting CVar [[r.DOF.TemporalAAQuality:1                ; more stable temporal accumulation]]
[2022.03.07-07.39.28:168][  0]LogConfig: Setting CVar [[r.DOF.Kernel.MaxForegroundRadius:0.025]]
[2022.03.07-07.39.28:168][  0]LogConfig: Setting CVar [[r.DOF.Kernel.MaxBackgroundRadius:0.025]]
[2022.03.07-07.39.28:168][  0]LogConfig: Applying CVar settings from Section [TextureQuality@3] File [C:/UnrealEngine_Projects/ue.course/GeometrySandbox/Saved/Config/Windows/Scalability.ini]
[2022.03.07-07.39.28:168][  0]LogConfig: Setting CVar [[r.Streaming.MipBias:0]]
[2022.03.07-07.39.28:168][  0]LogConfig: Setting CVar [[r.Streaming.AmortizeCPUToGPUCopy:0]]
[2022.03.07-07.39.28:168][  0]LogConfig: Setting CVar [[r.Streaming.MaxNumTexturesToStreamPerFrame:0]]
[2022.03.07-07.39.28:168][  0]LogConfig: Setting CVar [[r.Streaming.Boost:1]]
[2022.03.07-07.39.28:168][  0]LogConfig: Setting CVar [[r.MaxAnisotropy:8]]
[2022.03.07-07.39.28:168][  0]LogConfig: Setting CVar [[r.VT.MaxAnisotropy:8]]
[2022.03.07-07.39.28:169][  0]LogConfig: Setting CVar [[r.Streaming.LimitPoolSizeToVRAM:0]]
[2022.03.07-07.39.28:169][  0]LogConfig: Setting CVar [[r.Streaming.PoolSize:1000]]
[2022.03.07-07.39.28:169][  0]LogConfig: Setting CVar [[r.Streaming.MaxEffectiveScreenSize:0]]
[2022.03.07-07.39.28:169][  0]LogConfig: Applying CVar settings from Section [EffectsQuality@3] File [C:/UnrealEngine_Projects/ue.course/GeometrySandbox/Saved/Config/Windows/Scalability.ini]
[2022.03.07-07.39.28:169][  0]LogConfig: Setting CVar [[r.TranslucencyLightingVolumeDim:64]]
[2022.03.07-07.39.28:169][  0]LogConfig: Setting CVar [[r.RefractionQuality:2]]
[2022.03.07-07.39.28:169][  0]LogConfig: Setting CVar [[r.SSR.Quality:3]]
[2022.03.07-07.39.28:169][  0]LogConfig: Setting CVar [[r.SSR.HalfResSceneColor:0]]
[2022.03.07-07.39.28:169][  0]LogConfig: Setting CVar [[r.SceneColorFormat:4]]
[2022.03.07-07.39.28:169][  0]LogConfig: Setting CVar [[r.DetailMode:2]]
[2022.03.07-07.39.28:169][  0]LogConfig: Setting CVar [[r.TranslucencyVolumeBlur:1]]
[2022.03.07-07.39.28:169][  0]LogConfig: Setting CVar [[r.MaterialQualityLevel:1 ; High quality]]
[2022.03.07-07.39.28:169][  0]LogConfig: Setting CVar [[r.AnisotropicMaterials:1]]
[2022.03.07-07.39.28:169][  0]LogConfig: Setting CVar [[r.SSS.Scale:1]]
[2022.03.07-07.39.28:169][  0]LogConfig: Setting CVar [[r.SSS.SampleSet:2]]
[2022.03.07-07.39.28:169][  0]LogConfig: Setting CVar [[r.SSS.Quality:1]]
[2022.03.07-07.39.28:169][  0]LogConfig: Setting CVar [[r.SSS.HalfRes:0]]
[2022.03.07-07.39.28:169][  0]LogConfig: Setting CVar [[r.SSGI.Quality:3]]
[2022.03.07-07.39.28:170][  0]LogConfig: Setting CVar [[r.EmitterSpawnRateScale:1.0]]
[2022.03.07-07.39.28:170][  0]LogConfig: Setting CVar [[r.ParticleLightQuality:2]]
[2022.03.07-07.39.28:170][  0]LogConfig: Setting CVar [[r.SkyAtmosphere.AerialPerspectiveLUT.FastApplyOnOpaque:1 ; Always have FastSkyLUT 1 in this case to avoid wrong sky]]
[2022.03.07-07.39.28:170][  0]LogConfig: Setting CVar [[r.SkyAtmosphere.AerialPerspectiveLUT.SampleCountMaxPerSlice:4]]
[2022.03.07-07.39.28:170][  0]LogConfig: Setting CVar [[r.SkyAtmosphere.AerialPerspectiveLUT.DepthResolution:16.0]]
[2022.03.07-07.39.28:170][  0]LogConfig: Setting CVar [[r.SkyAtmosphere.FastSkyLUT:1]]
[2022.03.07-07.39.28:170][  0]LogConfig: Setting CVar [[r.SkyAtmosphere.FastSkyLUT.SampleCountMin:4.0]]
[2022.03.07-07.39.28:170][  0]LogConfig: Setting CVar [[r.SkyAtmosphere.FastSkyLUT.SampleCountMax:128.0]]
[2022.03.07-07.39.28:170][  0]LogConfig: Setting CVar [[r.SkyAtmosphere.SampleCountMin:4.0]]
[2022.03.07-07.39.28:170][  0]LogConfig: Setting CVar [[r.SkyAtmosphere.SampleCountMax:128.0]]
[2022.03.07-07.39.28:170][  0]LogConfig: Setting CVar [[r.SkyAtmosphere.TransmittanceLUT.UseSmallFormat:0]]
[2022.03.07-07.39.28:170][  0]LogConfig: Setting CVar [[r.SkyAtmosphere.TransmittanceLUT.SampleCount:10.0]]
[2022.03.07-07.39.28:170][  0]LogConfig: Setting CVar [[r.SkyAtmosphere.MultiScatteringLUT.SampleCount:15.0]]
[2022.03.07-07.39.28:170][  0]LogConfig: Setting CVar [[r.SkyLight.RealTimeReflectionCapture:1]]
[2022.03.07-07.39.28:170][  0]LogConfig: Applying CVar settings from Section [FoliageQuality@3] File [C:/UnrealEngine_Projects/ue.course/GeometrySandbox/Saved/Config/Windows/Scalability.ini]
[2022.03.07-07.39.28:170][  0]LogConfig: Setting CVar [[foliage.DensityScale:1.0]]
[2022.03.07-07.39.28:170][  0]LogConfig: Setting CVar [[grass.DensityScale:1.0]]
[2022.03.07-07.39.28:170][  0]LogConfig: Applying CVar settings from Section [ShadingQuality@3] File [C:/UnrealEngine_Projects/ue.course/GeometrySandbox/Saved/Config/Windows/Scalability.ini]
[2022.03.07-07.39.28:171][  0]LogConfig: Setting CVar [[r.HairStrands.SkyLighting.IntegrationType:2]]
[2022.03.07-07.39.28:171][  0]LogConfig: Setting CVar [[r.HairStrands.SkyAO.SampleCount:4]]
[2022.03.07-07.39.28:171][  0]LogConfig: Setting CVar [[r.HairStrands.Visibility.MSAA.SamplePerPixel:4]]
[2022.03.07-07.39.28:171][  0]LogInit: Selected Device Profile: [Windows]
[2022.03.07-07.39.28:171][  0]LogInit: Applying CVar settings loaded from the selected device profile: [Windows]
[2022.03.07-07.39.28:172][  0]LogHAL: Display: Platform has ~ 24 GB [25697214464 / 34359738368 / 24], which maps to Larger [LargestMinGB=32, LargerMinGB=12, DefaultMinGB=8, SmallerMinGB=6, SmallestMinGB=0)
[2022.03.07-07.39.28:172][  0]LogInit: Going up to parent DeviceProfile []
[2022.03.07-07.39.28:172][  0]LogConfig: Applying CVar settings from Section [ViewDistanceQuality@3] File [C:/UnrealEngine_Projects/ue.course/GeometrySandbox/Saved/Config/Windows/Scalability.ini]
[2022.03.07-07.39.28:172][  0]LogConfig: Setting CVar [[r.SkeletalMeshLODBias:0]]
[2022.03.07-07.39.28:172][  0]LogConfig: Setting CVar [[r.ViewDistanceScale:1.0]]
[2022.03.07-07.39.28:173][  0]LogConfig: Applying CVar settings from Section [AntiAliasingQuality@3] File [C:/UnrealEngine_Projects/ue.course/GeometrySandbox/Saved/Config/Windows/Scalability.ini]
[2022.03.07-07.39.28:173][  0]LogConfig: Setting CVar [[r.PostProcessAAQuality:4]]
[2022.03.07-07.39.28:173][  0]LogConfig: Applying CVar settings from Section [ShadowQuality@3] File [C:/UnrealEngine_Projects/ue.course/GeometrySandbox/Saved/Config/Windows/Scalability.ini]
[2022.03.07-07.39.28:173][  0]LogConfig: Setting CVar [[r.LightFunctionQuality:1]]
[2022.03.07-07.39.28:173][  0]LogConfig: Setting CVar [[r.ShadowQuality:5]]
[2022.03.07-07.39.28:173][  0]LogConfig: Setting CVar [[r.Shadow.CSM.MaxCascades:10]]
[2022.03.07-07.39.28:173][  0]LogConfig: Setting CVar [[r.Shadow.MaxResolution:2048]]
[2022.03.07-07.39.28:173][  0]LogConfig: Setting CVar [[r.Shadow.MaxCSMResolution:2048]]
[2022.03.07-07.39.28:173][  0]LogConfig: Setting CVar [[r.Shadow.RadiusThreshold:0.01]]
[2022.03.07-07.39.28:173][  0]LogConfig: Setting CVar [[r.Shadow.DistanceScale:1.0]]
[2022.03.07-07.39.28:173][  0]LogConfig: Setting CVar [[r.Shadow.CSM.TransitionScale:1.0]]
[2022.03.07-07.39.28:173][  0]LogConfig: Setting CVar [[r.Shadow.PreShadowResolutionFactor:1.0]]
[2022.03.07-07.39.28:173][  0]LogConfig: Setting CVar [[r.DistanceFieldShadowing:1]]
[2022.03.07-07.39.28:173][  0]LogConfig: Setting CVar [[r.DistanceFieldAO:1]]
[2022.03.07-07.39.28:173][  0]LogConfig: Setting CVar [[r.AOQuality:2]]
[2022.03.07-07.39.28:173][  0]LogConfig: Setting CVar [[r.VolumetricFog:1]]
[2022.03.07-07.39.28:173][  0]LogConfig: Setting CVar [[r.VolumetricFog.GridPixelSize:8]]
[2022.03.07-07.39.28:173][  0]LogConfig: Setting CVar [[r.VolumetricFog.GridSizeZ:128]]
[2022.03.07-07.39.28:174][  0]LogConfig: Setting CVar [[r.VolumetricFog.HistoryMissSupersampleCount:4]]
[2022.03.07-07.39.28:174][  0]LogConfig: Setting CVar [[r.LightMaxDrawDistanceScale:1]]
[2022.03.07-07.39.28:174][  0]LogConfig: Setting CVar [[r.CapsuleShadows:1]]
[2022.03.07-07.39.28:174][  0]LogConfig: Applying CVar settings from Section [PostProcessQuality@3] File [C:/UnrealEngine_Projects/ue.course/GeometrySandbox/Saved/Config/Windows/Scalability.ini]
[2022.03.07-07.39.28:174][  0]LogConfig: Setting CVar [[r.MotionBlurQuality:4]]
[2022.03.07-07.39.28:174][  0]LogConfig: Setting CVar [[r.AmbientOcclusionMipLevelFactor:0.4]]
[2022.03.07-07.39.28:174][  0]LogConfig: Setting CVar [[r.AmbientOcclusionMaxQuality:100]]
[2022.03.07-07.39.28:174][  0]LogConfig: Setting CVar [[r.AmbientOcclusionLevels:-1]]
[2022.03.07-07.39.28:174][  0]LogConfig: Setting CVar [[r.AmbientOcclusionRadiusScale:1.0]]
[2022.03.07-07.39.28:174][  0]LogConfig: Setting CVar [[r.DepthOfFieldQuality:2]]
[2022.03.07-07.39.28:174][  0]LogConfig: Setting CVar [[r.RenderTargetPoolMin:400]]
[2022.03.07-07.39.28:174][  0]LogConfig: Setting CVar [[r.LensFlareQuality:2]]
[2022.03.07-07.39.28:174][  0]LogConfig: Setting CVar [[r.SceneColorFringeQuality:1]]
[2022.03.07-07.39.28:174][  0]LogConfig: Setting CVar [[r.EyeAdaptationQuality:2]]
[2022.03.07-07.39.28:174][  0]LogConfig: Setting CVar [[r.BloomQuality:5]]
[2022.03.07-07.39.28:174][  0]LogConfig: Setting CVar [[r.FastBlurThreshold:100]]
[2022.03.07-07.39.28:174][  0]LogConfig: Setting CVar [[r.Upscale.Quality:3]]
[2022.03.07-07.39.28:174][  0]LogConfig: Setting CVar [[r.Tonemapper.GrainQuantization:1]]
[2022.03.07-07.39.28:174][  0]LogConfig: Setting CVar [[r.LightShaftQuality:1]]
[2022.03.07-07.39.28:175][  0]LogConfig: Setting CVar [[r.Filter.SizeScale:1]]
[2022.03.07-07.39.28:175][  0]LogConfig: Setting CVar [[r.Tonemapper.Quality:5]]
[2022.03.07-07.39.28:175][  0]LogConfig: Setting CVar [[r.DOF.Gather.AccumulatorQuality:1        ; higher gathering accumulator quality]]
[2022.03.07-07.39.28:175][  0]LogConfig: Setting CVar [[r.DOF.Gather.PostfilterMethod:1          ; Median3x3 postfilering method]]
[2022.03.07-07.39.28:175][  0]LogConfig: Setting CVar [[r.DOF.Gather.EnableBokehSettings:0       ; no bokeh simulation when gathering]]
[2022.03.07-07.39.28:175][  0]LogConfig: Setting CVar [[r.DOF.Gather.RingCount:4                 ; medium number of samples when gathering]]
[2022.03.07-07.39.28:175][  0]LogConfig: Setting CVar [[r.DOF.Scatter.ForegroundCompositing:1    ; additive foreground scattering]]
[2022.03.07-07.39.28:175][  0]LogConfig: Setting CVar [[r.DOF.Scatter.BackgroundCompositing:2    ; additive background scattering]]
[2022.03.07-07.39.28:175][  0]LogConfig: Setting CVar [[r.DOF.Scatter.EnableBokehSettings:1      ; bokeh simulation when scattering]]
[2022.03.07-07.39.28:175][  0]LogConfig: Setting CVar [[r.DOF.Scatter.MaxSpriteRatio:0.1         ; only a maximum of 10% of scattered bokeh]]
[2022.03.07-07.39.28:175][  0]LogConfig: Setting CVar [[r.DOF.Recombine.Quality:1                ; cheap slight out of focus]]
[2022.03.07-07.39.28:175][  0]LogConfig: Setting CVar [[r.DOF.Recombine.EnableBokehSettings:0    ; no bokeh simulation on slight out of focus]]
[2022.03.07-07.39.28:175][  0]LogConfig: Setting CVar [[r.DOF.TemporalAAQuality:1                ; more stable temporal accumulation]]
[2022.03.07-07.39.28:175][  0]LogConfig: Setting CVar [[r.DOF.Kernel.MaxForegroundRadius:0.025]]
[2022.03.07-07.39.28:175][  0]LogConfig: Setting CVar [[r.DOF.Kernel.MaxBackgroundRadius:0.025]]
[2022.03.07-07.39.28:175][  0]LogConfig: Applying CVar settings from Section [TextureQuality@3] File [C:/UnrealEngine_Projects/ue.course/GeometrySandbox/Saved/Config/Windows/Scalability.ini]
[2022.03.07-07.39.28:175][  0]LogConfig: Setting CVar [[r.Streaming.MipBias:0]]
[2022.03.07-07.39.28:176][  0]LogConfig: Setting CVar [[r.Streaming.AmortizeCPUToGPUCopy:0]]
[2022.03.07-07.39.28:176][  0]LogConfig: Setting CVar [[r.Streaming.MaxNumTexturesToStreamPerFrame:0]]
[2022.03.07-07.39.28:176][  0]LogConfig: Setting CVar [[r.Streaming.Boost:1]]
[2022.03.07-07.39.28:176][  0]LogConfig: Setting CVar [[r.MaxAnisotropy:8]]
[2022.03.07-07.39.28:176][  0]LogConfig: Setting CVar [[r.VT.MaxAnisotropy:8]]
[2022.03.07-07.39.28:176][  0]LogConfig: Setting CVar [[r.Streaming.LimitPoolSizeToVRAM:0]]
[2022.03.07-07.39.28:176][  0]LogConfig: Setting CVar [[r.Streaming.PoolSize:1000]]
[2022.03.07-07.39.28:176][  0]LogConfig: Setting CVar [[r.Streaming.MaxEffectiveScreenSize:0]]
[2022.03.07-07.39.28:176][  0]LogConfig: Applying CVar settings from Section [EffectsQuality@3] File [C:/UnrealEngine_Projects/ue.course/GeometrySandbox/Saved/Config/Windows/Scalability.ini]
[2022.03.07-07.39.28:176][  0]LogConfig: Setting CVar [[r.TranslucencyLightingVolumeDim:64]]
[2022.03.07-07.39.28:176][  0]LogConfig: Setting CVar [[r.RefractionQuality:2]]
[2022.03.07-07.39.28:176][  0]LogConfig: Setting CVar [[r.SSR.Quality:3]]
[2022.03.07-07.39.28:176][  0]LogConfig: Setting CVar [[r.SSR.HalfResSceneColor:0]]
[2022.03.07-07.39.28:176][  0]LogConfig: Setting CVar [[r.SceneColorFormat:4]]
[2022.03.07-07.39.28:176][  0]LogConfig: Setting CVar [[r.DetailMode:2]]
[2022.03.07-07.39.28:176][  0]LogConfig: Setting CVar [[r.TranslucencyVolumeBlur:1]]
[2022.03.07-07.39.28:176][  0]LogConfig: Setting CVar [[r.MaterialQualityLevel:1 ; High quality]]
[2022.03.07-07.39.28:176][  0]LogConfig: Setting CVar [[r.AnisotropicMaterials:1]]
[2022.03.07-07.39.28:176][  0]LogConfig: Setting CVar [[r.SSS.Scale:1]]
[2022.03.07-07.39.28:177][  0]LogConfig: Setting CVar [[r.SSS.SampleSet:2]]
[2022.03.07-07.39.28:177][  0]LogConfig: Setting CVar [[r.SSS.Quality:1]]
[2022.03.07-07.39.28:177][  0]LogConfig: Setting CVar [[r.SSS.HalfRes:0]]
[2022.03.07-07.39.28:177][  0]LogConfig: Setting CVar [[r.SSGI.Quality:3]]
[2022.03.07-07.39.28:177][  0]LogConfig: Setting CVar [[r.EmitterSpawnRateScale:1.0]]
[2022.03.07-07.39.28:177][  0]LogConfig: Setting CVar [[r.ParticleLightQuality:2]]
[2022.03.07-07.39.28:177][  0]LogConfig: Setting CVar [[r.SkyAtmosphere.AerialPerspectiveLUT.FastApplyOnOpaque:1 ; Always have FastSkyLUT 1 in this case to avoid wrong sky]]
[2022.03.07-07.39.28:177][  0]LogConfig: Setting CVar [[r.SkyAtmosphere.AerialPerspectiveLUT.SampleCountMaxPerSlice:4]]
[2022.03.07-07.39.28:177][  0]LogConfig: Setting CVar [[r.SkyAtmosphere.AerialPerspectiveLUT.DepthResolution:16.0]]
[2022.03.07-07.39.28:177][  0]LogConfig: Setting CVar [[r.SkyAtmosphere.FastSkyLUT:1]]
[2022.03.07-07.39.28:177][  0]LogConfig: Setting CVar [[r.SkyAtmosphere.FastSkyLUT.SampleCountMin:4.0]]
[2022.03.07-07.39.28:177][  0]LogConfig: Setting CVar [[r.SkyAtmosphere.FastSkyLUT.SampleCountMax:128.0]]
[2022.03.07-07.39.28:177][  0]LogConfig: Setting CVar [[r.SkyAtmosphere.SampleCountMin:4.0]]
[2022.03.07-07.39.28:177][  0]LogConfig: Setting CVar [[r.SkyAtmosphere.SampleCountMax:128.0]]
[2022.03.07-07.39.28:177][  0]LogConfig: Setting CVar [[r.SkyAtmosphere.TransmittanceLUT.UseSmallFormat:0]]
[2022.03.07-07.39.28:177][  0]LogConfig: Setting CVar [[r.SkyAtmosphere.TransmittanceLUT.SampleCount:10.0]]
[2022.03.07-07.39.28:177][  0]LogConfig: Setting CVar [[r.SkyAtmosphere.MultiScatteringLUT.SampleCount:15.0]]
[2022.03.07-07.39.28:177][  0]LogConfig: Setting CVar [[r.SkyLight.RealTimeReflectionCapture:1]]
[2022.03.07-07.39.28:177][  0]LogConfig: Applying CVar settings from Section [FoliageQuality@3] File [C:/UnrealEngine_Projects/ue.course/GeometrySandbox/Saved/Config/Windows/Scalability.ini]
[2022.03.07-07.39.28:178][  0]LogConfig: Setting CVar [[foliage.DensityScale:1.0]]
[2022.03.07-07.39.28:178][  0]LogConfig: Setting CVar [[grass.DensityScale:1.0]]
[2022.03.07-07.39.28:178][  0]LogConfig: Applying CVar settings from Section [ShadingQuality@3] File [C:/UnrealEngine_Projects/ue.course/GeometrySandbox/Saved/Config/Windows/Scalability.ini]
[2022.03.07-07.39.28:178][  0]LogConfig: Setting CVar [[r.HairStrands.SkyLighting.IntegrationType:2]]
[2022.03.07-07.39.28:178][  0]LogConfig: Setting CVar [[r.HairStrands.SkyAO.SampleCount:4]]
[2022.03.07-07.39.28:178][  0]LogConfig: Setting CVar [[r.HairStrands.Visibility.MSAA.SamplePerPixel:4]]
[2022.03.07-07.39.28:178][  0]LogConfig: Applying CVar settings from Section [Startup] File [../../../Engine/Config/ConsoleVariables.ini]
[2022.03.07-07.39.28:178][  0]LogConfig: Setting CVar [[net.UseAdaptiveNetUpdateFrequency:0]]
[2022.03.07-07.39.28:178][  0]LogConfig: Setting CVar [[p.chaos.AllowCreatePhysxBodies:1]]
[2022.03.07-07.39.28:178][  0]LogConfig: Setting CVar [[fx.SkipVectorVMBackendOptimizations:1]]
[2022.03.07-07.39.28:178][  0]LogConfig: Applying CVar settings from Section [ConsoleVariables] File [C:/UnrealEngine_Projects/ue.course/GeometrySandbox/Saved/Config/Windows/Engine.ini]
[2022.03.07-07.39.28:178][  0]LogConfig: Applying CVar settings from Section [ConsoleVariables] File [C:/UnrealEngine_Projects/ue.course/GeometrySandbox/Saved/Config/Windows/Editor.ini]
[2022.03.07-07.39.28:180][  0]LogInit: Computer: DESKTOP-V7QSN3L
[2022.03.07-07.39.28:180][  0]LogInit: User: PC
[2022.03.07-07.39.28:180][  0]LogInit: CPU Page size=4096, Cores=4
[2022.03.07-07.39.28:180][  0]LogInit: High frequency timer resolution =10.000000 MHz
[2022.03.07-07.39.28:180][  0]LogMemory: Memory total: Physical=23.9GB (24GB approx)
[2022.03.07-07.39.28:180][  0]LogMemory: Platform Memory Stats for Windows
[2022.03.07-07.39.28:180][  0]LogMemory: Process Physical Memory: 138.89 MB used, 138.89 MB peak
[2022.03.07-07.39.28:180][  0]LogMemory: Process Virtual Memory: 110.99 MB used, 110.99 MB peak
[2022.03.07-07.39.28:180][  0]LogMemory: Physical Memory: 9449.25 MB used,  15057.53 MB free, 24506.77 MB total
[2022.03.07-07.39.28:180][  0]LogMemory: Virtual Memory: 134203104.00 MB used,  14622.66 MB free, 134217728.00 MB total
[2022.03.07-07.39.28:193][  0]LogWindows: WindowsPlatformFeatures enabled
[2022.03.07-07.39.28:625][  0]LogInit: Physics initialised using underlying interface: PhysX
[2022.03.07-07.39.28:627][  0]LogInit: Using OS detected language (ru-RU).
[2022.03.07-07.39.28:627][  0]LogInit: Using OS detected locale (ru-RU).
[2022.03.07-07.39.28:646][  0]LogTextLocalizationManager: No specific localization for 'ru-RU' exists, so the 'ru' localization will be used.
[2022.03.07-07.39.28:646][  0]LogTextLocalizationResource: LocRes '../../../Engine/Content/Localization/Editor/ru/Editor.locres' could not be opened for reading!
[2022.03.07-07.39.28:646][  0]LogTextLocalizationResource: LocRes '../../../Engine/Content/Localization/EditorTutorials/ru/EditorTutorials.locres' could not be opened for reading!
[2022.03.07-07.39.28:646][  0]LogTextLocalizationResource: LocRes '../../../Engine/Content/Localization/Keywords/ru/Keywords.locres' could not be opened for reading!
[2022.03.07-07.39.28:647][  0]LogTextLocalizationResource: LocRes '../../../Engine/Content/Localization/Category/ru/Category.locres' could not be opened for reading!
[2022.03.07-07.39.28:647][  0]LogTextLocalizationResource: LocRes '../../../Engine/Content/Localization/ToolTips/ru/ToolTips.locres' could not be opened for reading!
[2022.03.07-07.39.28:648][  0]LogTextLocalizationResource: LocRes '../../../Engine/Content/Localization/PropertyNames/ru/PropertyNames.locres' could not be opened for reading!
[2022.03.07-07.39.28:648][  0]LogTextLocalizationResource: LocRes '../../../Engine/Content/Localization/Engine/ru/Engine.locres' could not be opened for reading!
[2022.03.07-07.39.28:678][  0]LogInit: Setting process to per monitor DPI aware
[2022.03.07-07.39.28:723][  0]LogWindowsTextInputMethodSystem: Display: IME system deactivated.
[2022.03.07-07.39.28:800][  0]LogSlate: New Slate User Created.  User Index 0, Is Virtual User: 0
[2022.03.07-07.39.28:800][  0]LogSlate: Slate User Registered.  User Index 0, Is Virtual User: 0
[2022.03.07-07.39.31:713][  0]LogD3D11RHI: Loaded GFSDK_Aftermath_Lib.x64.dll
[2022.03.07-07.39.31:719][  0]LogHMD: Failed to initialize OpenVR with code 110
[2022.03.07-07.39.31:719][  0]LogD3D11RHI: D3D11 min allowed feature level: 11_0
[2022.03.07-07.39.31:720][  0]LogD3D11RHI: D3D11 max allowed feature level: 11_0
[2022.03.07-07.39.31:720][  0]LogD3D11RHI: D3D11 adapters:
[2022.03.07-07.39.31:865][  0]LogD3D11RHI:    0. 'NVIDIA GeForce GTX 1060 6GB' (Feature Level 11_0)
[2022.03.07-07.39.31:865][  0]LogD3D11RHI:       6052/0/12253 MB DedicatedVideo/DedicatedSystem/SharedSystem, Outputs:1, VendorId:0x10de
[2022.03.07-07.39.31:873][  0]LogD3D11RHI:    1. 'Microsoft Basic Render Driver' (Feature Level 11_0)
[2022.03.07-07.39.31:873][  0]LogD3D11RHI:       0/0/12253 MB DedicatedVideo/DedicatedSystem/SharedSystem, Outputs:0, VendorId:0x1414
[2022.03.07-07.39.31:873][  0]LogD3D11RHI: Chosen D3D11 Adapter:
[2022.03.07-07.39.31:873][  0]LogD3D11RHI:     Description : NVIDIA GeForce GTX 1060 6GB
[2022.03.07-07.39.31:873][  0]LogD3D11RHI:     VendorId    : 10de
[2022.03.07-07.39.31:873][  0]LogD3D11RHI:     DeviceId    : 1c03
[2022.03.07-07.39.31:873][  0]LogD3D11RHI:     SubSysId    : 85b71043
[2022.03.07-07.39.31:873][  0]LogD3D11RHI:     Revision    : 00a1
[2022.03.07-07.39.31:873][  0]LogD3D11RHI:     DedicatedVideoMemory : 6345981952 bytes
[2022.03.07-07.39.31:873][  0]LogD3D11RHI:     DedicatedSystemMemory : 0 bytes
[2022.03.07-07.39.31:873][  0]LogD3D11RHI:     SharedSystemMemory : 12848607232 bytes
[2022.03.07-07.39.31:873][  0]LogD3D11RHI:     AdapterLuid : 0 42378
[2022.03.07-07.39.31:910][  0]LogD3D11RHI: Creating new Direct3DDevice
[2022.03.07-07.39.31:910][  0]LogD3D11RHI:     GPU DeviceId: 0x1c03 (for the marketing name, search the web for "GPU Device Id")
[2022.03.07-07.39.31:910][  0]LogWindows: EnumDisplayDevices:
[2022.03.07-07.39.31:910][  0]LogWindows:    0. 'NVIDIA GeForce GTX 1060 6GB' (P:1 D:1)
[2022.03.07-07.39.31:910][  0]LogWindows:    1. 'NVIDIA GeForce GTX 1060 6GB' (P:0 D:0)
[2022.03.07-07.39.31:911][  0]LogWindows:    2. 'NVIDIA GeForce GTX 1060 6GB' (P:0 D:0)
[2022.03.07-07.39.31:911][  0]LogWindows:    3. 'NVIDIA GeForce GTX 1060 6GB' (P:0 D:0)
[2022.03.07-07.39.31:911][  0]LogWindows: DebugString: FoundDriverCount:4 
[2022.03.07-07.39.31:911][  0]LogD3D11RHI:     Adapter Name: NVIDIA GeForce GTX 1060 6GB
[2022.03.07-07.39.31:911][  0]LogD3D11RHI:   Driver Version: 511.79 (internal:30.0.15.1179, unified:511.79)
[2022.03.07-07.39.31:911][  0]LogD3D11RHI:      Driver Date: 2-10-2022
[2022.03.07-07.39.31:912][  0]LogRHI: Texture pool is 4236 MB (70% of 6052 MB)
[2022.03.07-07.39.31:912][  0]LogD3D11RHI: Creating D3DDevice using adapter:
[2022.03.07-07.39.31:912][  0]LogD3D11RHI:     Description : NVIDIA GeForce GTX 1060 6GB
[2022.03.07-07.39.31:912][  0]LogD3D11RHI:     VendorId    : 10de
[2022.03.07-07.39.31:912][  0]LogD3D11RHI:     DeviceId    : 1c03
[2022.03.07-07.39.31:912][  0]LogD3D11RHI:     SubSysId    : 85b71043
[2022.03.07-07.39.31:912][  0]LogD3D11RHI:     Revision    : 00a1
[2022.03.07-07.39.31:912][  0]LogD3D11RHI:     DedicatedVideoMemory : 6345981952 bytes
[2022.03.07-07.39.31:912][  0]LogD3D11RHI:     DedicatedSystemMemory : 0 bytes
[2022.03.07-07.39.31:912][  0]LogD3D11RHI:     SharedSystemMemory : 12848607232 bytes
[2022.03.07-07.39.31:912][  0]LogD3D11RHI:     AdapterLuid : 0 42378
[2022.03.07-07.39.32:001][  0]LogD3D11RHI: RHI has support for 64 bit atomics
[2022.03.07-07.39.32:002][  0]LogD3D11RHI: Async texture creation enabled
[2022.03.07-07.39.32:002][  0]LogD3D11RHI: Array index from any shader is supported
[2022.03.07-07.39.32:057][  0]LogD3D11RHI: GPU Timing Frequency: 1000.000000 (Debug: 2 1)
[2022.03.07-07.39.32:153][  0]LogRHI: GeForceNow SDK initialized: 1
[2022.03.07-07.39.32:486][  0]LogTargetPlatformManager: Display: Loaded TargetPlatform 'AllDesktop'
[2022.03.07-07.39.32:532][  0]LogTargetPlatformManager: Display: Loaded TargetPlatform 'Android'
[2022.03.07-07.39.32:532][  0]LogTargetPlatformManager: Display: Loaded TargetPlatform 'Android_ASTC'
[2022.03.07-07.39.32:533][  0]LogTargetPlatformManager: Display: Loaded TargetPlatform 'Android_DXT'
[2022.03.07-07.39.32:533][  0]LogTargetPlatformManager: Display: Loaded TargetPlatform 'Android_ETC2'
[2022.03.07-07.39.32:533][  0]LogTargetPlatformManager: Display: Loaded TargetPlatform 'AndroidClient'
[2022.03.07-07.39.32:533][  0]LogTargetPlatformManager: Display: Loaded TargetPlatform 'Android_ASTCClient'
[2022.03.07-07.39.32:533][  0]LogTargetPlatformManager: Display: Loaded TargetPlatform 'Android_DXTClient'
[2022.03.07-07.39.32:533][  0]LogTargetPlatformManager: Display: Loaded TargetPlatform 'Android_ETC2Client'
[2022.03.07-07.39.32:533][  0]LogTargetPlatformManager: Display: Loaded TargetPlatform 'Android_Multi'
[2022.03.07-07.39.32:533][  0]LogTargetPlatformManager: Display: Loaded TargetPlatform 'Android_MultiClient'
[2022.03.07-07.39.32:615][  0]LogTargetPlatformManager: Display: Loaded TargetPlatform 'IOSClient'
[2022.03.07-07.39.32:615][  0]LogTargetPlatformManager: Display: Loaded TargetPlatform 'IOS'
[2022.03.07-07.39.32:657][  0]LogTargetPlatformManager: Display: Loaded TargetPlatform 'Linux'
[2022.03.07-07.39.32:681][  0]LogTargetPlatformManager: Display: Loaded TargetPlatform 'LinuxNoEditor'
[2022.03.07-07.39.32:705][  0]LogTargetPlatformManager: Display: Loaded TargetPlatform 'LinuxClient'
[2022.03.07-07.39.32:731][  0]LogTargetPlatformManager: Display: Loaded TargetPlatform 'LinuxServer'
[2022.03.07-07.39.32:766][  0]LogTargetPlatformManager: Display: Loaded TargetPlatform 'LinuxAArch64NoEditor'
[2022.03.07-07.39.32:792][  0]LogTargetPlatformManager: Display: Loaded TargetPlatform 'LinuxAArch64Client'
[2022.03.07-07.39.32:816][  0]LogTargetPlatformManager: Display: Loaded TargetPlatform 'LinuxAArch64Server'
[2022.03.07-07.39.32:870][  0]LogTargetPlatformManager: Display: Loaded TargetPlatform 'Lumin'
[2022.03.07-07.39.32:870][  0]LogTargetPlatformManager: Display: Loaded TargetPlatform 'LuminClient'
[2022.03.07-07.39.32:908][  0]LogTargetPlatformManager: Display: Loaded TargetPlatform 'MacNoEditor'
[2022.03.07-07.39.32:934][  0]LogTargetPlatformManager: Display: Loaded TargetPlatform 'Mac'
[2022.03.07-07.39.32:958][  0]LogTargetPlatformManager: Display: Loaded TargetPlatform 'MacClient'
[2022.03.07-07.39.32:982][  0]LogTargetPlatformManager: Display: Loaded TargetPlatform 'MacServer'
[2022.03.07-07.39.33:014][  0]LogTargetPlatformManager: Display: Loaded TargetPlatform 'TVOSClient'
[2022.03.07-07.39.33:014][  0]LogTargetPlatformManager: Display: Loaded TargetPlatform 'TVOS'
[2022.03.07-07.39.33:045][  0]LogTargetPlatformManager: Display: Loaded TargetPlatform 'WindowsNoEditor'
[2022.03.07-07.39.33:071][  0]LogTargetPlatformManager: Display: Loaded TargetPlatform 'Windows'
[2022.03.07-07.39.33:096][  0]LogTargetPlatformManager: Display: Loaded TargetPlatform 'WindowsClient'
[2022.03.07-07.39.33:120][  0]LogTargetPlatformManager: Display: Loaded TargetPlatform 'WindowsServer'
[2022.03.07-07.39.33:120][  0]LogTargetPlatformManager: Display: Building Assets For Windows
[2022.03.07-07.39.33:220][  0]LogAudioDebug: Display: Lib vorbis DLL was dynamically loaded.
[2022.03.07-07.39.33:477][  0]LogTextureFormatOodle: Display: Oodle Texture 2.9.0 init RDO Off
[2022.03.07-07.39.33:819][  0]LogRendererCore: Ray tracing is disabled. Reason: r.RayTracing=0.
[2022.03.07-07.39.33:820][  0]LogShaderCompilers: Guid format shader working directory is -24 characters bigger than the processId version (../../../../../../UnrealEngine_Projects/ue.course/GeometrySandbox/Intermediate/Shaders/WorkingDirectory/107160/).
[2022.03.07-07.39.33:821][  0]LogShaderCompilers: Cleaned the shader compiler working directory 'C:/Users/PC/AppData/Local/Temp/UnrealShaderWorkingDir/E656E4F64CDFFD31689BDD98A718C71D/'.
[2022.03.07-07.39.33:821][  0]LogXGEController: Cannot use XGE Controller as Incredibuild is not installed on this machine.
[2022.03.07-07.39.33:822][  0]LogShaderCompilers: Cannot use XGE Shader Compiler as Incredibuild is not installed on this machine.
[2022.03.07-07.39.33:822][  0]LogShaderCompilers: Display: Using Local Shader Compiler.
[2022.03.07-07.39.37:432][  0]LogDerivedDataCache: Display: Max Cache Size: 512 MB
[2022.03.07-07.39.37:665][  0]LogDerivedDataCache: Loaded boot cache 0.23s 94MB C:/Users/PC/AppData/Local/UnrealEngine/4.27/DerivedDataCache/Boot.ddc.
[2022.03.07-07.39.37:665][  0]LogDerivedDataCache: Display: Loaded Boot cache: C:/Users/PC/AppData/Local/UnrealEngine/4.27/DerivedDataCache/Boot.ddc
[2022.03.07-07.39.37:666][  0]LogDerivedDataCache: FDerivedDataBackendGraph:  Pak pak cache file ../../../../../../UnrealEngine_Projects/ue.course/GeometrySandbox/DerivedDataCache/DDC.ddp not found, will not use a pak cache.
[2022.03.07-07.39.37:666][  0]LogDerivedDataCache: Unable to find inner node Pak for hierarchical cache Hierarchy.
[2022.03.07-07.39.37:666][  0]LogDerivedDataCache: FDerivedDataBackendGraph:  CompressedPak pak cache file ../../../../../../UnrealEngine_Projects/ue.course/GeometrySandbox/DerivedDataCache/Compressed.ddp not found, will not use a pak cache.
[2022.03.07-07.39.37:666][  0]LogDerivedDataCache: Unable to find inner node CompressedPak for hierarchical cache Hierarchy.
[2022.03.07-07.39.37:699][  0]LogDerivedDataCache: Display: Pak cache opened for reading ../../../Engine/DerivedDataCache/Compressed.ddp.
[2022.03.07-07.39.37:699][  0]LogDerivedDataCache: FDerivedDataBackendGraph:  EnterprisePak pak cache file ../../../Enterprise/DerivedDataCache/Compressed.ddp not found, will not use a pak cache.
[2022.03.07-07.39.37:699][  0]LogDerivedDataCache: Unable to find inner node EnterprisePak for hierarchical cache Hierarchy.
[2022.03.07-07.39.37:765][  0]LogDerivedDataCache: Speed tests for C:/Users/PC/AppData/Local/UnrealEngine/Common/DerivedDataCache took 0.07 seconds
[2022.03.07-07.39.37:766][  0]LogDerivedDataCache: Display: Performance to C:/Users/PC/AppData/Local/UnrealEngine/Common/DerivedDataCache: Latency=0.28ms. RandomReadSpeed=17.62MBs, RandomWriteSpeed=91.89MBs. Assigned SpeedClass 'Local'
[2022.03.07-07.39.37:773][  0]LogDerivedDataCache: Using Local data cache path C:/Users/PC/AppData/Local/UnrealEngine/Common/DerivedDataCache: Writable
[2022.03.07-07.39.37:774][  0]LogDerivedDataCache: Shared data cache path not found in *engine.ini, will not use an Shared cache.
[2022.03.07-07.39.37:774][  0]LogDerivedDataCache: Unable to find inner node Shared for hierarchical cache Hierarchy.
[2022.03.07-07.39.37:834][  0]LogSlate: Using FreeType 2.10.0
[2022.03.07-07.39.37:850][  0]LogSlate: SlateFontServices - WITH_FREETYPE: 1, WITH_HARFBUZZ: 1
[2022.03.07-07.39.37:914][  0]LogAssetRegistry: FAssetRegistry took 0.0074 seconds to start up
[2022.03.07-07.39.38:300][  0]LogInit: Selected Device Profile: [Windows]
[2022.03.07-07.39.38:300][  0]LogInit: Active device profile: [000002D9A0546300][000002D99DD43680 49] Windows
[2022.03.07-07.39.38:300][  0]LogInit: Profiles: [000002D9A0546300][000002D99DD43680 49] Windows, [000002D9A0501F00][000002D99DD4B800 49] WindowsNoEditor, [000002D9A0546700][000002D99DD4F980 49] WindowsServer, [000002D9A0502200][000002D99DD53B00 49] WindowsClient, [000002D9A0546900][000002D99DD56100 49] IOS, [000002D9A0501A00][000002D99DD5A280 49] iPadAir, [000002D9A0545900][000002D99FF2E400 49] iPadAir2, [000002D9A04B9A00][000002D99FF366C0 49] IPadPro, [000002D9A04B9B00][000002D99FF32700 49] iPadAir3, [000002D9A0545800][000002D99DD46840 49] iPadAir4, [000002D9A04BBE00][000002D99FF3A980 49] iPadMini2, [000002D9A0545F00][000002D99FF3EAC0 49] iPadMini3, [000002D9A04B8200][000002D99FF46C40 49] iPadMini4, [000002D9A0545B00][000002D99FF4ADC0 49] iPadMini5, [000002D9A04BD300][000002D99FF53080 49] iPhone6, [000002D9A04BD400][000002D99FF4F0C0 49] iPodTouch6, [000002D9A0502400][000002D99FF5B380 49] iPhone7, [000002D9A0502900][000002D99FF573C0 49] iPodTouch7, [000002D9A04BF800][000002D99FF5F540 49] iPhone5S, [000002D9A0500700][000002D99FF636C0 49] iPhone6Plus, [000002D9A04BF700][000002D99FF67840 49] iPhone6S, [000002D9A0501400][000002D99FF6B9C0 49] iPhone6SPlus, [000002D9A04BFF00][000002D99FF6FB40 49] iPhone7Plus, [000002D9A0500A00][000002D99FF72140 49] iPhoneSE, [000002D9A04BEE00][000002D99FF762C0 49] iPhone8, [000002D9A0503B00][000002D99FF7A440 49] iPhone8Plus, [000002D9A04BE300][000002D99FF7E5C0 49] iPhoneX, [000002D9A0502100][000002D99FF82740 49] iPhoneXS, [000002D9A04BD900][000002D99FF868C0 49] iPhoneXSMax, [000002D9A0501200][000002D99FF42A00 49] iPhoneXR, [000002D9A04BF300][000002D99FF8AB40 49] iPhone11, [000002D9A0501900][000002D99FF8EC80 49] iPhone11Pro, [000002D9A04BE900][000002D99FF92DC0 49] iPhone11ProMax, [000002D9A0502000][000002D99FF9AF40 49] iPhoneSE2, [000002D9A04BF900][000002D99FF9F0C0 49] iPhone12Mini, [000002D9A0503800][000002D99FFA3240 49] iPhone12, [000002D9A04BDE00][000002D99FFA73C0 49] iPhone12Pro, [000002D9A0500500][000002D99FFAB540 49] iPhone12ProMax, [000002D9A04BF500][000002D99FFAF6C0 49] iPadPro105, [000002D9A0501D00][000002D99FFB3840 49] iPadPro129, [000002D9A04BDC00][000002D99FFB79C0 49] iPadPro97, [000002D9A0500200][000002D99FFBBB40 49] iPadPro2_129, [000002D9A04BDB00][000002D99FFBE140 49] iPad5, [000002D9A0502500][000002D99FFC22C0 49] iPad6, [000002D9A04B8B00][000002D99FFC6440 49] iPad7, [000002D99F17D800][000002D99FFCA5C0 49] iPad8, [000002D9A04B8400][000002D99FFCE740 49] iPadPro11, [000002D99F17C600][000002D99FFD28C0 49] iPadPro2_11, [000002D9A04BA000][000002D99FFD6A40 49] iPadPro3_129, [000002D99F17C700][000002D99FF96B80 49] iPadPro4_129, [000002D9A04BB400][000002D99FFDACC0 49] AppleTV, [000002D99F17D000][000002D99FFDEE00 49] AppleTV4K, [000002D9A0502300][000002D99FFE2F40 49] TVOS, [000002D9A04BCB00][000002D99FFEB0C0 49] Mac, [000002D9A04BA300][000002D99FFEF240 49] MacClient, [000002D9A04BC700][000002D99FFF33C0 49] MacNoEditor, [000002D9A04BBB00][000002D99FFF7540 49] MacServer, [000002D9A04BCE00][000002D99FFFB6C0 49] Linux, [000002D9A04BBF00][000002D99FFFF840 49] LinuxAArch64, [000002D9A04BCC00][000002D9A00039C0 49] LinuxNoEditor, [000002D9A0500900][000002D9A0007B40 49] LinuxAArch64NoEditor, [000002D9A04BF400][000002D9A000A140 49] LinuxClient, [000002D9A0503E00][000002D9A000E2C0 49] LinuxAArch64Client, [000002D9A04BD600][000002D9A0012440 49] LinuxServer, [000002D9A0501500][000002D9A00165C0 49] LinuxAArch64Server, [000002D9A04BF600][000002D9A001A740 49] Android, [000002D9A0503400][000002D9A001E8C0 49] Android_Low, [000002D9A04BEB00][000002D9A0022A40 49] Android_Mid, [000002D9A0502600][000002D9A0026BC0 49] Android_High, [000002D9A04BE600][000002D9A002AD40 49] Android_Default, [000002D9A0503100][000002D99FFE6E80 49] Android_Adreno4xx, [000002D9A04BD200][000002D9A002EFC0 49] Android_Adreno5xx_Low, [000002D9A0501800][000002D9A0033100 49] Android_Adreno5xx, [000002D9A04BC100][000002D9A003B280 49] Android_Adreno6xx, [000002D9A0501B00][000002D9A003F400 49] Android_Adreno6xx_Vulkan, [000002D9A04BFD00][000002D9A0043580 49] Android_Mali_T6xx, [000002D9A0501700][000002D9A0047700 49] Android_Mali_T7xx, [000002D9A04BE200][000002D9A004B880 49] Android_Mali_T8xx, [000002D9A0502C00][000002D9A004FA00 49] Android_Mali_G71, [000002D9A04BC500][000002D9A0053B80 49] Android_Mali_G72, [000002D9A0503700][000002D9A0056180 49] Android_Mali_G72_Vulkan, [000002D9A04BFB00][000002D9A005A300 49] Android_Mali_G76, [000002D9A0502A00][000002D9A005E480 49] Android_Mali_G76_Vulkan, [000002D9A04BFA00][000002D9A0062600 49] Android_Mali_G77, [000002D9A0502700][000002D9A0066780 49] Android_Mali_G77_Vulkan, [000002D9A04BFE00][000002D9A006A900 49] Android_Mali_G78, [000002D9A0502800][000002D9A006EA80 49] Android_Mali_G78_Vulkan, [000002D9A04BCA00][000002D9A0072C00 49] Android_Mali_G710, [000002D9A0500F00][000002D9A0076D80 49] Android_Mali_G710_Vulkan, [000002D9A04BC400][000002D9A007AF00 49] Android_Vulkan_SM5, [000002D9A0503A00][000002D9A0037040 49] Android_PowerVR_G6xxx, [000002D9A04BD100][000002D9A007F180 49] Android_PowerVR_GT7xxx, [000002D9A0503200][000002D9A00832C0 49] Android_PowerVR_GE8xxx, [000002D9A04BE000][000002D9A008B440 49] Android_PowerVR_GM9xxx, [000002D9A0501100][000002D9A008F5C0 49] Android_PowerVR_GM9xxx_Vulkan, [000002D9A0545500][000002D9A0093740 49] Android_TegraK1, [000002D9A04BB300][000002D9A00978C0 49] Android_Unknown_Vulkan, [000002D9A0545C00][000002D9A009BA40 49] Lumin, [000002D9A04BA500][000002D9A009FBC0 49] Lumin_Desktop, [000002D9A0546800][000002D9A00A21C0 49] HoloLens, 
[2022.03.07-07.39.38:871][  0]LogMeshReduction: Using QuadricMeshReduction for automatic static mesh reduction
[2022.03.07-07.39.38:871][  0]LogMeshReduction: Using SimplygonMeshReduction for automatic skeletal mesh reduction
[2022.03.07-07.39.38:871][  0]LogMeshReduction: Using ProxyLODMeshReduction for automatic mesh merging
[2022.03.07-07.39.38:871][  0]LogMeshReduction: No distributed automatic mesh merging module available
[2022.03.07-07.39.38:871][  0]LogMeshMerging: No distributed automatic mesh merging module available
[2022.03.07-07.39.38:956][  0]LogNetVersion: GeometrySandbox 1.0.0, NetCL: 17155196, EngineNetVer: 17, GameNetVer: 0 (Checksum: 2047942326)
[2022.03.07-07.39.40:438][  0]LogTexture: Default maximum texture size for cubemaps generated from long-lat sources has been changed from 512 to unlimited. In order to preserve old behaiour for '/Engine/MapTemplates/Sky/DaylightAmbientCubemap.DaylightAmbientCubemap', its maximum texture size has been explicitly set to 512.
[2022.03.07-07.39.40:591][  0]LogHMD: PokeAHoleMaterial loaded successfully
[2022.03.07-07.39.40:599][  0]LogUObjectArray: 17178 objects as part of root set at end of initial load.
[2022.03.07-07.39.40:599][  0]LogUObjectAllocator: 4302048 out of 0 bytes used by permanent object pool.
[2022.03.07-07.39.40:599][  0]LogUObjectArray: CloseDisregardForGC: 0/0 objects in disregard for GC pool
[2022.03.07-07.39.42:505][  0]LogNiagaraDebuggerClient: Niagara Debugger Client Initialized | Session: BE09376A4C86B4566E723BB937D83B72 | Instance: 228304054EFAD7F986776896C2EC992B (DESKTOP-V7QSN3L-107160).
[2022.03.07-07.39.42:731][  0]LogPython: Using Python 3.7.7
[2022.03.07-07.39.44:086][  0]LogUdpMessaging: Initializing bridge on interface 0.0.0.0:0 to multicast group 230.0.0.1:6666.
[2022.03.07-07.39.44:123][  0]LogTcpMessaging: Initializing TcpMessaging bridge
[2022.03.07-07.39.45:135][  0]SourceControl: Source control is disabled
[2022.03.07-07.39.45:135][  0]SourceControl: Source control is disabled
[2022.03.07-07.39.45:168][  0]SourceControl: Source control is disabled
[2022.03.07-07.39.45:254][  0]SourceControl: Source control is disabled
[2022.03.07-07.39.45:297][  0]LogUProjectInfo: Found projects:
[2022.03.07-07.39.46:570][  0]LogOpenImageDenoise: OIDN starting up
[2022.03.07-07.39.46:850][  0]LogAndroidPermission: UAndroidPermissionCallbackProxy::GetInstance
[2022.03.07-07.39.46:997][  0]LogAudioCaptureCore: Display: No Audio Capture implementations found. Audio input will be silent.
[2022.03.07-07.39.46:997][  0]LogAudioCaptureCore: Display: No Audio Capture implementations found. Audio input will be silent.
[2022.03.07-07.39.47:705][  0]SourceControl: Source control is disabled
[2022.03.07-07.39.47:817][  0]LogCollectionManager: Loaded 0 collections in 0.002585 seconds
[2022.03.07-07.39.47:947][  0]LogFileCache: Scanning file cache for directory 'C:/UnrealEngine_Projects/ue.course/GeometrySandbox/Saved/Collections/' took 0.00s
[2022.03.07-07.39.47:947][  0]LogFileCache: Scanning file cache for directory 'C:/UnrealEngine_Projects/ue.course/GeometrySandbox/Content/Developers/PC/Collections/' took 0.00s
[2022.03.07-07.39.47:947][  0]LogFileCache: Scanning file cache for directory 'C:/UnrealEngine_Projects/ue.course/GeometrySandbox/Content/Collections/' took 0.00s
[2022.03.07-07.39.47:947][  0]LogOcInput: OculusInput pre-init called
[2022.03.07-07.39.48:453][  0]LogEngine: Initializing Engine...
[2022.03.07-07.39.48:499][  0]LogHMD: Failed to enumerate extensions. Please check that you have a valid OpenXR runtime installed.
[2022.03.07-07.39.48:500][  0]LogHMD: Failed to initialize OpenVR with code 110
[2022.03.07-07.39.48:500][  0]LogMagicLeap: Warning: VR disabled because ZI is not enabled.  To enable, in the editor, Edit -> Project Settings -> Plugins -> Magic Leap Plugin -> Enable Zero Iteration
[2022.03.07-07.39.48:503][  0]LogStats: UGameplayTagsManager::InitializeManager -  0.001 s
[2022.03.07-07.39.48:861][  0]LogInit: Initializing FReadOnlyCVARCache
[2022.03.07-07.39.48:910][  0]LogAIModule: Creating AISystem for world Untitled
[2022.03.07-07.39.48:914][  0]LogAudio: Display: Initializing Audio Device Manager...
[2022.03.07-07.39.48:938][  0]LogAudio: Display: Loading Default Audio Settings Objects...
[2022.03.07-07.39.48:943][  0]LogAudio: Display: No default SoundConcurrencyObject specified (or failed to load).
[2022.03.07-07.39.48:945][  0]LogAudio: Display: Audio Device Manager Initialized
[2022.03.07-07.39.48:945][  0]LogAudio: Display: Creating Audio Device:                 Id: 1, Scope: Shared, Realtime: True
[2022.03.07-07.39.48:946][  0]LogAudioMixer: Display: Audio Mixer Platform Settings:
[2022.03.07-07.39.48:946][  0]LogAudioMixer: Display: 	Sample Rate:						  48000
[2022.03.07-07.39.48:946][  0]LogAudioMixer: Display: 	Callback Buffer Frame Size Requested: 1024
[2022.03.07-07.39.48:946][  0]LogAudioMixer: Display: 	Callback Buffer Frame Size To Use:	  1024
[2022.03.07-07.39.48:946][  0]LogAudioMixer: Display: 	Number of buffers to queue:			  2
[2022.03.07-07.39.48:946][  0]LogAudioMixer: Display: 	Max Channels (voices):				  32
[2022.03.07-07.39.48:946][  0]LogAudioMixer: Display: 	Number of Async Source Workers:		  0
[2022.03.07-07.39.48:946][  0]LogAudio: Display: AudioDevice MaxSources: 32
[2022.03.07-07.39.48:947][  0]LogAudio: Display: Audio Spatialization Plugin: None (built-in).
[2022.03.07-07.39.48:947][  0]LogAudio: Display: Audio Reverb Plugin: None (built-in).
[2022.03.07-07.39.48:947][  0]LogAudio: Display: Audio Occlusion Plugin: None (built-in).
[2022.03.07-07.39.48:947][  0]LogAudioMixer: Display: Initializing audio mixer.
[2022.03.07-07.39.49:006][  0]LogAudioMixer: Display: 0: FrontLeft
[2022.03.07-07.39.49:006][  0]LogAudioMixer: Display: 1: FrontRight
[2022.03.07-07.39.49:034][  0]LogAudioMixer: Display: Using Audio Device Динамики (Line 6 UX2)
[2022.03.07-07.39.49:036][  0]LogAudioMixer: Display: Initializing Sound Submixes...
[2022.03.07-07.39.49:060][  0]LogAudioMixer: Display: Creating Master Submix 'MasterSubmixDefault'
[2022.03.07-07.39.49:061][  0]LogAudioMixer: Display: Creating Master Submix 'MasterReverbSubmixDefault'
[2022.03.07-07.39.49:062][  0]LogAudioMixer: Display: Creating Master Submix 'MasterEQSubmixDefault'
[2022.03.07-07.39.49:063][  0]LogAudioMixer: FMixerPlatformXAudio2::StartAudioStream() called
[2022.03.07-07.39.49:063][  0]LogAudioMixer: Display: Output buffers initialized: Frames=1024, Channels=2, Samples=2048
[2022.03.07-07.39.49:065][  0]LogAudioMixer: Display: Starting AudioMixerPlatformInterface::RunInternal()
[2022.03.07-07.39.49:065][  0]LogAudioMixer: Display: FMixerPlatformXAudio2::SubmitBuffer() called for the first time
[2022.03.07-07.39.49:066][  0]LogInit: FAudioDevice initialized.
[2022.03.07-07.39.49:066][  0]LogAudio: Display: Audio Device (ID: 1) registered with world 'Untitled'.
[2022.03.07-07.39.49:066][  0]LogNetVersion: Set ProjectVersion to 1.0.0.0. Version Checksum will be recalculated on next use.
[2022.03.07-07.39.49:162][  0]LogDerivedDataCache: Saved boot cache 0.10s 94MB C:/Users/PC/AppData/Local/UnrealEngine/4.27/DerivedDataCache/Boot.ddc.
[2022.03.07-07.39.49:163][  0]LogInit: Texture streaming: Enabled
[2022.03.07-07.39.49:235][  0]LogAnalytics: Display: [UEEditor.Rocket.Release] APIServer = https://datarouter.ol.epicgames.com/. AppVersion = 4.27.2-18319896+++UE4+Release-4.27
[2022.03.07-07.39.49:261][  0]LogEngineSessionManager: EngineSessionManager initialized
[2022.03.07-07.39.49:261][  0]LogEngineSessionManager: EngineSessionManager sent abnormal shutdown report. Type=Debugger, SessionId={2E8916B1-4F01-5EA6-433B-76811BAFD50B}
[2022.03.07-07.39.49:263][  0]LogEditorSessionSummary: Verbose: Initializing EditorSessionSummaryWriter for editor session tracking
[2022.03.07-07.39.49:266][  0]LogEditorSessionSummary: EditorSessionSummaryWriter initialized
[2022.03.07-07.39.49:341][  0]LogInit: Transaction tracking system initialized
[2022.03.07-07.39.49:497][  0]BlueprintLog: New page: Editor Load
[2022.03.07-07.39.49:963][  0]LocalizationService: Localization service is disabled
[2022.03.07-07.39.50:144][  0]TimingProfiler: Initialize
[2022.03.07-07.39.50:145][  0]TimingProfiler: OnSessionChanged
[2022.03.07-07.39.50:146][  0]LoadingProfiler: Initialize
[2022.03.07-07.39.50:146][  0]LoadingProfiler: OnSessionChanged
[2022.03.07-07.39.50:146][  0]NetworkingProfiler: Initialize
[2022.03.07-07.39.50:147][  0]NetworkingProfiler: OnSessionChanged
[2022.03.07-07.39.50:147][  0]MemoryProfiler: Initialize
[2022.03.07-07.39.50:147][  0]MemoryProfiler: OnSessionChanged
[2022.03.07-07.39.50:866][  0]LogFileCache: Scanning file cache for directory 'C:/UnrealEngine_Projects/ue.course/GeometrySandbox/Content/' took 0.01s
[2022.03.07-07.39.50:866][  0]LogCook: Display: CookSettings for Memory: MemoryMaxUsedVirtual 0MiB, MemoryMaxUsedPhysical 16384MiB, MemoryMinFreeVirtual 0MiB, MemoryMinFreePhysical 1024MiB
[2022.03.07-07.39.50:866][  0]LogCook: Display: Mobile HDR setting 1
[2022.03.07-07.39.52:152][  0]LogInit: Display: Engine is initialized. Leaving FEngineLoop::Init()
[2022.03.07-07.39.52:159][  0]SourceControl: Source control is disabled
[2022.03.07-07.39.52:162][  0]LogUnrealEdMisc: Loading editor; pre map load, took 28.125
[2022.03.07-07.39.52:163][  0]Cmd: MAP LOAD FILE="../../../../../../UnrealEngine_Projects/ue.course/GeometrySandbox/Content/SandboxMap.umap" TEMPLATE=0 SHOWPROGRESS=1 FEATURELEVEL=3
[2022.03.07-07.39.52:164][  0]LightingResults: New page: Lighting Build
[2022.03.07-07.39.52:168][  0]LogWorld: UWorld::CleanupWorld for Untitled, bSessionEnded=true, bCleanupResources=true
[2022.03.07-07.39.52:169][  0]LogSlate: InvalidateAllWidgets triggered.  All widgets were invalidated
[2022.03.07-07.39.52:170][  0]MapCheck: New page: Map Check
[2022.03.07-07.39.52:170][  0]LightingResults: New page: Lighting Build
[2022.03.07-07.39.52:179][  0]LogAudio: Display: Audio Device unregistered from world 'None'.
[2022.03.07-07.39.52:185][  0]LogUObjectHash: Compacting FUObjectHashTables data took   0.94ms
[2022.03.07-07.39.52:359][  0]LogAudio: Display: Audio Device (ID: 1) registered with world 'SandboxMap'.
[2022.03.07-07.39.52:360][  0]LogAIModule: Creating AISystem for world SandboxMap
[2022.03.07-07.39.52:381][  0]LogEditorServer: Finished looking for orphan Actors (0.000 secs)
[2022.03.07-07.39.52:392][  0]LogUObjectHash: Compacting FUObjectHashTables data took   0.92ms
[2022.03.07-07.39.52:393][  0]Cmd: MAP CHECKDEP NOCLEARLOG
[2022.03.07-07.39.52:393][  0]MapCheck: Map check complete: 0 Error(s), 0 Warning(s), took 0,386ms to complete.
[2022.03.07-07.39.52:393][  0]LogFileHelpers: Loading map 'SandboxMap' took 0.231
[2022.03.07-07.39.52:413][  0]LogUnrealEdMisc: Total Editor Startup Time, took 28.376
[2022.03.07-07.39.52:592][  0]LogSlate: Updating window title bar state: overlay mode, drag disabled, window buttons hidden, title bar hidden
[2022.03.07-07.39.52:600][  0]LogSlate: Updating window title bar state: overlay mode, drag disabled, window buttons hidden, title bar hidden
[2022.03.07-07.39.52:607][  0]LogSlate: Updating window title bar state: overlay mode, drag disabled, window buttons hidden, title bar hidden
[2022.03.07-07.39.52:615][  0]LogSlate: Updating window title bar state: overlay mode, drag disabled, window buttons hidden, title bar hidden
[2022.03.07-07.39.52:651][  0]LogNativeClassHierarchy: Verbose: Native class hierarchy populated in 0.0118 seconds. Added 3824 classes and 931 folders.
[2022.03.07-07.39.52:656][  0]LogNativeClassHierarchy: Verbose: Native class hierarchy updated for 'WidgetCarousel' in 0.0003 seconds. Added 0 classes and 0 folders.
[2022.03.07-07.39.52:668][  0]LogPakFile: PakFile PrimaryIndexSize=187
[2022.03.07-07.39.52:668][  0]LogPakFile: PakFile PathHashIndexSize=101
[2022.03.07-07.39.52:668][  0]LogPakFile: PakFile FullDirectoryIndexSize=148
[2022.03.07-07.39.52:668][  0]LogShaderLibrary: Display: ShaderCodeLibraryPakFileMountedCallback: PakFile 'C:/Games/Epic Games/UE_4.27/FeaturePacks/FP_FirstPerson.upack' (chunk index -1, root 'root:/') mounted
[2022.03.07-07.39.52:668][  0]LogShaderLibrary: Display: ShaderCodeLibraryPakFileMountedCallback: pending pak file info (ChunkID:-1 Root:root:/ File:C:/Games/Epic Games/UE_4.27/FeaturePacks/FP_FirstPerson.upack)
[2022.03.07-07.39.52:669][  0]LogPakFile: OnPakFileMounted2Time == 0.000209
[2022.03.07-07.39.52:679][  0]LogPakFile: PakFile PrimaryIndexSize=189
[2022.03.07-07.39.52:680][  0]LogPakFile: PakFile PathHashIndexSize=101
[2022.03.07-07.39.52:680][  0]LogPakFile: PakFile FullDirectoryIndexSize=152
[2022.03.07-07.39.52:680][  0]LogShaderLibrary: Display: ShaderCodeLibraryPakFileMountedCallback: PakFile 'C:/Games/Epic Games/UE_4.27/FeaturePacks/FP_FirstPersonBP.upack' (chunk index -1, root 'root:/') mounted
[2022.03.07-07.39.52:680][  0]LogShaderLibrary: Display: ShaderCodeLibraryPakFileMountedCallback: pending pak file info (ChunkID:-1 Root:root:/ File:C:/Games/Epic Games/UE_4.27/FeaturePacks/FP_FirstPersonBP.upack)
[2022.03.07-07.39.52:680][  0]LogPakFile: OnPakFileMounted2Time == 0.000190
[2022.03.07-07.39.52:686][  0]LogPakFile: PakFile PrimaryIndexSize=191
[2022.03.07-07.39.52:686][  0]LogPakFile: PakFile PathHashIndexSize=101
[2022.03.07-07.39.52:686][  0]LogPakFile: PakFile FullDirectoryIndexSize=160
[2022.03.07-07.39.52:686][  0]LogShaderLibrary: Display: ShaderCodeLibraryPakFileMountedCallback: PakFile 'C:/Games/Epic Games/UE_4.27/FeaturePacks/MobileStarterContent.upack' (chunk index -1, root 'root:/') mounted
[2022.03.07-07.39.52:686][  0]LogShaderLibrary: Display: ShaderCodeLibraryPakFileMountedCallback: pending pak file info (ChunkID:-1 Root:root:/ File:C:/Games/Epic Games/UE_4.27/FeaturePacks/MobileStarterContent.upack)
[2022.03.07-07.39.52:687][  0]LogPakFile: OnPakFileMounted2Time == 0.000176
[2022.03.07-07.39.52:693][  0]LogPakFile: PakFile PrimaryIndexSize=185
[2022.03.07-07.39.52:693][  0]LogPakFile: PakFile PathHashIndexSize=101
[2022.03.07-07.39.52:693][  0]LogPakFile: PakFile FullDirectoryIndexSize=148
[2022.03.07-07.39.52:693][  0]LogShaderLibrary: Display: ShaderCodeLibraryPakFileMountedCallback: PakFile 'C:/Games/Epic Games/UE_4.27/FeaturePacks/StarterContent.upack' (chunk index -1, root 'root:/') mounted
[2022.03.07-07.39.52:694][  0]LogShaderLibrary: Display: ShaderCodeLibraryPakFileMountedCallback: pending pak file info (ChunkID:-1 Root:root:/ File:C:/Games/Epic Games/UE_4.27/FeaturePacks/StarterContent.upack)
[2022.03.07-07.39.52:694][  0]LogPakFile: OnPakFileMounted2Time == 0.000160
[2022.03.07-07.39.52:701][  0]LogPakFile: PakFile PrimaryIndexSize=190
[2022.03.07-07.39.52:701][  0]LogPakFile: PakFile PathHashIndexSize=101
[2022.03.07-07.39.52:701][  0]LogPakFile: PakFile FullDirectoryIndexSize=154
[2022.03.07-07.39.52:701][  0]LogShaderLibrary: Display: ShaderCodeLibraryPakFileMountedCallback: PakFile 'C:/Games/Epic Games/UE_4.27/FeaturePacks/TP_2DSideScroller.upack' (chunk index -1, root 'root:/') mounted
[2022.03.07-07.39.52:701][  0]LogShaderLibrary: Display: ShaderCodeLibraryPakFileMountedCallback: pending pak file info (ChunkID:-1 Root:root:/ File:C:/Games/Epic Games/UE_4.27/FeaturePacks/TP_2DSideScroller.upack)
[2022.03.07-07.39.52:701][  0]LogPakFile: OnPakFileMounted2Time == 0.000193
[2022.03.07-07.39.52:707][  0]LogPakFile: PakFile PrimaryIndexSize=192
[2022.03.07-07.39.52:707][  0]LogPakFile: PakFile PathHashIndexSize=101
[2022.03.07-07.39.52:707][  0]LogPakFile: PakFile FullDirectoryIndexSize=158
[2022.03.07-07.39.52:707][  0]LogShaderLibrary: Display: ShaderCodeLibraryPakFileMountedCallback: PakFile 'C:/Games/Epic Games/UE_4.27/FeaturePacks/TP_2DSideScrollerBP.upack' (chunk index -1, root 'root:/') mounted
[2022.03.07-07.39.52:707][  0]LogShaderLibrary: Display: ShaderCodeLibraryPakFileMountedCallback: pending pak file info (ChunkID:-1 Root:root:/ File:C:/Games/Epic Games/UE_4.27/FeaturePacks/TP_2DSideScrollerBP.upack)
[2022.03.07-07.39.52:707][  0]LogPakFile: OnPakFileMounted2Time == 0.000183
[2022.03.07-07.39.52:715][  0]LogPakFile: PakFile PrimaryIndexSize=182
[2022.03.07-07.39.52:715][  0]LogPakFile: PakFile PathHashIndexSize=101
[2022.03.07-07.39.52:715][  0]LogPakFile: PakFile FullDirectoryIndexSize=138
[2022.03.07-07.39.52:715][  0]LogShaderLibrary: Display: ShaderCodeLibraryPakFileMountedCallback: PakFile 'C:/Games/Epic Games/UE_4.27/FeaturePacks/TP_Flying.upack' (chunk index -1, root 'root:/') mounted
[2022.03.07-07.39.52:715][  0]LogShaderLibrary: Display: ShaderCodeLibraryPakFileMountedCallback: pending pak file info (ChunkID:-1 Root:root:/ File:C:/Games/Epic Games/UE_4.27/FeaturePacks/TP_Flying.upack)
[2022.03.07-07.39.52:715][  0]LogPakFile: OnPakFileMounted2Time == 0.000181
[2022.03.07-07.39.52:723][  0]LogPakFile: PakFile PrimaryIndexSize=184
[2022.03.07-07.39.52:723][  0]LogPakFile: PakFile PathHashIndexSize=101
[2022.03.07-07.39.52:723][  0]LogPakFile: PakFile FullDirectoryIndexSize=142
[2022.03.07-07.39.52:723][  0]LogShaderLibrary: Display: ShaderCodeLibraryPakFileMountedCallback: PakFile 'C:/Games/Epic Games/UE_4.27/FeaturePacks/TP_FlyingBP.upack' (chunk index -1, root 'root:/') mounted
[2022.03.07-07.39.52:723][  0]LogShaderLibrary: Display: ShaderCodeLibraryPakFileMountedCallback: pending pak file info (ChunkID:-1 Root:root:/ File:C:/Games/Epic Games/UE_4.27/FeaturePacks/TP_FlyingBP.upack)
[2022.03.07-07.39.52:723][  0]LogPakFile: OnPakFileMounted2Time == 0.000129
[2022.03.07-07.39.52:730][  0]LogPakFile: PakFile PrimaryIndexSize=188
[2022.03.07-07.39.52:730][  0]LogPakFile: PakFile PathHashIndexSize=101
[2022.03.07-07.39.52:730][  0]LogPakFile: PakFile FullDirectoryIndexSize=150
[2022.03.07-07.39.52:731][  0]LogShaderLibrary: Display: ShaderCodeLibraryPakFileMountedCallback: PakFile 'C:/Games/Epic Games/UE_4.27/FeaturePacks/TP_HandheldARBP.upack' (chunk index -1, root 'root:/') mounted
[2022.03.07-07.39.52:731][  0]LogShaderLibrary: Display: ShaderCodeLibraryPakFileMountedCallback: pending pak file info (ChunkID:-1 Root:root:/ File:C:/Games/Epic Games/UE_4.27/FeaturePacks/TP_HandheldARBP.upack)
[2022.03.07-07.39.52:731][  0]LogPakFile: OnPakFileMounted2Time == 0.000162
[2022.03.07-07.39.52:740][  0]LogPakFile: PakFile PrimaryIndexSize=182
[2022.03.07-07.39.52:740][  0]LogPakFile: PakFile PathHashIndexSize=101
[2022.03.07-07.39.52:740][  0]LogPakFile: PakFile FullDirectoryIndexSize=138
[2022.03.07-07.39.52:740][  0]LogShaderLibrary: Display: ShaderCodeLibraryPakFileMountedCallback: PakFile 'C:/Games/Epic Games/UE_4.27/FeaturePacks/TP_Puzzle.upack' (chunk index -1, root 'root:/') mounted
[2022.03.07-07.39.52:740][  0]LogShaderLibrary: Display: ShaderCodeLibraryPakFileMountedCallback: pending pak file info (ChunkID:-1 Root:root:/ File:C:/Games/Epic Games/UE_4.27/FeaturePacks/TP_Puzzle.upack)
[2022.03.07-07.39.52:740][  0]LogPakFile: OnPakFileMounted2Time == 0.000142
[2022.03.07-07.39.52:746][  0]LogPakFile: PakFile PrimaryIndexSize=184
[2022.03.07-07.39.52:746][  0]LogPakFile: PakFile PathHashIndexSize=101
[2022.03.07-07.39.52:746][  0]LogPakFile: PakFile FullDirectoryIndexSize=142
[2022.03.07-07.39.52:746][  0]LogShaderLibrary: Display: ShaderCodeLibraryPakFileMountedCallback: PakFile 'C:/Games/Epic Games/UE_4.27/FeaturePacks/TP_PuzzleBP.upack' (chunk index -1, root 'root:/') mounted
[2022.03.07-07.39.52:747][  0]LogShaderLibrary: Display: ShaderCodeLibraryPakFileMountedCallback: pending pak file info (ChunkID:-1 Root:root:/ File:C:/Games/Epic Games/UE_4.27/FeaturePacks/TP_PuzzleBP.upack)
[2022.03.07-07.39.52:747][  0]LogPakFile: OnPakFileMounted2Time == 0.000169
[2022.03.07-07.39.52:754][  0]LogPakFile: PakFile PrimaryIndexSize=183
[2022.03.07-07.39.52:754][  0]LogPakFile: PakFile PathHashIndexSize=101
[2022.03.07-07.39.52:754][  0]LogPakFile: PakFile FullDirectoryIndexSize=140
[2022.03.07-07.39.52:754][  0]LogShaderLibrary: Display: ShaderCodeLibraryPakFileMountedCallback: PakFile 'C:/Games/Epic Games/UE_4.27/FeaturePacks/TP_Rolling.upack' (chunk index -1, root 'root:/') mounted
[2022.03.07-07.39.52:754][  0]LogShaderLibrary: Display: ShaderCodeLibraryPakFileMountedCallback: pending pak file info (ChunkID:-1 Root:root:/ File:C:/Games/Epic Games/UE_4.27/FeaturePacks/TP_Rolling.upack)
[2022.03.07-07.39.52:754][  0]LogPakFile: OnPakFileMounted2Time == 0.000184
[2022.03.07-07.39.52:761][  0]LogPakFile: PakFile PrimaryIndexSize=185
[2022.03.07-07.39.52:761][  0]LogPakFile: PakFile PathHashIndexSize=101
[2022.03.07-07.39.52:761][  0]LogPakFile: PakFile FullDirectoryIndexSize=144
[2022.03.07-07.39.52:761][  0]LogShaderLibrary: Display: ShaderCodeLibraryPakFileMountedCallback: PakFile 'C:/Games/Epic Games/UE_4.27/FeaturePacks/TP_RollingBP.upack' (chunk index -1, root 'root:/') mounted
[2022.03.07-07.39.52:761][  0]LogShaderLibrary: Display: ShaderCodeLibraryPakFileMountedCallback: pending pak file info (ChunkID:-1 Root:root:/ File:C:/Games/Epic Games/UE_4.27/FeaturePacks/TP_RollingBP.upack)
[2022.03.07-07.39.52:761][  0]LogPakFile: OnPakFileMounted2Time == 0.000153
[2022.03.07-07.39.52:767][  0]LogPakFile: PakFile PrimaryIndexSize=188
[2022.03.07-07.39.52:768][  0]LogPakFile: PakFile PathHashIndexSize=101
[2022.03.07-07.39.52:768][  0]LogPakFile: PakFile FullDirectoryIndexSize=150
[2022.03.07-07.39.52:768][  0]LogShaderLibrary: Display: ShaderCodeLibraryPakFileMountedCallback: PakFile 'C:/Games/Epic Games/UE_4.27/FeaturePacks/TP_SideScroller.upack' (chunk index -1, root 'root:/') mounted
[2022.03.07-07.39.52:768][  0]LogShaderLibrary: Display: ShaderCodeLibraryPakFileMountedCallback: pending pak file info (ChunkID:-1 Root:root:/ File:C:/Games/Epic Games/UE_4.27/FeaturePacks/TP_SideScroller.upack)
[2022.03.07-07.39.52:768][  0]LogPakFile: OnPakFileMounted2Time == 0.000172
[2022.03.07-07.39.52:774][  0]LogPakFile: PakFile PrimaryIndexSize=190
[2022.03.07-07.39.52:774][  0]LogPakFile: PakFile PathHashIndexSize=101
[2022.03.07-07.39.52:775][  0]LogPakFile: PakFile FullDirectoryIndexSize=154
[2022.03.07-07.39.52:775][  0]LogShaderLibrary: Display: ShaderCodeLibraryPakFileMountedCallback: PakFile 'C:/Games/Epic Games/UE_4.27/FeaturePacks/TP_SideScrollerBP.upack' (chunk index -1, root 'root:/') mounted
[2022.03.07-07.39.52:775][  0]LogShaderLibrary: Display: ShaderCodeLibraryPakFileMountedCallback: pending pak file info (ChunkID:-1 Root:root:/ File:C:/Games/Epic Games/UE_4.27/FeaturePacks/TP_SideScrollerBP.upack)
[2022.03.07-07.39.52:775][  0]LogPakFile: OnPakFileMounted2Time == 0.000179
[2022.03.07-07.39.52:781][  0]LogPakFile: PakFile PrimaryIndexSize=187
[2022.03.07-07.39.52:782][  0]LogPakFile: PakFile PathHashIndexSize=101
[2022.03.07-07.39.52:782][  0]LogPakFile: PakFile FullDirectoryIndexSize=148
[2022.03.07-07.39.52:782][  0]LogShaderLibrary: Display: ShaderCodeLibraryPakFileMountedCallback: PakFile 'C:/Games/Epic Games/UE_4.27/FeaturePacks/TP_ThirdPerson.upack' (chunk index -1, root 'root:/') mounted
[2022.03.07-07.39.52:782][  0]LogShaderLibrary: Display: ShaderCodeLibraryPakFileMountedCallback: pending pak file info (ChunkID:-1 Root:root:/ File:C:/Games/Epic Games/UE_4.27/FeaturePacks/TP_ThirdPerson.upack)
[2022.03.07-07.39.52:782][  0]LogPakFile: OnPakFileMounted2Time == 0.000181
[2022.03.07-07.39.52:788][  0]LogPakFile: PakFile PrimaryIndexSize=189
[2022.03.07-07.39.52:789][  0]LogPakFile: PakFile PathHashIndexSize=101
[2022.03.07-07.39.52:789][  0]LogPakFile: PakFile FullDirectoryIndexSize=152
[2022.03.07-07.39.52:789][  0]LogShaderLibrary: Display: ShaderCodeLibraryPakFileMountedCallback: PakFile 'C:/Games/Epic Games/UE_4.27/FeaturePacks/TP_ThirdPersonBP.upack' (chunk index -1, root 'root:/') mounted
[2022.03.07-07.39.52:789][  0]LogShaderLibrary: Display: ShaderCodeLibraryPakFileMountedCallback: pending pak file info (ChunkID:-1 Root:root:/ File:C:/Games/Epic Games/UE_4.27/FeaturePacks/TP_ThirdPersonBP.upack)
[2022.03.07-07.39.52:789][  0]LogPakFile: OnPakFileMounted2Time == 0.000184
[2022.03.07-07.39.52:796][  0]LogPakFile: PakFile PrimaryIndexSize=183
[2022.03.07-07.39.52:796][  0]LogPakFile: PakFile PathHashIndexSize=101
[2022.03.07-07.39.52:796][  0]LogPakFile: PakFile FullDirectoryIndexSize=140
[2022.03.07-07.39.52:796][  0]LogShaderLibrary: Display: ShaderCodeLibraryPakFileMountedCallback: PakFile 'C:/Games/Epic Games/UE_4.27/FeaturePacks/TP_TopDown.upack' (chunk index -1, root 'root:/') mounted
[2022.03.07-07.39.52:796][  0]LogShaderLibrary: Display: ShaderCodeLibraryPakFileMountedCallback: pending pak file info (ChunkID:-1 Root:root:/ File:C:/Games/Epic Games/UE_4.27/FeaturePacks/TP_TopDown.upack)
[2022.03.07-07.39.52:796][  0]LogPakFile: OnPakFileMounted2Time == 0.000201
[2022.03.07-07.39.52:803][  0]LogPakFile: PakFile PrimaryIndexSize=185
[2022.03.07-07.39.52:803][  0]LogPakFile: PakFile PathHashIndexSize=101
[2022.03.07-07.39.52:803][  0]LogPakFile: PakFile FullDirectoryIndexSize=144
[2022.03.07-07.39.52:803][  0]LogShaderLibrary: Display: ShaderCodeLibraryPakFileMountedCallback: PakFile 'C:/Games/Epic Games/UE_4.27/FeaturePacks/TP_TopDownBP.upack' (chunk index -1, root 'root:/') mounted
[2022.03.07-07.39.52:803][  0]LogShaderLibrary: Display: ShaderCodeLibraryPakFileMountedCallback: pending pak file info (ChunkID:-1 Root:root:/ File:C:/Games/Epic Games/UE_4.27/FeaturePacks/TP_TopDownBP.upack)
[2022.03.07-07.39.52:803][  0]LogPakFile: OnPakFileMounted2Time == 0.000142
[2022.03.07-07.39.52:813][  0]LogPakFile: PakFile PrimaryIndexSize=185
[2022.03.07-07.39.52:813][  0]LogPakFile: PakFile PathHashIndexSize=101
[2022.03.07-07.39.52:813][  0]LogPakFile: PakFile FullDirectoryIndexSize=144
[2022.03.07-07.39.52:814][  0]LogShaderLibrary: Display: ShaderCodeLibraryPakFileMountedCallback: PakFile 'C:/Games/Epic Games/UE_4.27/FeaturePacks/TP_TwinStick.upack' (chunk index -1, root 'root:/') mounted
[2022.03.07-07.39.52:814][  0]LogShaderLibrary: Display: ShaderCodeLibraryPakFileMountedCallback: pending pak file info (ChunkID:-1 Root:root:/ File:C:/Games/Epic Games/UE_4.27/FeaturePacks/TP_TwinStick.upack)
[2022.03.07-07.39.52:814][  0]LogPakFile: OnPakFileMounted2Time == 0.000228
[2022.03.07-07.39.52:820][  0]LogPakFile: PakFile PrimaryIndexSize=187
[2022.03.07-07.39.52:820][  0]LogPakFile: PakFile PathHashIndexSize=101
[2022.03.07-07.39.52:820][  0]LogPakFile: PakFile FullDirectoryIndexSize=148
[2022.03.07-07.39.52:820][  0]LogShaderLibrary: Display: ShaderCodeLibraryPakFileMountedCallback: PakFile 'C:/Games/Epic Games/UE_4.27/FeaturePacks/TP_TwinStickBP.upack' (chunk index -1, root 'root:/') mounted
[2022.03.07-07.39.52:820][  0]LogShaderLibrary: Display: ShaderCodeLibraryPakFileMountedCallback: pending pak file info (ChunkID:-1 Root:root:/ File:C:/Games/Epic Games/UE_4.27/FeaturePacks/TP_TwinStickBP.upack)
[2022.03.07-07.39.52:820][  0]LogPakFile: OnPakFileMounted2Time == 0.000189
[2022.03.07-07.39.52:827][  0]LogPakFile: PakFile PrimaryIndexSize=183
[2022.03.07-07.39.52:827][  0]LogPakFile: PakFile PathHashIndexSize=101
[2022.03.07-07.39.52:827][  0]LogPakFile: PakFile FullDirectoryIndexSize=140
[2022.03.07-07.39.52:827][  0]LogShaderLibrary: Display: ShaderCodeLibraryPakFileMountedCallback: PakFile 'C:/Games/Epic Games/UE_4.27/FeaturePacks/TP_Vehicle.upack' (chunk index -1, root 'root:/') mounted
[2022.03.07-07.39.52:827][  0]LogShaderLibrary: Display: ShaderCodeLibraryPakFileMountedCallback: pending pak file info (ChunkID:-1 Root:root:/ File:C:/Games/Epic Games/UE_4.27/FeaturePacks/TP_Vehicle.upack)
[2022.03.07-07.39.52:827][  0]LogPakFile: OnPakFileMounted2Time == 0.000144
[2022.03.07-07.39.52:834][  0]LogPakFile: PakFile PrimaryIndexSize=186
[2022.03.07-07.39.52:834][  0]LogPakFile: PakFile PathHashIndexSize=101
[2022.03.07-07.39.52:834][  0]LogPakFile: PakFile FullDirectoryIndexSize=146
[2022.03.07-07.39.52:834][  0]LogShaderLibrary: Display: ShaderCodeLibraryPakFileMountedCallback: PakFile 'C:/Games/Epic Games/UE_4.27/FeaturePacks/TP_VehicleAdv.upack' (chunk index -1, root 'root:/') mounted
[2022.03.07-07.39.52:834][  0]LogShaderLibrary: Display: ShaderCodeLibraryPakFileMountedCallback: pending pak file info (ChunkID:-1 Root:root:/ File:C:/Games/Epic Games/UE_4.27/FeaturePacks/TP_VehicleAdv.upack)
[2022.03.07-07.39.52:834][  0]LogPakFile: OnPakFileMounted2Time == 0.000178
[2022.03.07-07.39.52:841][  0]LogPakFile: PakFile PrimaryIndexSize=188
[2022.03.07-07.39.52:841][  0]LogPakFile: PakFile PathHashIndexSize=101
[2022.03.07-07.39.52:841][  0]LogPakFile: PakFile FullDirectoryIndexSize=150
[2022.03.07-07.39.52:841][  0]LogShaderLibrary: Display: ShaderCodeLibraryPakFileMountedCallback: PakFile 'C:/Games/Epic Games/UE_4.27/FeaturePacks/TP_VehicleAdvBP.upack' (chunk index -1, root 'root:/') mounted
[2022.03.07-07.39.52:841][  0]LogShaderLibrary: Display: ShaderCodeLibraryPakFileMountedCallback: pending pak file info (ChunkID:-1 Root:root:/ File:C:/Games/Epic Games/UE_4.27/FeaturePacks/TP_VehicleAdvBP.upack)
[2022.03.07-07.39.52:841][  0]LogPakFile: OnPakFileMounted2Time == 0.000193
[2022.03.07-07.39.52:848][  0]LogPakFile: PakFile PrimaryIndexSize=185
[2022.03.07-07.39.52:848][  0]LogPakFile: PakFile PathHashIndexSize=101
[2022.03.07-07.39.52:848][  0]LogPakFile: PakFile FullDirectoryIndexSize=144
[2022.03.07-07.39.52:848][  0]LogShaderLibrary: Display: ShaderCodeLibraryPakFileMountedCallback: PakFile 'C:/Games/Epic Games/UE_4.27/FeaturePacks/TP_VehicleBP.upack' (chunk index -1, root 'root:/') mounted
[2022.03.07-07.39.52:848][  0]LogShaderLibrary: Display: ShaderCodeLibraryPakFileMountedCallback: pending pak file info (ChunkID:-1 Root:root:/ File:C:/Games/Epic Games/UE_4.27/FeaturePacks/TP_VehicleBP.upack)
[2022.03.07-07.39.52:848][  0]LogPakFile: OnPakFileMounted2Time == 0.000159
[2022.03.07-07.39.52:855][  0]LogPakFile: PakFile PrimaryIndexSize=192
[2022.03.07-07.39.52:855][  0]LogPakFile: PakFile PathHashIndexSize=101
[2022.03.07-07.39.52:855][  0]LogPakFile: PakFile FullDirectoryIndexSize=158
[2022.03.07-07.39.52:856][  0]LogShaderLibrary: Display: ShaderCodeLibraryPakFileMountedCallback: PakFile 'C:/Games/Epic Games/UE_4.27/FeaturePacks/TP_VirtualRealityBP.upack' (chunk index -1, root 'root:/') mounted
[2022.03.07-07.39.52:856][  0]LogShaderLibrary: Display: ShaderCodeLibraryPakFileMountedCallback: pending pak file info (ChunkID:-1 Root:root:/ File:C:/Games/Epic Games/UE_4.27/FeaturePacks/TP_VirtualRealityBP.upack)
[2022.03.07-07.39.52:856][  0]LogPakFile: OnPakFileMounted2Time == 0.000184
[2022.03.07-07.39.53:133][  0]LogNativeClassHierarchy: Verbose: Native class hierarchy updated for 'AddContentDialog' in 0.0003 seconds. Added 0 classes and 0 folders.
[2022.03.07-07.39.53:138][  0]LogNativeClassHierarchy: Verbose: Native class hierarchy updated for 'SceneOutliner' in 0.0003 seconds. Added 2 classes and 0 folders.
[2022.03.07-07.39.53:208][  0]LogSlate: Took 0.006297 seconds to synchronously load lazily loaded font '../../../Engine/Content/Slate/Fonts/Roboto-Regular.ttf' (155K)
[2022.03.07-07.39.53:215][  0]LogSlate: Took 0.005728 seconds to synchronously load lazily loaded font '../../../Engine/Content/Editor/Slate/Fonts/FontAwesome.ttf' (139K)
[2022.03.07-07.39.53:222][  0]LogSlate: Took 0.005412 seconds to synchronously load lazily loaded font '../../../Engine/Content/Slate/Fonts/Roboto-Bold.ttf' (160K)
[2022.03.07-07.39.53:396][  0]LogRenderer: Reallocating scene render targets to support 1208x572 Format 10 NumSamples 1 (Frame:1).
[2022.03.07-07.39.53:473][  0]LogSlate: Took 0.005492 seconds to synchronously load lazily loaded font '../../../Engine/Content/Slate/Fonts/Roboto-Light.ttf' (167K)
[2022.03.07-07.39.53:571][  0]LogNativeClassHierarchy: Verbose: Native class hierarchy updated for 'HierarchicalLODOutliner' in 0.0003 seconds. Added 0 classes and 0 folders.
[2022.03.07-07.39.53:571][  0]LogLoad: (Engine Initialization) Total time: 29.53 seconds
[2022.03.07-07.39.53:572][  0]LogLoad: (Engine Initialization) Total Blueprint compile time: 0.00 seconds
[2022.03.07-07.39.53:620][  0]LogAssetRegistry: Asset discovery search completed in 15.7098 seconds
[2022.03.07-07.39.53:658][  0]LogCollectionManager: Fixed up redirectors for 0 collections in 0.000006 seconds (updated 0 objects)
[2022.03.07-07.39.53:670][  0]LogContentStreaming: Texture pool size now 1000 MB
[2022.03.07-07.40.02:508][540]LogTemp: Repeating last play command: Selected Viewport
[2022.03.07-07.40.02:517][540]LogPlayLevel: PlayLevel: No blueprints needed recompiling
[2022.03.07-07.40.02:519][540]PIE: New page: PIE session: SandboxMap (7 мар. 2022 г., 13:40:02)
[2022.03.07-07.40.02:522][540]LogOnline: OSS: Creating online subsystem instance for: NULL
[2022.03.07-07.40.02:525][540]LogOnline: OSS: TryLoadSubsystemAndSetDefault: Loaded subsystem for module [NULL]
[2022.03.07-07.40.02:525][540]LogPlayLevel: Creating play world package: /Game/UEDPIE_0_SandboxMap
[2022.03.07-07.40.02:528][540]LogPlayLevel: PIE: StaticDuplicateObject took: (0.002862s)
[2022.03.07-07.40.02:529][540]LogAIModule: Creating AISystem for world SandboxMap
[2022.03.07-07.40.02:530][540]LogPlayLevel: PIE: World Init took: (0.001642s)
[2022.03.07-07.40.02:530][540]LogPlayLevel: PIE: Created PIE world by copying editor world from /Game/SandboxMap.SandboxMap to /Game/UEDPIE_0_SandboxMap.SandboxMap (0.005093s)
[2022.03.07-07.40.02:540][540]LogUObjectHash: Compacting FUObjectHashTables data took   0.71ms
[2022.03.07-07.40.02:541][540]LogAudio: Display: Creating Audio Device:                 Id: 2, Scope: Unique, Realtime: True
[2022.03.07-07.40.02:541][540]LogAudioMixer: Display: Audio Mixer Platform Settings:
[2022.03.07-07.40.02:541][540]LogAudioMixer: Display: 	Sample Rate:						  48000
[2022.03.07-07.40.02:541][540]LogAudioMixer: Display: 	Callback Buffer Frame Size Requested: 1024
[2022.03.07-07.40.02:541][540]LogAudioMixer: Display: 	Callback Buffer Frame Size To Use:	  1024
[2022.03.07-07.40.02:542][540]LogAudioMixer: Display: 	Number of buffers to queue:			  2
[2022.03.07-07.40.02:542][540]LogAudioMixer: Display: 	Max Channels (voices):				  32
[2022.03.07-07.40.02:542][540]LogAudioMixer: Display: 	Number of Async Source Workers:		  0
[2022.03.07-07.40.02:542][540]LogAudio: Display: AudioDevice MaxSources: 32
[2022.03.07-07.40.02:542][540]LogAudio: Display: Audio Spatialization Plugin: None (built-in).
[2022.03.07-07.40.02:542][540]LogAudio: Display: Audio Reverb Plugin: None (built-in).
[2022.03.07-07.40.02:542][540]LogAudio: Display: Audio Occlusion Plugin: None (built-in).
[2022.03.07-07.40.02:542][540]LogAudioMixer: Display: Initializing audio mixer.
[2022.03.07-07.40.02:547][540]LogAudioMixer: Display: 0: FrontLeft
[2022.03.07-07.40.02:547][540]LogAudioMixer: Display: 1: FrontRight
[2022.03.07-07.40.02:553][540]LogAudioMixer: Display: Using Audio Device Динамики (Line 6 UX2)
[2022.03.07-07.40.02:554][540]LogAudioMixer: Display: Initializing Sound Submixes...
[2022.03.07-07.40.02:554][540]LogAudioMixer: Display: Creating Master Submix 'MasterSubmixDefault'
[2022.03.07-07.40.02:554][540]LogAudioMixer: Display: Creating Master Submix 'MasterReverbSubmixDefault'
[2022.03.07-07.40.02:555][540]LogAudioMixer: Display: Creating Master Submix 'MasterEQSubmixDefault'
[2022.03.07-07.40.02:555][540]LogAudioMixer: FMixerPlatformXAudio2::StartAudioStream() called
[2022.03.07-07.40.02:555][540]LogAudioMixer: Display: Output buffers initialized: Frames=1024, Channels=2, Samples=2048
[2022.03.07-07.40.02:557][540]LogAudioMixer: Display: Starting AudioMixerPlatformInterface::RunInternal()
[2022.03.07-07.40.02:557][540]LogAudioMixer: Display: FMixerPlatformXAudio2::SubmitBuffer() called for the first time
[2022.03.07-07.40.02:557][540]LogInit: FAudioDevice initialized.
[2022.03.07-07.40.02:557][540]LogAudio: Display: Audio Device (ID: 2) registered with world 'SandboxMap'.
[2022.03.07-07.40.02:572][540]LogLoad: Game class is 'GameModeBase'
[2022.03.07-07.40.02:573][540]LogWorld: Bringing World /Game/UEDPIE_0_SandboxMap.SandboxMap up for play (max tick rate 0) at 2022.03.07-10.40.02
[2022.03.07-07.40.02:574][540]LogWorld: Bringing up level for play took: 0.000746
[2022.03.07-07.40.02:574][540]LogOnline: OSS: Creating online subsystem instance for: :Context_1
[2022.03.07-07.40.02:580][540]LogNativeClassHierarchy: Verbose: Native class hierarchy updated for 'MovieSceneCapture' in 0.0004 seconds. Added 20 classes and 0 folders.
[2022.03.07-07.40.02:581][540]LogTemp: Display: Actor name: BaseGeometryActor_3
[2022.03.07-07.40.02:582][540]LogTemp: Display: Weapons num: 4; Kills num: 7
[2022.03.07-07.40.02:582][540]LogTemp: Display: Health: 43.589989
[2022.03.07-07.40.02:582][540]LogTemp: Display: IsDead: 0
[2022.03.07-07.40.02:582][540]LogTemp: Display: HasWeapon: 1
[2022.03.07-07.40.02:582][540]LogBaseGeometry: Display: Name: Some Name
[2022.03.07-07.40.02:582][540]LogBaseGeometry: Display: All:
 Weapons num: 4, Health: 43.589989, IsDead: false
[2022.03.07-07.40.02:582][540]LogTemp: Display: Actor name: BaseGeometryActor_3
[2022.03.07-07.40.02:582][540]LogTemp: Display: Actor transform: -340.000000,-230.000000,100.000000|0.000000,0.000000,30.000071|1.000000,1.000000,1.000000
[2022.03.07-07.40.02:582][540]LogTemp: Display: Actor location: X=-340.000 Y=-230.000 Z=100.000
[2022.03.07-07.40.02:582][540]LogTemp: Display: Actor rotation: P=0.000000 Y=0.000000 R=30.000071
[2022.03.07-07.40.02:582][540]LogTemp: Display: Actor scale: X=1.000 Y=1.000 Z=1.000
[2022.03.07-07.40.02:582][540]LogTemp: Display: Actor human readable transform: Rotation: Pitch 0.000000 Yaw 0.000000 Roll 30.000071
Translation: -340.000000 -230.000000 100.000000
Scale3D: 1.000000 1.000000 1.000000

[2022.03.07-07.40.02:583][540]LogTemp: Display: Actor name: BaseGeometryActor_5
[2022.03.07-07.40.02:583][540]LogTemp: Display: Weapons num: 4; Kills num: 7
[2022.03.07-07.40.02:583][540]LogTemp: Display: Health: 43.589989
[2022.03.07-07.40.02:583][540]LogTemp: Display: IsDead: 0
[2022.03.07-07.40.02:583][540]LogTemp: Display: HasWeapon: 1
[2022.03.07-07.40.02:583][540]LogBaseGeometry: Display: Name: Some Name
[2022.03.07-07.40.02:583][540]LogBaseGeometry: Display: All:
 Weapons num: 4, Health: 43.589989, IsDead: false
[2022.03.07-07.40.02:583][540]LogTemp: Display: Actor name: BaseGeometryActor_5
[2022.03.07-07.40.02:583][540]LogTemp: Display: Actor transform: -50.000000,210.000000,110.000000|0.000000,90.000114,0.000000|1.000000,1.000000,1.000000
[2022.03.07-07.40.02:583][540]LogTemp: Display: Actor location: X=-50.000 Y=210.000 Z=110.000
[2022.03.07-07.40.02:583][540]LogTemp: Display: Actor rotation: P=0.000000 Y=90.000114 R=0.000000
[2022.03.07-07.40.02:583][540]LogTemp: Display: Actor scale: X=1.000 Y=1.000 Z=1.000
[2022.03.07-07.40.02:583][540]LogTemp: Display: Actor human readable transform: Rotation: Pitch 0.000000 Yaw 90.000114 Roll 0.000000
Translation: -50.000000 210.000000 110.000000
Scale3D: 1.000000 1.000000 1.000000

[2022.03.07-07.40.02:584][540]PIE: Server logged in
[2022.03.07-07.40.02:586][540]PIE: Play in editor total start time 0,073 seconds.
[2022.03.07-07.40.13:023][786]LogSlate: Updating window title bar state: overlay mode, drag disabled, window buttons hidden, title bar hidden
[2022.03.07-07.40.13:023][786]LogWorld: BeginTearingDown for /Game/UEDPIE_0_SandboxMap
[2022.03.07-07.40.13:026][786]LogWorld: UWorld::CleanupWorld for SandboxMap, bSessionEnded=true, bCleanupResources=true
[2022.03.07-07.40.13:026][786]LogSlate: InvalidateAllWidgets triggered.  All widgets were invalidated
[2022.03.07-07.40.13:037][786]LogPlayLevel: Display: Shutting down PIE online subsystems
[2022.03.07-07.40.13:039][786]LogSlate: InvalidateAllWidgets triggered.  All widgets were invalidated
[2022.03.07-07.40.13:045][786]LogAudio: Display: Audio Device unregistered from world 'None'.
[2022.03.07-07.40.13:045][786]LogAudioMixer: FMixerPlatformXAudio2::StopAudioStream() called
[2022.03.07-07.40.13:047][786]LogAudioMixer: FMixerPlatformXAudio2::StopAudioStream() called
[2022.03.07-07.40.13:049][786]LogSlate: Updating window title bar state: overlay mode, drag disabled, window buttons hidden, title bar hidden
[2022.03.07-07.40.13:053][786]LogUObjectHash: Compacting FUObjectHashTables data took   0.75ms
[2022.03.07-07.40.13:096][788]LogPlayLevel: Display: Destroying online subsystem :Context_1
