Log file open, 03/13/22 12:09:57
LogWindows: Failed to load 'aqProf.dll' (GetLastError=126)
LogWindows: File 'aqProf.dll' does not exist
LogWindows: Failed to load 'VtuneApi.dll' (GetLastError=126)
LogWindows: File 'VtuneApi.dll' does not exist
LogWindows: Failed to load 'VtuneApi32e.dll' (GetLastError=126)
LogWindows: File 'VtuneApi32e.dll' does not exist
LogConsoleResponse: Display: Failed to find resolution value strings in scalability ini. Falling back to default.
LogConsoleResponse: Display: Failed to find resolution value strings in scalability ini. Falling back to default.
LogInit: Display: Running engine for game: GeometrySandbox
LogPlatformFile: Not using cached read wrapper
LogTaskGraph: Started task graph with 5 named threads and 23 total threads with 3 sets of task threads.
LogStats: Stats thread started at 0.361024
LogICUInternationalization: ICU TimeZone Detection - Raw Offset: +3:00, Platform Override: ''
LogInit: Display: Loading text-based GConfig....
LogPluginManager: Mounting plugin MeshPainting
LogPluginManager: Mounting plugin XGEController
LogPluginManager: Mounting plugin Paper2D
LogPluginManager: Mounting plugin LiveLink
LogPluginManager: Mounting plugin EnvironmentQueryEditor
LogPluginManager: Mounting plugin AISupport
LogPluginManager: Mounting plugin LightPropagationVolume
LogPluginManager: Mounting plugin CameraShakePreviewer
LogPluginManager: Mounting plugin GameplayCameras
LogPluginManager: Mounting plugin AnimationSharing
LogPluginManager: Mounting plugin CLionSourceCodeAccess
LogPluginManager: Mounting plugin OodleData
LogPluginManager: Mounting plugin OodleNetwork
LogPluginManager: Mounting plugin CodeLiteSourceCodeAccess
LogPluginManager: Mounting plugin KDevelopSourceCodeAccess
LogPluginManager: Mounting plugin GitSourceControl
LogPluginManager: Mounting plugin NullSourceCodeAccess
LogPluginManager: Mounting plugin PerforceSourceControl
LogPluginManager: Mounting plugin PixWinPlugin
LogPluginManager: Mounting plugin PlasticSourceControl
LogPluginManager: Mounting plugin PluginUtils
LogPluginManager: Mounting plugin PropertyAccessNode
LogPluginManager: Mounting plugin SubversionSourceControl
LogPluginManager: Mounting plugin RiderSourceCodeAccess
LogPluginManager: Mounting plugin TextureFormatOodle
LogPluginManager: Mounting plugin XCodeSourceCodeAccess
LogPluginManager: Mounting plugin VisualStudioCodeSourceCodeAccess
LogPluginManager: Mounting plugin VisualStudioSourceCodeAccess
LogPluginManager: Mounting plugin UObjectPlugin
LogPluginManager: Mounting plugin DatasmithContent
LogPluginManager: Mounting plugin VariantManagerContent
LogPluginManager: Mounting plugin AssetManagerEditor
LogPluginManager: Mounting plugin CurveEditorTools
LogPluginManager: Mounting plugin CryptoKeys
LogPluginManager: Mounting plugin FacialAnimation
LogPluginManager: Mounting plugin DataValidation
LogPluginManager: Mounting plugin GameplayTagsEditor
LogPluginManager: Mounting plugin GeometryMode
LogPluginManager: Mounting plugin MacGraphicsSwitching
LogPluginManager: Mounting plugin MobileLauncherProfileWizard
LogPluginManager: Mounting plugin MaterialAnalyzer
LogPluginManager: Mounting plugin PluginBrowser
LogPluginManager: Mounting plugin SpeedTreeImporter
LogPluginManager: Mounting plugin AlembicImporter
LogPluginManager: Mounting plugin AutomationUtils
LogPluginManager: Mounting plugin BackChannel
LogPluginManager: Mounting plugin ChaosCloth
LogPluginManager: Mounting plugin ChaosClothEditor
LogPluginManager: Mounting plugin ChaosNiagara
LogPluginManager: Mounting plugin ChaosEditor
LogPluginManager: Mounting plugin ChaosSolverPlugin
LogPluginManager: Mounting plugin CharacterAI
LogPluginManager: Mounting plugin Niagara
LogPluginManager: Mounting plugin GeometryCache
LogPluginManager: Mounting plugin GeometryCollectionPlugin
LogPluginManager: Mounting plugin GeometryProcessing
LogPluginManager: Mounting plugin MotoSynth
LogPluginManager: Mounting plugin OpenImageDenoise
LogPluginManager: Mounting plugin PlanarCut
LogPluginManager: Mounting plugin PlatformCrypto
LogPluginManager: Mounting plugin ProxyLODPlugin
LogPluginManager: Mounting plugin PythonScriptPlugin
LogPluginManager: Mounting plugin SkeletalReduction
LogPluginManager: Mounting plugin LuminPlatformFeatures
LogPluginManager: Mounting plugin MagicLeap
LogPluginManager: Mounting plugin MagicLeapLightEstimation
LogPluginManager: Mounting plugin MagicLeapMedia
LogPluginManager: Mounting plugin MagicLeapPassableWorld
LogPluginManager: Mounting plugin MLSDK
LogPluginManager: Mounting plugin AndroidMedia
LogPluginManager: Mounting plugin AvfMedia
LogPluginManager: Mounting plugin MediaCompositing
LogPluginManager: Mounting plugin ImgMedia
LogPluginManager: Mounting plugin MediaPlayerEditor
LogPluginManager: Mounting plugin WebMMedia
LogPluginManager: Mounting plugin WmfMedia
LogPluginManager: Mounting plugin ActorSequence
LogPluginManager: Mounting plugin UdpMessaging
LogPluginManager: Mounting plugin TcpMessaging
LogPluginManager: Mounting plugin LevelSequenceEditor
LogPluginManager: Mounting plugin MatineeToLevelSequence
LogPluginManager: Mounting plugin TemplateSequence
LogPluginManager: Mounting plugin OnlineSubsystem
LogPluginManager: Mounting plugin OnlineSubsystemNull
LogPluginManager: Mounting plugin OnlineSubsystemUtils
LogPluginManager: Mounting plugin LauncherChunkInstaller
LogPluginManager: Mounting plugin ActorLayerUtilities
LogPluginManager: Mounting plugin AndroidDeviceProfileSelector
LogPluginManager: Mounting plugin AndroidMoviePlayer
LogPluginManager: Mounting plugin AndroidPermission
LogPluginManager: Mounting plugin AppleImageUtils
LogPluginManager: Mounting plugin AppleMoviePlayer
LogPluginManager: Mounting plugin AssetTags
LogPluginManager: Mounting plugin AudioCapture
LogPluginManager: Mounting plugin ArchVisCharacter
LogPluginManager: Mounting plugin AudioSynesthesia
LogPluginManager: Mounting plugin ChunkDownloader
LogPluginManager: Mounting plugin CableComponent
LogPluginManager: Mounting plugin CustomMeshComponent
LogPluginManager: Mounting plugin ExampleDeviceProfileSelector
LogPluginManager: Mounting plugin EditableMesh
LogPluginManager: Mounting plugin GoogleCloudMessaging
LogPluginManager: Mounting plugin GooglePAD
LogPluginManager: Mounting plugin IOSDeviceProfileSelector
LogPluginManager: Mounting plugin LinuxDeviceProfileSelector
LogPluginManager: Mounting plugin LocationServicesBPLibrary
LogPluginManager: Mounting plugin MobilePatchingUtils
LogPluginManager: Mounting plugin OpenXR
LogPluginManager: Mounting plugin OpenXREyeTracker
LogPluginManager: Mounting plugin OpenXRHandTracking
LogPluginManager: Mounting plugin PostSplashScreen
LogPluginManager: Mounting plugin PhysXVehicles
LogPluginManager: Mounting plugin ProceduralMeshComponent
LogPluginManager: Mounting plugin PropertyAccessEditor
LogPluginManager: Mounting plugin ScreenshotTools
LogPluginManager: Mounting plugin RuntimePhysXCooking
LogPluginManager: Mounting plugin SignificanceManager
LogPluginManager: Mounting plugin SoundFields
LogPluginManager: Mounting plugin Synthesis
LogPluginManager: Mounting plugin WebMMoviePlayer
LogPluginManager: Mounting plugin WindowsMoviePlayer
LogPluginManager: Mounting plugin Takes
LogPluginManager: Mounting plugin ContentBrowserAssetDataSource
LogPluginManager: Mounting plugin ContentBrowserFileDataSource
LogPluginManager: Mounting plugin ContentBrowserClassDataSource
LogPluginManager: Mounting plugin OnlineSubsystemIOS
LogPluginManager: Mounting plugin OnlineSubsystemGooglePlay
LogPluginManager: Mounting plugin OculusVR
LogPluginManager: Mounting plugin SteamVR
PixWinPlugin: PIX capture plugin failed to initialize! Check that the process is launched from PIX.
LogInit: Using libcurl 7.55.1-DEV
LogInit:  - built for x86_64-pc-win32
LogInit:  - supports SSL with OpenSSL/1.1.1
LogInit:  - supports HTTP deflate (compression) using libz 1.2.8
LogInit:  - other features:
LogInit:      CURL_VERSION_SSL
LogInit:      CURL_VERSION_LIBZ
LogInit:      CURL_VERSION_IPV6
LogInit:      CURL_VERSION_ASYNCHDNS
LogInit:      CURL_VERSION_LARGEFILE
LogInit:      CURL_VERSION_IDN
LogInit:  CurlRequestOptions (configurable via config and command line):
LogInit:  - bVerifyPeer = true  - Libcurl will verify peer certificate
LogInit:  - bUseHttpProxy = false  - Libcurl will NOT use HTTP proxy
LogInit:  - bDontReuseConnections = false  - Libcurl will reuse connections
LogInit:  - MaxHostConnections = 16  - Libcurl will limit the number of connections to a host
LogInit:  - LocalHostAddr = Default
LogInit:  - BufferSize = 65536
LogOnline: OSS: Creating online subsystem instance for: NULL
LogInit: WinSock: version 1.1 (2.2), MaxSocks=32767, MaxUdp=65467
LogOnline: OSS: TryLoadSubsystemAndSetDefault: Loaded subsystem for module [NULL]
LogOculusPluginWrapper: OculusPlugin initialized successfully
LogHMD: Failed initializing OVRPlugin 1.59.0
LogInit: Build: ++UE4+Release-4.27-CL-18319896
LogInit: Engine Version: 4.27.2-18319896+++UE4+Release-4.27
LogInit: Compatible Engine Version: 4.27.0-17155196+++UE4+Release-4.27
LogInit: Net CL: 17155196
LogInit: OS: Windows 10 (Release 2004) (), CPU: AMD Ryzen 5 1500X Quad-Core Processor          , GPU: NVIDIA GeForce GTX 1060 6GB
LogInit: Compiled (64-bit): Nov 30 2021 07:12:08
LogInit: Compiled with Visual C++: 19.24.28315.00
LogInit: Build Configuration: Development
LogInit: Branch Name: ++UE4+Release-4.27
LogInit: Command Line:  -skipcompile
LogInit: Base Directory: C:/Games/Epic Games/UE_4.27/Engine/Binaries/Win64/
LogInit: Allocator: TBB
LogInit: Installed Engine Build: 1
LogDevObjectVersion: Number of dev versions registered: 29
LogDevObjectVersion:   Dev-Blueprints (B0D832E4-1F89-4F0D-ACCF-7EB736FD4AA2): 10
LogDevObjectVersion:   Dev-Build (E1C64328-A22C-4D53-A36C-8E866417BD8C): 0
LogDevObjectVersion:   Dev-Core (375EC13C-06E4-48FB-B500-84F0262A717E): 4
LogDevObjectVersion:   Dev-Editor (E4B068ED-F494-42E9-A231-DA0B2E46BB41): 40
LogDevObjectVersion:   Dev-Framework (CFFC743F-43B0-4480-9391-14DF171D2073): 37
LogDevObjectVersion:   Dev-Mobile (B02B49B5-BB20-44E9-A304-32B752E40360): 3
LogDevObjectVersion:   Dev-Networking (A4E4105C-59A1-49B5-A7C5-40C4547EDFEE): 0
LogDevObjectVersion:   Dev-Online (39C831C9-5AE6-47DC-9A44-9C173E1C8E7C): 0
LogDevObjectVersion:   Dev-Physics (78F01B33-EBEA-4F98-B9B4-84EACCB95AA2): 14
LogDevObjectVersion:   Dev-Platform (6631380F-2D4D-43E0-8009-CF276956A95A): 0
LogDevObjectVersion:   Dev-Rendering (12F88B9F-8875-4AFC-A67C-D90C383ABD29): 45
LogDevObjectVersion:   Dev-Sequencer (7B5AE74C-D270-4C10-A958-57980B212A5A): 13
LogDevObjectVersion:   Dev-VR (D7296918-1DD6-4BDD-9DE2-64A83CC13884): 3
LogDevObjectVersion:   Dev-LoadTimes (C2A15278-BFE7-4AFE-6C17-90FF531DF755): 1
LogDevObjectVersion:   Private-Geometry (6EACA3D4-40EC-4CC1-B786-8BED09428FC5): 3
LogDevObjectVersion:   Dev-AnimPhys (29E575DD-E0A3-4627-9D10-D276232CDCEA): 17
LogDevObjectVersion:   Dev-Anim (AF43A65D-7FD3-4947-9873-3E8ED9C1BB05): 15
LogDevObjectVersion:   Dev-ReflectionCapture (6B266CEC-1EC7-4B8F-A30B-E4D90942FC07): 1
LogDevObjectVersion:   Dev-Automation (0DF73D61-A23F-47EA-B727-89E90C41499A): 1
LogDevObjectVersion:   FortniteMain (601D1886-AC64-4F84-AA16-D3DE0DEAC7D6): 47
LogDevObjectVersion:   FortniteRelease (E7086368-6B23-4C58-8439-1B7016265E91): 1
LogDevObjectVersion:   Dev-Enterprise (9DFFBCD6-494F-0158-E221-12823C92A888): 10
LogDevObjectVersion:   Dev-Niagara (F2AED0AC-9AFE-416F-8664-AA7FFA26D6FC): 1
LogDevObjectVersion:   Dev-Destruction (174F1F0B-B4C6-45A5-B13F-2EE8D0FB917D): 10
LogDevObjectVersion:   Dev-Physics-Ext (35F94A83-E258-406C-A318-09F59610247C): 41
LogDevObjectVersion:   Dev-PhysicsMaterial-Chaos (B68FC16E-8B1B-42E2-B453-215C058844FE): 1
LogDevObjectVersion:   Dev-CineCamera (B2E18506-4273-CFC2-A54E-F4BB758BBA07): 1
LogDevObjectVersion:   Dev-VirtualProduction (64F58936-FD1B-42BA-BA96-7289D5D0FA4E): 1
LogDevObjectVersion:   Dev-MediaFramework (6F0ED827-A609-4895-9C91-998D90180EA4): 2
LogInit: Presizing for max 25165824 objects, including 0 objects not considered by GC, pre-allocating 0 bytes for permanent pool.
LogConfig: Applying CVar settings from Section [/Script/Engine.StreamingSettings] File [C:/UnrealEngine_Projects/ue.course/GeometrySandbox/Saved/Config/Windows/Engine.ini]
LogConfig: Setting CVar [[s.MinBulkDataSizeForAsyncLoading:131072]]
LogConfig: Setting CVar [[s.AsyncLoadingThreadEnabled:0]]
LogConfig: Setting CVar [[s.EventDrivenLoaderEnabled:1]]
LogConfig: Setting CVar [[s.WarnIfTimeLimitExceeded:0]]
LogConfig: Setting CVar [[s.TimeLimitExceededMultiplier:1.5]]
LogConfig: Setting CVar [[s.TimeLimitExceededMinTime:0.005]]
LogConfig: Setting CVar [[s.UseBackgroundLevelStreaming:1]]
LogConfig: Setting CVar [[s.PriorityAsyncLoadingExtraTime:15.0]]
LogConfig: Setting CVar [[s.LevelStreamingActorsUpdateTimeLimit:5.0]]
LogConfig: Setting CVar [[s.PriorityLevelStreamingActorsUpdateExtraTime:5.0]]
LogConfig: Setting CVar [[s.LevelStreamingComponentsRegistrationGranularity:10]]
LogConfig: Setting CVar [[s.UnregisterComponentsTimeLimit:1.0]]
LogConfig: Setting CVar [[s.LevelStreamingComponentsUnregistrationGranularity:5]]
LogConfig: Setting CVar [[s.FlushStreamingOnExit:1]]
LogInit: Object subsystem initialized
LogConfig: Setting CVar [[con.DebugEarlyDefault:1]]
LogConfig: Setting CVar [[r.setres:1280x720]]
[2022.03.13-09.09.58:332][  0]LogConfig: Setting CVar [[r.VSync:0]]
[2022.03.13-09.09.58:332][  0]LogConfig: Setting CVar [[r.RHICmdBypass:0]]
[2022.03.13-09.09.58:332][  0]LogConfig: Applying CVar settings from Section [/Script/Engine.RendererSettings] File [C:/UnrealEngine_Projects/ue.course/GeometrySandbox/Saved/Config/Windows/Engine.ini]
[2022.03.13-09.09.58:332][  0]LogConfig: Setting CVar [[r.GPUCrashDebugging:0]]
[2022.03.13-09.09.58:332][  0]LogConfig: Applying CVar settings from Section [/Script/Engine.RendererOverrideSettings] File [C:/UnrealEngine_Projects/ue.course/GeometrySandbox/Saved/Config/Windows/Engine.ini]
[2022.03.13-09.09.58:332][  0]LogConfig: Applying CVar settings from Section [/Script/Engine.StreamingSettings] File [C:/UnrealEngine_Projects/ue.course/GeometrySandbox/Saved/Config/Windows/Engine.ini]
[2022.03.13-09.09.58:332][  0]LogConfig: Setting CVar [[s.MinBulkDataSizeForAsyncLoading:131072]]
[2022.03.13-09.09.58:332][  0]LogConfig: Setting CVar [[s.AsyncLoadingThreadEnabled:0]]
[2022.03.13-09.09.58:332][  0]LogConfig: Setting CVar [[s.EventDrivenLoaderEnabled:1]]
[2022.03.13-09.09.58:332][  0]LogConfig: Setting CVar [[s.WarnIfTimeLimitExceeded:0]]
[2022.03.13-09.09.58:332][  0]LogConfig: Setting CVar [[s.TimeLimitExceededMultiplier:1.5]]
[2022.03.13-09.09.58:333][  0]LogConfig: Setting CVar [[s.TimeLimitExceededMinTime:0.005]]
[2022.03.13-09.09.58:333][  0]LogConfig: Setting CVar [[s.UseBackgroundLevelStreaming:1]]
[2022.03.13-09.09.58:333][  0]LogConfig: Setting CVar [[s.PriorityAsyncLoadingExtraTime:15.0]]
[2022.03.13-09.09.58:333][  0]LogConfig: Setting CVar [[s.LevelStreamingActorsUpdateTimeLimit:5.0]]
[2022.03.13-09.09.58:333][  0]LogConfig: Setting CVar [[s.PriorityLevelStreamingActorsUpdateExtraTime:5.0]]
[2022.03.13-09.09.58:333][  0]LogConfig: Setting CVar [[s.LevelStreamingComponentsRegistrationGranularity:10]]
[2022.03.13-09.09.58:333][  0]LogConfig: Setting CVar [[s.UnregisterComponentsTimeLimit:1.0]]
[2022.03.13-09.09.58:333][  0]LogConfig: Setting CVar [[s.LevelStreamingComponentsUnregistrationGranularity:5]]
[2022.03.13-09.09.58:333][  0]LogConfig: Setting CVar [[s.FlushStreamingOnExit:1]]
[2022.03.13-09.09.58:333][  0]LogConfig: Applying CVar settings from Section [/Script/Engine.GarbageCollectionSettings] File [C:/UnrealEngine_Projects/ue.course/GeometrySandbox/Saved/Config/Windows/Engine.ini]
[2022.03.13-09.09.58:333][  0]LogConfig: Setting CVar [[gc.MaxObjectsNotConsideredByGC:1]]
[2022.03.13-09.09.58:333][  0]LogConfig: Setting CVar [[gc.SizeOfPermanentObjectPool:0]]
[2022.03.13-09.09.58:333][  0]LogConfig: Setting CVar [[gc.FlushStreamingOnGC:0]]
[2022.03.13-09.09.58:333][  0]LogConfig: Setting CVar [[gc.NumRetriesBeforeForcingGC:10]]
[2022.03.13-09.09.58:333][  0]LogConfig: Setting CVar [[gc.AllowParallelGC:1]]
[2022.03.13-09.09.58:333][  0]LogConfig: Setting CVar [[gc.TimeBetweenPurgingPendingKillObjects:61.1]]
[2022.03.13-09.09.58:333][  0]LogConfig: Setting CVar [[gc.MaxObjectsInEditor:25165824]]
[2022.03.13-09.09.58:334][  0]LogConfig: Setting CVar [[gc.IncrementalBeginDestroyEnabled:1]]
[2022.03.13-09.09.58:334][  0]LogConfig: Setting CVar [[gc.CreateGCClusters:1]]
[2022.03.13-09.09.58:334][  0]LogConfig: Setting CVar [[gc.MinGCClusterSize:5]]
[2022.03.13-09.09.58:334][  0]LogConfig: Setting CVar [[gc.ActorClusteringEnabled:0]]
[2022.03.13-09.09.58:334][  0]LogConfig: Setting CVar [[gc.BlueprintClusteringEnabled:0]]
[2022.03.13-09.09.58:334][  0]LogConfig: Setting CVar [[gc.UseDisregardForGCOnDedicatedServers:0]]
[2022.03.13-09.09.58:334][  0]LogConfig: Setting CVar [[gc.MultithreadedDestructionEnabled:1]]
[2022.03.13-09.09.58:334][  0]LogConfig: Applying CVar settings from Section [/Script/Engine.NetworkSettings] File [C:/UnrealEngine_Projects/ue.course/GeometrySandbox/Saved/Config/Windows/Engine.ini]
[2022.03.13-09.09.58:334][  0]LogConfig: Applying CVar settings from Section [/Script/UnrealEd.CookerSettings] File [C:/UnrealEngine_Projects/ue.course/GeometrySandbox/Saved/Config/Windows/Engine.ini]
[2022.03.13-09.09.58:346][  0]LogConfig: Applying CVar settings from Section [ViewDistanceQuality@3] File [C:/UnrealEngine_Projects/ue.course/GeometrySandbox/Saved/Config/Windows/Scalability.ini]
[2022.03.13-09.09.58:346][  0]LogConfig: Setting CVar [[r.SkeletalMeshLODBias:0]]
[2022.03.13-09.09.58:346][  0]LogConfig: Setting CVar [[r.ViewDistanceScale:1.0]]
[2022.03.13-09.09.58:346][  0]LogConfig: Applying CVar settings from Section [AntiAliasingQuality@3] File [C:/UnrealEngine_Projects/ue.course/GeometrySandbox/Saved/Config/Windows/Scalability.ini]
[2022.03.13-09.09.58:346][  0]LogConfig: Setting CVar [[r.PostProcessAAQuality:4]]
[2022.03.13-09.09.58:346][  0]LogConfig: Applying CVar settings from Section [ShadowQuality@3] File [C:/UnrealEngine_Projects/ue.course/GeometrySandbox/Saved/Config/Windows/Scalability.ini]
[2022.03.13-09.09.58:346][  0]LogConfig: Setting CVar [[r.LightFunctionQuality:1]]
[2022.03.13-09.09.58:346][  0]LogConfig: Setting CVar [[r.ShadowQuality:5]]
[2022.03.13-09.09.58:346][  0]LogConfig: Setting CVar [[r.Shadow.CSM.MaxCascades:10]]
[2022.03.13-09.09.58:346][  0]LogConfig: Setting CVar [[r.Shadow.MaxResolution:2048]]
[2022.03.13-09.09.58:346][  0]LogConfig: Setting CVar [[r.Shadow.MaxCSMResolution:2048]]
[2022.03.13-09.09.58:346][  0]LogConfig: Setting CVar [[r.Shadow.RadiusThreshold:0.01]]
[2022.03.13-09.09.58:346][  0]LogConfig: Setting CVar [[r.Shadow.DistanceScale:1.0]]
[2022.03.13-09.09.58:346][  0]LogConfig: Setting CVar [[r.Shadow.CSM.TransitionScale:1.0]]
[2022.03.13-09.09.58:346][  0]LogConfig: Setting CVar [[r.Shadow.PreShadowResolutionFactor:1.0]]
[2022.03.13-09.09.58:346][  0]LogConfig: Setting CVar [[r.DistanceFieldShadowing:1]]
[2022.03.13-09.09.58:346][  0]LogConfig: Setting CVar [[r.DistanceFieldAO:1]]
[2022.03.13-09.09.58:347][  0]LogConfig: Setting CVar [[r.AOQuality:2]]
[2022.03.13-09.09.58:347][  0]LogConfig: Setting CVar [[r.VolumetricFog:1]]
[2022.03.13-09.09.58:347][  0]LogConfig: Setting CVar [[r.VolumetricFog.GridPixelSize:8]]
[2022.03.13-09.09.58:347][  0]LogConfig: Setting CVar [[r.VolumetricFog.GridSizeZ:128]]
[2022.03.13-09.09.58:347][  0]LogConfig: Setting CVar [[r.VolumetricFog.HistoryMissSupersampleCount:4]]
[2022.03.13-09.09.58:347][  0]LogConfig: Setting CVar [[r.LightMaxDrawDistanceScale:1]]
[2022.03.13-09.09.58:347][  0]LogConfig: Setting CVar [[r.CapsuleShadows:1]]
[2022.03.13-09.09.58:347][  0]LogConfig: Applying CVar settings from Section [PostProcessQuality@3] File [C:/UnrealEngine_Projects/ue.course/GeometrySandbox/Saved/Config/Windows/Scalability.ini]
[2022.03.13-09.09.58:347][  0]LogConfig: Setting CVar [[r.MotionBlurQuality:4]]
[2022.03.13-09.09.58:347][  0]LogConfig: Setting CVar [[r.AmbientOcclusionMipLevelFactor:0.4]]
[2022.03.13-09.09.58:347][  0]LogConfig: Setting CVar [[r.AmbientOcclusionMaxQuality:100]]
[2022.03.13-09.09.58:347][  0]LogConfig: Setting CVar [[r.AmbientOcclusionLevels:-1]]
[2022.03.13-09.09.58:347][  0]LogConfig: Setting CVar [[r.AmbientOcclusionRadiusScale:1.0]]
[2022.03.13-09.09.58:347][  0]LogConfig: Setting CVar [[r.DepthOfFieldQuality:2]]
[2022.03.13-09.09.58:347][  0]LogConfig: Setting CVar [[r.RenderTargetPoolMin:400]]
[2022.03.13-09.09.58:347][  0]LogConfig: Setting CVar [[r.LensFlareQuality:2]]
[2022.03.13-09.09.58:347][  0]LogConfig: Setting CVar [[r.SceneColorFringeQuality:1]]
[2022.03.13-09.09.58:347][  0]LogConfig: Setting CVar [[r.EyeAdaptationQuality:2]]
[2022.03.13-09.09.58:347][  0]LogConfig: Setting CVar [[r.BloomQuality:5]]
[2022.03.13-09.09.58:347][  0]LogConfig: Setting CVar [[r.FastBlurThreshold:100]]
[2022.03.13-09.09.58:348][  0]LogConfig: Setting CVar [[r.Upscale.Quality:3]]
[2022.03.13-09.09.58:348][  0]LogConfig: Setting CVar [[r.Tonemapper.GrainQuantization:1]]
[2022.03.13-09.09.58:348][  0]LogConfig: Setting CVar [[r.LightShaftQuality:1]]
[2022.03.13-09.09.58:348][  0]LogConfig: Setting CVar [[r.Filter.SizeScale:1]]
[2022.03.13-09.09.58:348][  0]LogConfig: Setting CVar [[r.Tonemapper.Quality:5]]
[2022.03.13-09.09.58:348][  0]LogConfig: Setting CVar [[r.DOF.Gather.AccumulatorQuality:1        ; higher gathering accumulator quality]]
[2022.03.13-09.09.58:348][  0]LogConfig: Setting CVar [[r.DOF.Gather.PostfilterMethod:1          ; Median3x3 postfilering method]]
[2022.03.13-09.09.58:348][  0]LogConfig: Setting CVar [[r.DOF.Gather.EnableBokehSettings:0       ; no bokeh simulation when gathering]]
[2022.03.13-09.09.58:348][  0]LogConfig: Setting CVar [[r.DOF.Gather.RingCount:4                 ; medium number of samples when gathering]]
[2022.03.13-09.09.58:348][  0]LogConfig: Setting CVar [[r.DOF.Scatter.ForegroundCompositing:1    ; additive foreground scattering]]
[2022.03.13-09.09.58:348][  0]LogConfig: Setting CVar [[r.DOF.Scatter.BackgroundCompositing:2    ; additive background scattering]]
[2022.03.13-09.09.58:348][  0]LogConfig: Setting CVar [[r.DOF.Scatter.EnableBokehSettings:1      ; bokeh simulation when scattering]]
[2022.03.13-09.09.58:348][  0]LogConfig: Setting CVar [[r.DOF.Scatter.MaxSpriteRatio:0.1         ; only a maximum of 10% of scattered bokeh]]
[2022.03.13-09.09.58:348][  0]LogConfig: Setting CVar [[r.DOF.Recombine.Quality:1                ; cheap slight out of focus]]
[2022.03.13-09.09.58:348][  0]LogConfig: Setting CVar [[r.DOF.Recombine.EnableBokehSettings:0    ; no bokeh simulation on slight out of focus]]
[2022.03.13-09.09.58:348][  0]LogConfig: Setting CVar [[r.DOF.TemporalAAQuality:1                ; more stable temporal accumulation]]
[2022.03.13-09.09.58:348][  0]LogConfig: Setting CVar [[r.DOF.Kernel.MaxForegroundRadius:0.025]]
[2022.03.13-09.09.58:348][  0]LogConfig: Setting CVar [[r.DOF.Kernel.MaxBackgroundRadius:0.025]]
[2022.03.13-09.09.58:348][  0]LogConfig: Applying CVar settings from Section [TextureQuality@3] File [C:/UnrealEngine_Projects/ue.course/GeometrySandbox/Saved/Config/Windows/Scalability.ini]
[2022.03.13-09.09.58:348][  0]LogConfig: Setting CVar [[r.Streaming.MipBias:0]]
[2022.03.13-09.09.58:349][  0]LogConfig: Setting CVar [[r.Streaming.AmortizeCPUToGPUCopy:0]]
[2022.03.13-09.09.58:349][  0]LogConfig: Setting CVar [[r.Streaming.MaxNumTexturesToStreamPerFrame:0]]
[2022.03.13-09.09.58:349][  0]LogConfig: Setting CVar [[r.Streaming.Boost:1]]
[2022.03.13-09.09.58:349][  0]LogConfig: Setting CVar [[r.MaxAnisotropy:8]]
[2022.03.13-09.09.58:349][  0]LogConfig: Setting CVar [[r.VT.MaxAnisotropy:8]]
[2022.03.13-09.09.58:349][  0]LogConfig: Setting CVar [[r.Streaming.LimitPoolSizeToVRAM:0]]
[2022.03.13-09.09.58:349][  0]LogConfig: Setting CVar [[r.Streaming.PoolSize:1000]]
[2022.03.13-09.09.58:349][  0]LogConfig: Setting CVar [[r.Streaming.MaxEffectiveScreenSize:0]]
[2022.03.13-09.09.58:349][  0]LogConfig: Applying CVar settings from Section [EffectsQuality@3] File [C:/UnrealEngine_Projects/ue.course/GeometrySandbox/Saved/Config/Windows/Scalability.ini]
[2022.03.13-09.09.58:349][  0]LogConfig: Setting CVar [[r.TranslucencyLightingVolumeDim:64]]
[2022.03.13-09.09.58:349][  0]LogConfig: Setting CVar [[r.RefractionQuality:2]]
[2022.03.13-09.09.58:349][  0]LogConfig: Setting CVar [[r.SSR.Quality:3]]
[2022.03.13-09.09.58:349][  0]LogConfig: Setting CVar [[r.SSR.HalfResSceneColor:0]]
[2022.03.13-09.09.58:349][  0]LogConfig: Setting CVar [[r.SceneColorFormat:4]]
[2022.03.13-09.09.58:349][  0]LogConfig: Setting CVar [[r.DetailMode:2]]
[2022.03.13-09.09.58:349][  0]LogConfig: Setting CVar [[r.TranslucencyVolumeBlur:1]]
[2022.03.13-09.09.58:349][  0]LogConfig: Setting CVar [[r.MaterialQualityLevel:1 ; High quality]]
[2022.03.13-09.09.58:349][  0]LogConfig: Setting CVar [[r.AnisotropicMaterials:1]]
[2022.03.13-09.09.58:349][  0]LogConfig: Setting CVar [[r.SSS.Scale:1]]
[2022.03.13-09.09.58:350][  0]LogConfig: Setting CVar [[r.SSS.SampleSet:2]]
[2022.03.13-09.09.58:350][  0]LogConfig: Setting CVar [[r.SSS.Quality:1]]
[2022.03.13-09.09.58:350][  0]LogConfig: Setting CVar [[r.SSS.HalfRes:0]]
[2022.03.13-09.09.58:350][  0]LogConfig: Setting CVar [[r.SSGI.Quality:3]]
[2022.03.13-09.09.58:350][  0]LogConfig: Setting CVar [[r.EmitterSpawnRateScale:1.0]]
[2022.03.13-09.09.58:350][  0]LogConfig: Setting CVar [[r.ParticleLightQuality:2]]
[2022.03.13-09.09.58:350][  0]LogConfig: Setting CVar [[r.SkyAtmosphere.AerialPerspectiveLUT.FastApplyOnOpaque:1 ; Always have FastSkyLUT 1 in this case to avoid wrong sky]]
[2022.03.13-09.09.58:350][  0]LogConfig: Setting CVar [[r.SkyAtmosphere.AerialPerspectiveLUT.SampleCountMaxPerSlice:4]]
[2022.03.13-09.09.58:350][  0]LogConfig: Setting CVar [[r.SkyAtmosphere.AerialPerspectiveLUT.DepthResolution:16.0]]
[2022.03.13-09.09.58:350][  0]LogConfig: Setting CVar [[r.SkyAtmosphere.FastSkyLUT:1]]
[2022.03.13-09.09.58:350][  0]LogConfig: Setting CVar [[r.SkyAtmosphere.FastSkyLUT.SampleCountMin:4.0]]
[2022.03.13-09.09.58:350][  0]LogConfig: Setting CVar [[r.SkyAtmosphere.FastSkyLUT.SampleCountMax:128.0]]
[2022.03.13-09.09.58:350][  0]LogConfig: Setting CVar [[r.SkyAtmosphere.SampleCountMin:4.0]]
[2022.03.13-09.09.58:350][  0]LogConfig: Setting CVar [[r.SkyAtmosphere.SampleCountMax:128.0]]
[2022.03.13-09.09.58:350][  0]LogConfig: Setting CVar [[r.SkyAtmosphere.TransmittanceLUT.UseSmallFormat:0]]
[2022.03.13-09.09.58:350][  0]LogConfig: Setting CVar [[r.SkyAtmosphere.TransmittanceLUT.SampleCount:10.0]]
[2022.03.13-09.09.58:350][  0]LogConfig: Setting CVar [[r.SkyAtmosphere.MultiScatteringLUT.SampleCount:15.0]]
[2022.03.13-09.09.58:350][  0]LogConfig: Setting CVar [[r.SkyLight.RealTimeReflectionCapture:1]]
[2022.03.13-09.09.58:350][  0]LogConfig: Applying CVar settings from Section [FoliageQuality@3] File [C:/UnrealEngine_Projects/ue.course/GeometrySandbox/Saved/Config/Windows/Scalability.ini]
[2022.03.13-09.09.58:351][  0]LogConfig: Setting CVar [[foliage.DensityScale:1.0]]
[2022.03.13-09.09.58:351][  0]LogConfig: Setting CVar [[grass.DensityScale:1.0]]
[2022.03.13-09.09.58:351][  0]LogConfig: Applying CVar settings from Section [ShadingQuality@3] File [C:/UnrealEngine_Projects/ue.course/GeometrySandbox/Saved/Config/Windows/Scalability.ini]
[2022.03.13-09.09.58:351][  0]LogConfig: Setting CVar [[r.HairStrands.SkyLighting.IntegrationType:2]]
[2022.03.13-09.09.58:351][  0]LogConfig: Setting CVar [[r.HairStrands.SkyAO.SampleCount:4]]
[2022.03.13-09.09.58:351][  0]LogConfig: Setting CVar [[r.HairStrands.Visibility.MSAA.SamplePerPixel:4]]
[2022.03.13-09.09.58:351][  0]LogInit: Selected Device Profile: [Windows]
[2022.03.13-09.09.58:351][  0]LogInit: Applying CVar settings loaded from the selected device profile: [Windows]
[2022.03.13-09.09.58:351][  0]LogHAL: Display: Platform has ~ 24 GB [25697214464 / 34359738368 / 24], which maps to Larger [LargestMinGB=32, LargerMinGB=12, DefaultMinGB=8, SmallerMinGB=6, SmallestMinGB=0)
[2022.03.13-09.09.58:351][  0]LogInit: Going up to parent DeviceProfile []
[2022.03.13-09.09.58:351][  0]LogConfig: Applying CVar settings from Section [ViewDistanceQuality@3] File [C:/UnrealEngine_Projects/ue.course/GeometrySandbox/Saved/Config/Windows/Scalability.ini]
[2022.03.13-09.09.58:351][  0]LogConfig: Setting CVar [[r.SkeletalMeshLODBias:0]]
[2022.03.13-09.09.58:351][  0]LogConfig: Setting CVar [[r.ViewDistanceScale:1.0]]
[2022.03.13-09.09.58:351][  0]LogConfig: Applying CVar settings from Section [AntiAliasingQuality@3] File [C:/UnrealEngine_Projects/ue.course/GeometrySandbox/Saved/Config/Windows/Scalability.ini]
[2022.03.13-09.09.58:351][  0]LogConfig: Setting CVar [[r.PostProcessAAQuality:4]]
[2022.03.13-09.09.58:351][  0]LogConfig: Applying CVar settings from Section [ShadowQuality@3] File [C:/UnrealEngine_Projects/ue.course/GeometrySandbox/Saved/Config/Windows/Scalability.ini]
[2022.03.13-09.09.58:351][  0]LogConfig: Setting CVar [[r.LightFunctionQuality:1]]
[2022.03.13-09.09.58:352][  0]LogConfig: Setting CVar [[r.ShadowQuality:5]]
[2022.03.13-09.09.58:352][  0]LogConfig: Setting CVar [[r.Shadow.CSM.MaxCascades:10]]
[2022.03.13-09.09.58:352][  0]LogConfig: Setting CVar [[r.Shadow.MaxResolution:2048]]
[2022.03.13-09.09.58:352][  0]LogConfig: Setting CVar [[r.Shadow.MaxCSMResolution:2048]]
[2022.03.13-09.09.58:352][  0]LogConfig: Setting CVar [[r.Shadow.RadiusThreshold:0.01]]
[2022.03.13-09.09.58:352][  0]LogConfig: Setting CVar [[r.Shadow.DistanceScale:1.0]]
[2022.03.13-09.09.58:352][  0]LogConfig: Setting CVar [[r.Shadow.CSM.TransitionScale:1.0]]
[2022.03.13-09.09.58:352][  0]LogConfig: Setting CVar [[r.Shadow.PreShadowResolutionFactor:1.0]]
[2022.03.13-09.09.58:352][  0]LogConfig: Setting CVar [[r.DistanceFieldShadowing:1]]
[2022.03.13-09.09.58:352][  0]LogConfig: Setting CVar [[r.DistanceFieldAO:1]]
[2022.03.13-09.09.58:352][  0]LogConfig: Setting CVar [[r.AOQuality:2]]
[2022.03.13-09.09.58:352][  0]LogConfig: Setting CVar [[r.VolumetricFog:1]]
[2022.03.13-09.09.58:352][  0]LogConfig: Setting CVar [[r.VolumetricFog.GridPixelSize:8]]
[2022.03.13-09.09.58:352][  0]LogConfig: Setting CVar [[r.VolumetricFog.GridSizeZ:128]]
[2022.03.13-09.09.58:352][  0]LogConfig: Setting CVar [[r.VolumetricFog.HistoryMissSupersampleCount:4]]
[2022.03.13-09.09.58:352][  0]LogConfig: Setting CVar [[r.LightMaxDrawDistanceScale:1]]
[2022.03.13-09.09.58:352][  0]LogConfig: Setting CVar [[r.CapsuleShadows:1]]
[2022.03.13-09.09.58:352][  0]LogConfig: Applying CVar settings from Section [PostProcessQuality@3] File [C:/UnrealEngine_Projects/ue.course/GeometrySandbox/Saved/Config/Windows/Scalability.ini]
[2022.03.13-09.09.58:352][  0]LogConfig: Setting CVar [[r.MotionBlurQuality:4]]
[2022.03.13-09.09.58:352][  0]LogConfig: Setting CVar [[r.AmbientOcclusionMipLevelFactor:0.4]]
[2022.03.13-09.09.58:353][  0]LogConfig: Setting CVar [[r.AmbientOcclusionMaxQuality:100]]
[2022.03.13-09.09.58:353][  0]LogConfig: Setting CVar [[r.AmbientOcclusionLevels:-1]]
[2022.03.13-09.09.58:353][  0]LogConfig: Setting CVar [[r.AmbientOcclusionRadiusScale:1.0]]
[2022.03.13-09.09.58:353][  0]LogConfig: Setting CVar [[r.DepthOfFieldQuality:2]]
[2022.03.13-09.09.58:353][  0]LogConfig: Setting CVar [[r.RenderTargetPoolMin:400]]
[2022.03.13-09.09.58:353][  0]LogConfig: Setting CVar [[r.LensFlareQuality:2]]
[2022.03.13-09.09.58:353][  0]LogConfig: Setting CVar [[r.SceneColorFringeQuality:1]]
[2022.03.13-09.09.58:353][  0]LogConfig: Setting CVar [[r.EyeAdaptationQuality:2]]
[2022.03.13-09.09.58:353][  0]LogConfig: Setting CVar [[r.BloomQuality:5]]
[2022.03.13-09.09.58:353][  0]LogConfig: Setting CVar [[r.FastBlurThreshold:100]]
[2022.03.13-09.09.58:353][  0]LogConfig: Setting CVar [[r.Upscale.Quality:3]]
[2022.03.13-09.09.58:353][  0]LogConfig: Setting CVar [[r.Tonemapper.GrainQuantization:1]]
[2022.03.13-09.09.58:353][  0]LogConfig: Setting CVar [[r.LightShaftQuality:1]]
[2022.03.13-09.09.58:353][  0]LogConfig: Setting CVar [[r.Filter.SizeScale:1]]
[2022.03.13-09.09.58:353][  0]LogConfig: Setting CVar [[r.Tonemapper.Quality:5]]
[2022.03.13-09.09.58:353][  0]LogConfig: Setting CVar [[r.DOF.Gather.AccumulatorQuality:1        ; higher gathering accumulator quality]]
[2022.03.13-09.09.58:353][  0]LogConfig: Setting CVar [[r.DOF.Gather.PostfilterMethod:1          ; Median3x3 postfilering method]]
[2022.03.13-09.09.58:354][  0]LogConfig: Setting CVar [[r.DOF.Gather.EnableBokehSettings:0       ; no bokeh simulation when gathering]]
[2022.03.13-09.09.58:354][  0]LogConfig: Setting CVar [[r.DOF.Gather.RingCount:4                 ; medium number of samples when gathering]]
[2022.03.13-09.09.58:354][  0]LogConfig: Setting CVar [[r.DOF.Scatter.ForegroundCompositing:1    ; additive foreground scattering]]
[2022.03.13-09.09.58:354][  0]LogConfig: Setting CVar [[r.DOF.Scatter.BackgroundCompositing:2    ; additive background scattering]]
[2022.03.13-09.09.58:354][  0]LogConfig: Setting CVar [[r.DOF.Scatter.EnableBokehSettings:1      ; bokeh simulation when scattering]]
[2022.03.13-09.09.58:354][  0]LogConfig: Setting CVar [[r.DOF.Scatter.MaxSpriteRatio:0.1         ; only a maximum of 10% of scattered bokeh]]
[2022.03.13-09.09.58:354][  0]LogConfig: Setting CVar [[r.DOF.Recombine.Quality:1                ; cheap slight out of focus]]
[2022.03.13-09.09.58:354][  0]LogConfig: Setting CVar [[r.DOF.Recombine.EnableBokehSettings:0    ; no bokeh simulation on slight out of focus]]
[2022.03.13-09.09.58:354][  0]LogConfig: Setting CVar [[r.DOF.TemporalAAQuality:1                ; more stable temporal accumulation]]
[2022.03.13-09.09.58:354][  0]LogConfig: Setting CVar [[r.DOF.Kernel.MaxForegroundRadius:0.025]]
[2022.03.13-09.09.58:354][  0]LogConfig: Setting CVar [[r.DOF.Kernel.MaxBackgroundRadius:0.025]]
[2022.03.13-09.09.58:354][  0]LogConfig: Applying CVar settings from Section [TextureQuality@3] File [C:/UnrealEngine_Projects/ue.course/GeometrySandbox/Saved/Config/Windows/Scalability.ini]
[2022.03.13-09.09.58:354][  0]LogConfig: Setting CVar [[r.Streaming.MipBias:0]]
[2022.03.13-09.09.58:354][  0]LogConfig: Setting CVar [[r.Streaming.AmortizeCPUToGPUCopy:0]]
[2022.03.13-09.09.58:354][  0]LogConfig: Setting CVar [[r.Streaming.MaxNumTexturesToStreamPerFrame:0]]
[2022.03.13-09.09.58:354][  0]LogConfig: Setting CVar [[r.Streaming.Boost:1]]
[2022.03.13-09.09.58:354][  0]LogConfig: Setting CVar [[r.MaxAnisotropy:8]]
[2022.03.13-09.09.58:354][  0]LogConfig: Setting CVar [[r.VT.MaxAnisotropy:8]]
[2022.03.13-09.09.58:354][  0]LogConfig: Setting CVar [[r.Streaming.LimitPoolSizeToVRAM:0]]
[2022.03.13-09.09.58:355][  0]LogConfig: Setting CVar [[r.Streaming.PoolSize:1000]]
[2022.03.13-09.09.58:355][  0]LogConfig: Setting CVar [[r.Streaming.MaxEffectiveScreenSize:0]]
[2022.03.13-09.09.58:355][  0]LogConfig: Applying CVar settings from Section [EffectsQuality@3] File [C:/UnrealEngine_Projects/ue.course/GeometrySandbox/Saved/Config/Windows/Scalability.ini]
[2022.03.13-09.09.58:355][  0]LogConfig: Setting CVar [[r.TranslucencyLightingVolumeDim:64]]
[2022.03.13-09.09.58:355][  0]LogConfig: Setting CVar [[r.RefractionQuality:2]]
[2022.03.13-09.09.58:355][  0]LogConfig: Setting CVar [[r.SSR.Quality:3]]
[2022.03.13-09.09.58:355][  0]LogConfig: Setting CVar [[r.SSR.HalfResSceneColor:0]]
[2022.03.13-09.09.58:355][  0]LogConfig: Setting CVar [[r.SceneColorFormat:4]]
[2022.03.13-09.09.58:355][  0]LogConfig: Setting CVar [[r.DetailMode:2]]
[2022.03.13-09.09.58:355][  0]LogConfig: Setting CVar [[r.TranslucencyVolumeBlur:1]]
[2022.03.13-09.09.58:355][  0]LogConfig: Setting CVar [[r.MaterialQualityLevel:1 ; High quality]]
[2022.03.13-09.09.58:355][  0]LogConfig: Setting CVar [[r.AnisotropicMaterials:1]]
[2022.03.13-09.09.58:355][  0]LogConfig: Setting CVar [[r.SSS.Scale:1]]
[2022.03.13-09.09.58:355][  0]LogConfig: Setting CVar [[r.SSS.SampleSet:2]]
[2022.03.13-09.09.58:355][  0]LogConfig: Setting CVar [[r.SSS.Quality:1]]
[2022.03.13-09.09.58:355][  0]LogConfig: Setting CVar [[r.SSS.HalfRes:0]]
[2022.03.13-09.09.58:355][  0]LogConfig: Setting CVar [[r.SSGI.Quality:3]]
[2022.03.13-09.09.58:355][  0]LogConfig: Setting CVar [[r.EmitterSpawnRateScale:1.0]]
[2022.03.13-09.09.58:355][  0]LogConfig: Setting CVar [[r.ParticleLightQuality:2]]
[2022.03.13-09.09.58:355][  0]LogConfig: Setting CVar [[r.SkyAtmosphere.AerialPerspectiveLUT.FastApplyOnOpaque:1 ; Always have FastSkyLUT 1 in this case to avoid wrong sky]]
[2022.03.13-09.09.58:355][  0]LogConfig: Setting CVar [[r.SkyAtmosphere.AerialPerspectiveLUT.SampleCountMaxPerSlice:4]]
[2022.03.13-09.09.58:356][  0]LogConfig: Setting CVar [[r.SkyAtmosphere.AerialPerspectiveLUT.DepthResolution:16.0]]
[2022.03.13-09.09.58:356][  0]LogConfig: Setting CVar [[r.SkyAtmosphere.FastSkyLUT:1]]
[2022.03.13-09.09.58:356][  0]LogConfig: Setting CVar [[r.SkyAtmosphere.FastSkyLUT.SampleCountMin:4.0]]
[2022.03.13-09.09.58:356][  0]LogConfig: Setting CVar [[r.SkyAtmosphere.FastSkyLUT.SampleCountMax:128.0]]
[2022.03.13-09.09.58:356][  0]LogConfig: Setting CVar [[r.SkyAtmosphere.SampleCountMin:4.0]]
[2022.03.13-09.09.58:356][  0]LogConfig: Setting CVar [[r.SkyAtmosphere.SampleCountMax:128.0]]
[2022.03.13-09.09.58:356][  0]LogConfig: Setting CVar [[r.SkyAtmosphere.TransmittanceLUT.UseSmallFormat:0]]
[2022.03.13-09.09.58:356][  0]LogConfig: Setting CVar [[r.SkyAtmosphere.TransmittanceLUT.SampleCount:10.0]]
[2022.03.13-09.09.58:356][  0]LogConfig: Setting CVar [[r.SkyAtmosphere.MultiScatteringLUT.SampleCount:15.0]]
[2022.03.13-09.09.58:356][  0]LogConfig: Setting CVar [[r.SkyLight.RealTimeReflectionCapture:1]]
[2022.03.13-09.09.58:356][  0]LogConfig: Applying CVar settings from Section [FoliageQuality@3] File [C:/UnrealEngine_Projects/ue.course/GeometrySandbox/Saved/Config/Windows/Scalability.ini]
[2022.03.13-09.09.58:356][  0]LogConfig: Setting CVar [[foliage.DensityScale:1.0]]
[2022.03.13-09.09.58:356][  0]LogConfig: Setting CVar [[grass.DensityScale:1.0]]
[2022.03.13-09.09.58:356][  0]LogConfig: Applying CVar settings from Section [ShadingQuality@3] File [C:/UnrealEngine_Projects/ue.course/GeometrySandbox/Saved/Config/Windows/Scalability.ini]
[2022.03.13-09.09.58:356][  0]LogConfig: Setting CVar [[r.HairStrands.SkyLighting.IntegrationType:2]]
[2022.03.13-09.09.58:356][  0]LogConfig: Setting CVar [[r.HairStrands.SkyAO.SampleCount:4]]
[2022.03.13-09.09.58:356][  0]LogConfig: Setting CVar [[r.HairStrands.Visibility.MSAA.SamplePerPixel:4]]
[2022.03.13-09.09.58:356][  0]LogConfig: Applying CVar settings from Section [Startup] File [../../../Engine/Config/ConsoleVariables.ini]
[2022.03.13-09.09.58:357][  0]LogConfig: Setting CVar [[net.UseAdaptiveNetUpdateFrequency:0]]
[2022.03.13-09.09.58:357][  0]LogConfig: Setting CVar [[p.chaos.AllowCreatePhysxBodies:1]]
[2022.03.13-09.09.58:357][  0]LogConfig: Setting CVar [[fx.SkipVectorVMBackendOptimizations:1]]
[2022.03.13-09.09.58:357][  0]LogConfig: Applying CVar settings from Section [ConsoleVariables] File [C:/UnrealEngine_Projects/ue.course/GeometrySandbox/Saved/Config/Windows/Engine.ini]
[2022.03.13-09.09.58:357][  0]LogConfig: Applying CVar settings from Section [ConsoleVariables] File [C:/UnrealEngine_Projects/ue.course/GeometrySandbox/Saved/Config/Windows/Editor.ini]
[2022.03.13-09.09.58:357][  0]LogInit: Computer: DESKTOP-V7QSN3L
[2022.03.13-09.09.58:357][  0]LogInit: User: PC
[2022.03.13-09.09.58:357][  0]LogInit: CPU Page size=4096, Cores=4
[2022.03.13-09.09.58:357][  0]LogInit: High frequency timer resolution =10.000000 MHz
[2022.03.13-09.09.58:357][  0]LogMemory: Memory total: Physical=23.9GB (24GB approx)
[2022.03.13-09.09.58:357][  0]LogMemory: Platform Memory Stats for Windows
[2022.03.13-09.09.58:357][  0]LogMemory: Process Physical Memory: 142.21 MB used, 142.21 MB peak
[2022.03.13-09.09.58:357][  0]LogMemory: Process Virtual Memory: 116.25 MB used, 116.25 MB peak
[2022.03.13-09.09.58:358][  0]LogMemory: Physical Memory: 10723.71 MB used,  13783.07 MB free, 24506.77 MB total
[2022.03.13-09.09.58:358][  0]LogMemory: Virtual Memory: 134203944.00 MB used,  13786.89 MB free, 134217728.00 MB total
[2022.03.13-09.09.58:371][  0]LogWindows: WindowsPlatformFeatures enabled
[2022.03.13-09.09.58:533][  0]LogInit: Physics initialised using underlying interface: PhysX
[2022.03.13-09.09.58:534][  0]LogInit: Using OS detected language (ru-RU).
[2022.03.13-09.09.58:534][  0]LogInit: Using OS detected locale (ru-RU).
[2022.03.13-09.09.58:537][  0]LogTextLocalizationManager: No specific localization for 'ru-RU' exists, so the 'ru' localization will be used.
[2022.03.13-09.09.58:537][  0]LogTextLocalizationResource: LocRes '../../../Engine/Content/Localization/Editor/ru/Editor.locres' could not be opened for reading!
[2022.03.13-09.09.58:537][  0]LogTextLocalizationResource: LocRes '../../../Engine/Content/Localization/EditorTutorials/ru/EditorTutorials.locres' could not be opened for reading!
[2022.03.13-09.09.58:537][  0]LogTextLocalizationResource: LocRes '../../../Engine/Content/Localization/Keywords/ru/Keywords.locres' could not be opened for reading!
[2022.03.13-09.09.58:537][  0]LogTextLocalizationResource: LocRes '../../../Engine/Content/Localization/Category/ru/Category.locres' could not be opened for reading!
[2022.03.13-09.09.58:538][  0]LogTextLocalizationResource: LocRes '../../../Engine/Content/Localization/ToolTips/ru/ToolTips.locres' could not be opened for reading!
[2022.03.13-09.09.58:538][  0]LogTextLocalizationResource: LocRes '../../../Engine/Content/Localization/PropertyNames/ru/PropertyNames.locres' could not be opened for reading!
[2022.03.13-09.09.58:538][  0]LogTextLocalizationResource: LocRes '../../../Engine/Content/Localization/Engine/ru/Engine.locres' could not be opened for reading!
[2022.03.13-09.09.58:539][  0]LogInit: Setting process to per monitor DPI aware
[2022.03.13-09.09.58:569][  0]LogWindowsTextInputMethodSystem: Display: IME system deactivated.
[2022.03.13-09.09.58:588][  0]LogSlate: New Slate User Created.  User Index 0, Is Virtual User: 0
[2022.03.13-09.09.58:588][  0]LogSlate: Slate User Registered.  User Index 0, Is Virtual User: 0
[2022.03.13-09.09.58:750][  0]LogD3D11RHI: Loaded GFSDK_Aftermath_Lib.x64.dll
[2022.03.13-09.09.58:756][  0]LogHMD: Failed to initialize OpenVR with code 110
[2022.03.13-09.09.58:756][  0]LogD3D11RHI: D3D11 min allowed feature level: 11_0
[2022.03.13-09.09.58:756][  0]LogD3D11RHI: D3D11 max allowed feature level: 11_0
[2022.03.13-09.09.58:756][  0]LogD3D11RHI: D3D11 adapters:
[2022.03.13-09.09.58:895][  0]LogD3D11RHI:    0. 'NVIDIA GeForce GTX 1060 6GB' (Feature Level 11_0)
[2022.03.13-09.09.58:895][  0]LogD3D11RHI:       6052/0/12253 MB DedicatedVideo/DedicatedSystem/SharedSystem, Outputs:1, VendorId:0x10de
[2022.03.13-09.09.58:902][  0]LogD3D11RHI:    1. 'Microsoft Basic Render Driver' (Feature Level 11_0)
[2022.03.13-09.09.58:902][  0]LogD3D11RHI:       0/0/12253 MB DedicatedVideo/DedicatedSystem/SharedSystem, Outputs:0, VendorId:0x1414
[2022.03.13-09.09.58:902][  0]LogD3D11RHI: Chosen D3D11 Adapter:
[2022.03.13-09.09.58:902][  0]LogD3D11RHI:     Description : NVIDIA GeForce GTX 1060 6GB
[2022.03.13-09.09.58:902][  0]LogD3D11RHI:     VendorId    : 10de
[2022.03.13-09.09.58:902][  0]LogD3D11RHI:     DeviceId    : 1c03
[2022.03.13-09.09.58:902][  0]LogD3D11RHI:     SubSysId    : 85b71043
[2022.03.13-09.09.58:902][  0]LogD3D11RHI:     Revision    : 00a1
[2022.03.13-09.09.58:902][  0]LogD3D11RHI:     DedicatedVideoMemory : 6345981952 bytes
[2022.03.13-09.09.58:902][  0]LogD3D11RHI:     DedicatedSystemMemory : 0 bytes
[2022.03.13-09.09.58:902][  0]LogD3D11RHI:     SharedSystemMemory : 12848607232 bytes
[2022.03.13-09.09.58:902][  0]LogD3D11RHI:     AdapterLuid : 0 49994
[2022.03.13-09.09.58:910][  0]LogD3D11RHI: Creating new Direct3DDevice
[2022.03.13-09.09.58:910][  0]LogD3D11RHI:     GPU DeviceId: 0x1c03 (for the marketing name, search the web for "GPU Device Id")
[2022.03.13-09.09.58:910][  0]LogWindows: EnumDisplayDevices:
[2022.03.13-09.09.58:911][  0]LogWindows:    0. 'NVIDIA GeForce GTX 1060 6GB' (P:1 D:1)
[2022.03.13-09.09.58:911][  0]LogWindows:    1. 'NVIDIA GeForce GTX 1060 6GB' (P:0 D:0)
[2022.03.13-09.09.58:911][  0]LogWindows:    2. 'NVIDIA GeForce GTX 1060 6GB' (P:0 D:0)
[2022.03.13-09.09.58:912][  0]LogWindows:    3. 'NVIDIA GeForce GTX 1060 6GB' (P:0 D:0)
[2022.03.13-09.09.58:912][  0]LogWindows: DebugString: FoundDriverCount:4 
[2022.03.13-09.09.58:912][  0]LogD3D11RHI:     Adapter Name: NVIDIA GeForce GTX 1060 6GB
[2022.03.13-09.09.58:912][  0]LogD3D11RHI:   Driver Version: 511.79 (internal:30.0.15.1179, unified:511.79)
[2022.03.13-09.09.58:912][  0]LogD3D11RHI:      Driver Date: 2-10-2022
[2022.03.13-09.09.58:912][  0]LogRHI: Texture pool is 4236 MB (70% of 6052 MB)
[2022.03.13-09.09.58:912][  0]LogD3D11RHI: Creating D3DDevice using adapter:
[2022.03.13-09.09.58:912][  0]LogD3D11RHI:     Description : NVIDIA GeForce GTX 1060 6GB
[2022.03.13-09.09.58:913][  0]LogD3D11RHI:     VendorId    : 10de
[2022.03.13-09.09.58:913][  0]LogD3D11RHI:     DeviceId    : 1c03
[2022.03.13-09.09.58:913][  0]LogD3D11RHI:     SubSysId    : 85b71043
[2022.03.13-09.09.58:913][  0]LogD3D11RHI:     Revision    : 00a1
[2022.03.13-09.09.58:913][  0]LogD3D11RHI:     DedicatedVideoMemory : 6345981952 bytes
[2022.03.13-09.09.58:913][  0]LogD3D11RHI:     DedicatedSystemMemory : 0 bytes
[2022.03.13-09.09.58:913][  0]LogD3D11RHI:     SharedSystemMemory : 12848607232 bytes
[2022.03.13-09.09.58:913][  0]LogD3D11RHI:     AdapterLuid : 0 49994
[2022.03.13-09.09.58:995][  0]LogD3D11RHI: RHI has support for 64 bit atomics
[2022.03.13-09.09.58:995][  0]LogD3D11RHI: Async texture creation enabled
[2022.03.13-09.09.58:995][  0]LogD3D11RHI: Array index from any shader is supported
[2022.03.13-09.09.59:028][  0]LogD3D11RHI: GPU Timing Frequency: 1000.000000 (Debug: 2 1)
[2022.03.13-09.09.59:066][  0]LogRHI: GeForceNow SDK initialized: 1
[2022.03.13-09.09.59:377][  0]LogTargetPlatformManager: Display: Loaded TargetPlatform 'AllDesktop'
[2022.03.13-09.09.59:404][  0]LogTargetPlatformManager: Display: Loaded TargetPlatform 'Android'
[2022.03.13-09.09.59:404][  0]LogTargetPlatformManager: Display: Loaded TargetPlatform 'Android_ASTC'
[2022.03.13-09.09.59:404][  0]LogTargetPlatformManager: Display: Loaded TargetPlatform 'Android_DXT'
[2022.03.13-09.09.59:404][  0]LogTargetPlatformManager: Display: Loaded TargetPlatform 'Android_ETC2'
[2022.03.13-09.09.59:404][  0]LogTargetPlatformManager: Display: Loaded TargetPlatform 'AndroidClient'
[2022.03.13-09.09.59:404][  0]LogTargetPlatformManager: Display: Loaded TargetPlatform 'Android_ASTCClient'
[2022.03.13-09.09.59:404][  0]LogTargetPlatformManager: Display: Loaded TargetPlatform 'Android_DXTClient'
[2022.03.13-09.09.59:404][  0]LogTargetPlatformManager: Display: Loaded TargetPlatform 'Android_ETC2Client'
[2022.03.13-09.09.59:405][  0]LogTargetPlatformManager: Display: Loaded TargetPlatform 'Android_Multi'
[2022.03.13-09.09.59:405][  0]LogTargetPlatformManager: Display: Loaded TargetPlatform 'Android_MultiClient'
[2022.03.13-09.09.59:437][  0]LogTargetPlatformManager: Display: Loaded TargetPlatform 'IOSClient'
[2022.03.13-09.09.59:437][  0]LogTargetPlatformManager: Display: Loaded TargetPlatform 'IOS'
[2022.03.13-09.09.59:451][  0]LogTargetPlatformManager: Display: Loaded TargetPlatform 'Linux'
[2022.03.13-09.09.59:457][  0]LogTargetPlatformManager: Display: Loaded TargetPlatform 'LinuxNoEditor'
[2022.03.13-09.09.59:464][  0]LogTargetPlatformManager: Display: Loaded TargetPlatform 'LinuxClient'
[2022.03.13-09.09.59:472][  0]LogTargetPlatformManager: Display: Loaded TargetPlatform 'LinuxServer'
[2022.03.13-09.09.59:484][  0]LogTargetPlatformManager: Display: Loaded TargetPlatform 'LinuxAArch64NoEditor'
[2022.03.13-09.09.59:492][  0]LogTargetPlatformManager: Display: Loaded TargetPlatform 'LinuxAArch64Client'
[2022.03.13-09.09.59:498][  0]LogTargetPlatformManager: Display: Loaded TargetPlatform 'LinuxAArch64Server'
[2022.03.13-09.09.59:528][  0]LogTargetPlatformManager: Display: Loaded TargetPlatform 'Lumin'
[2022.03.13-09.09.59:528][  0]LogTargetPlatformManager: Display: Loaded TargetPlatform 'LuminClient'
[2022.03.13-09.09.59:540][  0]LogTargetPlatformManager: Display: Loaded TargetPlatform 'MacNoEditor'
[2022.03.13-09.09.59:546][  0]LogTargetPlatformManager: Display: Loaded TargetPlatform 'Mac'
[2022.03.13-09.09.59:553][  0]LogTargetPlatformManager: Display: Loaded TargetPlatform 'MacClient'
[2022.03.13-09.09.59:560][  0]LogTargetPlatformManager: Display: Loaded TargetPlatform 'MacServer'
[2022.03.13-09.09.59:573][  0]LogTargetPlatformManager: Display: Loaded TargetPlatform 'TVOSClient'
[2022.03.13-09.09.59:573][  0]LogTargetPlatformManager: Display: Loaded TargetPlatform 'TVOS'
[2022.03.13-09.09.59:586][  0]LogTargetPlatformManager: Display: Loaded TargetPlatform 'WindowsNoEditor'
[2022.03.13-09.09.59:592][  0]LogTargetPlatformManager: Display: Loaded TargetPlatform 'Windows'
[2022.03.13-09.09.59:599][  0]LogTargetPlatformManager: Display: Loaded TargetPlatform 'WindowsClient'
[2022.03.13-09.09.59:606][  0]LogTargetPlatformManager: Display: Loaded TargetPlatform 'WindowsServer'
[2022.03.13-09.09.59:606][  0]LogTargetPlatformManager: Display: Building Assets For Windows
[2022.03.13-09.09.59:621][  0]LogAudioDebug: Display: Lib vorbis DLL was dynamically loaded.
[2022.03.13-09.09.59:689][  0]LogTextureFormatOodle: Display: Oodle Texture 2.9.0 init RDO Off
[2022.03.13-09.09.59:754][  0]LogRendererCore: Ray tracing is disabled. Reason: r.RayTracing=0.
[2022.03.13-09.09.59:754][  0]LogShaderCompilers: Guid format shader working directory is -23 characters bigger than the processId version (../../../../../../UnrealEngine_Projects/ue.course/GeometrySandbox/Intermediate/Shaders/WorkingDirectory/13868/).
[2022.03.13-09.09.59:754][  0]LogShaderCompilers: Cleaned the shader compiler working directory 'C:/Users/PC/AppData/Local/Temp/UnrealShaderWorkingDir/AF1155794095162ADECF43A60E6C1BAC/'.
[2022.03.13-09.09.59:754][  0]LogXGEController: Cannot use XGE Controller as Incredibuild is not installed on this machine.
[2022.03.13-09.09.59:755][  0]LogShaderCompilers: Cannot use XGE Shader Compiler as Incredibuild is not installed on this machine.
[2022.03.13-09.09.59:755][  0]LogShaderCompilers: Display: Using Local Shader Compiler.
[2022.03.13-09.10.00:622][  0]LogDerivedDataCache: Display: Max Cache Size: 512 MB
[2022.03.13-09.10.00:685][  0]LogDerivedDataCache: Loaded boot cache 0.06s 94MB C:/Users/PC/AppData/Local/UnrealEngine/4.27/DerivedDataCache/Boot.ddc.
[2022.03.13-09.10.00:685][  0]LogDerivedDataCache: Display: Loaded Boot cache: C:/Users/PC/AppData/Local/UnrealEngine/4.27/DerivedDataCache/Boot.ddc
[2022.03.13-09.10.00:685][  0]LogDerivedDataCache: FDerivedDataBackendGraph:  Pak pak cache file ../../../../../../UnrealEngine_Projects/ue.course/GeometrySandbox/DerivedDataCache/DDC.ddp not found, will not use a pak cache.
[2022.03.13-09.10.00:685][  0]LogDerivedDataCache: Unable to find inner node Pak for hierarchical cache Hierarchy.
[2022.03.13-09.10.00:685][  0]LogDerivedDataCache: FDerivedDataBackendGraph:  CompressedPak pak cache file ../../../../../../UnrealEngine_Projects/ue.course/GeometrySandbox/DerivedDataCache/Compressed.ddp not found, will not use a pak cache.
[2022.03.13-09.10.00:685][  0]LogDerivedDataCache: Unable to find inner node CompressedPak for hierarchical cache Hierarchy.
[2022.03.13-09.10.00:705][  0]LogDerivedDataCache: Display: Pak cache opened for reading ../../../Engine/DerivedDataCache/Compressed.ddp.
[2022.03.13-09.10.00:706][  0]LogDerivedDataCache: FDerivedDataBackendGraph:  EnterprisePak pak cache file ../../../Enterprise/DerivedDataCache/Compressed.ddp not found, will not use a pak cache.
[2022.03.13-09.10.00:706][  0]LogDerivedDataCache: Unable to find inner node EnterprisePak for hierarchical cache Hierarchy.
[2022.03.13-09.10.00:715][  0]LogDerivedDataCache: Speed tests for C:/Users/PC/AppData/Local/UnrealEngine/Common/DerivedDataCache took 0.01 seconds
[2022.03.13-09.10.00:715][  0]LogDerivedDataCache: Display: Performance to C:/Users/PC/AppData/Local/UnrealEngine/Common/DerivedDataCache: Latency=0.03ms. RandomReadSpeed=1086.72MBs, RandomWriteSpeed=118.23MBs. Assigned SpeedClass 'Local'
[2022.03.13-09.10.00:719][  0]LogDerivedDataCache: Using Local data cache path C:/Users/PC/AppData/Local/UnrealEngine/Common/DerivedDataCache: Writable
[2022.03.13-09.10.00:719][  0]LogDerivedDataCache: Shared data cache path not found in *engine.ini, will not use an Shared cache.
[2022.03.13-09.10.00:719][  0]LogDerivedDataCache: Unable to find inner node Shared for hierarchical cache Hierarchy.
[2022.03.13-09.10.00:773][  0]LogSlate: Using FreeType 2.10.0
[2022.03.13-09.10.00:774][  0]LogSlate: SlateFontServices - WITH_FREETYPE: 1, WITH_HARFBUZZ: 1
[2022.03.13-09.10.00:802][  0]LogAssetRegistry: FAssetRegistry took 0.0049 seconds to start up
[2022.03.13-09.10.01:104][  0]LogInit: Selected Device Profile: [Windows]
[2022.03.13-09.10.01:104][  0]LogInit: Active device profile: [0000021142476200][0000021138FAC0C0 49] Windows
[2022.03.13-09.10.01:105][  0]LogInit: Profiles: [0000021142476200][0000021138FAC0C0 49] Windows, [0000021142439F00][0000021131FF6240 49] WindowsNoEditor, [0000021142476300][0000021131FFA3C0 49] WindowsServer, [000002114243A100][0000021140CA4540 49] WindowsClient, [0000021142475E00][0000021140CA86C0 49] IOS, [000002114243BF00][000002113FBC2800 49] iPadAir, [0000021142475A00][0000021140CAC940 49] iPadAir2, [00000211433DD900][0000021140CB4B80 49] IPadPro, [00000211433DDA00][0000021140CB0BC0 49] iPadAir3, [0000021142475800][0000021140CBCD40 49] iPadAir4, [00000211433DFC00][0000021140CC0EC0 49] iPadMini2, [0000021142475F00][0000021140CC5040 49] iPadMini3, [00000211433DC400][0000021140CC91C0 49] iPadMini4, [0000021142475500][0000021140CCD340 49] iPadMini5, [00000211433ED200][0000021122EC9600 49] iPhone6, [00000211433ED300][0000021140CD1640 49] iPodTouch6, [0000021142439E00][0000021122ED1900 49] iPhone7, [000002114243A200][0000021122ECD940 49] iPodTouch7, [00000211433EF600][0000021122ED5AC0 49] iPhone5S, [000002114243AC00][0000021122ED80C0 49] iPhone6Plus, [00000211433EC200][0000021122EDC240 49] iPhone6S, [0000021142439300][0000021122EE03C0 49] iPhone6SPlus, [00000211433EFA00][0000021122EE4540 49] iPhone7Plus, [0000021142438E00][0000021122EE86C0 49] iPhoneSE, [00000211433EEB00][0000021122EEC840 49] iPhone8, [000002114243B700][0000021140CB8980 49] iPhone8Plus, [00000211433EDB00][0000021122EF0AC0 49] iPhoneX, [0000021142438400][0000021122EF4C00 49] iPhoneXS, [00000211433EC400][0000021138EB4D40 49] iPhoneXSMax, [000002114243A800][0000021138EBCEC0 49] iPhoneXR, [00000211433EC900][0000021138EC1040 49] iPhone11, [0000021142438A00][0000021138EC51C0 49] iPhone11Pro, [00000211433EFC00][0000021138EC9340 49] iPhone11ProMax, [000002114243A600][00000211424034C0 49] iPhoneSE2, [00000211433EF200][0000021142407640 49] iPhone12Mini, [0000021142439500][000002114240B7C0 49] iPhone12, [00000211433ECD00][0000021142413940 49] iPhone12Pro, [000002114243AD00][000002114241BAC0 49] iPhone12ProMax, [00000211433EDD00][0000021140CDE0C0 49] iPadPro105, [000002114243B500][0000021140CF8240 49] iPadPro129, [00000211433EF300][0000021140D363C0 49] iPadPro97, [000002114243BD00][0000021140D3A540 49] iPadPro2_129, [00000211433EC300][0000021140D3E6C0 49] iPad5, [0000021142439600][0000021140D42840 49] iPad6, [00000211433DCB00][0000021140D469C0 49] iPad7, [00000211424B5700][0000021140D4AB40 49] iPad8, [00000211433DC200][0000021138EB8C80 49] iPadPro11, [00000211424B5A00][000002113E888DC0 49] iPadPro2_11, [00000211433DD400][000002113E88CF00 49] iPadPro3_129, [00000211424B4300][000002113E895080 49] iPadPro4_129, [000002114243BA00][000002113E899200 49] AppleTV, [00000211433EDA00][000002113E89D380 49] AppleTV4K, [00000211433DF500][000002113E8A1500 49] TVOS, [00000211433EC100][0000021140F23680 49] Mac, [00000211433DE700][0000021140F57800 49] MacClient, [00000211433EF100][0000021140F67980 49] MacNoEditor, [00000211433DC600][0000021140F6BB00 49] MacServer, [00000211433ECB00][0000021140F6E100 49] Linux, [000002114243AB00][0000021140F72280 49] LinuxAArch64, [00000211433EE800][0000021140F76400 49] LinuxNoEditor, [000002114243AF00][0000021140F7A580 49] LinuxAArch64NoEditor, [00000211433EE600][000002114213A700 49] LinuxClient, [000002114243A300][0000021142142880 49] LinuxAArch64Client, [00000211433ED100][0000021142146A00 49] LinuxServer, [0000021142438D00][0000021142154B80 49] LinuxAArch64Server, [00000211433ED400][0000021142158D00 49] Android, [0000021142439D00][000002113E890E40 49] Android_Low, [00000211433ECA00][000002114215CF80 49] Android_Mid, [0000021142438800][00000211421610C0 49] Android_High, [00000211433EDF00][0000021142169240 49] Android_Default, [0000021142438C00][000002114216D3C0 49] Android_Adreno4xx, [00000211433ED700][0000021142171540 49] Android_Adreno5xx_Low, [000002114243A000][00000211421756C0 49] Android_Adreno5xx, [00000211433EE900][0000021142179840 49] Android_Adreno6xx, [0000021142438100][000002114217D9C0 49] Android_Adreno6xx_Vulkan, [00000211433EC700][0000021140F7FB40 49] Android_Mali_T6xx, [000002114243B800][0000021140FE6140 49] Android_Mali_T7xx, [00000211433EDE00][0000021140FEE2C0 49] Android_Mali_T8xx, [0000021142439A00][0000021140FF2440 49] Android_Mali_G71, [00000211433EFE00][0000021140FF65C0 49] Android_Mali_G72, [000002114243BE00][00000211437B8740 49] Android_Mali_G72_Vulkan, [00000211433EF400][00000211437E88C0 49] Android_Mali_G76, [0000021142438F00][00000211437ECA40 49] Android_Mali_G76_Vulkan, [00000211433ED000][00000211437F0BC0 49] Android_Mali_G77, [000002114243B200][00000211437F4D40 49] Android_Mali_G77_Vulkan, [00000211433ED900][0000021140DE2EC0 49] Android_Mali_G78, [0000021142438500][0000021142165000 49] Android_Mali_G78_Vulkan, [00000211433EE100][000002114377B140 49] Android_Mali_G710, [0000021142439400][0000021140DE7280 49] Android_Mali_G710_Vulkan, [00000211433EE200][0000021140EA13C0 49] Android_Vulkan_SM5, [000002114243A400][0000021140EA9540 49] Android_PowerVR_G6xxx, [00000211433EF900][0000021140FEB6C0 49] Android_PowerVR_GT7xxx, [000002114243AA00][00000211437E5840 49] Android_PowerVR_GE8xxx, [00000211433EF800][00000211438179C0 49] Android_PowerVR_GM9xxx, [0000021142475400][000002114381BB40 49] Android_PowerVR_GM9xxx_Vulkan, [00000211433DFA00][000002114381E140 49] Android_TegraK1, [0000021142475600][00000211438222C0 49] Android_Unknown_Vulkan, [00000211433DF100][0000021143826440 49] Lumin, [0000021142476C00][000002114382A5C0 49] Lumin_Desktop, [00000211433DE200][0000021140EDE740 49] HoloLens, 
[2022.03.13-09.10.01:285][  0]LogMeshReduction: Using QuadricMeshReduction for automatic static mesh reduction
[2022.03.13-09.10.01:285][  0]LogMeshReduction: Using SimplygonMeshReduction for automatic skeletal mesh reduction
[2022.03.13-09.10.01:285][  0]LogMeshReduction: Using ProxyLODMeshReduction for automatic mesh merging
[2022.03.13-09.10.01:285][  0]LogMeshReduction: No distributed automatic mesh merging module available
[2022.03.13-09.10.01:285][  0]LogMeshMerging: No distributed automatic mesh merging module available
[2022.03.13-09.10.01:306][  0]LogNetVersion: GeometrySandbox 1.0.0, NetCL: 17155196, EngineNetVer: 17, GameNetVer: 0 (Checksum: 2047942326)
[2022.03.13-09.10.01:736][  0]LogTexture: Default maximum texture size for cubemaps generated from long-lat sources has been changed from 512 to unlimited. In order to preserve old behaiour for '/Engine/MapTemplates/Sky/DaylightAmbientCubemap.DaylightAmbientCubemap', its maximum texture size has been explicitly set to 512.
[2022.03.13-09.10.01:801][  0]LogHMD: PokeAHoleMaterial loaded successfully
[2022.03.13-09.10.01:807][  0]LogUObjectArray: 17178 objects as part of root set at end of initial load.
[2022.03.13-09.10.01:807][  0]LogUObjectAllocator: 4302048 out of 0 bytes used by permanent object pool.
[2022.03.13-09.10.01:807][  0]LogUObjectArray: CloseDisregardForGC: 0/0 objects in disregard for GC pool
[2022.03.13-09.10.02:220][  0]LogNiagaraDebuggerClient: Niagara Debugger Client Initialized | Session: 19D12F0141242850C2DF9FA81AF256A6 | Instance: 72D02F154BB0D3BDFFE02D8560B0EBE7 (DESKTOP-V7QSN3L-13868).
[2022.03.13-09.10.02:269][  0]LogPython: Using Python 3.7.7
[2022.03.13-09.10.03:017][  0]LogUdpMessaging: Initializing bridge on interface 0.0.0.0:0 to multicast group 230.0.0.1:6666.
[2022.03.13-09.10.03:029][  0]LogTcpMessaging: Initializing TcpMessaging bridge
[2022.03.13-09.10.03:294][  0]SourceControl: Source control is disabled
[2022.03.13-09.10.03:295][  0]SourceControl: Source control is disabled
[2022.03.13-09.10.03:301][  0]SourceControl: Source control is disabled
[2022.03.13-09.10.03:307][  0]SourceControl: Source control is disabled
[2022.03.13-09.10.03:317][  0]SourceControl: Source control is disabled
[2022.03.13-09.10.03:329][  0]LogUProjectInfo: Found projects:
[2022.03.13-09.10.03:647][  0]LogOpenImageDenoise: OIDN starting up
[2022.03.13-09.10.03:721][  0]LogAndroidPermission: UAndroidPermissionCallbackProxy::GetInstance
[2022.03.13-09.10.03:754][  0]LogAudioCaptureCore: Display: No Audio Capture implementations found. Audio input will be silent.
[2022.03.13-09.10.03:754][  0]LogAudioCaptureCore: Display: No Audio Capture implementations found. Audio input will be silent.
[2022.03.13-09.10.03:932][  0]LogCollectionManager: Loaded 0 collections in 0.002283 seconds
[2022.03.13-09.10.03:973][  0]LogFileCache: Scanning file cache for directory 'C:/UnrealEngine_Projects/ue.course/GeometrySandbox/Saved/Collections/' took 0.00s
[2022.03.13-09.10.03:973][  0]LogFileCache: Scanning file cache for directory 'C:/UnrealEngine_Projects/ue.course/GeometrySandbox/Content/Developers/PC/Collections/' took 0.00s
[2022.03.13-09.10.03:973][  0]LogFileCache: Scanning file cache for directory 'C:/UnrealEngine_Projects/ue.course/GeometrySandbox/Content/Collections/' took 0.00s
[2022.03.13-09.10.03:973][  0]LogOcInput: OculusInput pre-init called
[2022.03.13-09.10.04:226][  0]LogEngine: Initializing Engine...
[2022.03.13-09.10.04:231][  0]LogHMD: Failed to enumerate extensions. Please check that you have a valid OpenXR runtime installed.
[2022.03.13-09.10.04:231][  0]LogHMD: Failed to initialize OpenVR with code 110
[2022.03.13-09.10.04:231][  0]LogMagicLeap: Warning: VR disabled because ZI is not enabled.  To enable, in the editor, Edit -> Project Settings -> Plugins -> Magic Leap Plugin -> Enable Zero Iteration
[2022.03.13-09.10.04:232][  0]LogStats: UGameplayTagsManager::InitializeManager -  0.000 s
[2022.03.13-09.10.04:363][  0]LogInit: Initializing FReadOnlyCVARCache
[2022.03.13-09.10.04:376][  0]LogAIModule: Creating AISystem for world Untitled
[2022.03.13-09.10.04:377][  0]LogAudio: Display: Initializing Audio Device Manager...
[2022.03.13-09.10.04:382][  0]LogAudio: Display: Loading Default Audio Settings Objects...
[2022.03.13-09.10.04:383][  0]LogAudio: Display: No default SoundConcurrencyObject specified (or failed to load).
[2022.03.13-09.10.04:383][  0]LogAudio: Display: Audio Device Manager Initialized
[2022.03.13-09.10.04:383][  0]LogAudio: Display: Creating Audio Device:                 Id: 1, Scope: Shared, Realtime: True
[2022.03.13-09.10.04:383][  0]LogAudioMixer: Display: Audio Mixer Platform Settings:
[2022.03.13-09.10.04:383][  0]LogAudioMixer: Display: 	Sample Rate:						  48000
[2022.03.13-09.10.04:383][  0]LogAudioMixer: Display: 	Callback Buffer Frame Size Requested: 1024
[2022.03.13-09.10.04:384][  0]LogAudioMixer: Display: 	Callback Buffer Frame Size To Use:	  1024
[2022.03.13-09.10.04:384][  0]LogAudioMixer: Display: 	Number of buffers to queue:			  2
[2022.03.13-09.10.04:384][  0]LogAudioMixer: Display: 	Max Channels (voices):				  32
[2022.03.13-09.10.04:384][  0]LogAudioMixer: Display: 	Number of Async Source Workers:		  0
[2022.03.13-09.10.04:384][  0]LogAudio: Display: AudioDevice MaxSources: 32
[2022.03.13-09.10.04:384][  0]LogAudio: Display: Audio Spatialization Plugin: None (built-in).
[2022.03.13-09.10.04:384][  0]LogAudio: Display: Audio Reverb Plugin: None (built-in).
[2022.03.13-09.10.04:384][  0]LogAudio: Display: Audio Occlusion Plugin: None (built-in).
[2022.03.13-09.10.04:384][  0]LogAudioMixer: Display: Initializing audio mixer.
[2022.03.13-09.10.04:406][  0]LogAudioMixer: Display: 0: FrontLeft
[2022.03.13-09.10.04:406][  0]LogAudioMixer: Display: 1: FrontRight
[2022.03.13-09.10.04:431][  0]LogAudioMixer: Display: Using Audio Device Динамики (Line 6 UX2)
[2022.03.13-09.10.04:431][  0]LogAudioMixer: Display: Initializing Sound Submixes...
[2022.03.13-09.10.04:434][  0]LogAudioMixer: Display: Creating Master Submix 'MasterSubmixDefault'
[2022.03.13-09.10.04:434][  0]LogAudioMixer: Display: Creating Master Submix 'MasterReverbSubmixDefault'
[2022.03.13-09.10.04:435][  0]LogAudioMixer: Display: Creating Master Submix 'MasterEQSubmixDefault'
[2022.03.13-09.10.04:435][  0]LogAudioMixer: FMixerPlatformXAudio2::StartAudioStream() called
[2022.03.13-09.10.04:435][  0]LogAudioMixer: Display: Output buffers initialized: Frames=1024, Channels=2, Samples=2048
[2022.03.13-09.10.04:437][  0]LogAudioMixer: Display: Starting AudioMixerPlatformInterface::RunInternal()
[2022.03.13-09.10.04:438][  0]LogAudioMixer: Display: FMixerPlatformXAudio2::SubmitBuffer() called for the first time
[2022.03.13-09.10.04:438][  0]LogInit: FAudioDevice initialized.
[2022.03.13-09.10.04:438][  0]LogAudio: Display: Audio Device (ID: 1) registered with world 'Untitled'.
[2022.03.13-09.10.04:438][  0]LogNetVersion: Set ProjectVersion to 1.0.0.0. Version Checksum will be recalculated on next use.
[2022.03.13-09.10.04:537][  0]LogDerivedDataCache: Saved boot cache 0.10s 94MB C:/Users/PC/AppData/Local/UnrealEngine/4.27/DerivedDataCache/Boot.ddc.
[2022.03.13-09.10.04:538][  0]LogInit: Texture streaming: Enabled
[2022.03.13-09.10.04:557][  0]LogAnalytics: Display: [UEEditor.Rocket.Release] APIServer = https://datarouter.ol.epicgames.com/. AppVersion = 4.27.2-18319896+++UE4+Release-4.27
[2022.03.13-09.10.04:564][  0]LogEngineSessionManager: EngineSessionManager initialized
[2022.03.13-09.10.04:564][  0]LogEditorSessionSummary: Verbose: Initializing EditorSessionSummaryWriter for editor session tracking
[2022.03.13-09.10.04:566][  0]LogEditorSessionSummary: EditorSessionSummaryWriter initialized
[2022.03.13-09.10.04:595][  0]LogInit: Transaction tracking system initialized
[2022.03.13-09.10.04:628][  0]BlueprintLog: New page: Editor Load
[2022.03.13-09.10.04:722][  0]LocalizationService: Localization service is disabled
[2022.03.13-09.10.04:760][  0]TimingProfiler: Initialize
[2022.03.13-09.10.04:761][  0]TimingProfiler: OnSessionChanged
[2022.03.13-09.10.04:761][  0]LoadingProfiler: Initialize
[2022.03.13-09.10.04:761][  0]LoadingProfiler: OnSessionChanged
[2022.03.13-09.10.04:761][  0]NetworkingProfiler: Initialize
[2022.03.13-09.10.04:761][  0]NetworkingProfiler: OnSessionChanged
[2022.03.13-09.10.04:761][  0]MemoryProfiler: Initialize
[2022.03.13-09.10.04:761][  0]MemoryProfiler: OnSessionChanged
[2022.03.13-09.10.04:956][  0]LogFileCache: Scanning file cache for directory 'C:/UnrealEngine_Projects/ue.course/GeometrySandbox/Content/' took 0.00s
[2022.03.13-09.10.04:956][  0]LogCook: Display: CookSettings for Memory: MemoryMaxUsedVirtual 0MiB, MemoryMaxUsedPhysical 16384MiB, MemoryMinFreeVirtual 0MiB, MemoryMinFreePhysical 1024MiB
[2022.03.13-09.10.04:956][  0]LogCook: Display: Mobile HDR setting 1
[2022.03.13-09.10.05:448][  0]LogInit: Display: Engine is initialized. Leaving FEngineLoop::Init()
[2022.03.13-09.10.05:452][  0]SourceControl: Source control is disabled
[2022.03.13-09.10.05:452][  0]LogUnrealEdMisc: Loading editor; pre map load, took 8.744
[2022.03.13-09.10.05:452][  0]Cmd: MAP LOAD FILE="../../../../../../UnrealEngine_Projects/ue.course/GeometrySandbox/Content/SandboxMap.umap" TEMPLATE=0 SHOWPROGRESS=1 FEATURELEVEL=3
[2022.03.13-09.10.05:452][  0]LightingResults: New page: Lighting Build
[2022.03.13-09.10.05:454][  0]LogWorld: UWorld::CleanupWorld for Untitled, bSessionEnded=true, bCleanupResources=true
[2022.03.13-09.10.05:454][  0]LogSlate: InvalidateAllWidgets triggered.  All widgets were invalidated
[2022.03.13-09.10.05:454][  0]MapCheck: New page: Map Check
[2022.03.13-09.10.05:454][  0]LightingResults: New page: Lighting Build
[2022.03.13-09.10.05:459][  0]LogAudio: Display: Audio Device unregistered from world 'None'.
[2022.03.13-09.10.05:465][  0]LogUObjectHash: Compacting FUObjectHashTables data took   0.94ms
[2022.03.13-09.10.05:533][  0]LogAudio: Display: Audio Device (ID: 1) registered with world 'SandboxMap'.
[2022.03.13-09.10.05:534][  0]LogAIModule: Creating AISystem for world SandboxMap
[2022.03.13-09.10.05:539][  0]LogEditorServer: Finished looking for orphan Actors (0.000 secs)
[2022.03.13-09.10.05:556][  0]LogUObjectHash: Compacting FUObjectHashTables data took   1.04ms
[2022.03.13-09.10.05:556][  0]Cmd: MAP CHECKDEP NOCLEARLOG
[2022.03.13-09.10.05:557][  0]MapCheck: Map check complete: 0 Error(s), 0 Warning(s), took 0,238ms to complete.
[2022.03.13-09.10.05:557][  0]LogFileHelpers: Loading map 'SandboxMap' took 0.104
[2022.03.13-09.10.05:561][  0]LogUnrealEdMisc: Total Editor Startup Time, took 8.852
[2022.03.13-09.10.05:698][  0]LogSlate: Updating window title bar state: overlay mode, drag disabled, window buttons hidden, title bar hidden
[2022.03.13-09.10.05:705][  0]LogSlate: Updating window title bar state: overlay mode, drag disabled, window buttons hidden, title bar hidden
[2022.03.13-09.10.05:713][  0]LogSlate: Updating window title bar state: overlay mode, drag disabled, window buttons hidden, title bar hidden
[2022.03.13-09.10.05:720][  0]LogSlate: Updating window title bar state: overlay mode, drag disabled, window buttons hidden, title bar hidden
[2022.03.13-09.10.05:737][  0]LogNativeClassHierarchy: Verbose: Native class hierarchy populated in 0.0126 seconds. Added 3827 classes and 931 folders.
[2022.03.13-09.10.05:742][  0]LogNativeClassHierarchy: Verbose: Native class hierarchy updated for 'WidgetCarousel' in 0.0003 seconds. Added 0 classes and 0 folders.
[2022.03.13-09.10.05:744][  0]LogPakFile: PakFile PrimaryIndexSize=187
[2022.03.13-09.10.05:744][  0]LogPakFile: PakFile PathHashIndexSize=101
[2022.03.13-09.10.05:744][  0]LogPakFile: PakFile FullDirectoryIndexSize=148
[2022.03.13-09.10.05:744][  0]LogShaderLibrary: Display: ShaderCodeLibraryPakFileMountedCallback: PakFile 'C:/Games/Epic Games/UE_4.27/FeaturePacks/FP_FirstPerson.upack' (chunk index -1, root 'root:/') mounted
[2022.03.13-09.10.05:744][  0]LogShaderLibrary: Display: ShaderCodeLibraryPakFileMountedCallback: pending pak file info (ChunkID:-1 Root:root:/ File:C:/Games/Epic Games/UE_4.27/FeaturePacks/FP_FirstPerson.upack)
[2022.03.13-09.10.05:744][  0]LogPakFile: OnPakFileMounted2Time == 0.000149
[2022.03.13-09.10.05:745][  0]LogPakFile: PakFile PrimaryIndexSize=189
[2022.03.13-09.10.05:745][  0]LogPakFile: PakFile PathHashIndexSize=101
[2022.03.13-09.10.05:745][  0]LogPakFile: PakFile FullDirectoryIndexSize=152
[2022.03.13-09.10.05:745][  0]LogShaderLibrary: Display: ShaderCodeLibraryPakFileMountedCallback: PakFile 'C:/Games/Epic Games/UE_4.27/FeaturePacks/FP_FirstPersonBP.upack' (chunk index -1, root 'root:/') mounted
[2022.03.13-09.10.05:746][  0]LogShaderLibrary: Display: ShaderCodeLibraryPakFileMountedCallback: pending pak file info (ChunkID:-1 Root:root:/ File:C:/Games/Epic Games/UE_4.27/FeaturePacks/FP_FirstPersonBP.upack)
[2022.03.13-09.10.05:746][  0]LogPakFile: OnPakFileMounted2Time == 0.000293
[2022.03.13-09.10.05:747][  0]LogPakFile: PakFile PrimaryIndexSize=191
[2022.03.13-09.10.05:747][  0]LogPakFile: PakFile PathHashIndexSize=101
[2022.03.13-09.10.05:747][  0]LogPakFile: PakFile FullDirectoryIndexSize=160
[2022.03.13-09.10.05:747][  0]LogShaderLibrary: Display: ShaderCodeLibraryPakFileMountedCallback: PakFile 'C:/Games/Epic Games/UE_4.27/FeaturePacks/MobileStarterContent.upack' (chunk index -1, root 'root:/') mounted
[2022.03.13-09.10.05:747][  0]LogShaderLibrary: Display: ShaderCodeLibraryPakFileMountedCallback: pending pak file info (ChunkID:-1 Root:root:/ File:C:/Games/Epic Games/UE_4.27/FeaturePacks/MobileStarterContent.upack)
[2022.03.13-09.10.05:747][  0]LogPakFile: OnPakFileMounted2Time == 0.000202
[2022.03.13-09.10.05:748][  0]LogPakFile: PakFile PrimaryIndexSize=185
[2022.03.13-09.10.05:748][  0]LogPakFile: PakFile PathHashIndexSize=101
[2022.03.13-09.10.05:748][  0]LogPakFile: PakFile FullDirectoryIndexSize=148
[2022.03.13-09.10.05:748][  0]LogShaderLibrary: Display: ShaderCodeLibraryPakFileMountedCallback: PakFile 'C:/Games/Epic Games/UE_4.27/FeaturePacks/StarterContent.upack' (chunk index -1, root 'root:/') mounted
[2022.03.13-09.10.05:748][  0]LogShaderLibrary: Display: ShaderCodeLibraryPakFileMountedCallback: pending pak file info (ChunkID:-1 Root:root:/ File:C:/Games/Epic Games/UE_4.27/FeaturePacks/StarterContent.upack)
[2022.03.13-09.10.05:748][  0]LogPakFile: OnPakFileMounted2Time == 0.000193
[2022.03.13-09.10.05:749][  0]LogPakFile: PakFile PrimaryIndexSize=190
[2022.03.13-09.10.05:749][  0]LogPakFile: PakFile PathHashIndexSize=101
[2022.03.13-09.10.05:749][  0]LogPakFile: PakFile FullDirectoryIndexSize=154
[2022.03.13-09.10.05:749][  0]LogShaderLibrary: Display: ShaderCodeLibraryPakFileMountedCallback: PakFile 'C:/Games/Epic Games/UE_4.27/FeaturePacks/TP_2DSideScroller.upack' (chunk index -1, root 'root:/') mounted
[2022.03.13-09.10.05:750][  0]LogShaderLibrary: Display: ShaderCodeLibraryPakFileMountedCallback: pending pak file info (ChunkID:-1 Root:root:/ File:C:/Games/Epic Games/UE_4.27/FeaturePacks/TP_2DSideScroller.upack)
[2022.03.13-09.10.05:750][  0]LogPakFile: OnPakFileMounted2Time == 0.000241
[2022.03.13-09.10.05:750][  0]LogPakFile: PakFile PrimaryIndexSize=192
[2022.03.13-09.10.05:750][  0]LogPakFile: PakFile PathHashIndexSize=101
[2022.03.13-09.10.05:751][  0]LogPakFile: PakFile FullDirectoryIndexSize=158
[2022.03.13-09.10.05:751][  0]LogShaderLibrary: Display: ShaderCodeLibraryPakFileMountedCallback: PakFile 'C:/Games/Epic Games/UE_4.27/FeaturePacks/TP_2DSideScrollerBP.upack' (chunk index -1, root 'root:/') mounted
[2022.03.13-09.10.05:751][  0]LogShaderLibrary: Display: ShaderCodeLibraryPakFileMountedCallback: pending pak file info (ChunkID:-1 Root:root:/ File:C:/Games/Epic Games/UE_4.27/FeaturePacks/TP_2DSideScrollerBP.upack)
[2022.03.13-09.10.05:751][  0]LogPakFile: OnPakFileMounted2Time == 0.000159
[2022.03.13-09.10.05:751][  0]LogPakFile: PakFile PrimaryIndexSize=182
[2022.03.13-09.10.05:752][  0]LogPakFile: PakFile PathHashIndexSize=101
[2022.03.13-09.10.05:752][  0]LogPakFile: PakFile FullDirectoryIndexSize=138
[2022.03.13-09.10.05:752][  0]LogShaderLibrary: Display: ShaderCodeLibraryPakFileMountedCallback: PakFile 'C:/Games/Epic Games/UE_4.27/FeaturePacks/TP_Flying.upack' (chunk index -1, root 'root:/') mounted
[2022.03.13-09.10.05:752][  0]LogShaderLibrary: Display: ShaderCodeLibraryPakFileMountedCallback: pending pak file info (ChunkID:-1 Root:root:/ File:C:/Games/Epic Games/UE_4.27/FeaturePacks/TP_Flying.upack)
[2022.03.13-09.10.05:752][  0]LogPakFile: OnPakFileMounted2Time == 0.000150
[2022.03.13-09.10.05:752][  0]LogPakFile: PakFile PrimaryIndexSize=184
[2022.03.13-09.10.05:753][  0]LogPakFile: PakFile PathHashIndexSize=101
[2022.03.13-09.10.05:753][  0]LogPakFile: PakFile FullDirectoryIndexSize=142
[2022.03.13-09.10.05:753][  0]LogShaderLibrary: Display: ShaderCodeLibraryPakFileMountedCallback: PakFile 'C:/Games/Epic Games/UE_4.27/FeaturePacks/TP_FlyingBP.upack' (chunk index -1, root 'root:/') mounted
[2022.03.13-09.10.05:753][  0]LogShaderLibrary: Display: ShaderCodeLibraryPakFileMountedCallback: pending pak file info (ChunkID:-1 Root:root:/ File:C:/Games/Epic Games/UE_4.27/FeaturePacks/TP_FlyingBP.upack)
[2022.03.13-09.10.05:753][  0]LogPakFile: OnPakFileMounted2Time == 0.000120
[2022.03.13-09.10.05:753][  0]LogPakFile: PakFile PrimaryIndexSize=188
[2022.03.13-09.10.05:753][  0]LogPakFile: PakFile PathHashIndexSize=101
[2022.03.13-09.10.05:754][  0]LogPakFile: PakFile FullDirectoryIndexSize=150
[2022.03.13-09.10.05:754][  0]LogShaderLibrary: Display: ShaderCodeLibraryPakFileMountedCallback: PakFile 'C:/Games/Epic Games/UE_4.27/FeaturePacks/TP_HandheldARBP.upack' (chunk index -1, root 'root:/') mounted
[2022.03.13-09.10.05:754][  0]LogShaderLibrary: Display: ShaderCodeLibraryPakFileMountedCallback: pending pak file info (ChunkID:-1 Root:root:/ File:C:/Games/Epic Games/UE_4.27/FeaturePacks/TP_HandheldARBP.upack)
[2022.03.13-09.10.05:754][  0]LogPakFile: OnPakFileMounted2Time == 0.000164
[2022.03.13-09.10.05:755][  0]LogPakFile: PakFile PrimaryIndexSize=182
[2022.03.13-09.10.05:755][  0]LogPakFile: PakFile PathHashIndexSize=101
[2022.03.13-09.10.05:755][  0]LogPakFile: PakFile FullDirectoryIndexSize=138
[2022.03.13-09.10.05:755][  0]LogShaderLibrary: Display: ShaderCodeLibraryPakFileMountedCallback: PakFile 'C:/Games/Epic Games/UE_4.27/FeaturePacks/TP_Puzzle.upack' (chunk index -1, root 'root:/') mounted
[2022.03.13-09.10.05:755][  0]LogShaderLibrary: Display: ShaderCodeLibraryPakFileMountedCallback: pending pak file info (ChunkID:-1 Root:root:/ File:C:/Games/Epic Games/UE_4.27/FeaturePacks/TP_Puzzle.upack)
[2022.03.13-09.10.05:755][  0]LogPakFile: OnPakFileMounted2Time == 0.000152
[2022.03.13-09.10.05:756][  0]LogPakFile: PakFile PrimaryIndexSize=184
[2022.03.13-09.10.05:756][  0]LogPakFile: PakFile PathHashIndexSize=101
[2022.03.13-09.10.05:756][  0]LogPakFile: PakFile FullDirectoryIndexSize=142
[2022.03.13-09.10.05:756][  0]LogShaderLibrary: Display: ShaderCodeLibraryPakFileMountedCallback: PakFile 'C:/Games/Epic Games/UE_4.27/FeaturePacks/TP_PuzzleBP.upack' (chunk index -1, root 'root:/') mounted
[2022.03.13-09.10.05:756][  0]LogShaderLibrary: Display: ShaderCodeLibraryPakFileMountedCallback: pending pak file info (ChunkID:-1 Root:root:/ File:C:/Games/Epic Games/UE_4.27/FeaturePacks/TP_PuzzleBP.upack)
[2022.03.13-09.10.05:756][  0]LogPakFile: OnPakFileMounted2Time == 0.000158
[2022.03.13-09.10.05:757][  0]LogPakFile: PakFile PrimaryIndexSize=183
[2022.03.13-09.10.05:757][  0]LogPakFile: PakFile PathHashIndexSize=101
[2022.03.13-09.10.05:757][  0]LogPakFile: PakFile FullDirectoryIndexSize=140
[2022.03.13-09.10.05:757][  0]LogShaderLibrary: Display: ShaderCodeLibraryPakFileMountedCallback: PakFile 'C:/Games/Epic Games/UE_4.27/FeaturePacks/TP_Rolling.upack' (chunk index -1, root 'root:/') mounted
[2022.03.13-09.10.05:757][  0]LogShaderLibrary: Display: ShaderCodeLibraryPakFileMountedCallback: pending pak file info (ChunkID:-1 Root:root:/ File:C:/Games/Epic Games/UE_4.27/FeaturePacks/TP_Rolling.upack)
[2022.03.13-09.10.05:757][  0]LogPakFile: OnPakFileMounted2Time == 0.000150
[2022.03.13-09.10.05:758][  0]LogPakFile: PakFile PrimaryIndexSize=185
[2022.03.13-09.10.05:758][  0]LogPakFile: PakFile PathHashIndexSize=101
[2022.03.13-09.10.05:758][  0]LogPakFile: PakFile FullDirectoryIndexSize=144
[2022.03.13-09.10.05:758][  0]LogShaderLibrary: Display: ShaderCodeLibraryPakFileMountedCallback: PakFile 'C:/Games/Epic Games/UE_4.27/FeaturePacks/TP_RollingBP.upack' (chunk index -1, root 'root:/') mounted
[2022.03.13-09.10.05:758][  0]LogShaderLibrary: Display: ShaderCodeLibraryPakFileMountedCallback: pending pak file info (ChunkID:-1 Root:root:/ File:C:/Games/Epic Games/UE_4.27/FeaturePacks/TP_RollingBP.upack)
[2022.03.13-09.10.05:758][  0]LogPakFile: OnPakFileMounted2Time == 0.000145
[2022.03.13-09.10.05:759][  0]LogPakFile: PakFile PrimaryIndexSize=188
[2022.03.13-09.10.05:759][  0]LogPakFile: PakFile PathHashIndexSize=101
[2022.03.13-09.10.05:759][  0]LogPakFile: PakFile FullDirectoryIndexSize=150
[2022.03.13-09.10.05:759][  0]LogShaderLibrary: Display: ShaderCodeLibraryPakFileMountedCallback: PakFile 'C:/Games/Epic Games/UE_4.27/FeaturePacks/TP_SideScroller.upack' (chunk index -1, root 'root:/') mounted
[2022.03.13-09.10.05:759][  0]LogShaderLibrary: Display: ShaderCodeLibraryPakFileMountedCallback: pending pak file info (ChunkID:-1 Root:root:/ File:C:/Games/Epic Games/UE_4.27/FeaturePacks/TP_SideScroller.upack)
[2022.03.13-09.10.05:759][  0]LogPakFile: OnPakFileMounted2Time == 0.000150
[2022.03.13-09.10.05:760][  0]LogPakFile: PakFile PrimaryIndexSize=190
[2022.03.13-09.10.05:760][  0]LogPakFile: PakFile PathHashIndexSize=101
[2022.03.13-09.10.05:760][  0]LogPakFile: PakFile FullDirectoryIndexSize=154
[2022.03.13-09.10.05:760][  0]LogShaderLibrary: Display: ShaderCodeLibraryPakFileMountedCallback: PakFile 'C:/Games/Epic Games/UE_4.27/FeaturePacks/TP_SideScrollerBP.upack' (chunk index -1, root 'root:/') mounted
[2022.03.13-09.10.05:760][  0]LogShaderLibrary: Display: ShaderCodeLibraryPakFileMountedCallback: pending pak file info (ChunkID:-1 Root:root:/ File:C:/Games/Epic Games/UE_4.27/FeaturePacks/TP_SideScrollerBP.upack)
[2022.03.13-09.10.05:760][  0]LogPakFile: OnPakFileMounted2Time == 0.000144
[2022.03.13-09.10.05:761][  0]LogPakFile: PakFile PrimaryIndexSize=187
[2022.03.13-09.10.05:761][  0]LogPakFile: PakFile PathHashIndexSize=101
[2022.03.13-09.10.05:761][  0]LogPakFile: PakFile FullDirectoryIndexSize=148
[2022.03.13-09.10.05:761][  0]LogShaderLibrary: Display: ShaderCodeLibraryPakFileMountedCallback: PakFile 'C:/Games/Epic Games/UE_4.27/FeaturePacks/TP_ThirdPerson.upack' (chunk index -1, root 'root:/') mounted
[2022.03.13-09.10.05:761][  0]LogShaderLibrary: Display: ShaderCodeLibraryPakFileMountedCallback: pending pak file info (ChunkID:-1 Root:root:/ File:C:/Games/Epic Games/UE_4.27/FeaturePacks/TP_ThirdPerson.upack)
[2022.03.13-09.10.05:761][  0]LogPakFile: OnPakFileMounted2Time == 0.000138
[2022.03.13-09.10.05:762][  0]LogPakFile: PakFile PrimaryIndexSize=189
[2022.03.13-09.10.05:762][  0]LogPakFile: PakFile PathHashIndexSize=101
[2022.03.13-09.10.05:762][  0]LogPakFile: PakFile FullDirectoryIndexSize=152
[2022.03.13-09.10.05:762][  0]LogShaderLibrary: Display: ShaderCodeLibraryPakFileMountedCallback: PakFile 'C:/Games/Epic Games/UE_4.27/FeaturePacks/TP_ThirdPersonBP.upack' (chunk index -1, root 'root:/') mounted
[2022.03.13-09.10.05:762][  0]LogShaderLibrary: Display: ShaderCodeLibraryPakFileMountedCallback: pending pak file info (ChunkID:-1 Root:root:/ File:C:/Games/Epic Games/UE_4.27/FeaturePacks/TP_ThirdPersonBP.upack)
[2022.03.13-09.10.05:762][  0]LogPakFile: OnPakFileMounted2Time == 0.000159
[2022.03.13-09.10.05:763][  0]LogPakFile: PakFile PrimaryIndexSize=183
[2022.03.13-09.10.05:763][  0]LogPakFile: PakFile PathHashIndexSize=101
[2022.03.13-09.10.05:763][  0]LogPakFile: PakFile FullDirectoryIndexSize=140
[2022.03.13-09.10.05:763][  0]LogShaderLibrary: Display: ShaderCodeLibraryPakFileMountedCallback: PakFile 'C:/Games/Epic Games/UE_4.27/FeaturePacks/TP_TopDown.upack' (chunk index -1, root 'root:/') mounted
[2022.03.13-09.10.05:763][  0]LogShaderLibrary: Display: ShaderCodeLibraryPakFileMountedCallback: pending pak file info (ChunkID:-1 Root:root:/ File:C:/Games/Epic Games/UE_4.27/FeaturePacks/TP_TopDown.upack)
[2022.03.13-09.10.05:763][  0]LogPakFile: OnPakFileMounted2Time == 0.000184
[2022.03.13-09.10.05:764][  0]LogPakFile: PakFile PrimaryIndexSize=185
[2022.03.13-09.10.05:764][  0]LogPakFile: PakFile PathHashIndexSize=101
[2022.03.13-09.10.05:764][  0]LogPakFile: PakFile FullDirectoryIndexSize=144
[2022.03.13-09.10.05:764][  0]LogShaderLibrary: Display: ShaderCodeLibraryPakFileMountedCallback: PakFile 'C:/Games/Epic Games/UE_4.27/FeaturePacks/TP_TopDownBP.upack' (chunk index -1, root 'root:/') mounted
[2022.03.13-09.10.05:764][  0]LogShaderLibrary: Display: ShaderCodeLibraryPakFileMountedCallback: pending pak file info (ChunkID:-1 Root:root:/ File:C:/Games/Epic Games/UE_4.27/FeaturePacks/TP_TopDownBP.upack)
[2022.03.13-09.10.05:764][  0]LogPakFile: OnPakFileMounted2Time == 0.000205
[2022.03.13-09.10.05:765][  0]LogPakFile: PakFile PrimaryIndexSize=185
[2022.03.13-09.10.05:765][  0]LogPakFile: PakFile PathHashIndexSize=101
[2022.03.13-09.10.05:765][  0]LogPakFile: PakFile FullDirectoryIndexSize=144
[2022.03.13-09.10.05:765][  0]LogShaderLibrary: Display: ShaderCodeLibraryPakFileMountedCallback: PakFile 'C:/Games/Epic Games/UE_4.27/FeaturePacks/TP_TwinStick.upack' (chunk index -1, root 'root:/') mounted
[2022.03.13-09.10.05:765][  0]LogShaderLibrary: Display: ShaderCodeLibraryPakFileMountedCallback: pending pak file info (ChunkID:-1 Root:root:/ File:C:/Games/Epic Games/UE_4.27/FeaturePacks/TP_TwinStick.upack)
[2022.03.13-09.10.05:766][  0]LogPakFile: OnPakFileMounted2Time == 0.000154
[2022.03.13-09.10.05:766][  0]LogPakFile: PakFile PrimaryIndexSize=187
[2022.03.13-09.10.05:767][  0]LogPakFile: PakFile PathHashIndexSize=101
[2022.03.13-09.10.05:767][  0]LogPakFile: PakFile FullDirectoryIndexSize=148
[2022.03.13-09.10.05:767][  0]LogShaderLibrary: Display: ShaderCodeLibraryPakFileMountedCallback: PakFile 'C:/Games/Epic Games/UE_4.27/FeaturePacks/TP_TwinStickBP.upack' (chunk index -1, root 'root:/') mounted
[2022.03.13-09.10.05:767][  0]LogShaderLibrary: Display: ShaderCodeLibraryPakFileMountedCallback: pending pak file info (ChunkID:-1 Root:root:/ File:C:/Games/Epic Games/UE_4.27/FeaturePacks/TP_TwinStickBP.upack)
[2022.03.13-09.10.05:767][  0]LogPakFile: OnPakFileMounted2Time == 0.000176
[2022.03.13-09.10.05:768][  0]LogPakFile: PakFile PrimaryIndexSize=183
[2022.03.13-09.10.05:768][  0]LogPakFile: PakFile PathHashIndexSize=101
[2022.03.13-09.10.05:768][  0]LogPakFile: PakFile FullDirectoryIndexSize=140
[2022.03.13-09.10.05:768][  0]LogShaderLibrary: Display: ShaderCodeLibraryPakFileMountedCallback: PakFile 'C:/Games/Epic Games/UE_4.27/FeaturePacks/TP_Vehicle.upack' (chunk index -1, root 'root:/') mounted
[2022.03.13-09.10.05:768][  0]LogShaderLibrary: Display: ShaderCodeLibraryPakFileMountedCallback: pending pak file info (ChunkID:-1 Root:root:/ File:C:/Games/Epic Games/UE_4.27/FeaturePacks/TP_Vehicle.upack)
[2022.03.13-09.10.05:768][  0]LogPakFile: OnPakFileMounted2Time == 0.000133
[2022.03.13-09.10.05:768][  0]LogPakFile: PakFile PrimaryIndexSize=186
[2022.03.13-09.10.05:769][  0]LogPakFile: PakFile PathHashIndexSize=101
[2022.03.13-09.10.05:769][  0]LogPakFile: PakFile FullDirectoryIndexSize=146
[2022.03.13-09.10.05:769][  0]LogShaderLibrary: Display: ShaderCodeLibraryPakFileMountedCallback: PakFile 'C:/Games/Epic Games/UE_4.27/FeaturePacks/TP_VehicleAdv.upack' (chunk index -1, root 'root:/') mounted
[2022.03.13-09.10.05:769][  0]LogShaderLibrary: Display: ShaderCodeLibraryPakFileMountedCallback: pending pak file info (ChunkID:-1 Root:root:/ File:C:/Games/Epic Games/UE_4.27/FeaturePacks/TP_VehicleAdv.upack)
[2022.03.13-09.10.05:769][  0]LogPakFile: OnPakFileMounted2Time == 0.000173
[2022.03.13-09.10.05:770][  0]LogPakFile: PakFile PrimaryIndexSize=188
[2022.03.13-09.10.05:770][  0]LogPakFile: PakFile PathHashIndexSize=101
[2022.03.13-09.10.05:770][  0]LogPakFile: PakFile FullDirectoryIndexSize=150
[2022.03.13-09.10.05:770][  0]LogShaderLibrary: Display: ShaderCodeLibraryPakFileMountedCallback: PakFile 'C:/Games/Epic Games/UE_4.27/FeaturePacks/TP_VehicleAdvBP.upack' (chunk index -1, root 'root:/') mounted
[2022.03.13-09.10.05:770][  0]LogShaderLibrary: Display: ShaderCodeLibraryPakFileMountedCallback: pending pak file info (ChunkID:-1 Root:root:/ File:C:/Games/Epic Games/UE_4.27/FeaturePacks/TP_VehicleAdvBP.upack)
[2022.03.13-09.10.05:770][  0]LogPakFile: OnPakFileMounted2Time == 0.000147
[2022.03.13-09.10.05:771][  0]LogPakFile: PakFile PrimaryIndexSize=185
[2022.03.13-09.10.05:771][  0]LogPakFile: PakFile PathHashIndexSize=101
[2022.03.13-09.10.05:771][  0]LogPakFile: PakFile FullDirectoryIndexSize=144
[2022.03.13-09.10.05:771][  0]LogShaderLibrary: Display: ShaderCodeLibraryPakFileMountedCallback: PakFile 'C:/Games/Epic Games/UE_4.27/FeaturePacks/TP_VehicleBP.upack' (chunk index -1, root 'root:/') mounted
[2022.03.13-09.10.05:771][  0]LogShaderLibrary: Display: ShaderCodeLibraryPakFileMountedCallback: pending pak file info (ChunkID:-1 Root:root:/ File:C:/Games/Epic Games/UE_4.27/FeaturePacks/TP_VehicleBP.upack)
[2022.03.13-09.10.05:771][  0]LogPakFile: OnPakFileMounted2Time == 0.000181
[2022.03.13-09.10.05:772][  0]LogPakFile: PakFile PrimaryIndexSize=192
[2022.03.13-09.10.05:772][  0]LogPakFile: PakFile PathHashIndexSize=101
[2022.03.13-09.10.05:772][  0]LogPakFile: PakFile FullDirectoryIndexSize=158
[2022.03.13-09.10.05:772][  0]LogShaderLibrary: Display: ShaderCodeLibraryPakFileMountedCallback: PakFile 'C:/Games/Epic Games/UE_4.27/FeaturePacks/TP_VirtualRealityBP.upack' (chunk index -1, root 'root:/') mounted
[2022.03.13-09.10.05:772][  0]LogShaderLibrary: Display: ShaderCodeLibraryPakFileMountedCallback: pending pak file info (ChunkID:-1 Root:root:/ File:C:/Games/Epic Games/UE_4.27/FeaturePacks/TP_VirtualRealityBP.upack)
[2022.03.13-09.10.05:772][  0]LogPakFile: OnPakFileMounted2Time == 0.000145
[2022.03.13-09.10.05:816][  0]LogNativeClassHierarchy: Verbose: Native class hierarchy updated for 'AddContentDialog' in 0.0003 seconds. Added 0 classes and 0 folders.
[2022.03.13-09.10.05:821][  0]LogNativeClassHierarchy: Verbose: Native class hierarchy updated for 'SceneOutliner' in 0.0003 seconds. Added 2 classes and 0 folders.
[2022.03.13-09.10.05:912][  0]LogSlate: Took 0.000213 seconds to synchronously load lazily loaded font '../../../Engine/Content/Slate/Fonts/Roboto-Regular.ttf' (155K)
[2022.03.13-09.10.05:914][  0]LogSlate: Took 0.000132 seconds to synchronously load lazily loaded font '../../../Engine/Content/Editor/Slate/Fonts/FontAwesome.ttf' (139K)
[2022.03.13-09.10.05:915][  0]LogSlate: Took 0.000109 seconds to synchronously load lazily loaded font '../../../Engine/Content/Slate/Fonts/Roboto-Bold.ttf' (160K)
[2022.03.13-09.10.05:920][  0]LogSlate: Took 0.000163 seconds to synchronously load lazily loaded font '../../../Engine/Content/Slate/Fonts/DroidSansMono.ttf' (77K)
[2022.03.13-09.10.06:079][  0]LogRenderer: Reallocating scene render targets to support 1208x572 Format 10 NumSamples 1 (Frame:1).
[2022.03.13-09.10.06:190][  0]LogNativeClassHierarchy: Verbose: Native class hierarchy updated for 'HierarchicalLODOutliner' in 0.0003 seconds. Added 0 classes and 0 folders.
[2022.03.13-09.10.06:190][  0]LogLoad: (Engine Initialization) Total time: 9.48 seconds
[2022.03.13-09.10.06:191][  0]LogLoad: (Engine Initialization) Total Blueprint compile time: 0.00 seconds
[2022.03.13-09.10.06:235][  0]LogAssetRegistry: Asset discovery search completed in 5.4357 seconds
[2022.03.13-09.10.06:241][  0]LogCollectionManager: Fixed up redirectors for 0 collections in 0.000003 seconds (updated 0 objects)
[2022.03.13-09.10.06:243][  0]LogContentStreaming: Texture pool size now 1000 MB
[2022.03.13-09.10.14:344][644]LogTemp: Repeating last play command: Selected Viewport
[2022.03.13-09.10.14:350][644]LogPlayLevel: PlayLevel: No blueprints needed recompiling
[2022.03.13-09.10.14:351][644]PIE: New page: PIE session: SandboxMap (13 мар. 2022 г., 15:10:14)
[2022.03.13-09.10.14:354][644]LogOnline: OSS: Creating online subsystem instance for: NULL
[2022.03.13-09.10.14:357][644]LogOnline: OSS: TryLoadSubsystemAndSetDefault: Loaded subsystem for module [NULL]
[2022.03.13-09.10.14:357][644]LogPlayLevel: Creating play world package: /Game/UEDPIE_0_SandboxMap
[2022.03.13-09.10.14:361][644]LogPlayLevel: PIE: StaticDuplicateObject took: (0.003728s)
[2022.03.13-09.10.14:363][644]LogAIModule: Creating AISystem for world SandboxMap
[2022.03.13-09.10.14:363][644]LogPlayLevel: PIE: World Init took: (0.002179s)
[2022.03.13-09.10.14:363][644]LogPlayLevel: PIE: Created PIE world by copying editor world from /Game/SandboxMap.SandboxMap to /Game/UEDPIE_0_SandboxMap.SandboxMap (0.006337s)
[2022.03.13-09.10.14:370][644]LogUObjectHash: Compacting FUObjectHashTables data took   0.76ms
[2022.03.13-09.10.14:370][644]LogAudio: Display: Creating Audio Device:                 Id: 2, Scope: Unique, Realtime: True
[2022.03.13-09.10.14:371][644]LogAudioMixer: Display: Audio Mixer Platform Settings:
[2022.03.13-09.10.14:371][644]LogAudioMixer: Display: 	Sample Rate:						  48000
[2022.03.13-09.10.14:371][644]LogAudioMixer: Display: 	Callback Buffer Frame Size Requested: 1024
[2022.03.13-09.10.14:371][644]LogAudioMixer: Display: 	Callback Buffer Frame Size To Use:	  1024
[2022.03.13-09.10.14:371][644]LogAudioMixer: Display: 	Number of buffers to queue:			  2
[2022.03.13-09.10.14:371][644]LogAudioMixer: Display: 	Max Channels (voices):				  32
[2022.03.13-09.10.14:371][644]LogAudioMixer: Display: 	Number of Async Source Workers:		  0
[2022.03.13-09.10.14:371][644]LogAudio: Display: AudioDevice MaxSources: 32
[2022.03.13-09.10.14:372][644]LogAudio: Display: Audio Spatialization Plugin: None (built-in).
[2022.03.13-09.10.14:372][644]LogAudio: Display: Audio Reverb Plugin: None (built-in).
[2022.03.13-09.10.14:372][644]LogAudio: Display: Audio Occlusion Plugin: None (built-in).
[2022.03.13-09.10.14:372][644]LogAudioMixer: Display: Initializing audio mixer.
[2022.03.13-09.10.14:376][644]LogAudioMixer: Display: 0: FrontLeft
[2022.03.13-09.10.14:376][644]LogAudioMixer: Display: 1: FrontRight
[2022.03.13-09.10.14:383][644]LogAudioMixer: Display: Using Audio Device Динамики (Line 6 UX2)
[2022.03.13-09.10.14:383][644]LogAudioMixer: Display: Initializing Sound Submixes...
[2022.03.13-09.10.14:383][644]LogAudioMixer: Display: Creating Master Submix 'MasterSubmixDefault'
[2022.03.13-09.10.14:384][644]LogAudioMixer: Display: Creating Master Submix 'MasterReverbSubmixDefault'
[2022.03.13-09.10.14:384][644]LogAudioMixer: Display: Creating Master Submix 'MasterEQSubmixDefault'
[2022.03.13-09.10.14:384][644]LogAudioMixer: FMixerPlatformXAudio2::StartAudioStream() called
[2022.03.13-09.10.14:384][644]LogAudioMixer: Display: Output buffers initialized: Frames=1024, Channels=2, Samples=2048
[2022.03.13-09.10.14:387][644]LogAudioMixer: Display: Starting AudioMixerPlatformInterface::RunInternal()
[2022.03.13-09.10.14:387][644]LogAudioMixer: Display: FMixerPlatformXAudio2::SubmitBuffer() called for the first time
[2022.03.13-09.10.14:387][644]LogInit: FAudioDevice initialized.
[2022.03.13-09.10.14:388][644]LogAudio: Display: Audio Device (ID: 2) registered with world 'SandboxMap'.
[2022.03.13-09.10.14:402][644]LogLoad: Game class is 'BP_GeometrySandboxGameModeBase_C'
[2022.03.13-09.10.14:403][644]LogWorld: Bringing World /Game/UEDPIE_0_SandboxMap.SandboxMap up for play (max tick rate 0) at 2022.03.13-12.10.14
[2022.03.13-09.10.14:404][644]LogWorld: Bringing up level for play took: 0.000898
[2022.03.13-09.10.14:404][644]LogOnline: OSS: Creating online subsystem instance for: :Context_1
[2022.03.13-09.10.14:408][644]LogNativeClassHierarchy: Verbose: Native class hierarchy updated for 'MovieSceneCapture' in 0.0004 seconds. Added 20 classes and 0 folders.
[2022.03.13-09.10.14:409][644]LogSandboxPawn: Display: BP_SandboxPawn_C_0 Possessed by SandboxPlayerController_0
[2022.03.13-09.10.14:409][644]PIE: Server logged in
[2022.03.13-09.10.14:411][644]PIE: Play in editor total start time 0,061 seconds.
[2022.03.13-09.10.23:648][744]LogSandboxPlayerController: Display: Change pawn
[2022.03.13-09.10.23:649][744]LogSandboxPawn: Display: BP_SandboxPawn_C_0 Un possessed
[2022.03.13-09.10.23:649][744]LogSandboxPawn: Display: BP_SandboxPawn2_5 Possessed by SandboxPlayerController_0
[2022.03.13-09.10.28:208][291]LogSandboxPlayerController: Display: Change pawn
[2022.03.13-09.10.28:208][291]LogSandboxPawn: Display: BP_SandboxPawn2_5 Un possessed
[2022.03.13-09.10.28:208][291]LogSandboxPawn: Display: BP_SandboxPawn_2 Possessed by SandboxPlayerController_0
[2022.03.13-09.10.30:859][609]LogSandboxPlayerController: Display: Change pawn
[2022.03.13-09.10.30:859][609]LogSandboxPawn: Display: BP_SandboxPawn_2 Un possessed
[2022.03.13-09.10.30:859][609]LogSandboxPawn: Display: BP_SandboxPawn3_8 Possessed by SandboxPlayerController_0
[2022.03.13-09.10.32:357][783]LogSandboxPawn: Display: BP_SandboxPawn3_8 Un possessed
[2022.03.13-09.10.32:357][783]LogSlate: Updating window title bar state: overlay mode, drag disabled, window buttons hidden, title bar hidden
[2022.03.13-09.10.32:357][783]LogWorld: BeginTearingDown for /Game/UEDPIE_0_SandboxMap
[2022.03.13-09.10.32:357][783]LogWorld: UWorld::CleanupWorld for SandboxMap, bSessionEnded=true, bCleanupResources=true
[2022.03.13-09.10.32:358][783]LogSlate: InvalidateAllWidgets triggered.  All widgets were invalidated
[2022.03.13-09.10.32:377][783]LogPlayLevel: Display: Shutting down PIE online subsystems
[2022.03.13-09.10.32:380][783]LogSlate: InvalidateAllWidgets triggered.  All widgets were invalidated
[2022.03.13-09.10.32:385][783]LogAudio: Display: Audio Device unregistered from world 'None'.
[2022.03.13-09.10.32:385][783]LogAudioMixer: FMixerPlatformXAudio2::StopAudioStream() called
[2022.03.13-09.10.32:387][783]LogAudioMixer: FMixerPlatformXAudio2::StopAudioStream() called
[2022.03.13-09.10.32:389][783]LogSlate: Updating window title bar state: overlay mode, drag disabled, window buttons hidden, title bar hidden
[2022.03.13-09.10.32:391][783]LogUObjectHash: Compacting FUObjectHashTables data took   0.75ms
[2022.03.13-09.10.32:413][784]LogPlayLevel: Display: Destroying online subsystem :Context_1
