Log file open, 03/02/22 18:06:30
LogWindows: Failed to load 'aqProf.dll' (GetLastError=126)
LogWindows: File 'aqProf.dll' does not exist
LogWindows: Failed to load 'VtuneApi.dll' (GetLastError=126)
LogWindows: File 'VtuneApi.dll' does not exist
LogWindows: Failed to load 'VtuneApi32e.dll' (GetLastError=126)
LogWindows: File 'VtuneApi32e.dll' does not exist
LogConsoleResponse: Display: Failed to find resolution value strings in scalability ini. Falling back to default.
LogConsoleResponse: Display: Failed to find resolution value strings in scalability ini. Falling back to default.
LogInit: Display: Running engine for game: GeometrySandbox
LogPlatformFile: Not using cached read wrapper
LogTaskGraph: Started task graph with 5 named threads and 23 total threads with 3 sets of task threads.
LogStats: Stats thread started at 0.905897
LogICUInternationalization: ICU TimeZone Detection - Raw Offset: +3:00, Platform Override: ''
LogInit: Display: Loading text-based GConfig....
LogPluginManager: Mounting plugin MeshPainting
LogPluginManager: Mounting plugin XGEController
LogPluginManager: Mounting plugin Paper2D
LogPluginManager: Mounting plugin LightPropagationVolume
LogPluginManager: Mounting plugin LiveLink
LogPluginManager: Mounting plugin AISupport
LogPluginManager: Mounting plugin EnvironmentQueryEditor
LogPluginManager: Mounting plugin CameraShakePreviewer
LogPluginManager: Mounting plugin GameplayCameras
LogPluginManager: Mounting plugin OodleData
LogPluginManager: Mounting plugin AnimationSharing
LogPluginManager: Mounting plugin OodleNetwork
LogPluginManager: Mounting plugin CodeLiteSourceCodeAccess
LogPluginManager: Mounting plugin CLionSourceCodeAccess
LogPluginManager: Mounting plugin GitSourceControl
LogPluginManager: Mounting plugin NullSourceCodeAccess
LogPluginManager: Mounting plugin KDevelopSourceCodeAccess
LogPluginManager: Mounting plugin PerforceSourceControl
LogPluginManager: Mounting plugin PixWinPlugin
LogPluginManager: Mounting plugin PluginUtils
LogPluginManager: Mounting plugin PropertyAccessNode
LogPluginManager: Mounting plugin RiderSourceCodeAccess
LogPluginManager: Mounting plugin PlasticSourceControl
LogPluginManager: Mounting plugin SubversionSourceControl
LogPluginManager: Mounting plugin TextureFormatOodle
LogPluginManager: Mounting plugin VisualStudioCodeSourceCodeAccess
LogPluginManager: Mounting plugin UObjectPlugin
LogPluginManager: Mounting plugin VisualStudioSourceCodeAccess
LogPluginManager: Mounting plugin XCodeSourceCodeAccess
LogPluginManager: Mounting plugin DatasmithContent
LogPluginManager: Mounting plugin VariantManagerContent
LogPluginManager: Mounting plugin AssetManagerEditor
LogPluginManager: Mounting plugin Niagara
LogPluginManager: Mounting plugin CryptoKeys
LogPluginManager: Mounting plugin CurveEditorTools
LogPluginManager: Mounting plugin DataValidation
LogPluginManager: Mounting plugin FacialAnimation
LogPluginManager: Mounting plugin GameplayTagsEditor
LogPluginManager: Mounting plugin GeometryMode
LogPluginManager: Mounting plugin MacGraphicsSwitching
LogPluginManager: Mounting plugin MaterialAnalyzer
LogPluginManager: Mounting plugin MobileLauncherProfileWizard
LogPluginManager: Mounting plugin PluginBrowser
LogPluginManager: Mounting plugin SpeedTreeImporter
LogPluginManager: Mounting plugin LuminPlatformFeatures
LogPluginManager: Mounting plugin MagicLeap
LogPluginManager: Mounting plugin MagicLeapLightEstimation
LogPluginManager: Mounting plugin MagicLeapMedia
LogPluginManager: Mounting plugin MagicLeapPassableWorld
LogPluginManager: Mounting plugin MLSDK
LogPluginManager: Mounting plugin TcpMessaging
LogPluginManager: Mounting plugin AndroidMedia
LogPluginManager: Mounting plugin UdpMessaging
LogPluginManager: Mounting plugin AvfMedia
LogPluginManager: Mounting plugin ImgMedia
LogPluginManager: Mounting plugin MediaCompositing
LogPluginManager: Mounting plugin AlembicImporter
LogPluginManager: Mounting plugin AutomationUtils
LogPluginManager: Mounting plugin ChaosCloth
LogPluginManager: Mounting plugin ChaosClothEditor
LogPluginManager: Mounting plugin BackChannel
LogPluginManager: Mounting plugin ChaosEditor
LogPluginManager: Mounting plugin ChaosSolverPlugin
LogPluginManager: Mounting plugin ChaosNiagara
LogPluginManager: Mounting plugin CharacterAI
LogPluginManager: Mounting plugin GeometryCache
LogPluginManager: Mounting plugin GeometryCollectionPlugin
LogPluginManager: Mounting plugin GeometryProcessing
LogPluginManager: Mounting plugin MotoSynth
LogPluginManager: Mounting plugin OpenImageDenoise
LogPluginManager: Mounting plugin PlanarCut
LogPluginManager: Mounting plugin PlatformCrypto
LogPluginManager: Mounting plugin ProxyLODPlugin
LogPluginManager: Mounting plugin SkeletalReduction
LogPluginManager: Mounting plugin ActorSequence
LogPluginManager: Mounting plugin LevelSequenceEditor
LogPluginManager: Mounting plugin MatineeToLevelSequence
LogPluginManager: Mounting plugin TemplateSequence
LogPluginManager: Mounting plugin OnlineSubsystem
LogPluginManager: Mounting plugin PythonScriptPlugin
LogPluginManager: Mounting plugin OnlineSubsystemUtils
LogPluginManager: Mounting plugin OnlineSubsystemNull
LogPluginManager: Mounting plugin LauncherChunkInstaller
LogPluginManager: Mounting plugin ActorLayerUtilities
LogPluginManager: Mounting plugin AndroidDeviceProfileSelector
LogPluginManager: Mounting plugin AndroidMoviePlayer
LogPluginManager: Mounting plugin AndroidPermission
LogPluginManager: Mounting plugin AppleImageUtils
LogPluginManager: Mounting plugin AppleMoviePlayer
LogPluginManager: Mounting plugin ArchVisCharacter
LogPluginManager: Mounting plugin AssetTags
LogPluginManager: Mounting plugin AudioCapture
LogPluginManager: Mounting plugin ChunkDownloader
LogPluginManager: Mounting plugin CableComponent
LogPluginManager: Mounting plugin AudioSynesthesia
LogPluginManager: Mounting plugin CustomMeshComponent
LogPluginManager: Mounting plugin ExampleDeviceProfileSelector
LogPluginManager: Mounting plugin EditableMesh
LogPluginManager: Mounting plugin GooglePAD
LogPluginManager: Mounting plugin ScreenshotTools
LogPluginManager: Mounting plugin MediaPlayerEditor
LogPluginManager: Mounting plugin WmfMedia
LogPluginManager: Mounting plugin IOSDeviceProfileSelector
LogPluginManager: Mounting plugin LinuxDeviceProfileSelector
LogPluginManager: Mounting plugin GoogleCloudMessaging
LogPluginManager: Mounting plugin LocationServicesBPLibrary
LogPluginManager: Mounting plugin MobilePatchingUtils
LogPluginManager: Mounting plugin WebMMedia
LogPluginManager: Mounting plugin OpenXREyeTracker
LogPluginManager: Mounting plugin OpenXRHandTracking
LogPluginManager: Mounting plugin OpenXR
LogPluginManager: Mounting plugin PhysXVehicles
LogPluginManager: Mounting plugin Takes
LogPluginManager: Mounting plugin PostSplashScreen
LogPluginManager: Mounting plugin ProceduralMeshComponent
LogPluginManager: Mounting plugin PropertyAccessEditor
LogPluginManager: Mounting plugin SignificanceManager
LogPluginManager: Mounting plugin RuntimePhysXCooking
LogPluginManager: Mounting plugin SoundFields
LogPluginManager: Mounting plugin Synthesis
LogPluginManager: Mounting plugin WebMMoviePlayer
LogPluginManager: Mounting plugin WindowsMoviePlayer
LogPluginManager: Mounting plugin ContentBrowserAssetDataSource
LogPluginManager: Mounting plugin ContentBrowserFileDataSource
LogPluginManager: Mounting plugin ContentBrowserClassDataSource
LogPluginManager: Mounting plugin OnlineSubsystemGooglePlay
LogPluginManager: Mounting plugin OnlineSubsystemIOS
LogPluginManager: Mounting plugin OculusVR
LogPluginManager: Mounting plugin SteamVR
PixWinPlugin: PIX capture plugin failed to initialize! Check that the process is launched from PIX.
LogInit: Using libcurl 7.55.1-DEV
LogInit:  - built for x86_64-pc-win32
LogInit:  - supports SSL with OpenSSL/1.1.1
LogInit:  - supports HTTP deflate (compression) using libz 1.2.8
LogInit:  - other features:
LogInit:      CURL_VERSION_SSL
LogInit:      CURL_VERSION_LIBZ
LogInit:      CURL_VERSION_IPV6
LogInit:      CURL_VERSION_ASYNCHDNS
LogInit:      CURL_VERSION_LARGEFILE
LogInit:      CURL_VERSION_IDN
LogInit:  CurlRequestOptions (configurable via config and command line):
LogInit:  - bVerifyPeer = true  - Libcurl will verify peer certificate
LogInit:  - bUseHttpProxy = false  - Libcurl will NOT use HTTP proxy
LogInit:  - bDontReuseConnections = false  - Libcurl will reuse connections
LogInit:  - MaxHostConnections = 16  - Libcurl will limit the number of connections to a host
LogInit:  - LocalHostAddr = Default
LogInit:  - BufferSize = 65536
LogOnline: OSS: Creating online subsystem instance for: NULL
LogInit: WinSock: version 1.1 (2.2), MaxSocks=32767, MaxUdp=65467
LogOnline: OSS: TryLoadSubsystemAndSetDefault: Loaded subsystem for module [NULL]
LogOculusPluginWrapper: OculusPlugin initialized successfully
LogHMD: Failed initializing OVRPlugin 1.59.0
LogInit: Build: ++UE4+Release-4.27-CL-18319896
LogInit: Engine Version: 4.27.2-18319896+++UE4+Release-4.27
LogInit: Compatible Engine Version: 4.27.0-17155196+++UE4+Release-4.27
LogInit: Net CL: 17155196
LogInit: OS: Windows 10 (Release 2004) (), CPU: AMD Ryzen 5 1500X Quad-Core Processor          , GPU: NVIDIA GeForce GTX 1060 6GB
LogInit: Compiled (64-bit): Nov 30 2021 07:12:08
LogInit: Compiled with Visual C++: 19.24.28315.00
LogInit: Build Configuration: Development
LogInit: Branch Name: ++UE4+Release-4.27
LogInit: Command Line:  -skipcompile
LogInit: Base Directory: C:/Games/Epic Games/UE_4.27/Engine/Binaries/Win64/
LogInit: Allocator: TBB
LogInit: Installed Engine Build: 1
LogDevObjectVersion: Number of dev versions registered: 29
LogDevObjectVersion:   Dev-Blueprints (B0D832E4-1F89-4F0D-ACCF-7EB736FD4AA2): 10
LogDevObjectVersion:   Dev-Build (E1C64328-A22C-4D53-A36C-8E866417BD8C): 0
LogDevObjectVersion:   Dev-Core (375EC13C-06E4-48FB-B500-84F0262A717E): 4
LogDevObjectVersion:   Dev-Editor (E4B068ED-F494-42E9-A231-DA0B2E46BB41): 40
LogDevObjectVersion:   Dev-Framework (CFFC743F-43B0-4480-9391-14DF171D2073): 37
LogDevObjectVersion:   Dev-Mobile (B02B49B5-BB20-44E9-A304-32B752E40360): 3
LogDevObjectVersion:   Dev-Networking (A4E4105C-59A1-49B5-A7C5-40C4547EDFEE): 0
LogDevObjectVersion:   Dev-Online (39C831C9-5AE6-47DC-9A44-9C173E1C8E7C): 0
LogDevObjectVersion:   Dev-Physics (78F01B33-EBEA-4F98-B9B4-84EACCB95AA2): 14
LogDevObjectVersion:   Dev-Platform (6631380F-2D4D-43E0-8009-CF276956A95A): 0
LogDevObjectVersion:   Dev-Rendering (12F88B9F-8875-4AFC-A67C-D90C383ABD29): 45
LogDevObjectVersion:   Dev-Sequencer (7B5AE74C-D270-4C10-A958-57980B212A5A): 13
LogDevObjectVersion:   Dev-VR (D7296918-1DD6-4BDD-9DE2-64A83CC13884): 3
LogDevObjectVersion:   Dev-LoadTimes (C2A15278-BFE7-4AFE-6C17-90FF531DF755): 1
LogDevObjectVersion:   Private-Geometry (6EACA3D4-40EC-4CC1-B786-8BED09428FC5): 3
LogDevObjectVersion:   Dev-AnimPhys (29E575DD-E0A3-4627-9D10-D276232CDCEA): 17
LogDevObjectVersion:   Dev-Anim (AF43A65D-7FD3-4947-9873-3E8ED9C1BB05): 15
LogDevObjectVersion:   Dev-ReflectionCapture (6B266CEC-1EC7-4B8F-A30B-E4D90942FC07): 1
LogDevObjectVersion:   Dev-Automation (0DF73D61-A23F-47EA-B727-89E90C41499A): 1
LogDevObjectVersion:   FortniteMain (601D1886-AC64-4F84-AA16-D3DE0DEAC7D6): 47
LogDevObjectVersion:   FortniteRelease (E7086368-6B23-4C58-8439-1B7016265E91): 1
LogDevObjectVersion:   Dev-Enterprise (9DFFBCD6-494F-0158-E221-12823C92A888): 10
LogDevObjectVersion:   Dev-Niagara (F2AED0AC-9AFE-416F-8664-AA7FFA26D6FC): 1
LogDevObjectVersion:   Dev-Destruction (174F1F0B-B4C6-45A5-B13F-2EE8D0FB917D): 10
LogDevObjectVersion:   Dev-Physics-Ext (35F94A83-E258-406C-A318-09F59610247C): 41
LogDevObjectVersion:   Dev-PhysicsMaterial-Chaos (B68FC16E-8B1B-42E2-B453-215C058844FE): 1
LogDevObjectVersion:   Dev-CineCamera (B2E18506-4273-CFC2-A54E-F4BB758BBA07): 1
LogDevObjectVersion:   Dev-VirtualProduction (64F58936-FD1B-42BA-BA96-7289D5D0FA4E): 1
LogDevObjectVersion:   Dev-MediaFramework (6F0ED827-A609-4895-9C91-998D90180EA4): 2
LogInit: Presizing for max 25165824 objects, including 0 objects not considered by GC, pre-allocating 0 bytes for permanent pool.
LogConfig: Applying CVar settings from Section [/Script/Engine.StreamingSettings] File [C:/UnrealEngine_Projects/ue.course/GeometrySandbox/Saved/Config/Windows/Engine.ini]
LogConfig: Setting CVar [[s.MinBulkDataSizeForAsyncLoading:131072]]
LogConfig: Setting CVar [[s.AsyncLoadingThreadEnabled:0]]
LogConfig: Setting CVar [[s.EventDrivenLoaderEnabled:1]]
LogConfig: Setting CVar [[s.WarnIfTimeLimitExceeded:0]]
LogConfig: Setting CVar [[s.TimeLimitExceededMultiplier:1.5]]
LogConfig: Setting CVar [[s.TimeLimitExceededMinTime:0.005]]
LogConfig: Setting CVar [[s.UseBackgroundLevelStreaming:1]]
LogConfig: Setting CVar [[s.PriorityAsyncLoadingExtraTime:15.0]]
LogConfig: Setting CVar [[s.LevelStreamingActorsUpdateTimeLimit:5.0]]
LogConfig: Setting CVar [[s.PriorityLevelStreamingActorsUpdateExtraTime:5.0]]
LogConfig: Setting CVar [[s.LevelStreamingComponentsRegistrationGranularity:10]]
LogConfig: Setting CVar [[s.UnregisterComponentsTimeLimit:1.0]]
LogConfig: Setting CVar [[s.LevelStreamingComponentsUnregistrationGranularity:5]]
LogConfig: Setting CVar [[s.FlushStreamingOnExit:1]]
LogInit: Object subsystem initialized
LogConfig: Setting CVar [[con.DebugEarlyDefault:1]]
LogConfig: Setting CVar [[r.setres:1280x720]]
[2022.03.02-15.06.32:288][  0]LogConfig: Setting CVar [[r.VSync:0]]
[2022.03.02-15.06.32:288][  0]LogConfig: Setting CVar [[r.RHICmdBypass:0]]
[2022.03.02-15.06.32:288][  0]LogConfig: Applying CVar settings from Section [/Script/Engine.RendererSettings] File [C:/UnrealEngine_Projects/ue.course/GeometrySandbox/Saved/Config/Windows/Engine.ini]
[2022.03.02-15.06.32:288][  0]LogConfig: Setting CVar [[r.GPUCrashDebugging:0]]
[2022.03.02-15.06.32:288][  0]LogConfig: Applying CVar settings from Section [/Script/Engine.RendererOverrideSettings] File [C:/UnrealEngine_Projects/ue.course/GeometrySandbox/Saved/Config/Windows/Engine.ini]
[2022.03.02-15.06.32:288][  0]LogConfig: Applying CVar settings from Section [/Script/Engine.StreamingSettings] File [C:/UnrealEngine_Projects/ue.course/GeometrySandbox/Saved/Config/Windows/Engine.ini]
[2022.03.02-15.06.32:288][  0]LogConfig: Setting CVar [[s.MinBulkDataSizeForAsyncLoading:131072]]
[2022.03.02-15.06.32:288][  0]LogConfig: Setting CVar [[s.AsyncLoadingThreadEnabled:0]]
[2022.03.02-15.06.32:288][  0]LogConfig: Setting CVar [[s.EventDrivenLoaderEnabled:1]]
[2022.03.02-15.06.32:288][  0]LogConfig: Setting CVar [[s.WarnIfTimeLimitExceeded:0]]
[2022.03.02-15.06.32:288][  0]LogConfig: Setting CVar [[s.TimeLimitExceededMultiplier:1.5]]
[2022.03.02-15.06.32:288][  0]LogConfig: Setting CVar [[s.TimeLimitExceededMinTime:0.005]]
[2022.03.02-15.06.32:288][  0]LogConfig: Setting CVar [[s.UseBackgroundLevelStreaming:1]]
[2022.03.02-15.06.32:288][  0]LogConfig: Setting CVar [[s.PriorityAsyncLoadingExtraTime:15.0]]
[2022.03.02-15.06.32:289][  0]LogConfig: Setting CVar [[s.LevelStreamingActorsUpdateTimeLimit:5.0]]
[2022.03.02-15.06.32:289][  0]LogConfig: Setting CVar [[s.PriorityLevelStreamingActorsUpdateExtraTime:5.0]]
[2022.03.02-15.06.32:289][  0]LogConfig: Setting CVar [[s.LevelStreamingComponentsRegistrationGranularity:10]]
[2022.03.02-15.06.32:289][  0]LogConfig: Setting CVar [[s.UnregisterComponentsTimeLimit:1.0]]
[2022.03.02-15.06.32:289][  0]LogConfig: Setting CVar [[s.LevelStreamingComponentsUnregistrationGranularity:5]]
[2022.03.02-15.06.32:289][  0]LogConfig: Setting CVar [[s.FlushStreamingOnExit:1]]
[2022.03.02-15.06.32:289][  0]LogConfig: Applying CVar settings from Section [/Script/Engine.GarbageCollectionSettings] File [C:/UnrealEngine_Projects/ue.course/GeometrySandbox/Saved/Config/Windows/Engine.ini]
[2022.03.02-15.06.32:289][  0]LogConfig: Setting CVar [[gc.MaxObjectsNotConsideredByGC:1]]
[2022.03.02-15.06.32:289][  0]LogConfig: Setting CVar [[gc.SizeOfPermanentObjectPool:0]]
[2022.03.02-15.06.32:289][  0]LogConfig: Setting CVar [[gc.FlushStreamingOnGC:0]]
[2022.03.02-15.06.32:289][  0]LogConfig: Setting CVar [[gc.NumRetriesBeforeForcingGC:10]]
[2022.03.02-15.06.32:289][  0]LogConfig: Setting CVar [[gc.AllowParallelGC:1]]
[2022.03.02-15.06.32:289][  0]LogConfig: Setting CVar [[gc.TimeBetweenPurgingPendingKillObjects:61.1]]
[2022.03.02-15.06.32:289][  0]LogConfig: Setting CVar [[gc.MaxObjectsInEditor:25165824]]
[2022.03.02-15.06.32:289][  0]LogConfig: Setting CVar [[gc.IncrementalBeginDestroyEnabled:1]]
[2022.03.02-15.06.32:289][  0]LogConfig: Setting CVar [[gc.CreateGCClusters:1]]
[2022.03.02-15.06.32:289][  0]LogConfig: Setting CVar [[gc.MinGCClusterSize:5]]
[2022.03.02-15.06.32:289][  0]LogConfig: Setting CVar [[gc.ActorClusteringEnabled:0]]
[2022.03.02-15.06.32:289][  0]LogConfig: Setting CVar [[gc.BlueprintClusteringEnabled:0]]
[2022.03.02-15.06.32:290][  0]LogConfig: Setting CVar [[gc.UseDisregardForGCOnDedicatedServers:0]]
[2022.03.02-15.06.32:290][  0]LogConfig: Setting CVar [[gc.MultithreadedDestructionEnabled:1]]
[2022.03.02-15.06.32:290][  0]LogConfig: Applying CVar settings from Section [/Script/Engine.NetworkSettings] File [C:/UnrealEngine_Projects/ue.course/GeometrySandbox/Saved/Config/Windows/Engine.ini]
[2022.03.02-15.06.32:290][  0]LogConfig: Applying CVar settings from Section [/Script/UnrealEd.CookerSettings] File [C:/UnrealEngine_Projects/ue.course/GeometrySandbox/Saved/Config/Windows/Engine.ini]
[2022.03.02-15.06.32:301][  0]LogConfig: Applying CVar settings from Section [ViewDistanceQuality@3] File [C:/UnrealEngine_Projects/ue.course/GeometrySandbox/Saved/Config/Windows/Scalability.ini]
[2022.03.02-15.06.32:301][  0]LogConfig: Setting CVar [[r.SkeletalMeshLODBias:0]]
[2022.03.02-15.06.32:301][  0]LogConfig: Setting CVar [[r.ViewDistanceScale:1.0]]
[2022.03.02-15.06.32:301][  0]LogConfig: Applying CVar settings from Section [AntiAliasingQuality@3] File [C:/UnrealEngine_Projects/ue.course/GeometrySandbox/Saved/Config/Windows/Scalability.ini]
[2022.03.02-15.06.32:301][  0]LogConfig: Setting CVar [[r.PostProcessAAQuality:4]]
[2022.03.02-15.06.32:301][  0]LogConfig: Applying CVar settings from Section [ShadowQuality@3] File [C:/UnrealEngine_Projects/ue.course/GeometrySandbox/Saved/Config/Windows/Scalability.ini]
[2022.03.02-15.06.32:301][  0]LogConfig: Setting CVar [[r.LightFunctionQuality:1]]
[2022.03.02-15.06.32:301][  0]LogConfig: Setting CVar [[r.ShadowQuality:5]]
[2022.03.02-15.06.32:301][  0]LogConfig: Setting CVar [[r.Shadow.CSM.MaxCascades:10]]
[2022.03.02-15.06.32:301][  0]LogConfig: Setting CVar [[r.Shadow.MaxResolution:2048]]
[2022.03.02-15.06.32:301][  0]LogConfig: Setting CVar [[r.Shadow.MaxCSMResolution:2048]]
[2022.03.02-15.06.32:301][  0]LogConfig: Setting CVar [[r.Shadow.RadiusThreshold:0.01]]
[2022.03.02-15.06.32:301][  0]LogConfig: Setting CVar [[r.Shadow.DistanceScale:1.0]]
[2022.03.02-15.06.32:301][  0]LogConfig: Setting CVar [[r.Shadow.CSM.TransitionScale:1.0]]
[2022.03.02-15.06.32:301][  0]LogConfig: Setting CVar [[r.Shadow.PreShadowResolutionFactor:1.0]]
[2022.03.02-15.06.32:301][  0]LogConfig: Setting CVar [[r.DistanceFieldShadowing:1]]
[2022.03.02-15.06.32:302][  0]LogConfig: Setting CVar [[r.DistanceFieldAO:1]]
[2022.03.02-15.06.32:302][  0]LogConfig: Setting CVar [[r.AOQuality:2]]
[2022.03.02-15.06.32:302][  0]LogConfig: Setting CVar [[r.VolumetricFog:1]]
[2022.03.02-15.06.32:302][  0]LogConfig: Setting CVar [[r.VolumetricFog.GridPixelSize:8]]
[2022.03.02-15.06.32:302][  0]LogConfig: Setting CVar [[r.VolumetricFog.GridSizeZ:128]]
[2022.03.02-15.06.32:302][  0]LogConfig: Setting CVar [[r.VolumetricFog.HistoryMissSupersampleCount:4]]
[2022.03.02-15.06.32:302][  0]LogConfig: Setting CVar [[r.LightMaxDrawDistanceScale:1]]
[2022.03.02-15.06.32:302][  0]LogConfig: Setting CVar [[r.CapsuleShadows:1]]
[2022.03.02-15.06.32:302][  0]LogConfig: Applying CVar settings from Section [PostProcessQuality@3] File [C:/UnrealEngine_Projects/ue.course/GeometrySandbox/Saved/Config/Windows/Scalability.ini]
[2022.03.02-15.06.32:302][  0]LogConfig: Setting CVar [[r.MotionBlurQuality:4]]
[2022.03.02-15.06.32:302][  0]LogConfig: Setting CVar [[r.AmbientOcclusionMipLevelFactor:0.4]]
[2022.03.02-15.06.32:302][  0]LogConfig: Setting CVar [[r.AmbientOcclusionMaxQuality:100]]
[2022.03.02-15.06.32:302][  0]LogConfig: Setting CVar [[r.AmbientOcclusionLevels:-1]]
[2022.03.02-15.06.32:302][  0]LogConfig: Setting CVar [[r.AmbientOcclusionRadiusScale:1.0]]
[2022.03.02-15.06.32:302][  0]LogConfig: Setting CVar [[r.DepthOfFieldQuality:2]]
[2022.03.02-15.06.32:302][  0]LogConfig: Setting CVar [[r.RenderTargetPoolMin:400]]
[2022.03.02-15.06.32:302][  0]LogConfig: Setting CVar [[r.LensFlareQuality:2]]
[2022.03.02-15.06.32:302][  0]LogConfig: Setting CVar [[r.SceneColorFringeQuality:1]]
[2022.03.02-15.06.32:302][  0]LogConfig: Setting CVar [[r.EyeAdaptationQuality:2]]
[2022.03.02-15.06.32:303][  0]LogConfig: Setting CVar [[r.BloomQuality:5]]
[2022.03.02-15.06.32:303][  0]LogConfig: Setting CVar [[r.FastBlurThreshold:100]]
[2022.03.02-15.06.32:303][  0]LogConfig: Setting CVar [[r.Upscale.Quality:3]]
[2022.03.02-15.06.32:303][  0]LogConfig: Setting CVar [[r.Tonemapper.GrainQuantization:1]]
[2022.03.02-15.06.32:303][  0]LogConfig: Setting CVar [[r.LightShaftQuality:1]]
[2022.03.02-15.06.32:303][  0]LogConfig: Setting CVar [[r.Filter.SizeScale:1]]
[2022.03.02-15.06.32:303][  0]LogConfig: Setting CVar [[r.Tonemapper.Quality:5]]
[2022.03.02-15.06.32:303][  0]LogConfig: Setting CVar [[r.DOF.Gather.AccumulatorQuality:1        ; higher gathering accumulator quality]]
[2022.03.02-15.06.32:303][  0]LogConfig: Setting CVar [[r.DOF.Gather.PostfilterMethod:1          ; Median3x3 postfilering method]]
[2022.03.02-15.06.32:303][  0]LogConfig: Setting CVar [[r.DOF.Gather.EnableBokehSettings:0       ; no bokeh simulation when gathering]]
[2022.03.02-15.06.32:303][  0]LogConfig: Setting CVar [[r.DOF.Gather.RingCount:4                 ; medium number of samples when gathering]]
[2022.03.02-15.06.32:303][  0]LogConfig: Setting CVar [[r.DOF.Scatter.ForegroundCompositing:1    ; additive foreground scattering]]
[2022.03.02-15.06.32:303][  0]LogConfig: Setting CVar [[r.DOF.Scatter.BackgroundCompositing:2    ; additive background scattering]]
[2022.03.02-15.06.32:303][  0]LogConfig: Setting CVar [[r.DOF.Scatter.EnableBokehSettings:1      ; bokeh simulation when scattering]]
[2022.03.02-15.06.32:303][  0]LogConfig: Setting CVar [[r.DOF.Scatter.MaxSpriteRatio:0.1         ; only a maximum of 10% of scattered bokeh]]
[2022.03.02-15.06.32:303][  0]LogConfig: Setting CVar [[r.DOF.Recombine.Quality:1                ; cheap slight out of focus]]
[2022.03.02-15.06.32:303][  0]LogConfig: Setting CVar [[r.DOF.Recombine.EnableBokehSettings:0    ; no bokeh simulation on slight out of focus]]
[2022.03.02-15.06.32:303][  0]LogConfig: Setting CVar [[r.DOF.TemporalAAQuality:1                ; more stable temporal accumulation]]
[2022.03.02-15.06.32:303][  0]LogConfig: Setting CVar [[r.DOF.Kernel.MaxForegroundRadius:0.025]]
[2022.03.02-15.06.32:303][  0]LogConfig: Setting CVar [[r.DOF.Kernel.MaxBackgroundRadius:0.025]]
[2022.03.02-15.06.32:304][  0]LogConfig: Applying CVar settings from Section [TextureQuality@3] File [C:/UnrealEngine_Projects/ue.course/GeometrySandbox/Saved/Config/Windows/Scalability.ini]
[2022.03.02-15.06.32:304][  0]LogConfig: Setting CVar [[r.Streaming.MipBias:0]]
[2022.03.02-15.06.32:304][  0]LogConfig: Setting CVar [[r.Streaming.AmortizeCPUToGPUCopy:0]]
[2022.03.02-15.06.32:304][  0]LogConfig: Setting CVar [[r.Streaming.MaxNumTexturesToStreamPerFrame:0]]
[2022.03.02-15.06.32:304][  0]LogConfig: Setting CVar [[r.Streaming.Boost:1]]
[2022.03.02-15.06.32:304][  0]LogConfig: Setting CVar [[r.MaxAnisotropy:8]]
[2022.03.02-15.06.32:304][  0]LogConfig: Setting CVar [[r.VT.MaxAnisotropy:8]]
[2022.03.02-15.06.32:304][  0]LogConfig: Setting CVar [[r.Streaming.LimitPoolSizeToVRAM:0]]
[2022.03.02-15.06.32:304][  0]LogConfig: Setting CVar [[r.Streaming.PoolSize:1000]]
[2022.03.02-15.06.32:304][  0]LogConfig: Setting CVar [[r.Streaming.MaxEffectiveScreenSize:0]]
[2022.03.02-15.06.32:304][  0]LogConfig: Applying CVar settings from Section [EffectsQuality@3] File [C:/UnrealEngine_Projects/ue.course/GeometrySandbox/Saved/Config/Windows/Scalability.ini]
[2022.03.02-15.06.32:304][  0]LogConfig: Setting CVar [[r.TranslucencyLightingVolumeDim:64]]
[2022.03.02-15.06.32:304][  0]LogConfig: Setting CVar [[r.RefractionQuality:2]]
[2022.03.02-15.06.32:304][  0]LogConfig: Setting CVar [[r.SSR.Quality:3]]
[2022.03.02-15.06.32:304][  0]LogConfig: Setting CVar [[r.SSR.HalfResSceneColor:0]]
[2022.03.02-15.06.32:304][  0]LogConfig: Setting CVar [[r.SceneColorFormat:4]]
[2022.03.02-15.06.32:304][  0]LogConfig: Setting CVar [[r.DetailMode:2]]
[2022.03.02-15.06.32:304][  0]LogConfig: Setting CVar [[r.TranslucencyVolumeBlur:1]]
[2022.03.02-15.06.32:304][  0]LogConfig: Setting CVar [[r.MaterialQualityLevel:1 ; High quality]]
[2022.03.02-15.06.32:305][  0]LogConfig: Setting CVar [[r.AnisotropicMaterials:1]]
[2022.03.02-15.06.32:305][  0]LogConfig: Setting CVar [[r.SSS.Scale:1]]
[2022.03.02-15.06.32:305][  0]LogConfig: Setting CVar [[r.SSS.SampleSet:2]]
[2022.03.02-15.06.32:305][  0]LogConfig: Setting CVar [[r.SSS.Quality:1]]
[2022.03.02-15.06.32:305][  0]LogConfig: Setting CVar [[r.SSS.HalfRes:0]]
[2022.03.02-15.06.32:305][  0]LogConfig: Setting CVar [[r.SSGI.Quality:3]]
[2022.03.02-15.06.32:305][  0]LogConfig: Setting CVar [[r.EmitterSpawnRateScale:1.0]]
[2022.03.02-15.06.32:305][  0]LogConfig: Setting CVar [[r.ParticleLightQuality:2]]
[2022.03.02-15.06.32:305][  0]LogConfig: Setting CVar [[r.SkyAtmosphere.AerialPerspectiveLUT.FastApplyOnOpaque:1 ; Always have FastSkyLUT 1 in this case to avoid wrong sky]]
[2022.03.02-15.06.32:305][  0]LogConfig: Setting CVar [[r.SkyAtmosphere.AerialPerspectiveLUT.SampleCountMaxPerSlice:4]]
[2022.03.02-15.06.32:305][  0]LogConfig: Setting CVar [[r.SkyAtmosphere.AerialPerspectiveLUT.DepthResolution:16.0]]
[2022.03.02-15.06.32:305][  0]LogConfig: Setting CVar [[r.SkyAtmosphere.FastSkyLUT:1]]
[2022.03.02-15.06.32:305][  0]LogConfig: Setting CVar [[r.SkyAtmosphere.FastSkyLUT.SampleCountMin:4.0]]
[2022.03.02-15.06.32:305][  0]LogConfig: Setting CVar [[r.SkyAtmosphere.FastSkyLUT.SampleCountMax:128.0]]
[2022.03.02-15.06.32:305][  0]LogConfig: Setting CVar [[r.SkyAtmosphere.SampleCountMin:4.0]]
[2022.03.02-15.06.32:305][  0]LogConfig: Setting CVar [[r.SkyAtmosphere.SampleCountMax:128.0]]
[2022.03.02-15.06.32:305][  0]LogConfig: Setting CVar [[r.SkyAtmosphere.TransmittanceLUT.UseSmallFormat:0]]
[2022.03.02-15.06.32:305][  0]LogConfig: Setting CVar [[r.SkyAtmosphere.TransmittanceLUT.SampleCount:10.0]]
[2022.03.02-15.06.32:305][  0]LogConfig: Setting CVar [[r.SkyAtmosphere.MultiScatteringLUT.SampleCount:15.0]]
[2022.03.02-15.06.32:306][  0]LogConfig: Setting CVar [[r.SkyLight.RealTimeReflectionCapture:1]]
[2022.03.02-15.06.32:306][  0]LogConfig: Applying CVar settings from Section [FoliageQuality@3] File [C:/UnrealEngine_Projects/ue.course/GeometrySandbox/Saved/Config/Windows/Scalability.ini]
[2022.03.02-15.06.32:306][  0]LogConfig: Setting CVar [[foliage.DensityScale:1.0]]
[2022.03.02-15.06.32:306][  0]LogConfig: Setting CVar [[grass.DensityScale:1.0]]
[2022.03.02-15.06.32:306][  0]LogConfig: Applying CVar settings from Section [ShadingQuality@3] File [C:/UnrealEngine_Projects/ue.course/GeometrySandbox/Saved/Config/Windows/Scalability.ini]
[2022.03.02-15.06.32:306][  0]LogConfig: Setting CVar [[r.HairStrands.SkyLighting.IntegrationType:2]]
[2022.03.02-15.06.32:306][  0]LogConfig: Setting CVar [[r.HairStrands.SkyAO.SampleCount:4]]
[2022.03.02-15.06.32:306][  0]LogConfig: Setting CVar [[r.HairStrands.Visibility.MSAA.SamplePerPixel:4]]
[2022.03.02-15.06.32:306][  0]LogInit: Selected Device Profile: [Windows]
[2022.03.02-15.06.32:307][  0]LogInit: Applying CVar settings loaded from the selected device profile: [Windows]
[2022.03.02-15.06.32:307][  0]LogHAL: Display: Platform has ~ 24 GB [25697214464 / 34359738368 / 24], which maps to Larger [LargestMinGB=32, LargerMinGB=12, DefaultMinGB=8, SmallerMinGB=6, SmallestMinGB=0)
[2022.03.02-15.06.32:307][  0]LogInit: Going up to parent DeviceProfile []
[2022.03.02-15.06.32:308][  0]LogConfig: Applying CVar settings from Section [ViewDistanceQuality@3] File [C:/UnrealEngine_Projects/ue.course/GeometrySandbox/Saved/Config/Windows/Scalability.ini]
[2022.03.02-15.06.32:308][  0]LogConfig: Setting CVar [[r.SkeletalMeshLODBias:0]]
[2022.03.02-15.06.32:308][  0]LogConfig: Setting CVar [[r.ViewDistanceScale:1.0]]
[2022.03.02-15.06.32:308][  0]LogConfig: Applying CVar settings from Section [AntiAliasingQuality@3] File [C:/UnrealEngine_Projects/ue.course/GeometrySandbox/Saved/Config/Windows/Scalability.ini]
[2022.03.02-15.06.32:308][  0]LogConfig: Setting CVar [[r.PostProcessAAQuality:4]]
[2022.03.02-15.06.32:308][  0]LogConfig: Applying CVar settings from Section [ShadowQuality@3] File [C:/UnrealEngine_Projects/ue.course/GeometrySandbox/Saved/Config/Windows/Scalability.ini]
[2022.03.02-15.06.32:308][  0]LogConfig: Setting CVar [[r.LightFunctionQuality:1]]
[2022.03.02-15.06.32:308][  0]LogConfig: Setting CVar [[r.ShadowQuality:5]]
[2022.03.02-15.06.32:308][  0]LogConfig: Setting CVar [[r.Shadow.CSM.MaxCascades:10]]
[2022.03.02-15.06.32:308][  0]LogConfig: Setting CVar [[r.Shadow.MaxResolution:2048]]
[2022.03.02-15.06.32:308][  0]LogConfig: Setting CVar [[r.Shadow.MaxCSMResolution:2048]]
[2022.03.02-15.06.32:308][  0]LogConfig: Setting CVar [[r.Shadow.RadiusThreshold:0.01]]
[2022.03.02-15.06.32:308][  0]LogConfig: Setting CVar [[r.Shadow.DistanceScale:1.0]]
[2022.03.02-15.06.32:308][  0]LogConfig: Setting CVar [[r.Shadow.CSM.TransitionScale:1.0]]
[2022.03.02-15.06.32:308][  0]LogConfig: Setting CVar [[r.Shadow.PreShadowResolutionFactor:1.0]]
[2022.03.02-15.06.32:308][  0]LogConfig: Setting CVar [[r.DistanceFieldShadowing:1]]
[2022.03.02-15.06.32:308][  0]LogConfig: Setting CVar [[r.DistanceFieldAO:1]]
[2022.03.02-15.06.32:309][  0]LogConfig: Setting CVar [[r.AOQuality:2]]
[2022.03.02-15.06.32:309][  0]LogConfig: Setting CVar [[r.VolumetricFog:1]]
[2022.03.02-15.06.32:309][  0]LogConfig: Setting CVar [[r.VolumetricFog.GridPixelSize:8]]
[2022.03.02-15.06.32:309][  0]LogConfig: Setting CVar [[r.VolumetricFog.GridSizeZ:128]]
[2022.03.02-15.06.32:309][  0]LogConfig: Setting CVar [[r.VolumetricFog.HistoryMissSupersampleCount:4]]
[2022.03.02-15.06.32:309][  0]LogConfig: Setting CVar [[r.LightMaxDrawDistanceScale:1]]
[2022.03.02-15.06.32:309][  0]LogConfig: Setting CVar [[r.CapsuleShadows:1]]
[2022.03.02-15.06.32:309][  0]LogConfig: Applying CVar settings from Section [PostProcessQuality@3] File [C:/UnrealEngine_Projects/ue.course/GeometrySandbox/Saved/Config/Windows/Scalability.ini]
[2022.03.02-15.06.32:309][  0]LogConfig: Setting CVar [[r.MotionBlurQuality:4]]
[2022.03.02-15.06.32:309][  0]LogConfig: Setting CVar [[r.AmbientOcclusionMipLevelFactor:0.4]]
[2022.03.02-15.06.32:309][  0]LogConfig: Setting CVar [[r.AmbientOcclusionMaxQuality:100]]
[2022.03.02-15.06.32:309][  0]LogConfig: Setting CVar [[r.AmbientOcclusionLevels:-1]]
[2022.03.02-15.06.32:309][  0]LogConfig: Setting CVar [[r.AmbientOcclusionRadiusScale:1.0]]
[2022.03.02-15.06.32:309][  0]LogConfig: Setting CVar [[r.DepthOfFieldQuality:2]]
[2022.03.02-15.06.32:309][  0]LogConfig: Setting CVar [[r.RenderTargetPoolMin:400]]
[2022.03.02-15.06.32:309][  0]LogConfig: Setting CVar [[r.LensFlareQuality:2]]
[2022.03.02-15.06.32:309][  0]LogConfig: Setting CVar [[r.SceneColorFringeQuality:1]]
[2022.03.02-15.06.32:309][  0]LogConfig: Setting CVar [[r.EyeAdaptationQuality:2]]
[2022.03.02-15.06.32:309][  0]LogConfig: Setting CVar [[r.BloomQuality:5]]
[2022.03.02-15.06.32:310][  0]LogConfig: Setting CVar [[r.FastBlurThreshold:100]]
[2022.03.02-15.06.32:310][  0]LogConfig: Setting CVar [[r.Upscale.Quality:3]]
[2022.03.02-15.06.32:310][  0]LogConfig: Setting CVar [[r.Tonemapper.GrainQuantization:1]]
[2022.03.02-15.06.32:310][  0]LogConfig: Setting CVar [[r.LightShaftQuality:1]]
[2022.03.02-15.06.32:310][  0]LogConfig: Setting CVar [[r.Filter.SizeScale:1]]
[2022.03.02-15.06.32:310][  0]LogConfig: Setting CVar [[r.Tonemapper.Quality:5]]
[2022.03.02-15.06.32:310][  0]LogConfig: Setting CVar [[r.DOF.Gather.AccumulatorQuality:1        ; higher gathering accumulator quality]]
[2022.03.02-15.06.32:310][  0]LogConfig: Setting CVar [[r.DOF.Gather.PostfilterMethod:1          ; Median3x3 postfilering method]]
[2022.03.02-15.06.32:310][  0]LogConfig: Setting CVar [[r.DOF.Gather.EnableBokehSettings:0       ; no bokeh simulation when gathering]]
[2022.03.02-15.06.32:310][  0]LogConfig: Setting CVar [[r.DOF.Gather.RingCount:4                 ; medium number of samples when gathering]]
[2022.03.02-15.06.32:310][  0]LogConfig: Setting CVar [[r.DOF.Scatter.ForegroundCompositing:1    ; additive foreground scattering]]
[2022.03.02-15.06.32:310][  0]LogConfig: Setting CVar [[r.DOF.Scatter.BackgroundCompositing:2    ; additive background scattering]]
[2022.03.02-15.06.32:310][  0]LogConfig: Setting CVar [[r.DOF.Scatter.EnableBokehSettings:1      ; bokeh simulation when scattering]]
[2022.03.02-15.06.32:310][  0]LogConfig: Setting CVar [[r.DOF.Scatter.MaxSpriteRatio:0.1         ; only a maximum of 10% of scattered bokeh]]
[2022.03.02-15.06.32:310][  0]LogConfig: Setting CVar [[r.DOF.Recombine.Quality:1                ; cheap slight out of focus]]
[2022.03.02-15.06.32:310][  0]LogConfig: Setting CVar [[r.DOF.Recombine.EnableBokehSettings:0    ; no bokeh simulation on slight out of focus]]
[2022.03.02-15.06.32:310][  0]LogConfig: Setting CVar [[r.DOF.TemporalAAQuality:1                ; more stable temporal accumulation]]
[2022.03.02-15.06.32:310][  0]LogConfig: Setting CVar [[r.DOF.Kernel.MaxForegroundRadius:0.025]]
[2022.03.02-15.06.32:310][  0]LogConfig: Setting CVar [[r.DOF.Kernel.MaxBackgroundRadius:0.025]]
[2022.03.02-15.06.32:310][  0]LogConfig: Applying CVar settings from Section [TextureQuality@3] File [C:/UnrealEngine_Projects/ue.course/GeometrySandbox/Saved/Config/Windows/Scalability.ini]
[2022.03.02-15.06.32:311][  0]LogConfig: Setting CVar [[r.Streaming.MipBias:0]]
[2022.03.02-15.06.32:311][  0]LogConfig: Setting CVar [[r.Streaming.AmortizeCPUToGPUCopy:0]]
[2022.03.02-15.06.32:311][  0]LogConfig: Setting CVar [[r.Streaming.MaxNumTexturesToStreamPerFrame:0]]
[2022.03.02-15.06.32:311][  0]LogConfig: Setting CVar [[r.Streaming.Boost:1]]
[2022.03.02-15.06.32:311][  0]LogConfig: Setting CVar [[r.MaxAnisotropy:8]]
[2022.03.02-15.06.32:311][  0]LogConfig: Setting CVar [[r.VT.MaxAnisotropy:8]]
[2022.03.02-15.06.32:311][  0]LogConfig: Setting CVar [[r.Streaming.LimitPoolSizeToVRAM:0]]
[2022.03.02-15.06.32:311][  0]LogConfig: Setting CVar [[r.Streaming.PoolSize:1000]]
[2022.03.02-15.06.32:311][  0]LogConfig: Setting CVar [[r.Streaming.MaxEffectiveScreenSize:0]]
[2022.03.02-15.06.32:311][  0]LogConfig: Applying CVar settings from Section [EffectsQuality@3] File [C:/UnrealEngine_Projects/ue.course/GeometrySandbox/Saved/Config/Windows/Scalability.ini]
[2022.03.02-15.06.32:311][  0]LogConfig: Setting CVar [[r.TranslucencyLightingVolumeDim:64]]
[2022.03.02-15.06.32:311][  0]LogConfig: Setting CVar [[r.RefractionQuality:2]]
[2022.03.02-15.06.32:311][  0]LogConfig: Setting CVar [[r.SSR.Quality:3]]
[2022.03.02-15.06.32:311][  0]LogConfig: Setting CVar [[r.SSR.HalfResSceneColor:0]]
[2022.03.02-15.06.32:311][  0]LogConfig: Setting CVar [[r.SceneColorFormat:4]]
[2022.03.02-15.06.32:311][  0]LogConfig: Setting CVar [[r.DetailMode:2]]
[2022.03.02-15.06.32:311][  0]LogConfig: Setting CVar [[r.TranslucencyVolumeBlur:1]]
[2022.03.02-15.06.32:311][  0]LogConfig: Setting CVar [[r.MaterialQualityLevel:1 ; High quality]]
[2022.03.02-15.06.32:311][  0]LogConfig: Setting CVar [[r.AnisotropicMaterials:1]]
[2022.03.02-15.06.32:312][  0]LogConfig: Setting CVar [[r.SSS.Scale:1]]
[2022.03.02-15.06.32:312][  0]LogConfig: Setting CVar [[r.SSS.SampleSet:2]]
[2022.03.02-15.06.32:312][  0]LogConfig: Setting CVar [[r.SSS.Quality:1]]
[2022.03.02-15.06.32:312][  0]LogConfig: Setting CVar [[r.SSS.HalfRes:0]]
[2022.03.02-15.06.32:312][  0]LogConfig: Setting CVar [[r.SSGI.Quality:3]]
[2022.03.02-15.06.32:312][  0]LogConfig: Setting CVar [[r.EmitterSpawnRateScale:1.0]]
[2022.03.02-15.06.32:312][  0]LogConfig: Setting CVar [[r.ParticleLightQuality:2]]
[2022.03.02-15.06.32:312][  0]LogConfig: Setting CVar [[r.SkyAtmosphere.AerialPerspectiveLUT.FastApplyOnOpaque:1 ; Always have FastSkyLUT 1 in this case to avoid wrong sky]]
[2022.03.02-15.06.32:312][  0]LogConfig: Setting CVar [[r.SkyAtmosphere.AerialPerspectiveLUT.SampleCountMaxPerSlice:4]]
[2022.03.02-15.06.32:312][  0]LogConfig: Setting CVar [[r.SkyAtmosphere.AerialPerspectiveLUT.DepthResolution:16.0]]
[2022.03.02-15.06.32:312][  0]LogConfig: Setting CVar [[r.SkyAtmosphere.FastSkyLUT:1]]
[2022.03.02-15.06.32:312][  0]LogConfig: Setting CVar [[r.SkyAtmosphere.FastSkyLUT.SampleCountMin:4.0]]
[2022.03.02-15.06.32:312][  0]LogConfig: Setting CVar [[r.SkyAtmosphere.FastSkyLUT.SampleCountMax:128.0]]
[2022.03.02-15.06.32:312][  0]LogConfig: Setting CVar [[r.SkyAtmosphere.SampleCountMin:4.0]]
[2022.03.02-15.06.32:312][  0]LogConfig: Setting CVar [[r.SkyAtmosphere.SampleCountMax:128.0]]
[2022.03.02-15.06.32:312][  0]LogConfig: Setting CVar [[r.SkyAtmosphere.TransmittanceLUT.UseSmallFormat:0]]
[2022.03.02-15.06.32:312][  0]LogConfig: Setting CVar [[r.SkyAtmosphere.TransmittanceLUT.SampleCount:10.0]]
[2022.03.02-15.06.32:312][  0]LogConfig: Setting CVar [[r.SkyAtmosphere.MultiScatteringLUT.SampleCount:15.0]]
[2022.03.02-15.06.32:312][  0]LogConfig: Setting CVar [[r.SkyLight.RealTimeReflectionCapture:1]]
[2022.03.02-15.06.32:313][  0]LogConfig: Applying CVar settings from Section [FoliageQuality@3] File [C:/UnrealEngine_Projects/ue.course/GeometrySandbox/Saved/Config/Windows/Scalability.ini]
[2022.03.02-15.06.32:313][  0]LogConfig: Setting CVar [[foliage.DensityScale:1.0]]
[2022.03.02-15.06.32:313][  0]LogConfig: Setting CVar [[grass.DensityScale:1.0]]
[2022.03.02-15.06.32:313][  0]LogConfig: Applying CVar settings from Section [ShadingQuality@3] File [C:/UnrealEngine_Projects/ue.course/GeometrySandbox/Saved/Config/Windows/Scalability.ini]
[2022.03.02-15.06.32:313][  0]LogConfig: Setting CVar [[r.HairStrands.SkyLighting.IntegrationType:2]]
[2022.03.02-15.06.32:313][  0]LogConfig: Setting CVar [[r.HairStrands.SkyAO.SampleCount:4]]
[2022.03.02-15.06.32:313][  0]LogConfig: Setting CVar [[r.HairStrands.Visibility.MSAA.SamplePerPixel:4]]
[2022.03.02-15.06.32:313][  0]LogConfig: Applying CVar settings from Section [Startup] File [../../../Engine/Config/ConsoleVariables.ini]
[2022.03.02-15.06.32:313][  0]LogConfig: Setting CVar [[net.UseAdaptiveNetUpdateFrequency:0]]
[2022.03.02-15.06.32:313][  0]LogConfig: Setting CVar [[p.chaos.AllowCreatePhysxBodies:1]]
[2022.03.02-15.06.32:313][  0]LogConfig: Setting CVar [[fx.SkipVectorVMBackendOptimizations:1]]
[2022.03.02-15.06.32:313][  0]LogConfig: Applying CVar settings from Section [ConsoleVariables] File [C:/UnrealEngine_Projects/ue.course/GeometrySandbox/Saved/Config/Windows/Engine.ini]
[2022.03.02-15.06.32:313][  0]LogConfig: Applying CVar settings from Section [ConsoleVariables] File [C:/UnrealEngine_Projects/ue.course/GeometrySandbox/Saved/Config/Windows/Editor.ini]
[2022.03.02-15.06.32:315][  0]LogInit: Computer: DESKTOP-V7QSN3L
[2022.03.02-15.06.32:315][  0]LogInit: User: PC
[2022.03.02-15.06.32:315][  0]LogInit: CPU Page size=4096, Cores=4
[2022.03.02-15.06.32:315][  0]LogInit: High frequency timer resolution =10.000000 MHz
[2022.03.02-15.06.32:315][  0]LogMemory: Memory total: Physical=23.9GB (24GB approx)
[2022.03.02-15.06.32:315][  0]LogMemory: Platform Memory Stats for Windows
[2022.03.02-15.06.32:315][  0]LogMemory: Process Physical Memory: 139.32 MB used, 139.33 MB peak
[2022.03.02-15.06.32:315][  0]LogMemory: Process Virtual Memory: 121.19 MB used, 121.19 MB peak
[2022.03.02-15.06.32:315][  0]LogMemory: Physical Memory: 9069.31 MB used,  15437.46 MB free, 24506.77 MB total
[2022.03.02-15.06.32:315][  0]LogMemory: Virtual Memory: 134200448.00 MB used,  17282.02 MB free, 134217728.00 MB total
[2022.03.02-15.06.32:328][  0]LogWindows: WindowsPlatformFeatures enabled
[2022.03.02-15.06.32:745][  0]LogInit: Physics initialised using underlying interface: PhysX
[2022.03.02-15.06.32:747][  0]LogInit: Using OS detected language (ru-RU).
[2022.03.02-15.06.32:747][  0]LogInit: Using OS detected locale (ru-RU).
[2022.03.02-15.06.32:768][  0]LogTextLocalizationManager: No specific localization for 'ru-RU' exists, so the 'ru' localization will be used.
[2022.03.02-15.06.32:769][  0]LogTextLocalizationResource: LocRes '../../../Engine/Content/Localization/Editor/ru/Editor.locres' could not be opened for reading!
[2022.03.02-15.06.32:769][  0]LogTextLocalizationResource: LocRes '../../../Engine/Content/Localization/EditorTutorials/ru/EditorTutorials.locres' could not be opened for reading!
[2022.03.02-15.06.32:769][  0]LogTextLocalizationResource: LocRes '../../../Engine/Content/Localization/Keywords/ru/Keywords.locres' could not be opened for reading!
[2022.03.02-15.06.32:769][  0]LogTextLocalizationResource: LocRes '../../../Engine/Content/Localization/Category/ru/Category.locres' could not be opened for reading!
[2022.03.02-15.06.32:770][  0]LogTextLocalizationResource: LocRes '../../../Engine/Content/Localization/ToolTips/ru/ToolTips.locres' could not be opened for reading!
[2022.03.02-15.06.32:771][  0]LogTextLocalizationResource: LocRes '../../../Engine/Content/Localization/PropertyNames/ru/PropertyNames.locres' could not be opened for reading!
[2022.03.02-15.06.32:771][  0]LogTextLocalizationResource: LocRes '../../../Engine/Content/Localization/Engine/ru/Engine.locres' could not be opened for reading!
[2022.03.02-15.06.32:795][  0]LogInit: Setting process to per monitor DPI aware
[2022.03.02-15.06.32:837][  0]LogWindowsTextInputMethodSystem: Display: IME system deactivated.
[2022.03.02-15.06.32:912][  0]LogSlate: New Slate User Created.  User Index 0, Is Virtual User: 0
[2022.03.02-15.06.32:912][  0]LogSlate: Slate User Registered.  User Index 0, Is Virtual User: 0
[2022.03.02-15.06.35:484][  0]LogD3D11RHI: Loaded GFSDK_Aftermath_Lib.x64.dll
[2022.03.02-15.06.35:490][  0]LogHMD: Failed to initialize OpenVR with code 110
[2022.03.02-15.06.35:490][  0]LogD3D11RHI: D3D11 min allowed feature level: 11_0
[2022.03.02-15.06.35:490][  0]LogD3D11RHI: D3D11 max allowed feature level: 11_0
[2022.03.02-15.06.35:490][  0]LogD3D11RHI: D3D11 adapters:
[2022.03.02-15.06.35:640][  0]LogD3D11RHI:    0. 'NVIDIA GeForce GTX 1060 6GB' (Feature Level 11_0)
[2022.03.02-15.06.35:640][  0]LogD3D11RHI:       6052/0/12253 MB DedicatedVideo/DedicatedSystem/SharedSystem, Outputs:1, VendorId:0x10de
[2022.03.02-15.06.35:648][  0]LogD3D11RHI:    1. 'Microsoft Basic Render Driver' (Feature Level 11_0)
[2022.03.02-15.06.35:648][  0]LogD3D11RHI:       0/0/12253 MB DedicatedVideo/DedicatedSystem/SharedSystem, Outputs:0, VendorId:0x1414
[2022.03.02-15.06.35:648][  0]LogD3D11RHI: Chosen D3D11 Adapter:
[2022.03.02-15.06.35:648][  0]LogD3D11RHI:     Description : NVIDIA GeForce GTX 1060 6GB
[2022.03.02-15.06.35:648][  0]LogD3D11RHI:     VendorId    : 10de
[2022.03.02-15.06.35:648][  0]LogD3D11RHI:     DeviceId    : 1c03
[2022.03.02-15.06.35:648][  0]LogD3D11RHI:     SubSysId    : 85b71043
[2022.03.02-15.06.35:648][  0]LogD3D11RHI:     Revision    : 00a1
[2022.03.02-15.06.35:648][  0]LogD3D11RHI:     DedicatedVideoMemory : 6345981952 bytes
[2022.03.02-15.06.35:648][  0]LogD3D11RHI:     DedicatedSystemMemory : 0 bytes
[2022.03.02-15.06.35:648][  0]LogD3D11RHI:     SharedSystemMemory : 12848607232 bytes
[2022.03.02-15.06.35:649][  0]LogD3D11RHI:     AdapterLuid : 0 42378
[2022.03.02-15.06.35:681][  0]LogD3D11RHI: Creating new Direct3DDevice
[2022.03.02-15.06.35:682][  0]LogD3D11RHI:     GPU DeviceId: 0x1c03 (for the marketing name, search the web for "GPU Device Id")
[2022.03.02-15.06.35:682][  0]LogWindows: EnumDisplayDevices:
[2022.03.02-15.06.35:682][  0]LogWindows:    0. 'NVIDIA GeForce GTX 1060 6GB' (P:1 D:1)
[2022.03.02-15.06.35:682][  0]LogWindows:    1. 'NVIDIA GeForce GTX 1060 6GB' (P:0 D:0)
[2022.03.02-15.06.35:683][  0]LogWindows:    2. 'NVIDIA GeForce GTX 1060 6GB' (P:0 D:0)
[2022.03.02-15.06.35:683][  0]LogWindows:    3. 'NVIDIA GeForce GTX 1060 6GB' (P:0 D:0)
[2022.03.02-15.06.35:683][  0]LogWindows: DebugString: FoundDriverCount:4 
[2022.03.02-15.06.35:683][  0]LogD3D11RHI:     Adapter Name: NVIDIA GeForce GTX 1060 6GB
[2022.03.02-15.06.35:683][  0]LogD3D11RHI:   Driver Version: 511.79 (internal:30.0.15.1179, unified:511.79)
[2022.03.02-15.06.35:683][  0]LogD3D11RHI:      Driver Date: 2-10-2022
[2022.03.02-15.06.35:684][  0]LogRHI: Texture pool is 4236 MB (70% of 6052 MB)
[2022.03.02-15.06.35:684][  0]LogD3D11RHI: Creating D3DDevice using adapter:
[2022.03.02-15.06.35:684][  0]LogD3D11RHI:     Description : NVIDIA GeForce GTX 1060 6GB
[2022.03.02-15.06.35:684][  0]LogD3D11RHI:     VendorId    : 10de
[2022.03.02-15.06.35:684][  0]LogD3D11RHI:     DeviceId    : 1c03
[2022.03.02-15.06.35:684][  0]LogD3D11RHI:     SubSysId    : 85b71043
[2022.03.02-15.06.35:684][  0]LogD3D11RHI:     Revision    : 00a1
[2022.03.02-15.06.35:684][  0]LogD3D11RHI:     DedicatedVideoMemory : 6345981952 bytes
[2022.03.02-15.06.35:684][  0]LogD3D11RHI:     DedicatedSystemMemory : 0 bytes
[2022.03.02-15.06.35:684][  0]LogD3D11RHI:     SharedSystemMemory : 12848607232 bytes
[2022.03.02-15.06.35:684][  0]LogD3D11RHI:     AdapterLuid : 0 42378
[2022.03.02-15.06.35:769][  0]LogD3D11RHI: RHI has support for 64 bit atomics
[2022.03.02-15.06.35:769][  0]LogD3D11RHI: Async texture creation enabled
[2022.03.02-15.06.35:769][  0]LogD3D11RHI: Array index from any shader is supported
[2022.03.02-15.06.35:822][  0]LogD3D11RHI: GPU Timing Frequency: 1000.000000 (Debug: 2 1)
[2022.03.02-15.06.35:922][  0]LogRHI: GeForceNow SDK initialized: 1
[2022.03.02-15.06.36:262][  0]LogTargetPlatformManager: Display: Loaded TargetPlatform 'AllDesktop'
[2022.03.02-15.06.36:306][  0]LogTargetPlatformManager: Display: Loaded TargetPlatform 'Android'
[2022.03.02-15.06.36:307][  0]LogTargetPlatformManager: Display: Loaded TargetPlatform 'Android_ASTC'
[2022.03.02-15.06.36:307][  0]LogTargetPlatformManager: Display: Loaded TargetPlatform 'Android_DXT'
[2022.03.02-15.06.36:307][  0]LogTargetPlatformManager: Display: Loaded TargetPlatform 'Android_ETC2'
[2022.03.02-15.06.36:307][  0]LogTargetPlatformManager: Display: Loaded TargetPlatform 'AndroidClient'
[2022.03.02-15.06.36:307][  0]LogTargetPlatformManager: Display: Loaded TargetPlatform 'Android_ASTCClient'
[2022.03.02-15.06.36:307][  0]LogTargetPlatformManager: Display: Loaded TargetPlatform 'Android_DXTClient'
[2022.03.02-15.06.36:307][  0]LogTargetPlatformManager: Display: Loaded TargetPlatform 'Android_ETC2Client'
[2022.03.02-15.06.36:307][  0]LogTargetPlatformManager: Display: Loaded TargetPlatform 'Android_Multi'
[2022.03.02-15.06.36:307][  0]LogTargetPlatformManager: Display: Loaded TargetPlatform 'Android_MultiClient'
[2022.03.02-15.06.36:383][  0]LogTargetPlatformManager: Display: Loaded TargetPlatform 'IOSClient'
[2022.03.02-15.06.36:383][  0]LogTargetPlatformManager: Display: Loaded TargetPlatform 'IOS'
[2022.03.02-15.06.36:421][  0]LogTargetPlatformManager: Display: Loaded TargetPlatform 'Linux'
[2022.03.02-15.06.36:443][  0]LogTargetPlatformManager: Display: Loaded TargetPlatform 'LinuxNoEditor'
[2022.03.02-15.06.36:466][  0]LogTargetPlatformManager: Display: Loaded TargetPlatform 'LinuxClient'
[2022.03.02-15.06.36:490][  0]LogTargetPlatformManager: Display: Loaded TargetPlatform 'LinuxServer'
[2022.03.02-15.06.36:524][  0]LogTargetPlatformManager: Display: Loaded TargetPlatform 'LinuxAArch64NoEditor'
[2022.03.02-15.06.36:545][  0]LogTargetPlatformManager: Display: Loaded TargetPlatform 'LinuxAArch64Client'
[2022.03.02-15.06.36:567][  0]LogTargetPlatformManager: Display: Loaded TargetPlatform 'LinuxAArch64Server'
[2022.03.02-15.06.36:615][  0]LogTargetPlatformManager: Display: Loaded TargetPlatform 'Lumin'
[2022.03.02-15.06.36:615][  0]LogTargetPlatformManager: Display: Loaded TargetPlatform 'LuminClient'
[2022.03.02-15.06.36:651][  0]LogTargetPlatformManager: Display: Loaded TargetPlatform 'MacNoEditor'
[2022.03.02-15.06.36:675][  0]LogTargetPlatformManager: Display: Loaded TargetPlatform 'Mac'
[2022.03.02-15.06.36:696][  0]LogTargetPlatformManager: Display: Loaded TargetPlatform 'MacClient'
[2022.03.02-15.06.36:717][  0]LogTargetPlatformManager: Display: Loaded TargetPlatform 'MacServer'
[2022.03.02-15.06.36:744][  0]LogTargetPlatformManager: Display: Loaded TargetPlatform 'TVOSClient'
[2022.03.02-15.06.36:744][  0]LogTargetPlatformManager: Display: Loaded TargetPlatform 'TVOS'
[2022.03.02-15.06.36:772][  0]LogTargetPlatformManager: Display: Loaded TargetPlatform 'WindowsNoEditor'
[2022.03.02-15.06.36:795][  0]LogTargetPlatformManager: Display: Loaded TargetPlatform 'Windows'
[2022.03.02-15.06.36:819][  0]LogTargetPlatformManager: Display: Loaded TargetPlatform 'WindowsClient'
[2022.03.02-15.06.36:842][  0]LogTargetPlatformManager: Display: Loaded TargetPlatform 'WindowsServer'
[2022.03.02-15.06.36:843][  0]LogTargetPlatformManager: Display: Building Assets For Windows
[2022.03.02-15.06.36:935][  0]LogAudioDebug: Display: Lib vorbis DLL was dynamically loaded.
[2022.03.02-15.06.37:185][  0]LogTextureFormatOodle: Display: Oodle Texture 2.9.0 init RDO Off
[2022.03.02-15.06.37:507][  0]LogRendererCore: Ray tracing is disabled. Reason: r.RayTracing=0.
[2022.03.02-15.06.37:508][  0]LogShaderCompilers: Guid format shader working directory is -22 characters bigger than the processId version (../../../../../../UnrealEngine_Projects/ue.course/GeometrySandbox/Intermediate/Shaders/WorkingDirectory/7876/).
[2022.03.02-15.06.37:508][  0]LogShaderCompilers: Cleaned the shader compiler working directory 'C:/Users/PC/AppData/Local/Temp/UnrealShaderWorkingDir/0F9BAD66400B6C2AB8A1ECB95E5218AC/'.
[2022.03.02-15.06.37:509][  0]LogXGEController: Cannot use XGE Controller as Incredibuild is not installed on this machine.
[2022.03.02-15.06.37:509][  0]LogShaderCompilers: Cannot use XGE Shader Compiler as Incredibuild is not installed on this machine.
[2022.03.02-15.06.37:509][  0]LogShaderCompilers: Display: Using Local Shader Compiler.
[2022.03.02-15.06.40:729][  0]LogDerivedDataCache: Display: Max Cache Size: 512 MB
[2022.03.02-15.06.40:957][  0]LogDerivedDataCache: Loaded boot cache 0.23s 94MB C:/Users/PC/AppData/Local/UnrealEngine/4.27/DerivedDataCache/Boot.ddc.
[2022.03.02-15.06.40:958][  0]LogDerivedDataCache: Display: Loaded Boot cache: C:/Users/PC/AppData/Local/UnrealEngine/4.27/DerivedDataCache/Boot.ddc
[2022.03.02-15.06.40:958][  0]LogDerivedDataCache: FDerivedDataBackendGraph:  Pak pak cache file ../../../../../../UnrealEngine_Projects/ue.course/GeometrySandbox/DerivedDataCache/DDC.ddp not found, will not use a pak cache.
[2022.03.02-15.06.40:958][  0]LogDerivedDataCache: Unable to find inner node Pak for hierarchical cache Hierarchy.
[2022.03.02-15.06.40:958][  0]LogDerivedDataCache: FDerivedDataBackendGraph:  CompressedPak pak cache file ../../../../../../UnrealEngine_Projects/ue.course/GeometrySandbox/DerivedDataCache/Compressed.ddp not found, will not use a pak cache.
[2022.03.02-15.06.40:958][  0]LogDerivedDataCache: Unable to find inner node CompressedPak for hierarchical cache Hierarchy.
[2022.03.02-15.06.40:988][  0]LogDerivedDataCache: Display: Pak cache opened for reading ../../../Engine/DerivedDataCache/Compressed.ddp.
[2022.03.02-15.06.40:988][  0]LogDerivedDataCache: FDerivedDataBackendGraph:  EnterprisePak pak cache file ../../../Enterprise/DerivedDataCache/Compressed.ddp not found, will not use a pak cache.
[2022.03.02-15.06.40:988][  0]LogDerivedDataCache: Unable to find inner node EnterprisePak for hierarchical cache Hierarchy.
[2022.03.02-15.06.41:045][  0]LogDerivedDataCache: Speed tests for C:/Users/PC/AppData/Local/UnrealEngine/Common/DerivedDataCache took 0.06 seconds
[2022.03.02-15.06.41:045][  0]LogDerivedDataCache: Display: Performance to C:/Users/PC/AppData/Local/UnrealEngine/Common/DerivedDataCache: Latency=0.24ms. RandomReadSpeed=20.39MBs, RandomWriteSpeed=113.93MBs. Assigned SpeedClass 'Local'
[2022.03.02-15.06.41:047][  0]LogDerivedDataCache: Using Local data cache path C:/Users/PC/AppData/Local/UnrealEngine/Common/DerivedDataCache: Writable
[2022.03.02-15.06.41:048][  0]LogDerivedDataCache: Shared data cache path not found in *engine.ini, will not use an Shared cache.
[2022.03.02-15.06.41:048][  0]LogDerivedDataCache: Unable to find inner node Shared for hierarchical cache Hierarchy.
[2022.03.02-15.06.41:111][  0]LogSlate: Using FreeType 2.10.0
[2022.03.02-15.06.41:125][  0]LogSlate: SlateFontServices - WITH_FREETYPE: 1, WITH_HARFBUZZ: 1
[2022.03.02-15.06.41:193][  0]LogAssetRegistry: FAssetRegistry took 0.0076 seconds to start up
[2022.03.02-15.06.41:574][  0]LogInit: Selected Device Profile: [Windows]
[2022.03.02-15.06.41:574][  0]LogInit: Active device profile: [00000241F5AC6300][00000241F44C4180 49] Windows
[2022.03.02-15.06.41:575][  0]LogInit: Profiles: [00000241F5AC6300][00000241F44C4180 49] Windows, [00000241F5A75F00][00000241F44CC300 49] WindowsNoEditor, [00000241F5AC6700][00000241F44D0480 49] WindowsServer, [00000241F5A76200][00000241F44D4600 49] WindowsClient, [00000241F5AC6900][00000241F44C8740 49] IOS, [00000241F5A75A00][00000241F44D8880 49] iPadAir, [00000241F5AC5900][00000241F44DC9C0 49] iPadAir2, [00000241F5A2DA00][00000241F44E8C40 49] IPadPro, [00000241F5A2DB00][00000241F44E0C80 49] iPadAir3, [00000241F5AC5800][00000241F44ECE00 49] iPadAir4, [00000241F5A2FE00][00000241F44F0F80 49] iPadMini2, [00000241F5AC5F00][00000241F44F5100 49] iPadMini3, [00000241F5A2C200][00000241F44F9280 49] iPadMini4, [00000241F5AC5B00][00000241F44FD400 49] iPadMini5, [00000241F5A3D300][00000241F45056C0 49] iPhone6, [00000241F5A3D400][00000241F4501700 49] iPodTouch6, [00000241F5A76400][00000241F450D9C0 49] iPhone7, [00000241F5A76900][00000241F4509A00 49] iPodTouch7, [00000241F5A3F800][00000241F4511B80 49] iPhone5S, [00000241F5A74700][00000241F4514180 49] iPhone6Plus, [00000241F5A3F700][00000241F4518300 49] iPhone6S, [00000241F5A75400][00000241F451C480 49] iPhone6SPlus, [00000241F5A3FF00][00000241F56EE600 49] iPhone7Plus, [00000241F5A74A00][00000241DAEBE780 49] iPhoneSE, [00000241F5A3EE00][00000241DAEC2900 49] iPhone8, [00000241F5A77B00][00000241F44E4A40 49] iPhone8Plus, [00000241F5A3E300][00000241DAEC6B80 49] iPhoneX, [00000241F5A76100][00000241DAECACC0 49] iPhoneXS, [00000241F5A3D900][00000241DAED2E40 49] iPhoneXSMax, [00000241F5A75200][00000241DAED6FC0 49] iPhoneXR, [00000241F5A3F300][00000241DAEDB140 49] iPhone11, [00000241F5A75900][00000241DAEDF2C0 49] iPhone11Pro, [00000241F5A3E900][00000241DAEE3440 49] iPhone11ProMax, [00000241F5A76000][00000241DAEE75C0 49] iPhoneSE2, [00000241F5A3F900][00000241DAEEB740 49] iPhone12Mini, [00000241F5A77800][00000241F56F38C0 49] iPhone12, [00000241F5A3DE00][00000241F56F7A40 49] iPhone12Pro, [00000241F5A74500][00000241F56FBBC0 49] iPhone12ProMax, [00000241F5A3F500][00000241F56FE1C0 49] iPadPro105, [00000241F5A75D00][00000241F5702340 49] iPadPro129, [00000241F5A3DC00][00000241F57064C0 49] iPadPro97, [00000241F5A74200][00000241F570A640 49] iPadPro2_129, [00000241F5A3DB00][00000241F570E7C0 49] iPad5, [00000241F5A76500][00000241F5712940 49] iPad6, [00000241F5A2CB00][00000241F5716AC0 49] iPad7, [00000241F5B09800][00000241DAECEC00 49] iPad8, [00000241F5A2C400][00000241F571AD40 49] iPadPro11, [00000241F5B08600][00000241F571EE80 49] iPadPro2_11, [00000241F5A2E000][00000241F5722FC0 49] iPadPro3_129, [00000241F5B08700][00000241F572B140 49] iPadPro4_129, [00000241F5A2F400][00000241F572F2C0 49] AppleTV, [00000241F5B09000][00000241F5733440 49] AppleTV4K, [00000241F5A76300][00000241F57375C0 49] TVOS, [00000241F5A3CB00][00000241F573B740 49] Mac, [00000241F5A2E300][00000241F573F8C0 49] MacClient, [00000241F5A3C700][00000241F5743A40 49] MacNoEditor, [00000241F5A2FB00][00000241F5747BC0 49] MacServer, [00000241F5A3CE00][00000241F574A1C0 49] Linux, [00000241F5A2FF00][00000241F574E340 49] LinuxAArch64, [00000241F5A3CC00][00000241F57524C0 49] LinuxNoEditor, [00000241F5A74900][00000241F5756640 49] LinuxAArch64NoEditor, [00000241F5A3F400][00000241F575A7C0 49] LinuxClient, [00000241F5A77E00][00000241F575E940 49] LinuxAArch64Client, [00000241F5A3D600][00000241F5762AC0 49] LinuxServer, [00000241F5A75500][00000241F5766C40 49] LinuxAArch64Server, [00000241F5A3F600][00000241F5726D80 49] Android, [00000241F5A77400][00000241F576AEC0 49] Android_Low, [00000241F5A3EB00][00000241F576F000 49] Android_Mid, [00000241F5A76600][00000241F5773140 49] Android_High, [00000241F5A3E600][00000241F577B2C0 49] Android_Default, [00000241F5A77100][00000241F577F440 49] Android_Adreno4xx, [00000241F5A3D200][00000241F57835C0 49] Android_Adreno5xx_Low, [00000241F5A75800][00000241F5787740 49] Android_Adreno5xx, [00000241F5A3C100][00000241F578B8C0 49] Android_Adreno6xx, [00000241F5A75B00][00000241F578FA40 49] Android_Adreno6xx_Vulkan, [00000241F5A3FD00][00000241F5793BC0 49] Android_Mali_T6xx, [00000241F5A75700][00000241F57961C0 49] Android_Mali_T7xx, [00000241F5A3E200][00000241F579A340 49] Android_Mali_T8xx, [00000241F5A76C00][00000241F579E4C0 49] Android_Mali_G71, [00000241F5A3C500][00000241F57A2640 49] Android_Mali_G72, [00000241F5A77700][00000241F57A67C0 49] Android_Mali_G72_Vulkan, [00000241F5A3FB00][00000241F57AA940 49] Android_Mali_G76, [00000241F5A76A00][00000241F57AEAC0 49] Android_Mali_G76_Vulkan, [00000241F5A3FA00][00000241F57B2C40 49] Android_Mali_G77, [00000241F5A76700][00000241F57B6DC0 49] Android_Mali_G77_Vulkan, [00000241F5A3FE00][00000241F57BAF40 49] Android_Mali_G78, [00000241F5A76800][00000241F5777080 49] Android_Mali_G78_Vulkan, [00000241F5A3CA00][00000241F57BF1C0 49] Android_Mali_G710, [00000241F5A74F00][00000241F57C3300 49] Android_Mali_G710_Vulkan, [00000241F5A3C400][00000241F57CB480 49] Android_Vulkan_SM5, [00000241F5A77A00][00000241F57CF600 49] Android_PowerVR_G6xxx, [00000241F5A3D100][00000241F57D3780 49] Android_PowerVR_GT7xxx, [00000241F5A77200][00000241F57D7900 49] Android_PowerVR_GE8xxx, [00000241F5A3E000][00000241F57DBA80 49] Android_PowerVR_GM9xxx, [00000241F5A75100][00000241F57DFC00 49] Android_PowerVR_GM9xxx_Vulkan, [00000241F5AC5500][00000241F57E2200 49] Android_TegraK1, [00000241F5A2F300][00000241F57E6380 49] Android_Unknown_Vulkan, [00000241F5AC5C00][00000241F57EA500 49] Lumin, [00000241F5A2E500][00000241F57EE680 49] Lumin_Desktop, [00000241F5AC6800][00000241F57F2800 49] HoloLens, 
[2022.03.02-15.06.42:079][  0]LogMeshReduction: Using QuadricMeshReduction for automatic static mesh reduction
[2022.03.02-15.06.42:079][  0]LogMeshReduction: Using SimplygonMeshReduction for automatic skeletal mesh reduction
[2022.03.02-15.06.42:079][  0]LogMeshReduction: Using ProxyLODMeshReduction for automatic mesh merging
[2022.03.02-15.06.42:079][  0]LogMeshReduction: No distributed automatic mesh merging module available
[2022.03.02-15.06.42:080][  0]LogMeshMerging: No distributed automatic mesh merging module available
[2022.03.02-15.06.42:160][  0]LogNetVersion: GeometrySandbox 1.0.0, NetCL: 17155196, EngineNetVer: 17, GameNetVer: 0 (Checksum: 2047942326)
[2022.03.02-15.06.43:587][  0]LogTexture: Default maximum texture size for cubemaps generated from long-lat sources has been changed from 512 to unlimited. In order to preserve old behaiour for '/Engine/MapTemplates/Sky/DaylightAmbientCubemap.DaylightAmbientCubemap', its maximum texture size has been explicitly set to 512.
[2022.03.02-15.06.43:732][  0]LogHMD: PokeAHoleMaterial loaded successfully
[2022.03.02-15.06.43:739][  0]LogUObjectArray: 17178 objects as part of root set at end of initial load.
[2022.03.02-15.06.43:739][  0]LogUObjectAllocator: 4302048 out of 0 bytes used by permanent object pool.
[2022.03.02-15.06.43:740][  0]LogUObjectArray: CloseDisregardForGC: 0/0 objects in disregard for GC pool
[2022.03.02-15.06.45:321][  0]LogNiagaraDebuggerClient: Niagara Debugger Client Initialized | Session: A3A7BE5D4964F6ED50763FB52C667FEB | Instance: 1B5FAAA14B78048AF2100BA1DB98107A (DESKTOP-V7QSN3L-7876).
[2022.03.02-15.06.46:064][  0]LogTcpMessaging: Initializing TcpMessaging bridge
[2022.03.02-15.06.46:092][  0]LogUdpMessaging: Initializing bridge on interface 0.0.0.0:0 to multicast group 230.0.0.1:6666.
[2022.03.02-15.06.46:211][  0]LogPython: Using Python 3.7.7
[2022.03.02-15.06.47:912][  0]SourceControl: Source control is disabled
[2022.03.02-15.06.47:913][  0]SourceControl: Source control is disabled
[2022.03.02-15.06.47:947][  0]SourceControl: Source control is disabled
[2022.03.02-15.06.48:029][  0]SourceControl: Source control is disabled
[2022.03.02-15.06.48:054][  0]SourceControl: Source control is disabled
[2022.03.02-15.06.48:075][  0]LogUProjectInfo: Found projects:
[2022.03.02-15.06.49:521][  0]LogOpenImageDenoise: OIDN starting up
[2022.03.02-15.06.49:609][  0]LogAndroidPermission: UAndroidPermissionCallbackProxy::GetInstance
[2022.03.02-15.06.49:749][  0]LogAudioCaptureCore: Display: No Audio Capture implementations found. Audio input will be silent.
[2022.03.02-15.06.49:749][  0]LogAudioCaptureCore: Display: No Audio Capture implementations found. Audio input will be silent.
[2022.03.02-15.06.50:438][  0]LogCollectionManager: Loaded 0 collections in 0.002813 seconds
[2022.03.02-15.06.50:556][  0]LogFileCache: Scanning file cache for directory 'C:/UnrealEngine_Projects/ue.course/GeometrySandbox/Saved/Collections/' took 0.00s
[2022.03.02-15.06.50:556][  0]LogFileCache: Scanning file cache for directory 'C:/UnrealEngine_Projects/ue.course/GeometrySandbox/Content/Developers/PC/Collections/' took 0.00s
[2022.03.02-15.06.50:556][  0]LogFileCache: Scanning file cache for directory 'C:/UnrealEngine_Projects/ue.course/GeometrySandbox/Content/Collections/' took 0.00s
[2022.03.02-15.06.50:556][  0]LogOcInput: OculusInput pre-init called
[2022.03.02-15.06.51:033][  0]LogEngine: Initializing Engine...
[2022.03.02-15.06.51:076][  0]LogHMD: Failed to enumerate extensions. Please check that you have a valid OpenXR runtime installed.
[2022.03.02-15.06.51:077][  0]LogHMD: Failed to initialize OpenVR with code 110
[2022.03.02-15.06.51:077][  0]LogMagicLeap: Warning: VR disabled because ZI is not enabled.  To enable, in the editor, Edit -> Project Settings -> Plugins -> Magic Leap Plugin -> Enable Zero Iteration
[2022.03.02-15.06.51:080][  0]LogStats: UGameplayTagsManager::InitializeManager -  0.001 s
[2022.03.02-15.06.51:400][  0]LogInit: Initializing FReadOnlyCVARCache
[2022.03.02-15.06.51:449][  0]LogAIModule: Creating AISystem for world Untitled
[2022.03.02-15.06.51:453][  0]LogAudio: Display: Initializing Audio Device Manager...
[2022.03.02-15.06.51:475][  0]LogAudio: Display: Loading Default Audio Settings Objects...
[2022.03.02-15.06.51:480][  0]LogAudio: Display: No default SoundConcurrencyObject specified (or failed to load).
[2022.03.02-15.06.51:481][  0]LogAudio: Display: Audio Device Manager Initialized
[2022.03.02-15.06.51:482][  0]LogAudio: Display: Creating Audio Device:                 Id: 1, Scope: Shared, Realtime: True
[2022.03.02-15.06.51:482][  0]LogAudioMixer: Display: Audio Mixer Platform Settings:
[2022.03.02-15.06.51:482][  0]LogAudioMixer: Display: 	Sample Rate:						  48000
[2022.03.02-15.06.51:482][  0]LogAudioMixer: Display: 	Callback Buffer Frame Size Requested: 1024
[2022.03.02-15.06.51:482][  0]LogAudioMixer: Display: 	Callback Buffer Frame Size To Use:	  1024
[2022.03.02-15.06.51:483][  0]LogAudioMixer: Display: 	Number of buffers to queue:			  2
[2022.03.02-15.06.51:483][  0]LogAudioMixer: Display: 	Max Channels (voices):				  32
[2022.03.02-15.06.51:483][  0]LogAudioMixer: Display: 	Number of Async Source Workers:		  0
[2022.03.02-15.06.51:483][  0]LogAudio: Display: AudioDevice MaxSources: 32
[2022.03.02-15.06.51:484][  0]LogAudio: Display: Audio Spatialization Plugin: None (built-in).
[2022.03.02-15.06.51:484][  0]LogAudio: Display: Audio Reverb Plugin: None (built-in).
[2022.03.02-15.06.51:484][  0]LogAudio: Display: Audio Occlusion Plugin: None (built-in).
[2022.03.02-15.06.51:484][  0]LogAudioMixer: Display: Initializing audio mixer.
[2022.03.02-15.06.51:539][  0]LogAudioMixer: Display: 0: FrontLeft
[2022.03.02-15.06.51:539][  0]LogAudioMixer: Display: 1: FrontRight
[2022.03.02-15.06.51:599][  0]LogAudioMixer: Display: Using Audio Device Динамики (Line 6 UX2)
[2022.03.02-15.06.51:600][  0]LogAudioMixer: Display: Initializing Sound Submixes...
[2022.03.02-15.06.51:622][  0]LogAudioMixer: Display: Creating Master Submix 'MasterSubmixDefault'
[2022.03.02-15.06.51:622][  0]LogAudioMixer: Display: Creating Master Submix 'MasterReverbSubmixDefault'
[2022.03.02-15.06.51:624][  0]LogAudioMixer: Display: Creating Master Submix 'MasterEQSubmixDefault'
[2022.03.02-15.06.51:624][  0]LogAudioMixer: FMixerPlatformXAudio2::StartAudioStream() called
[2022.03.02-15.06.51:624][  0]LogAudioMixer: Display: Output buffers initialized: Frames=1024, Channels=2, Samples=2048
[2022.03.02-15.06.51:627][  0]LogAudioMixer: Display: Starting AudioMixerPlatformInterface::RunInternal()
[2022.03.02-15.06.51:627][  0]LogAudioMixer: Display: FMixerPlatformXAudio2::SubmitBuffer() called for the first time
[2022.03.02-15.06.51:627][  0]LogInit: FAudioDevice initialized.
[2022.03.02-15.06.51:628][  0]LogAudio: Display: Audio Device (ID: 1) registered with world 'Untitled'.
[2022.03.02-15.06.51:628][  0]LogNetVersion: Set ProjectVersion to 1.0.0.0. Version Checksum will be recalculated on next use.
[2022.03.02-15.06.51:721][  0]LogDerivedDataCache: Saved boot cache 0.09s 94MB C:/Users/PC/AppData/Local/UnrealEngine/4.27/DerivedDataCache/Boot.ddc.
[2022.03.02-15.06.51:722][  0]LogInit: Texture streaming: Enabled
[2022.03.02-15.06.51:795][  0]LogAnalytics: Display: [UEEditor.Rocket.Release] APIServer = https://datarouter.ol.epicgames.com/. AppVersion = 4.27.2-18319896+++UE4+Release-4.27
[2022.03.02-15.06.51:816][  0]LogEngineSessionManager: EngineSessionManager initialized
[2022.03.02-15.06.51:816][  0]LogEngineSessionManager: EngineSessionManager sent abnormal shutdown report. Type=Debugger, SessionId={0C3B4BEF-43CF-5674-3447-44A2F780B854}
[2022.03.02-15.06.51:818][  0]LogEditorSessionSummary: Verbose: Initializing EditorSessionSummaryWriter for editor session tracking
[2022.03.02-15.06.51:825][  0]LogEditorSessionSummary: EditorSessionSummaryWriter initialized
[2022.03.02-15.06.51:907][  0]LogInit: Transaction tracking system initialized
[2022.03.02-15.06.52:091][  0]BlueprintLog: New page: Editor Load
[2022.03.02-15.06.52:506][  0]LocalizationService: Localization service is disabled
[2022.03.02-15.06.52:683][  0]TimingProfiler: Initialize
[2022.03.02-15.06.52:685][  0]TimingProfiler: OnSessionChanged
[2022.03.02-15.06.52:685][  0]LoadingProfiler: Initialize
[2022.03.02-15.06.52:686][  0]LoadingProfiler: OnSessionChanged
[2022.03.02-15.06.52:686][  0]NetworkingProfiler: Initialize
[2022.03.02-15.06.52:686][  0]NetworkingProfiler: OnSessionChanged
[2022.03.02-15.06.52:686][  0]MemoryProfiler: Initialize
[2022.03.02-15.06.52:687][  0]MemoryProfiler: OnSessionChanged
[2022.03.02-15.06.53:415][  0]LogFileCache: Scanning file cache for directory 'C:/UnrealEngine_Projects/ue.course/GeometrySandbox/Content/' took 0.01s
[2022.03.02-15.06.53:416][  0]LogCook: Display: CookSettings for Memory: MemoryMaxUsedVirtual 0MiB, MemoryMaxUsedPhysical 16384MiB, MemoryMinFreeVirtual 0MiB, MemoryMinFreePhysical 1024MiB
[2022.03.02-15.06.53:416][  0]LogCook: Display: Mobile HDR setting 1
[2022.03.02-15.06.54:639][  0]LogInit: Display: Engine is initialized. Leaving FEngineLoop::Init()
[2022.03.02-15.06.54:645][  0]SourceControl: Source control is disabled
[2022.03.02-15.06.54:648][  0]LogUnrealEdMisc: Loading editor; pre map load, took 26.251
[2022.03.02-15.06.54:649][  0]Cmd: MAP LOAD FILE="../../../../../../UnrealEngine_Projects/ue.course/GeometrySandbox/Content/SandboxMap.umap" TEMPLATE=0 SHOWPROGRESS=1 FEATURELEVEL=3
[2022.03.02-15.06.54:650][  0]LightingResults: New page: Lighting Build
[2022.03.02-15.06.54:654][  0]LogWorld: UWorld::CleanupWorld for Untitled, bSessionEnded=true, bCleanupResources=true
[2022.03.02-15.06.54:655][  0]LogSlate: InvalidateAllWidgets triggered.  All widgets were invalidated
[2022.03.02-15.06.54:656][  0]MapCheck: New page: Map Check
[2022.03.02-15.06.54:656][  0]LightingResults: New page: Lighting Build
[2022.03.02-15.06.54:666][  0]LogAudio: Display: Audio Device unregistered from world 'None'.
[2022.03.02-15.06.54:673][  0]LogUObjectHash: Compacting FUObjectHashTables data took   0.92ms
[2022.03.02-15.06.54:833][  0]LogAudio: Display: Audio Device (ID: 1) registered with world 'SandboxMap'.
[2022.03.02-15.06.54:835][  0]LogAIModule: Creating AISystem for world SandboxMap
[2022.03.02-15.06.54:856][  0]LogEditorServer: Finished looking for orphan Actors (0.000 secs)
[2022.03.02-15.06.54:867][  0]LogUObjectHash: Compacting FUObjectHashTables data took   1.01ms
[2022.03.02-15.06.54:868][  0]Cmd: MAP CHECKDEP NOCLEARLOG
[2022.03.02-15.06.54:869][  0]MapCheck: Map check complete: 0 Error(s), 0 Warning(s), took 0,446ms to complete.
[2022.03.02-15.06.54:869][  0]LogFileHelpers: Loading map 'SandboxMap' took 0.221
[2022.03.02-15.06.54:889][  0]LogUnrealEdMisc: Total Editor Startup Time, took 26.492
[2022.03.02-15.06.55:070][  0]LogSlate: Updating window title bar state: overlay mode, drag disabled, window buttons hidden, title bar hidden
[2022.03.02-15.06.55:078][  0]LogSlate: Updating window title bar state: overlay mode, drag disabled, window buttons hidden, title bar hidden
[2022.03.02-15.06.55:085][  0]LogSlate: Updating window title bar state: overlay mode, drag disabled, window buttons hidden, title bar hidden
[2022.03.02-15.06.55:092][  0]LogSlate: Updating window title bar state: overlay mode, drag disabled, window buttons hidden, title bar hidden
[2022.03.02-15.06.55:127][  0]LogNativeClassHierarchy: Verbose: Native class hierarchy populated in 0.0118 seconds. Added 3824 classes and 931 folders.
[2022.03.02-15.06.55:132][  0]LogNativeClassHierarchy: Verbose: Native class hierarchy updated for 'WidgetCarousel' in 0.0003 seconds. Added 0 classes and 0 folders.
[2022.03.02-15.06.55:143][  0]LogPakFile: PakFile PrimaryIndexSize=187
[2022.03.02-15.06.55:143][  0]LogPakFile: PakFile PathHashIndexSize=101
[2022.03.02-15.06.55:143][  0]LogPakFile: PakFile FullDirectoryIndexSize=148
[2022.03.02-15.06.55:143][  0]LogShaderLibrary: Display: ShaderCodeLibraryPakFileMountedCallback: PakFile 'C:/Games/Epic Games/UE_4.27/FeaturePacks/FP_FirstPerson.upack' (chunk index -1, root 'root:/') mounted
[2022.03.02-15.06.55:143][  0]LogShaderLibrary: Display: ShaderCodeLibraryPakFileMountedCallback: pending pak file info (ChunkID:-1 Root:root:/ File:C:/Games/Epic Games/UE_4.27/FeaturePacks/FP_FirstPerson.upack)
[2022.03.02-15.06.55:143][  0]LogPakFile: OnPakFileMounted2Time == 0.000162
[2022.03.02-15.06.55:152][  0]LogPakFile: PakFile PrimaryIndexSize=189
[2022.03.02-15.06.55:152][  0]LogPakFile: PakFile PathHashIndexSize=101
[2022.03.02-15.06.55:152][  0]LogPakFile: PakFile FullDirectoryIndexSize=152
[2022.03.02-15.06.55:152][  0]LogShaderLibrary: Display: ShaderCodeLibraryPakFileMountedCallback: PakFile 'C:/Games/Epic Games/UE_4.27/FeaturePacks/FP_FirstPersonBP.upack' (chunk index -1, root 'root:/') mounted
[2022.03.02-15.06.55:152][  0]LogShaderLibrary: Display: ShaderCodeLibraryPakFileMountedCallback: pending pak file info (ChunkID:-1 Root:root:/ File:C:/Games/Epic Games/UE_4.27/FeaturePacks/FP_FirstPersonBP.upack)
[2022.03.02-15.06.55:152][  0]LogPakFile: OnPakFileMounted2Time == 0.000194
[2022.03.02-15.06.55:159][  0]LogPakFile: PakFile PrimaryIndexSize=191
[2022.03.02-15.06.55:159][  0]LogPakFile: PakFile PathHashIndexSize=101
[2022.03.02-15.06.55:159][  0]LogPakFile: PakFile FullDirectoryIndexSize=160
[2022.03.02-15.06.55:159][  0]LogShaderLibrary: Display: ShaderCodeLibraryPakFileMountedCallback: PakFile 'C:/Games/Epic Games/UE_4.27/FeaturePacks/MobileStarterContent.upack' (chunk index -1, root 'root:/') mounted
[2022.03.02-15.06.55:159][  0]LogShaderLibrary: Display: ShaderCodeLibraryPakFileMountedCallback: pending pak file info (ChunkID:-1 Root:root:/ File:C:/Games/Epic Games/UE_4.27/FeaturePacks/MobileStarterContent.upack)
[2022.03.02-15.06.55:159][  0]LogPakFile: OnPakFileMounted2Time == 0.000200
[2022.03.02-15.06.55:165][  0]LogPakFile: PakFile PrimaryIndexSize=185
[2022.03.02-15.06.55:165][  0]LogPakFile: PakFile PathHashIndexSize=101
[2022.03.02-15.06.55:165][  0]LogPakFile: PakFile FullDirectoryIndexSize=148
[2022.03.02-15.06.55:165][  0]LogShaderLibrary: Display: ShaderCodeLibraryPakFileMountedCallback: PakFile 'C:/Games/Epic Games/UE_4.27/FeaturePacks/StarterContent.upack' (chunk index -1, root 'root:/') mounted
[2022.03.02-15.06.55:165][  0]LogShaderLibrary: Display: ShaderCodeLibraryPakFileMountedCallback: pending pak file info (ChunkID:-1 Root:root:/ File:C:/Games/Epic Games/UE_4.27/FeaturePacks/StarterContent.upack)
[2022.03.02-15.06.55:165][  0]LogPakFile: OnPakFileMounted2Time == 0.000200
[2022.03.02-15.06.55:171][  0]LogPakFile: PakFile PrimaryIndexSize=190
[2022.03.02-15.06.55:171][  0]LogPakFile: PakFile PathHashIndexSize=101
[2022.03.02-15.06.55:171][  0]LogPakFile: PakFile FullDirectoryIndexSize=154
[2022.03.02-15.06.55:172][  0]LogShaderLibrary: Display: ShaderCodeLibraryPakFileMountedCallback: PakFile 'C:/Games/Epic Games/UE_4.27/FeaturePacks/TP_2DSideScroller.upack' (chunk index -1, root 'root:/') mounted
[2022.03.02-15.06.55:172][  0]LogShaderLibrary: Display: ShaderCodeLibraryPakFileMountedCallback: pending pak file info (ChunkID:-1 Root:root:/ File:C:/Games/Epic Games/UE_4.27/FeaturePacks/TP_2DSideScroller.upack)
[2022.03.02-15.06.55:172][  0]LogPakFile: OnPakFileMounted2Time == 0.000162
[2022.03.02-15.06.55:176][  0]LogPakFile: PakFile PrimaryIndexSize=192
[2022.03.02-15.06.55:176][  0]LogPakFile: PakFile PathHashIndexSize=101
[2022.03.02-15.06.55:176][  0]LogPakFile: PakFile FullDirectoryIndexSize=158
[2022.03.02-15.06.55:176][  0]LogShaderLibrary: Display: ShaderCodeLibraryPakFileMountedCallback: PakFile 'C:/Games/Epic Games/UE_4.27/FeaturePacks/TP_2DSideScrollerBP.upack' (chunk index -1, root 'root:/') mounted
[2022.03.02-15.06.55:177][  0]LogShaderLibrary: Display: ShaderCodeLibraryPakFileMountedCallback: pending pak file info (ChunkID:-1 Root:root:/ File:C:/Games/Epic Games/UE_4.27/FeaturePacks/TP_2DSideScrollerBP.upack)
[2022.03.02-15.06.55:177][  0]LogPakFile: OnPakFileMounted2Time == 0.000178
[2022.03.02-15.06.55:183][  0]LogPakFile: PakFile PrimaryIndexSize=182
[2022.03.02-15.06.55:183][  0]LogPakFile: PakFile PathHashIndexSize=101
[2022.03.02-15.06.55:183][  0]LogPakFile: PakFile FullDirectoryIndexSize=138
[2022.03.02-15.06.55:183][  0]LogShaderLibrary: Display: ShaderCodeLibraryPakFileMountedCallback: PakFile 'C:/Games/Epic Games/UE_4.27/FeaturePacks/TP_Flying.upack' (chunk index -1, root 'root:/') mounted
[2022.03.02-15.06.55:183][  0]LogShaderLibrary: Display: ShaderCodeLibraryPakFileMountedCallback: pending pak file info (ChunkID:-1 Root:root:/ File:C:/Games/Epic Games/UE_4.27/FeaturePacks/TP_Flying.upack)
[2022.03.02-15.06.55:183][  0]LogPakFile: OnPakFileMounted2Time == 0.000131
[2022.03.02-15.06.55:190][  0]LogPakFile: PakFile PrimaryIndexSize=184
[2022.03.02-15.06.55:190][  0]LogPakFile: PakFile PathHashIndexSize=101
[2022.03.02-15.06.55:190][  0]LogPakFile: PakFile FullDirectoryIndexSize=142
[2022.03.02-15.06.55:190][  0]LogShaderLibrary: Display: ShaderCodeLibraryPakFileMountedCallback: PakFile 'C:/Games/Epic Games/UE_4.27/FeaturePacks/TP_FlyingBP.upack' (chunk index -1, root 'root:/') mounted
[2022.03.02-15.06.55:191][  0]LogShaderLibrary: Display: ShaderCodeLibraryPakFileMountedCallback: pending pak file info (ChunkID:-1 Root:root:/ File:C:/Games/Epic Games/UE_4.27/FeaturePacks/TP_FlyingBP.upack)
[2022.03.02-15.06.55:191][  0]LogPakFile: OnPakFileMounted2Time == 0.000190
[2022.03.02-15.06.55:200][  0]LogPakFile: PakFile PrimaryIndexSize=188
[2022.03.02-15.06.55:200][  0]LogPakFile: PakFile PathHashIndexSize=101
[2022.03.02-15.06.55:200][  0]LogPakFile: PakFile FullDirectoryIndexSize=150
[2022.03.02-15.06.55:200][  0]LogShaderLibrary: Display: ShaderCodeLibraryPakFileMountedCallback: PakFile 'C:/Games/Epic Games/UE_4.27/FeaturePacks/TP_HandheldARBP.upack' (chunk index -1, root 'root:/') mounted
[2022.03.02-15.06.55:200][  0]LogShaderLibrary: Display: ShaderCodeLibraryPakFileMountedCallback: pending pak file info (ChunkID:-1 Root:root:/ File:C:/Games/Epic Games/UE_4.27/FeaturePacks/TP_HandheldARBP.upack)
[2022.03.02-15.06.55:200][  0]LogPakFile: OnPakFileMounted2Time == 0.000148
[2022.03.02-15.06.55:208][  0]LogPakFile: PakFile PrimaryIndexSize=182
[2022.03.02-15.06.55:209][  0]LogPakFile: PakFile PathHashIndexSize=101
[2022.03.02-15.06.55:209][  0]LogPakFile: PakFile FullDirectoryIndexSize=138
[2022.03.02-15.06.55:209][  0]LogShaderLibrary: Display: ShaderCodeLibraryPakFileMountedCallback: PakFile 'C:/Games/Epic Games/UE_4.27/FeaturePacks/TP_Puzzle.upack' (chunk index -1, root 'root:/') mounted
[2022.03.02-15.06.55:209][  0]LogShaderLibrary: Display: ShaderCodeLibraryPakFileMountedCallback: pending pak file info (ChunkID:-1 Root:root:/ File:C:/Games/Epic Games/UE_4.27/FeaturePacks/TP_Puzzle.upack)
[2022.03.02-15.06.55:209][  0]LogPakFile: OnPakFileMounted2Time == 0.000184
[2022.03.02-15.06.55:214][  0]LogPakFile: PakFile PrimaryIndexSize=184
[2022.03.02-15.06.55:214][  0]LogPakFile: PakFile PathHashIndexSize=101
[2022.03.02-15.06.55:214][  0]LogPakFile: PakFile FullDirectoryIndexSize=142
[2022.03.02-15.06.55:214][  0]LogShaderLibrary: Display: ShaderCodeLibraryPakFileMountedCallback: PakFile 'C:/Games/Epic Games/UE_4.27/FeaturePacks/TP_PuzzleBP.upack' (chunk index -1, root 'root:/') mounted
[2022.03.02-15.06.55:214][  0]LogShaderLibrary: Display: ShaderCodeLibraryPakFileMountedCallback: pending pak file info (ChunkID:-1 Root:root:/ File:C:/Games/Epic Games/UE_4.27/FeaturePacks/TP_PuzzleBP.upack)
[2022.03.02-15.06.55:214][  0]LogPakFile: OnPakFileMounted2Time == 0.000164
[2022.03.02-15.06.55:221][  0]LogPakFile: PakFile PrimaryIndexSize=183
[2022.03.02-15.06.55:221][  0]LogPakFile: PakFile PathHashIndexSize=101
[2022.03.02-15.06.55:221][  0]LogPakFile: PakFile FullDirectoryIndexSize=140
[2022.03.02-15.06.55:221][  0]LogShaderLibrary: Display: ShaderCodeLibraryPakFileMountedCallback: PakFile 'C:/Games/Epic Games/UE_4.27/FeaturePacks/TP_Rolling.upack' (chunk index -1, root 'root:/') mounted
[2022.03.02-15.06.55:221][  0]LogShaderLibrary: Display: ShaderCodeLibraryPakFileMountedCallback: pending pak file info (ChunkID:-1 Root:root:/ File:C:/Games/Epic Games/UE_4.27/FeaturePacks/TP_Rolling.upack)
[2022.03.02-15.06.55:221][  0]LogPakFile: OnPakFileMounted2Time == 0.000216
[2022.03.02-15.06.55:227][  0]LogPakFile: PakFile PrimaryIndexSize=185
[2022.03.02-15.06.55:227][  0]LogPakFile: PakFile PathHashIndexSize=101
[2022.03.02-15.06.55:227][  0]LogPakFile: PakFile FullDirectoryIndexSize=144
[2022.03.02-15.06.55:227][  0]LogShaderLibrary: Display: ShaderCodeLibraryPakFileMountedCallback: PakFile 'C:/Games/Epic Games/UE_4.27/FeaturePacks/TP_RollingBP.upack' (chunk index -1, root 'root:/') mounted
[2022.03.02-15.06.55:227][  0]LogShaderLibrary: Display: ShaderCodeLibraryPakFileMountedCallback: pending pak file info (ChunkID:-1 Root:root:/ File:C:/Games/Epic Games/UE_4.27/FeaturePacks/TP_RollingBP.upack)
[2022.03.02-15.06.55:227][  0]LogPakFile: OnPakFileMounted2Time == 0.000144
[2022.03.02-15.06.55:233][  0]LogPakFile: PakFile PrimaryIndexSize=188
[2022.03.02-15.06.55:233][  0]LogPakFile: PakFile PathHashIndexSize=101
[2022.03.02-15.06.55:233][  0]LogPakFile: PakFile FullDirectoryIndexSize=150
[2022.03.02-15.06.55:233][  0]LogShaderLibrary: Display: ShaderCodeLibraryPakFileMountedCallback: PakFile 'C:/Games/Epic Games/UE_4.27/FeaturePacks/TP_SideScroller.upack' (chunk index -1, root 'root:/') mounted
[2022.03.02-15.06.55:233][  0]LogShaderLibrary: Display: ShaderCodeLibraryPakFileMountedCallback: pending pak file info (ChunkID:-1 Root:root:/ File:C:/Games/Epic Games/UE_4.27/FeaturePacks/TP_SideScroller.upack)
[2022.03.02-15.06.55:233][  0]LogPakFile: OnPakFileMounted2Time == 0.000182
[2022.03.02-15.06.55:239][  0]LogPakFile: PakFile PrimaryIndexSize=190
[2022.03.02-15.06.55:239][  0]LogPakFile: PakFile PathHashIndexSize=101
[2022.03.02-15.06.55:239][  0]LogPakFile: PakFile FullDirectoryIndexSize=154
[2022.03.02-15.06.55:239][  0]LogShaderLibrary: Display: ShaderCodeLibraryPakFileMountedCallback: PakFile 'C:/Games/Epic Games/UE_4.27/FeaturePacks/TP_SideScrollerBP.upack' (chunk index -1, root 'root:/') mounted
[2022.03.02-15.06.55:239][  0]LogShaderLibrary: Display: ShaderCodeLibraryPakFileMountedCallback: pending pak file info (ChunkID:-1 Root:root:/ File:C:/Games/Epic Games/UE_4.27/FeaturePacks/TP_SideScrollerBP.upack)
[2022.03.02-15.06.55:239][  0]LogPakFile: OnPakFileMounted2Time == 0.000168
[2022.03.02-15.06.55:245][  0]LogPakFile: PakFile PrimaryIndexSize=187
[2022.03.02-15.06.55:246][  0]LogPakFile: PakFile PathHashIndexSize=101
[2022.03.02-15.06.55:246][  0]LogPakFile: PakFile FullDirectoryIndexSize=148
[2022.03.02-15.06.55:246][  0]LogShaderLibrary: Display: ShaderCodeLibraryPakFileMountedCallback: PakFile 'C:/Games/Epic Games/UE_4.27/FeaturePacks/TP_ThirdPerson.upack' (chunk index -1, root 'root:/') mounted
[2022.03.02-15.06.55:246][  0]LogShaderLibrary: Display: ShaderCodeLibraryPakFileMountedCallback: pending pak file info (ChunkID:-1 Root:root:/ File:C:/Games/Epic Games/UE_4.27/FeaturePacks/TP_ThirdPerson.upack)
[2022.03.02-15.06.55:246][  0]LogPakFile: OnPakFileMounted2Time == 0.000191
[2022.03.02-15.06.55:252][  0]LogPakFile: PakFile PrimaryIndexSize=189
[2022.03.02-15.06.55:252][  0]LogPakFile: PakFile PathHashIndexSize=101
[2022.03.02-15.06.55:252][  0]LogPakFile: PakFile FullDirectoryIndexSize=152
[2022.03.02-15.06.55:253][  0]LogShaderLibrary: Display: ShaderCodeLibraryPakFileMountedCallback: PakFile 'C:/Games/Epic Games/UE_4.27/FeaturePacks/TP_ThirdPersonBP.upack' (chunk index -1, root 'root:/') mounted
[2022.03.02-15.06.55:253][  0]LogShaderLibrary: Display: ShaderCodeLibraryPakFileMountedCallback: pending pak file info (ChunkID:-1 Root:root:/ File:C:/Games/Epic Games/UE_4.27/FeaturePacks/TP_ThirdPersonBP.upack)
[2022.03.02-15.06.55:253][  0]LogPakFile: OnPakFileMounted2Time == 0.000202
[2022.03.02-15.06.55:259][  0]LogPakFile: PakFile PrimaryIndexSize=183
[2022.03.02-15.06.55:259][  0]LogPakFile: PakFile PathHashIndexSize=101
[2022.03.02-15.06.55:259][  0]LogPakFile: PakFile FullDirectoryIndexSize=140
[2022.03.02-15.06.55:259][  0]LogShaderLibrary: Display: ShaderCodeLibraryPakFileMountedCallback: PakFile 'C:/Games/Epic Games/UE_4.27/FeaturePacks/TP_TopDown.upack' (chunk index -1, root 'root:/') mounted
[2022.03.02-15.06.55:259][  0]LogShaderLibrary: Display: ShaderCodeLibraryPakFileMountedCallback: pending pak file info (ChunkID:-1 Root:root:/ File:C:/Games/Epic Games/UE_4.27/FeaturePacks/TP_TopDown.upack)
[2022.03.02-15.06.55:259][  0]LogPakFile: OnPakFileMounted2Time == 0.000202
[2022.03.02-15.06.55:266][  0]LogPakFile: PakFile PrimaryIndexSize=185
[2022.03.02-15.06.55:266][  0]LogPakFile: PakFile PathHashIndexSize=101
[2022.03.02-15.06.55:266][  0]LogPakFile: PakFile FullDirectoryIndexSize=144
[2022.03.02-15.06.55:266][  0]LogShaderLibrary: Display: ShaderCodeLibraryPakFileMountedCallback: PakFile 'C:/Games/Epic Games/UE_4.27/FeaturePacks/TP_TopDownBP.upack' (chunk index -1, root 'root:/') mounted
[2022.03.02-15.06.55:266][  0]LogShaderLibrary: Display: ShaderCodeLibraryPakFileMountedCallback: pending pak file info (ChunkID:-1 Root:root:/ File:C:/Games/Epic Games/UE_4.27/FeaturePacks/TP_TopDownBP.upack)
[2022.03.02-15.06.55:266][  0]LogPakFile: OnPakFileMounted2Time == 0.000164
[2022.03.02-15.06.55:276][  0]LogPakFile: PakFile PrimaryIndexSize=185
[2022.03.02-15.06.55:276][  0]LogPakFile: PakFile PathHashIndexSize=101
[2022.03.02-15.06.55:276][  0]LogPakFile: PakFile FullDirectoryIndexSize=144
[2022.03.02-15.06.55:276][  0]LogShaderLibrary: Display: ShaderCodeLibraryPakFileMountedCallback: PakFile 'C:/Games/Epic Games/UE_4.27/FeaturePacks/TP_TwinStick.upack' (chunk index -1, root 'root:/') mounted
[2022.03.02-15.06.55:276][  0]LogShaderLibrary: Display: ShaderCodeLibraryPakFileMountedCallback: pending pak file info (ChunkID:-1 Root:root:/ File:C:/Games/Epic Games/UE_4.27/FeaturePacks/TP_TwinStick.upack)
[2022.03.02-15.06.55:276][  0]LogPakFile: OnPakFileMounted2Time == 0.000129
[2022.03.02-15.06.55:282][  0]LogPakFile: PakFile PrimaryIndexSize=187
[2022.03.02-15.06.55:282][  0]LogPakFile: PakFile PathHashIndexSize=101
[2022.03.02-15.06.55:282][  0]LogPakFile: PakFile FullDirectoryIndexSize=148
[2022.03.02-15.06.55:282][  0]LogShaderLibrary: Display: ShaderCodeLibraryPakFileMountedCallback: PakFile 'C:/Games/Epic Games/UE_4.27/FeaturePacks/TP_TwinStickBP.upack' (chunk index -1, root 'root:/') mounted
[2022.03.02-15.06.55:282][  0]LogShaderLibrary: Display: ShaderCodeLibraryPakFileMountedCallback: pending pak file info (ChunkID:-1 Root:root:/ File:C:/Games/Epic Games/UE_4.27/FeaturePacks/TP_TwinStickBP.upack)
[2022.03.02-15.06.55:282][  0]LogPakFile: OnPakFileMounted2Time == 0.000174
[2022.03.02-15.06.55:288][  0]LogPakFile: PakFile PrimaryIndexSize=183
[2022.03.02-15.06.55:288][  0]LogPakFile: PakFile PathHashIndexSize=101
[2022.03.02-15.06.55:288][  0]LogPakFile: PakFile FullDirectoryIndexSize=140
[2022.03.02-15.06.55:288][  0]LogShaderLibrary: Display: ShaderCodeLibraryPakFileMountedCallback: PakFile 'C:/Games/Epic Games/UE_4.27/FeaturePacks/TP_Vehicle.upack' (chunk index -1, root 'root:/') mounted
[2022.03.02-15.06.55:288][  0]LogShaderLibrary: Display: ShaderCodeLibraryPakFileMountedCallback: pending pak file info (ChunkID:-1 Root:root:/ File:C:/Games/Epic Games/UE_4.27/FeaturePacks/TP_Vehicle.upack)
[2022.03.02-15.06.55:288][  0]LogPakFile: OnPakFileMounted2Time == 0.000144
[2022.03.02-15.06.55:294][  0]LogPakFile: PakFile PrimaryIndexSize=186
[2022.03.02-15.06.55:294][  0]LogPakFile: PakFile PathHashIndexSize=101
[2022.03.02-15.06.55:294][  0]LogPakFile: PakFile FullDirectoryIndexSize=146
[2022.03.02-15.06.55:294][  0]LogShaderLibrary: Display: ShaderCodeLibraryPakFileMountedCallback: PakFile 'C:/Games/Epic Games/UE_4.27/FeaturePacks/TP_VehicleAdv.upack' (chunk index -1, root 'root:/') mounted
[2022.03.02-15.06.55:294][  0]LogShaderLibrary: Display: ShaderCodeLibraryPakFileMountedCallback: pending pak file info (ChunkID:-1 Root:root:/ File:C:/Games/Epic Games/UE_4.27/FeaturePacks/TP_VehicleAdv.upack)
[2022.03.02-15.06.55:294][  0]LogPakFile: OnPakFileMounted2Time == 0.000124
[2022.03.02-15.06.55:301][  0]LogPakFile: PakFile PrimaryIndexSize=188
[2022.03.02-15.06.55:301][  0]LogPakFile: PakFile PathHashIndexSize=101
[2022.03.02-15.06.55:301][  0]LogPakFile: PakFile FullDirectoryIndexSize=150
[2022.03.02-15.06.55:301][  0]LogShaderLibrary: Display: ShaderCodeLibraryPakFileMountedCallback: PakFile 'C:/Games/Epic Games/UE_4.27/FeaturePacks/TP_VehicleAdvBP.upack' (chunk index -1, root 'root:/') mounted
[2022.03.02-15.06.55:301][  0]LogShaderLibrary: Display: ShaderCodeLibraryPakFileMountedCallback: pending pak file info (ChunkID:-1 Root:root:/ File:C:/Games/Epic Games/UE_4.27/FeaturePacks/TP_VehicleAdvBP.upack)
[2022.03.02-15.06.55:301][  0]LogPakFile: OnPakFileMounted2Time == 0.000215
[2022.03.02-15.06.55:307][  0]LogPakFile: PakFile PrimaryIndexSize=185
[2022.03.02-15.06.55:307][  0]LogPakFile: PakFile PathHashIndexSize=101
[2022.03.02-15.06.55:308][  0]LogPakFile: PakFile FullDirectoryIndexSize=144
[2022.03.02-15.06.55:308][  0]LogShaderLibrary: Display: ShaderCodeLibraryPakFileMountedCallback: PakFile 'C:/Games/Epic Games/UE_4.27/FeaturePacks/TP_VehicleBP.upack' (chunk index -1, root 'root:/') mounted
[2022.03.02-15.06.55:308][  0]LogShaderLibrary: Display: ShaderCodeLibraryPakFileMountedCallback: pending pak file info (ChunkID:-1 Root:root:/ File:C:/Games/Epic Games/UE_4.27/FeaturePacks/TP_VehicleBP.upack)
[2022.03.02-15.06.55:308][  0]LogPakFile: OnPakFileMounted2Time == 0.000169
[2022.03.02-15.06.55:314][  0]LogPakFile: PakFile PrimaryIndexSize=192
[2022.03.02-15.06.55:314][  0]LogPakFile: PakFile PathHashIndexSize=101
[2022.03.02-15.06.55:314][  0]LogPakFile: PakFile FullDirectoryIndexSize=158
[2022.03.02-15.06.55:314][  0]LogShaderLibrary: Display: ShaderCodeLibraryPakFileMountedCallback: PakFile 'C:/Games/Epic Games/UE_4.27/FeaturePacks/TP_VirtualRealityBP.upack' (chunk index -1, root 'root:/') mounted
[2022.03.02-15.06.55:314][  0]LogShaderLibrary: Display: ShaderCodeLibraryPakFileMountedCallback: pending pak file info (ChunkID:-1 Root:root:/ File:C:/Games/Epic Games/UE_4.27/FeaturePacks/TP_VirtualRealityBP.upack)
[2022.03.02-15.06.55:314][  0]LogPakFile: OnPakFileMounted2Time == 0.000176
[2022.03.02-15.06.55:584][  0]LogNativeClassHierarchy: Verbose: Native class hierarchy updated for 'AddContentDialog' in 0.0003 seconds. Added 0 classes and 0 folders.
[2022.03.02-15.06.55:588][  0]LogNativeClassHierarchy: Verbose: Native class hierarchy updated for 'SceneOutliner' in 0.0002 seconds. Added 2 classes and 0 folders.
[2022.03.02-15.06.55:669][  0]LogSlate: Took 0.005367 seconds to synchronously load lazily loaded font '../../../Engine/Content/Slate/Fonts/Roboto-Regular.ttf' (155K)
[2022.03.02-15.06.55:676][  0]LogSlate: Took 0.005867 seconds to synchronously load lazily loaded font '../../../Engine/Content/Editor/Slate/Fonts/FontAwesome.ttf' (139K)
[2022.03.02-15.06.55:683][  0]LogSlate: Took 0.005333 seconds to synchronously load lazily loaded font '../../../Engine/Content/Slate/Fonts/Roboto-Bold.ttf' (160K)
[2022.03.02-15.06.55:846][  0]LogRenderer: Reallocating scene render targets to support 1208x572 Format 10 NumSamples 1 (Frame:1).
[2022.03.02-15.06.55:926][  0]LogSlate: Took 0.005963 seconds to synchronously load lazily loaded font '../../../Engine/Content/Slate/Fonts/Roboto-Light.ttf' (167K)
[2022.03.02-15.06.56:016][  0]LogNativeClassHierarchy: Verbose: Native class hierarchy updated for 'HierarchicalLODOutliner' in 0.0003 seconds. Added 0 classes and 0 folders.
[2022.03.02-15.06.56:016][  0]LogLoad: (Engine Initialization) Total time: 27.62 seconds
[2022.03.02-15.06.56:017][  0]LogLoad: (Engine Initialization) Total Blueprint compile time: 0.00 seconds
[2022.03.02-15.06.56:069][  0]LogAssetRegistry: Asset discovery search completed in 14.8804 seconds
[2022.03.02-15.06.56:107][  0]LogCollectionManager: Fixed up redirectors for 0 collections in 0.000005 seconds (updated 0 objects)
[2022.03.02-15.06.56:111][  0]LogContentStreaming: Texture pool size now 1000 MB
[2022.03.02-15.09.20:238][658]Cmd: DELETE
[2022.03.02-15.09.20:238][658]Cmd: ACTOR DELETE
[2022.03.02-15.09.20:243][658]LogEditorActor: Deleted Actor: BaseGeometryActor
[2022.03.02-15.09.20:244][658]LogEditorActor: Deleted Actor: BaseGeometryActor
[2022.03.02-15.09.20:250][658]LogUObjectHash: Compacting FUObjectHashTables data took   0.74ms
[2022.03.02-15.09.20:251][658]LogEditorActor: Deleted 2 Actors (0.011 secs)
[2022.03.02-15.09.21:941][851]LogEditor: Attempting to add actor of class 'BaseGeometryActor' to level at 330.00,340.00,20.00
[2022.03.02-15.09.23:221][  2]LogEditor: Attempting to add actor of class 'BaseGeometryActor' to level at 220.00,170.00,20.00
[2022.03.02-15.09.35:000][392]LogSlate: Took 0.005250 seconds to synchronously load lazily loaded font '../../../Engine/Content/Slate/Fonts/Roboto-Italic.ttf' (157K)
[2022.03.02-15.12.47:777][417]LogSlate: Window 'Add Content to the Project' being destroyed
[2022.03.02-15.12.51:259][796]LogSlate: Took 0.000198 seconds to synchronously load lazily loaded font '../../../Engine/Content/Slate/Fonts/Roboto-Light.ttf' (167K)
[2022.03.02-15.14.57:994][260]LogWindowsTextInputMethodSystem: Display: IME system deactivated.
[2022.03.02-15.14.57:994][260]LogWindowsTextInputMethodSystem: Display: IME system deactivated.
